{"uid":"1ab3553ed3b8ace8","name":"previewTest","fullName":"org.mytests.tests.example.DataTableTests.previewTest","historyId":"166b37071ede87141a8ad3731e04b226","time":{"start":1668597552159,"stop":1668597552165,"duration":6},"status":"skipped","statusMessage":"\nCan't get WebDriver: chrome","statusTrace":"java.lang.RuntimeException: \nCan't get WebDriver: chrome\n\tat com.epam.jdi.light.common.Exceptions.exception(Exceptions.java:35)\n\tat com.epam.jdi.light.driver.WebDriverFactory.getDriver(WebDriverFactory.java:216)\n\tat com.epam.jdi.light.elements.common.WindowsManager.setWindowName(WindowsManager.java:87)\n\tat com.epam.jdi.light.elements.common.WindowsManager.openSiteTab(WindowsManager.java:51)\n\tat com.epam.jdi.light.elements.composite.WebPage.openSite(WebPage.java:153)\n\tat org.mytests.tests.TestsInit.setUp(TestsInit.java:18)\n\tat java.base/jdk.internal.reflect.NativeMethodAccessorImpl.invoke0(Native Method)\n\tat java.base/jdk.internal.reflect.NativeMethodAccessorImpl.invoke(NativeMethodAccessorImpl.java:62)\n\tat java.base/jdk.internal.reflect.DelegatingMethodAccessorImpl.invoke(DelegatingMethodAccessorImpl.java:43)\n\tat java.base/java.lang.reflect.Method.invoke(Method.java:567)\n\tat org.testng.internal.MethodInvocationHelper.invokeMethod(MethodInvocationHelper.java:124)\n\tat org.testng.internal.MethodInvocationHelper.invokeMethodConsideringTimeout(MethodInvocationHelper.java:59)\n\tat org.testng.internal.Invoker.invokeConfigurationMethod(Invoker.java:458)\n\tat org.testng.internal.Invoker.invokeConfigurations(Invoker.java:222)\n\tat org.testng.internal.Invoker.invokeConfigurations(Invoker.java:142)\n\tat org.testng.SuiteRunner.privateRun(SuiteRunner.java:401)\n\tat org.testng.SuiteRunner.run(SuiteRunner.java:364)\n\tat org.testng.SuiteRunnerWorker.runSuite(SuiteRunnerWorker.java:52)\n\tat org.testng.SuiteRunnerWorker.run(SuiteRunnerWorker.java:84)\n\tat org.testng.TestNG.runSuitesSequentially(TestNG.java:1208)\n\tat org.testng.TestNG.runSuitesLocally(TestNG.java:1137)\n\tat org.testng.TestNG.runSuites(TestNG.java:1049)\n\tat org.testng.TestNG.run(TestNG.java:1017)\n\tat org.apache.maven.surefire.testng.TestNGExecutor.run(TestNGExecutor.java:324)\n\tat org.apache.maven.surefire.testng.TestNGXmlTestSuite.execute(TestNGXmlTestSuite.java:74)\n\tat org.apache.maven.surefire.testng.TestNGProvider.invoke(TestNGProvider.java:123)\n\tat org.apache.maven.surefire.booter.ForkedBooter.runSuitesInProcess(ForkedBooter.java:456)\n\tat org.apache.maven.surefire.booter.ForkedBooter.execute(ForkedBooter.java:169)\n\tat org.apache.maven.surefire.booter.ForkedBooter.run(ForkedBooter.java:595)\n\tat org.apache.maven.surefire.booter.ForkedBooter.main(ForkedBooter.java:581)\nCaused by: java.lang.RuntimeException: \nCan't get WebDriver: chrome\n\tat com.epam.jdi.light.common.Exceptions.exception(Exceptions.java:35)\n\tat com.epam.jdi.light.driver.WebDriverFactory.getDriver(WebDriverFactory.java:224)\n\tat com.epam.jdi.light.driver.WebDriverFactory.getDriver(WebDriverFactory.java:214)\n\t... 28 more\nCaused by: java.lang.RuntimeException: java.lang.RuntimeException: \nFailed to run downloaded driver CHROME:X64:105.0.5195.52. Please check that your browser and driver are compatible or use local driver with 'drivers.folder' property in test.properties'.\nDriverPath: /home/runner/.cache/selenium/chromedriver/linux64/107.0.5304.62/chromedriver\n\tat com.jdiai.tools.func.JFunc1.execute(JFunc1.java:21)\n\tat com.epam.jdi.light.driver.WebDriverFactory.getDriver(WebDriverFactory.java:222)\n\t... 29 more\nCaused by: java.lang.RuntimeException: \nFailed to run downloaded driver CHROME:X64:105.0.5195.52. Please check that your browser and driver are compatible or use local driver with 'drivers.folder' property in test.properties'.\nDriverPath: /home/runner/.cache/selenium/chromedriver/linux64/107.0.5304.62/chromedriver\n\tat com.epam.jdi.light.common.Exceptions.exception(Exceptions.java:35)\n\tat com.epam.jdi.light.driver.WebDriverFactory.getDriverException(WebDriverFactory.java:143)\n\tat com.epam.jdi.light.driver.WebDriverFactory.getDriverByName(WebDriverFactory.java:127)\n\tat com.jdiai.tools.func.JFunc1.execute(JFunc1.java:19)\n\t... 30 more\nCaused by: java.lang.RuntimeException: \nCan't run and register new driver 'chrome'\n\tat com.epam.jdi.light.common.Exceptions.exception(Exceptions.java:35)\n\tat com.epam.jdi.light.driver.WebDriverFactory.registerNewDriver(WebDriverFactory.java:90)\n\tat com.epam.jdi.light.driver.WebDriverFactory.getDriverFromName(WebDriverFactory.java:158)\n\tat com.epam.jdi.light.driver.WebDriverFactory.getDriverByName(WebDriverFactory.java:125)\n\t... 31 more\nCaused by: java.lang.RuntimeException: \nFailed to get valid driver 'chrome'\n\tat com.epam.jdi.light.common.Exceptions.runtimeException(Exceptions.java:17)\n\tat com.epam.jdi.light.driver.WebDriverFactory.getValidDriver(WebDriverFactory.java:113)\n\tat com.epam.jdi.light.driver.WebDriverFactory.registerNewDriver(WebDriverFactory.java:85)\n\t... 33 more\n","flaky":false,"newFailed":false,"newBroken":false,"newPassed":false,"retriesCount":0,"retriesStatusChange":false,"beforeStages":[{"name":"setUp","time":{"start":1668597530800,"stop":1668597551677,"duration":20877},"description":"","status":"broken","statusMessage":"\nCan't get WebDriver: chrome","statusTrace":"java.lang.RuntimeException: \nCan't get WebDriver: chrome\n\tat com.epam.jdi.light.common.Exceptions.exception(Exceptions.java:35)\n\tat com.epam.jdi.light.driver.WebDriverFactory.getDriver(WebDriverFactory.java:216)\n\tat com.epam.jdi.light.elements.common.WindowsManager.setWindowName(WindowsManager.java:87)\n\tat com.epam.jdi.light.elements.common.WindowsManager.openSiteTab(WindowsManager.java:51)\n\tat com.epam.jdi.light.elements.composite.WebPage.openSite(WebPage.java:153)\n\tat org.mytests.tests.TestsInit.setUp(TestsInit.java:18)\n\tat java.base/jdk.internal.reflect.NativeMethodAccessorImpl.invoke0(Native Method)\n\tat java.base/jdk.internal.reflect.NativeMethodAccessorImpl.invoke(NativeMethodAccessorImpl.java:62)\n\tat java.base/jdk.internal.reflect.DelegatingMethodAccessorImpl.invoke(DelegatingMethodAccessorImpl.java:43)\n\tat java.base/java.lang.reflect.Method.invoke(Method.java:567)\n\tat org.testng.internal.MethodInvocationHelper.invokeMethod(MethodInvocationHelper.java:124)\n\tat org.testng.internal.MethodInvocationHelper.invokeMethodConsideringTimeout(MethodInvocationHelper.java:59)\n\tat org.testng.internal.Invoker.invokeConfigurationMethod(Invoker.java:458)\n\tat org.testng.internal.Invoker.invokeConfigurations(Invoker.java:222)\n\tat org.testng.internal.Invoker.invokeConfigurations(Invoker.java:142)\n\tat org.testng.SuiteRunner.privateRun(SuiteRunner.java:401)\n\tat org.testng.SuiteRunner.run(SuiteRunner.java:364)\n\tat org.testng.SuiteRunnerWorker.runSuite(SuiteRunnerWorker.java:52)\n\tat org.testng.SuiteRunnerWorker.run(SuiteRunnerWorker.java:84)\n\tat org.testng.TestNG.runSuitesSequentially(TestNG.java:1208)\n\tat org.testng.TestNG.runSuitesLocally(TestNG.java:1137)\n\tat org.testng.TestNG.runSuites(TestNG.java:1049)\n\tat org.testng.TestNG.run(TestNG.java:1017)\n\tat org.apache.maven.surefire.testng.TestNGExecutor.run(TestNGExecutor.java:324)\n\tat org.apache.maven.surefire.testng.TestNGXmlTestSuite.execute(TestNGXmlTestSuite.java:74)\n\tat org.apache.maven.surefire.testng.TestNGProvider.invoke(TestNGProvider.java:123)\n\tat org.apache.maven.surefire.booter.ForkedBooter.runSuitesInProcess(ForkedBooter.java:456)\n\tat org.apache.maven.surefire.booter.ForkedBooter.execute(ForkedBooter.java:169)\n\tat org.apache.maven.surefire.booter.ForkedBooter.run(ForkedBooter.java:595)\n\tat org.apache.maven.surefire.booter.ForkedBooter.main(ForkedBooter.java:581)\nCaused by: java.lang.RuntimeException: \nCan't get WebDriver: chrome\n\tat com.epam.jdi.light.common.Exceptions.exception(Exceptions.java:35)\n\tat com.epam.jdi.light.driver.WebDriverFactory.getDriver(WebDriverFactory.java:224)\n\tat com.epam.jdi.light.driver.WebDriverFactory.getDriver(WebDriverFactory.java:214)\n\t... 28 more\nCaused by: java.lang.RuntimeException: java.lang.RuntimeException: \nFailed to run downloaded driver CHROME:X64:105.0.5195.52. Please check that your browser and driver are compatible or use local driver with 'drivers.folder' property in test.properties'.\nDriverPath: /home/runner/.cache/selenium/chromedriver/linux64/107.0.5304.62/chromedriver\n\tat com.jdiai.tools.func.JFunc1.execute(JFunc1.java:21)\n\tat com.epam.jdi.light.driver.WebDriverFactory.getDriver(WebDriverFactory.java:222)\n\t... 29 more\nCaused by: java.lang.RuntimeException: \nFailed to run downloaded driver CHROME:X64:105.0.5195.52. Please check that your browser and driver are compatible or use local driver with 'drivers.folder' property in test.properties'.\nDriverPath: /home/runner/.cache/selenium/chromedriver/linux64/107.0.5304.62/chromedriver\n\tat com.epam.jdi.light.common.Exceptions.exception(Exceptions.java:35)\n\tat com.epam.jdi.light.driver.WebDriverFactory.getDriverException(WebDriverFactory.java:143)\n\tat com.epam.jdi.light.driver.WebDriverFactory.getDriverByName(WebDriverFactory.java:127)\n\tat com.jdiai.tools.func.JFunc1.execute(JFunc1.java:19)\n\t... 30 more\nCaused by: java.lang.RuntimeException: \nCan't run and register new driver 'chrome'\n\tat com.epam.jdi.light.common.Exceptions.exception(Exceptions.java:35)\n\tat com.epam.jdi.light.driver.WebDriverFactory.registerNewDriver(WebDriverFactory.java:90)\n\tat com.epam.jdi.light.driver.WebDriverFactory.getDriverFromName(WebDriverFactory.java:158)\n\tat com.epam.jdi.light.driver.WebDriverFactory.getDriverByName(WebDriverFactory.java:125)\n\t... 31 more\nCaused by: java.lang.RuntimeException: \nFailed to get valid driver 'chrome'\n\tat com.epam.jdi.light.common.Exceptions.runtimeException(Exceptions.java:17)\n\tat com.epam.jdi.light.driver.WebDriverFactory.getValidDriver(WebDriverFactory.java:113)\n\tat com.epam.jdi.light.driver.WebDriverFactory.registerNewDriver(WebDriverFactory.java:85)\n\t... 33 more\n","steps":[],"attachments":[],"parameters":[],"stepsCount":0,"attachmentsCount":0,"shouldDisplayMessage":true,"hasContent":true}],"afterStages":[{"name":"tearDown","time":{"start":1668597552199,"stop":1668597552199,"duration":0},"description":"","status":"passed","steps":[],"attachments":[],"parameters":[],"stepsCount":0,"attachmentsCount":0,"shouldDisplayMessage":false,"hasContent":false}],"labels":[{"name":"package","value":"org.mytests.tests.example.DataTableTests"},{"name":"testClass","value":"org.mytests.tests.example.DataTableTests"},{"name":"testMethod","value":"previewTest"},{"name":"parentSuite","value":"JDI-Light Performance"},{"name":"suite","value":"Tests"},{"name":"subSuite","value":"org.mytests.tests.example.DataTableTests"},{"name":"host","value":"fv-az244-20"},{"name":"thread","value":"3447@fv-az244-20.TestNG-test=Tests-2(37)"},{"name":"framework","value":"testng"},{"name":"language","value":"java"},{"name":"resultFormat","value":"allure2"}],"parameters":[],"links":[],"hidden":false,"retry":false,"extra":{"severity":"normal","retries":[],"categories":[],"history":{"statistic":{"failed":0,"broken":0,"skipped":58,"passed":1,"unknown":0,"total":59},"items":[{"uid":"e895d398f9e1c59f","reportUrl":"https://jdi-templates.github.io/jdi-light-browserstack/12//#testresult/e895d398f9e1c59f","status":"skipped","statusDetails":"\nCan't get WebDriver: chrome","time":{"start":1668597479880,"stop":1668597479880,"duration":0}},{"uid":"67ee6413f5cadf25","reportUrl":"https://jdi-templates.github.io/jdi-light-browserstack/13//#testresult/67ee6413f5cadf25","status":"skipped","statusDetails":"\nCan't get WebDriver: chrome","time":{"start":1668597427806,"stop":1668597427807,"duration":1}},{"uid":"6cfd4fea0fe935b","reportUrl":"https://jdi-templates.github.io/jdi-light-browserstack/12//#testresult/6cfd4fea0fe935b","status":"skipped","statusDetails":"\nCan't get WebDriver: chrome","time":{"start":1668597399988,"stop":1668597399988,"duration":0}},{"uid":"3495570ec3880684","reportUrl":"https://jdi-templates.github.io/jdi-light-browserstack/13//#testresult/3495570ec3880684","status":"skipped","statusDetails":"\nCan't get WebDriver: chrome","time":{"start":1668597308639,"stop":1668597308639,"duration":0}},{"uid":"c34223d5c5dc9112","reportUrl":"https://jdi-templates.github.io/jdi-light-browserstack/12//#testresult/c34223d5c5dc9112","status":"skipped","statusDetails":"\nCan't get WebDriver: chrome","time":{"start":1668597280766,"stop":1668597280766,"duration":0}},{"uid":"3a5a68b1b33afd41","reportUrl":"https://jdi-templates.github.io/jdi-light-browserstack/13//#testresult/3a5a68b1b33afd41","status":"skipped","statusDetails":"\nCan't get WebDriver: chrome","time":{"start":1668597170194,"stop":1668597170195,"duration":1}},{"uid":"4f6e892c13548661","reportUrl":"https://jdi-templates.github.io/jdi-light-browserstack/13//#testresult/4f6e892c13548661","status":"skipped","statusDetails":"\nCan't get WebDriver: chrome","time":{"start":1668597037205,"stop":1668597037206,"duration":1}},{"uid":"ff66d216aca0a316","reportUrl":"https://jdi-templates.github.io/jdi-light-browserstack/12//#testresult/ff66d216aca0a316","status":"skipped","statusDetails":"\nCan't get WebDriver: chrome","time":{"start":1668596949473,"stop":1668596949473,"duration":0}},{"uid":"43195203dda0bdc1","reportUrl":"https://jdi-templates.github.io/jdi-light-browserstack/12//#testresult/43195203dda0bdc1","status":"skipped","statusDetails":"\nCan't get WebDriver: chrome","time":{"start":1668596827368,"stop":1668596827368,"duration":0}},{"uid":"b0870c85a8f7682c","reportUrl":"https://jdi-templates.github.io/jdi-light-browserstack/12//#testresult/b0870c85a8f7682c","status":"skipped","statusDetails":"\nCan't get WebDriver: chrome","time":{"start":1668596704555,"stop":1668596704555,"duration":0}},{"uid":"a44d786c5c20690b","reportUrl":"https://jdi-templates.github.io/jdi-light-browserstack/9//#testresult/a44d786c5c20690b","status":"skipped","statusDetails":"\nCan't get WebDriver: chrome","time":{"start":1668593122372,"stop":1668593122372,"duration":0}},{"uid":"2d70771db467d891","reportUrl":"https://jdi-templates.github.io/jdi-light-browserstack/9//#testresult/2d70771db467d891","status":"skipped","statusDetails":"\nCan't get WebDriver: chrome","time":{"start":1668593016892,"stop":1668593016892,"duration":0}},{"uid":"c63000c8c4974e96","reportUrl":"https://jdi-templates.github.io/jdi-light-browserstack/9//#testresult/c63000c8c4974e96","status":"skipped","statusDetails":"\nCan't get WebDriver: chrome","time":{"start":1668592897748,"stop":1668592897748,"duration":0}},{"uid":"2c7a84edcb37a64a","reportUrl":"https://jdi-templates.github.io/jdi-light-browserstack/9//#testresult/2c7a84edcb37a64a","status":"skipped","statusDetails":"\nCan't get WebDriver: chrome","time":{"start":1668592776607,"stop":1668592776607,"duration":0}},{"uid":"b3a3fffe3a80c204","reportUrl":"https://jdi-templates.github.io/jdi-light-browserstack/9//#testresult/b3a3fffe3a80c204","status":"skipped","statusDetails":"\nCan't get WebDriver: chrome","time":{"start":1668592658930,"stop":1668592658930,"duration":0}},{"uid":"cda847cdf537db8","reportUrl":"https://jdi-templates.github.io/jdi-light-browserstack/9//#testresult/cda847cdf537db8","status":"skipped","statusDetails":"\nCan't get WebDriver: chrome","time":{"start":1668592551469,"stop":1668592551469,"duration":0}},{"uid":"d2fefee4b9446b1b","reportUrl":"https://jdi-templates.github.io/jdi-light-browserstack/9//#testresult/d2fefee4b9446b1b","status":"skipped","statusDetails":"\nCan't get WebDriver: chrome","time":{"start":1668592443272,"stop":1668592443272,"duration":0}},{"uid":"28e9bf6f3bae5c6b","reportUrl":"https://jdi-templates.github.io/jdi-light-browserstack/8//#testresult/28e9bf6f3bae5c6b","status":"skipped","statusDetails":"\nCan't get WebDriver: chrome","time":{"start":1668592425487,"stop":1668592425487,"duration":0}},{"uid":"cf90f2f36ff05606","reportUrl":"https://jdi-templates.github.io/jdi-light-browserstack/9//#testresult/cf90f2f36ff05606","status":"skipped","statusDetails":"\nCan't get WebDriver: chrome","time":{"start":1668592330619,"stop":1668592330619,"duration":0}},{"uid":"dd2c19a102bdc7f2","reportUrl":"https://jdi-templates.github.io/jdi-light-browserstack/8//#testresult/dd2c19a102bdc7f2","status":"skipped","statusDetails":"\nCan't get WebDriver: chrome","time":{"start":1668592306810,"stop":1668592306810,"duration":0}}]},"tags":[]},"source":"1ab3553ed3b8ace8.json","parameterValues":[]}