{"uid":"2e7ceba70141f13d","name":"longTextTest","fullName":"org.mytests.tests.example.JDIPerformanceTests.longTextTest","historyId":"e4524b4af6345b1def1ead58cb2dc0a5","time":{"start":1668597848994,"stop":1668597848994,"duration":0},"status":"skipped","statusMessage":"\nCan't get WebDriver: chrome","statusTrace":"java.lang.RuntimeException: \nCan't get WebDriver: chrome\n\tat com.epam.jdi.light.common.Exceptions.exception(Exceptions.java:35)\n\tat com.epam.jdi.light.driver.WebDriverFactory.getDriver(WebDriverFactory.java:216)\n\tat com.epam.jdi.light.elements.common.WindowsManager.setWindowName(WindowsManager.java:87)\n\tat com.epam.jdi.light.elements.common.WindowsManager.openSiteTab(WindowsManager.java:51)\n\tat com.epam.jdi.light.elements.composite.WebPage.openSite(WebPage.java:153)\n\tat org.mytests.tests.TestsInit.setUp(TestsInit.java:18)\n\tat java.base/jdk.internal.reflect.NativeMethodAccessorImpl.invoke0(Native Method)\n\tat java.base/jdk.internal.reflect.NativeMethodAccessorImpl.invoke(NativeMethodAccessorImpl.java:62)\n\tat java.base/jdk.internal.reflect.DelegatingMethodAccessorImpl.invoke(DelegatingMethodAccessorImpl.java:43)\n\tat java.base/java.lang.reflect.Method.invoke(Method.java:564)\n\tat org.testng.internal.MethodInvocationHelper.invokeMethod(MethodInvocationHelper.java:124)\n\tat org.testng.internal.MethodInvocationHelper.invokeMethodConsideringTimeout(MethodInvocationHelper.java:59)\n\tat org.testng.internal.Invoker.invokeConfigurationMethod(Invoker.java:458)\n\tat org.testng.internal.Invoker.invokeConfigurations(Invoker.java:222)\n\tat org.testng.internal.Invoker.invokeConfigurations(Invoker.java:142)\n\tat org.testng.SuiteRunner.privateRun(SuiteRunner.java:401)\n\tat org.testng.SuiteRunner.run(SuiteRunner.java:364)\n\tat org.testng.SuiteRunnerWorker.runSuite(SuiteRunnerWorker.java:52)\n\tat org.testng.SuiteRunnerWorker.run(SuiteRunnerWorker.java:84)\n\tat org.testng.TestNG.runSuitesSequentially(TestNG.java:1208)\n\tat org.testng.TestNG.runSuitesLocally(TestNG.java:1137)\n\tat org.testng.TestNG.runSuites(TestNG.java:1049)\n\tat org.testng.TestNG.run(TestNG.java:1017)\n\tat org.apache.maven.surefire.testng.TestNGExecutor.run(TestNGExecutor.java:324)\n\tat org.apache.maven.surefire.testng.TestNGXmlTestSuite.execute(TestNGXmlTestSuite.java:74)\n\tat org.apache.maven.surefire.testng.TestNGProvider.invoke(TestNGProvider.java:123)\n\tat org.apache.maven.surefire.booter.ForkedBooter.runSuitesInProcess(ForkedBooter.java:456)\n\tat org.apache.maven.surefire.booter.ForkedBooter.execute(ForkedBooter.java:169)\n\tat org.apache.maven.surefire.booter.ForkedBooter.run(ForkedBooter.java:595)\n\tat org.apache.maven.surefire.booter.ForkedBooter.main(ForkedBooter.java:581)\nCaused by: java.lang.RuntimeException: \nCan't get WebDriver: chrome\n\tat com.epam.jdi.light.common.Exceptions.exception(Exceptions.java:35)\n\tat com.epam.jdi.light.driver.WebDriverFactory.getDriver(WebDriverFactory.java:224)\n\tat com.epam.jdi.light.driver.WebDriverFactory.getDriver(WebDriverFactory.java:214)\n\t... 28 more\nCaused by: java.lang.RuntimeException: java.lang.RuntimeException: \nFailed to run downloaded driver CHROME:X64:105.0.5195.52. Please check that your browser and driver are compatible or use local driver with 'drivers.folder' property in test.properties'.\nDriverPath: /home/runner/.cache/selenium/chromedriver/linux64/107.0.5304.62/chromedriver\n\tat com.jdiai.tools.func.JFunc1.execute(JFunc1.java:21)\n\tat com.epam.jdi.light.driver.WebDriverFactory.getDriver(WebDriverFactory.java:222)\n\t... 29 more\nCaused by: java.lang.RuntimeException: \nFailed to run downloaded driver CHROME:X64:105.0.5195.52. Please check that your browser and driver are compatible or use local driver with 'drivers.folder' property in test.properties'.\nDriverPath: /home/runner/.cache/selenium/chromedriver/linux64/107.0.5304.62/chromedriver\n\tat com.epam.jdi.light.common.Exceptions.exception(Exceptions.java:35)\n\tat com.epam.jdi.light.driver.WebDriverFactory.getDriverException(WebDriverFactory.java:143)\n\tat com.epam.jdi.light.driver.WebDriverFactory.getDriverByName(WebDriverFactory.java:127)\n\tat com.jdiai.tools.func.JFunc1.execute(JFunc1.java:19)\n\t... 30 more\nCaused by: java.lang.RuntimeException: \nCan't run and register new driver 'chrome'\n\tat com.epam.jdi.light.common.Exceptions.exception(Exceptions.java:35)\n\tat com.epam.jdi.light.driver.WebDriverFactory.registerNewDriver(WebDriverFactory.java:90)\n\tat com.epam.jdi.light.driver.WebDriverFactory.getDriverFromName(WebDriverFactory.java:158)\n\tat com.epam.jdi.light.driver.WebDriverFactory.getDriverByName(WebDriverFactory.java:125)\n\t... 31 more\nCaused by: java.lang.RuntimeException: \nFailed to get valid driver 'chrome'\n\tat com.epam.jdi.light.common.Exceptions.runtimeException(Exceptions.java:17)\n\tat com.epam.jdi.light.driver.WebDriverFactory.getValidDriver(WebDriverFactory.java:113)\n\tat com.epam.jdi.light.driver.WebDriverFactory.registerNewDriver(WebDriverFactory.java:85)\n\t... 33 more\n","flaky":false,"newFailed":false,"newBroken":false,"newPassed":false,"retriesCount":0,"retriesStatusChange":false,"beforeStages":[{"name":"setUp","time":{"start":1668597832303,"stop":1668597848607,"duration":16304},"description":"","status":"broken","statusMessage":"\nCan't get WebDriver: chrome","statusTrace":"java.lang.RuntimeException: \nCan't get WebDriver: chrome\n\tat com.epam.jdi.light.common.Exceptions.exception(Exceptions.java:35)\n\tat com.epam.jdi.light.driver.WebDriverFactory.getDriver(WebDriverFactory.java:216)\n\tat com.epam.jdi.light.elements.common.WindowsManager.setWindowName(WindowsManager.java:87)\n\tat com.epam.jdi.light.elements.common.WindowsManager.openSiteTab(WindowsManager.java:51)\n\tat com.epam.jdi.light.elements.composite.WebPage.openSite(WebPage.java:153)\n\tat org.mytests.tests.TestsInit.setUp(TestsInit.java:18)\n\tat java.base/jdk.internal.reflect.NativeMethodAccessorImpl.invoke0(Native Method)\n\tat java.base/jdk.internal.reflect.NativeMethodAccessorImpl.invoke(NativeMethodAccessorImpl.java:62)\n\tat java.base/jdk.internal.reflect.DelegatingMethodAccessorImpl.invoke(DelegatingMethodAccessorImpl.java:43)\n\tat java.base/java.lang.reflect.Method.invoke(Method.java:564)\n\tat org.testng.internal.MethodInvocationHelper.invokeMethod(MethodInvocationHelper.java:124)\n\tat org.testng.internal.MethodInvocationHelper.invokeMethodConsideringTimeout(MethodInvocationHelper.java:59)\n\tat org.testng.internal.Invoker.invokeConfigurationMethod(Invoker.java:458)\n\tat org.testng.internal.Invoker.invokeConfigurations(Invoker.java:222)\n\tat org.testng.internal.Invoker.invokeConfigurations(Invoker.java:142)\n\tat org.testng.SuiteRunner.privateRun(SuiteRunner.java:401)\n\tat org.testng.SuiteRunner.run(SuiteRunner.java:364)\n\tat org.testng.SuiteRunnerWorker.runSuite(SuiteRunnerWorker.java:52)\n\tat org.testng.SuiteRunnerWorker.run(SuiteRunnerWorker.java:84)\n\tat org.testng.TestNG.runSuitesSequentially(TestNG.java:1208)\n\tat org.testng.TestNG.runSuitesLocally(TestNG.java:1137)\n\tat org.testng.TestNG.runSuites(TestNG.java:1049)\n\tat org.testng.TestNG.run(TestNG.java:1017)\n\tat org.apache.maven.surefire.testng.TestNGExecutor.run(TestNGExecutor.java:324)\n\tat org.apache.maven.surefire.testng.TestNGXmlTestSuite.execute(TestNGXmlTestSuite.java:74)\n\tat org.apache.maven.surefire.testng.TestNGProvider.invoke(TestNGProvider.java:123)\n\tat org.apache.maven.surefire.booter.ForkedBooter.runSuitesInProcess(ForkedBooter.java:456)\n\tat org.apache.maven.surefire.booter.ForkedBooter.execute(ForkedBooter.java:169)\n\tat org.apache.maven.surefire.booter.ForkedBooter.run(ForkedBooter.java:595)\n\tat org.apache.maven.surefire.booter.ForkedBooter.main(ForkedBooter.java:581)\nCaused by: java.lang.RuntimeException: \nCan't get WebDriver: chrome\n\tat com.epam.jdi.light.common.Exceptions.exception(Exceptions.java:35)\n\tat com.epam.jdi.light.driver.WebDriverFactory.getDriver(WebDriverFactory.java:224)\n\tat com.epam.jdi.light.driver.WebDriverFactory.getDriver(WebDriverFactory.java:214)\n\t... 28 more\nCaused by: java.lang.RuntimeException: java.lang.RuntimeException: \nFailed to run downloaded driver CHROME:X64:105.0.5195.52. Please check that your browser and driver are compatible or use local driver with 'drivers.folder' property in test.properties'.\nDriverPath: /home/runner/.cache/selenium/chromedriver/linux64/107.0.5304.62/chromedriver\n\tat com.jdiai.tools.func.JFunc1.execute(JFunc1.java:21)\n\tat com.epam.jdi.light.driver.WebDriverFactory.getDriver(WebDriverFactory.java:222)\n\t... 29 more\nCaused by: java.lang.RuntimeException: \nFailed to run downloaded driver CHROME:X64:105.0.5195.52. Please check that your browser and driver are compatible or use local driver with 'drivers.folder' property in test.properties'.\nDriverPath: /home/runner/.cache/selenium/chromedriver/linux64/107.0.5304.62/chromedriver\n\tat com.epam.jdi.light.common.Exceptions.exception(Exceptions.java:35)\n\tat com.epam.jdi.light.driver.WebDriverFactory.getDriverException(WebDriverFactory.java:143)\n\tat com.epam.jdi.light.driver.WebDriverFactory.getDriverByName(WebDriverFactory.java:127)\n\tat com.jdiai.tools.func.JFunc1.execute(JFunc1.java:19)\n\t... 30 more\nCaused by: java.lang.RuntimeException: \nCan't run and register new driver 'chrome'\n\tat com.epam.jdi.light.common.Exceptions.exception(Exceptions.java:35)\n\tat com.epam.jdi.light.driver.WebDriverFactory.registerNewDriver(WebDriverFactory.java:90)\n\tat com.epam.jdi.light.driver.WebDriverFactory.getDriverFromName(WebDriverFactory.java:158)\n\tat com.epam.jdi.light.driver.WebDriverFactory.getDriverByName(WebDriverFactory.java:125)\n\t... 31 more\nCaused by: java.lang.RuntimeException: \nFailed to get valid driver 'chrome'\n\tat com.epam.jdi.light.common.Exceptions.runtimeException(Exceptions.java:17)\n\tat com.epam.jdi.light.driver.WebDriverFactory.getValidDriver(WebDriverFactory.java:113)\n\tat com.epam.jdi.light.driver.WebDriverFactory.registerNewDriver(WebDriverFactory.java:85)\n\t... 33 more\n","steps":[],"attachments":[],"parameters":[],"stepsCount":0,"attachmentsCount":0,"shouldDisplayMessage":true,"hasContent":true}],"afterStages":[{"name":"tearDown","time":{"start":1668597848995,"stop":1668597848995,"duration":0},"description":"","status":"passed","steps":[],"attachments":[],"parameters":[],"stepsCount":0,"attachmentsCount":0,"shouldDisplayMessage":false,"hasContent":false}],"labels":[{"name":"package","value":"org.mytests.tests.example.JDIPerformanceTests"},{"name":"testClass","value":"org.mytests.tests.example.JDIPerformanceTests"},{"name":"testMethod","value":"longTextTest"},{"name":"parentSuite","value":"JDI-Light Performance"},{"name":"suite","value":"Tests"},{"name":"subSuite","value":"org.mytests.tests.example.JDIPerformanceTests"},{"name":"host","value":"fv-az236-68"},{"name":"thread","value":"3629@fv-az236-68.TestNG-test=Tests-4(40)"},{"name":"framework","value":"testng"},{"name":"language","value":"java"},{"name":"resultFormat","value":"allure2"}],"parameters":[],"links":[],"hidden":false,"retry":false,"extra":{"severity":"normal","retries":[],"categories":[],"history":{"statistic":{"failed":0,"broken":0,"skipped":60,"passed":1,"unknown":0,"total":61},"items":[{"uid":"6828280743a1c75a","reportUrl":"https://jdi-templates.github.io/jdi-light-browserstack/13//#testresult/6828280743a1c75a","status":"skipped","statusDetails":"\nCan't get WebDriver: chrome","time":{"start":1668597697357,"stop":1668597697357,"duration":0}},{"uid":"76fdc93057c425ee","reportUrl":"https://jdi-templates.github.io/jdi-light-browserstack/13//#testresult/76fdc93057c425ee","status":"skipped","statusDetails":"\nCan't get WebDriver: chrome","time":{"start":1668597552123,"stop":1668597552124,"duration":1}},{"uid":"133b0c125aa1532c","reportUrl":"https://jdi-templates.github.io/jdi-light-browserstack/12//#testresult/133b0c125aa1532c","status":"skipped","statusDetails":"\nCan't get WebDriver: chrome","time":{"start":1668597479835,"stop":1668597479835,"duration":0}},{"uid":"41ca101ed2526c01","reportUrl":"https://jdi-templates.github.io/jdi-light-browserstack/13//#testresult/41ca101ed2526c01","status":"skipped","statusDetails":"\nCan't get WebDriver: chrome","time":{"start":1668597427753,"stop":1668597427753,"duration":0}},{"uid":"2cbbc8148ddaca8a","reportUrl":"https://jdi-templates.github.io/jdi-light-browserstack/12//#testresult/2cbbc8148ddaca8a","status":"skipped","statusDetails":"\nCan't get WebDriver: chrome","time":{"start":1668597399951,"stop":1668597399951,"duration":0}},{"uid":"cea64fefd22c84cd","reportUrl":"https://jdi-templates.github.io/jdi-light-browserstack/13//#testresult/cea64fefd22c84cd","status":"skipped","statusDetails":"\nCan't get WebDriver: chrome","time":{"start":1668597308588,"stop":1668597308588,"duration":0}},{"uid":"70d3bc0b03fe66b6","reportUrl":"https://jdi-templates.github.io/jdi-light-browserstack/12//#testresult/70d3bc0b03fe66b6","status":"skipped","statusDetails":"\nCan't get WebDriver: chrome","time":{"start":1668597280746,"stop":1668597280746,"duration":0}},{"uid":"f3411b2eaa9fa6de","reportUrl":"https://jdi-templates.github.io/jdi-light-browserstack/13//#testresult/f3411b2eaa9fa6de","status":"skipped","statusDetails":"\nCan't get WebDriver: chrome","time":{"start":1668597170141,"stop":1668597170141,"duration":0}},{"uid":"28ab22a9c7406623","reportUrl":"https://jdi-templates.github.io/jdi-light-browserstack/13//#testresult/28ab22a9c7406623","status":"skipped","statusDetails":"\nCan't get WebDriver: chrome","time":{"start":1668597037132,"stop":1668597037132,"duration":0}},{"uid":"4e85fe7c8f6f731d","reportUrl":"https://jdi-templates.github.io/jdi-light-browserstack/12//#testresult/4e85fe7c8f6f731d","status":"skipped","statusDetails":"\nCan't get WebDriver: chrome","time":{"start":1668596949419,"stop":1668596949419,"duration":0}},{"uid":"fe1ded60329800c7","reportUrl":"https://jdi-templates.github.io/jdi-light-browserstack/12//#testresult/fe1ded60329800c7","status":"skipped","statusDetails":"\nCan't get WebDriver: chrome","time":{"start":1668596827322,"stop":1668596827322,"duration":0}},{"uid":"fb37be1cbd8bd4e6","reportUrl":"https://jdi-templates.github.io/jdi-light-browserstack/12//#testresult/fb37be1cbd8bd4e6","status":"skipped","statusDetails":"\nCan't get WebDriver: chrome","time":{"start":1668596704511,"stop":1668596704511,"duration":0}},{"uid":"9945739e30924b6","reportUrl":"https://jdi-templates.github.io/jdi-light-browserstack/9//#testresult/9945739e30924b6","status":"skipped","statusDetails":"\nCan't get WebDriver: chrome","time":{"start":1668593122351,"stop":1668593122351,"duration":0}},{"uid":"64a1e8a62cdcdfc0","reportUrl":"https://jdi-templates.github.io/jdi-light-browserstack/9//#testresult/64a1e8a62cdcdfc0","status":"skipped","statusDetails":"\nCan't get WebDriver: chrome","time":{"start":1668593016848,"stop":1668593016848,"duration":0}},{"uid":"eab061456d012cd6","reportUrl":"https://jdi-templates.github.io/jdi-light-browserstack/9//#testresult/eab061456d012cd6","status":"skipped","statusDetails":"\nCan't get WebDriver: chrome","time":{"start":1668592897705,"stop":1668592897706,"duration":1}},{"uid":"30cc44764fbd6f48","reportUrl":"https://jdi-templates.github.io/jdi-light-browserstack/9//#testresult/30cc44764fbd6f48","status":"skipped","statusDetails":"\nCan't get WebDriver: chrome","time":{"start":1668592776558,"stop":1668592776558,"duration":0}},{"uid":"5c45af63b498882d","reportUrl":"https://jdi-templates.github.io/jdi-light-browserstack/9//#testresult/5c45af63b498882d","status":"skipped","statusDetails":"\nCan't get WebDriver: chrome","time":{"start":1668592658889,"stop":1668592658889,"duration":0}},{"uid":"c33224b7fccdaa76","reportUrl":"https://jdi-templates.github.io/jdi-light-browserstack/9//#testresult/c33224b7fccdaa76","status":"skipped","statusDetails":"\nCan't get WebDriver: chrome","time":{"start":1668592551402,"stop":1668592551402,"duration":0}},{"uid":"d2c38ebb97cb2ec2","reportUrl":"https://jdi-templates.github.io/jdi-light-browserstack/9//#testresult/d2c38ebb97cb2ec2","status":"skipped","statusDetails":"\nCan't get WebDriver: chrome","time":{"start":1668592443234,"stop":1668592443234,"duration":0}},{"uid":"e906c21960ac176b","reportUrl":"https://jdi-templates.github.io/jdi-light-browserstack/8//#testresult/e906c21960ac176b","status":"skipped","statusDetails":"\nCan't get WebDriver: chrome","time":{"start":1668592425459,"stop":1668592425459,"duration":0}}]},"tags":[]},"source":"2e7ceba70141f13d.json","parameterValues":[]}