{"uid":"725ea6ed6ee285a7","name":"customMenuTest","fullName":"org.mytests.tests.example.MenuTests.customMenuTest","historyId":"f82d99216fb6cdf138a2ed677f2414b4","time":{"start":1668597987274,"stop":1668597987274,"duration":0},"status":"skipped","statusMessage":"\nCan't get WebDriver: chrome","statusTrace":"java.lang.RuntimeException: \nCan't get WebDriver: chrome\n\tat com.epam.jdi.light.common.Exceptions.exception(Exceptions.java:35)\n\tat com.epam.jdi.light.driver.WebDriverFactory.getDriver(WebDriverFactory.java:216)\n\tat com.epam.jdi.light.elements.common.WindowsManager.setWindowName(WindowsManager.java:87)\n\tat com.epam.jdi.light.elements.common.WindowsManager.openSiteTab(WindowsManager.java:51)\n\tat com.epam.jdi.light.elements.composite.WebPage.openSite(WebPage.java:153)\n\tat org.mytests.tests.TestsInit.setUp(TestsInit.java:18)\n\tat java.base/jdk.internal.reflect.NativeMethodAccessorImpl.invoke0(Native Method)\n\tat java.base/jdk.internal.reflect.NativeMethodAccessorImpl.invoke(NativeMethodAccessorImpl.java:64)\n\tat java.base/jdk.internal.reflect.DelegatingMethodAccessorImpl.invoke(DelegatingMethodAccessorImpl.java:43)\n\tat java.base/java.lang.reflect.Method.invoke(Method.java:564)\n\tat org.testng.internal.MethodInvocationHelper.invokeMethod(MethodInvocationHelper.java:124)\n\tat org.testng.internal.MethodInvocationHelper.invokeMethodConsideringTimeout(MethodInvocationHelper.java:59)\n\tat org.testng.internal.Invoker.invokeConfigurationMethod(Invoker.java:458)\n\tat org.testng.internal.Invoker.invokeConfigurations(Invoker.java:222)\n\tat org.testng.internal.Invoker.invokeConfigurations(Invoker.java:142)\n\tat org.testng.SuiteRunner.privateRun(SuiteRunner.java:401)\n\tat org.testng.SuiteRunner.run(SuiteRunner.java:364)\n\tat org.testng.SuiteRunnerWorker.runSuite(SuiteRunnerWorker.java:52)\n\tat org.testng.SuiteRunnerWorker.run(SuiteRunnerWorker.java:84)\n\tat org.testng.TestNG.runSuitesSequentially(TestNG.java:1208)\n\tat org.testng.TestNG.runSuitesLocally(TestNG.java:1137)\n\tat org.testng.TestNG.runSuites(TestNG.java:1049)\n\tat org.testng.TestNG.run(TestNG.java:1017)\n\tat org.apache.maven.surefire.testng.TestNGExecutor.run(TestNGExecutor.java:324)\n\tat org.apache.maven.surefire.testng.TestNGXmlTestSuite.execute(TestNGXmlTestSuite.java:74)\n\tat org.apache.maven.surefire.testng.TestNGProvider.invoke(TestNGProvider.java:123)\n\tat org.apache.maven.surefire.booter.ForkedBooter.runSuitesInProcess(ForkedBooter.java:456)\n\tat org.apache.maven.surefire.booter.ForkedBooter.execute(ForkedBooter.java:169)\n\tat org.apache.maven.surefire.booter.ForkedBooter.run(ForkedBooter.java:595)\n\tat org.apache.maven.surefire.booter.ForkedBooter.main(ForkedBooter.java:581)\nCaused by: java.lang.RuntimeException: \nCan't get WebDriver: chrome\n\tat com.epam.jdi.light.common.Exceptions.exception(Exceptions.java:35)\n\tat com.epam.jdi.light.driver.WebDriverFactory.getDriver(WebDriverFactory.java:224)\n\tat com.epam.jdi.light.driver.WebDriverFactory.getDriver(WebDriverFactory.java:214)\n\t... 28 more\nCaused by: java.lang.RuntimeException: java.lang.RuntimeException: \nFailed to run downloaded driver CHROME:X64:105.0.5195.52. Please check that your browser and driver are compatible or use local driver with 'drivers.folder' property in test.properties'.\nDriverPath: /home/runner/.cache/selenium/chromedriver/linux64/107.0.5304.62/chromedriver\n\tat com.jdiai.tools.func.JFunc1.execute(JFunc1.java:21)\n\tat com.epam.jdi.light.driver.WebDriverFactory.getDriver(WebDriverFactory.java:222)\n\t... 29 more\nCaused by: java.lang.RuntimeException: \nFailed to run downloaded driver CHROME:X64:105.0.5195.52. Please check that your browser and driver are compatible or use local driver with 'drivers.folder' property in test.properties'.\nDriverPath: /home/runner/.cache/selenium/chromedriver/linux64/107.0.5304.62/chromedriver\n\tat com.epam.jdi.light.common.Exceptions.exception(Exceptions.java:35)\n\tat com.epam.jdi.light.driver.WebDriverFactory.getDriverException(WebDriverFactory.java:143)\n\tat com.epam.jdi.light.driver.WebDriverFactory.getDriverByName(WebDriverFactory.java:127)\n\tat com.jdiai.tools.func.JFunc1.execute(JFunc1.java:19)\n\t... 30 more\nCaused by: java.lang.RuntimeException: \nCan't run and register new driver 'chrome'\n\tat com.epam.jdi.light.common.Exceptions.exception(Exceptions.java:35)\n\tat com.epam.jdi.light.driver.WebDriverFactory.registerNewDriver(WebDriverFactory.java:90)\n\tat com.epam.jdi.light.driver.WebDriverFactory.getDriverFromName(WebDriverFactory.java:158)\n\tat com.epam.jdi.light.driver.WebDriverFactory.getDriverByName(WebDriverFactory.java:125)\n\t... 31 more\nCaused by: java.lang.RuntimeException: \nFailed to get valid driver 'chrome'\n\tat com.epam.jdi.light.common.Exceptions.runtimeException(Exceptions.java:17)\n\tat com.epam.jdi.light.driver.WebDriverFactory.getValidDriver(WebDriverFactory.java:113)\n\tat com.epam.jdi.light.driver.WebDriverFactory.registerNewDriver(WebDriverFactory.java:85)\n\t... 33 more\n","flaky":false,"newFailed":false,"newBroken":false,"newPassed":false,"retriesCount":0,"retriesStatusChange":false,"beforeStages":[{"name":"setUp","time":{"start":1668597972249,"stop":1668597986994,"duration":14745},"description":"","status":"broken","statusMessage":"\nCan't get WebDriver: chrome","statusTrace":"java.lang.RuntimeException: \nCan't get WebDriver: chrome\n\tat com.epam.jdi.light.common.Exceptions.exception(Exceptions.java:35)\n\tat com.epam.jdi.light.driver.WebDriverFactory.getDriver(WebDriverFactory.java:216)\n\tat com.epam.jdi.light.elements.common.WindowsManager.setWindowName(WindowsManager.java:87)\n\tat com.epam.jdi.light.elements.common.WindowsManager.openSiteTab(WindowsManager.java:51)\n\tat com.epam.jdi.light.elements.composite.WebPage.openSite(WebPage.java:153)\n\tat org.mytests.tests.TestsInit.setUp(TestsInit.java:18)\n\tat java.base/jdk.internal.reflect.NativeMethodAccessorImpl.invoke0(Native Method)\n\tat java.base/jdk.internal.reflect.NativeMethodAccessorImpl.invoke(NativeMethodAccessorImpl.java:64)\n\tat java.base/jdk.internal.reflect.DelegatingMethodAccessorImpl.invoke(DelegatingMethodAccessorImpl.java:43)\n\tat java.base/java.lang.reflect.Method.invoke(Method.java:564)\n\tat org.testng.internal.MethodInvocationHelper.invokeMethod(MethodInvocationHelper.java:124)\n\tat org.testng.internal.MethodInvocationHelper.invokeMethodConsideringTimeout(MethodInvocationHelper.java:59)\n\tat org.testng.internal.Invoker.invokeConfigurationMethod(Invoker.java:458)\n\tat org.testng.internal.Invoker.invokeConfigurations(Invoker.java:222)\n\tat org.testng.internal.Invoker.invokeConfigurations(Invoker.java:142)\n\tat org.testng.SuiteRunner.privateRun(SuiteRunner.java:401)\n\tat org.testng.SuiteRunner.run(SuiteRunner.java:364)\n\tat org.testng.SuiteRunnerWorker.runSuite(SuiteRunnerWorker.java:52)\n\tat org.testng.SuiteRunnerWorker.run(SuiteRunnerWorker.java:84)\n\tat org.testng.TestNG.runSuitesSequentially(TestNG.java:1208)\n\tat org.testng.TestNG.runSuitesLocally(TestNG.java:1137)\n\tat org.testng.TestNG.runSuites(TestNG.java:1049)\n\tat org.testng.TestNG.run(TestNG.java:1017)\n\tat org.apache.maven.surefire.testng.TestNGExecutor.run(TestNGExecutor.java:324)\n\tat org.apache.maven.surefire.testng.TestNGXmlTestSuite.execute(TestNGXmlTestSuite.java:74)\n\tat org.apache.maven.surefire.testng.TestNGProvider.invoke(TestNGProvider.java:123)\n\tat org.apache.maven.surefire.booter.ForkedBooter.runSuitesInProcess(ForkedBooter.java:456)\n\tat org.apache.maven.surefire.booter.ForkedBooter.execute(ForkedBooter.java:169)\n\tat org.apache.maven.surefire.booter.ForkedBooter.run(ForkedBooter.java:595)\n\tat org.apache.maven.surefire.booter.ForkedBooter.main(ForkedBooter.java:581)\nCaused by: java.lang.RuntimeException: \nCan't get WebDriver: chrome\n\tat com.epam.jdi.light.common.Exceptions.exception(Exceptions.java:35)\n\tat com.epam.jdi.light.driver.WebDriverFactory.getDriver(WebDriverFactory.java:224)\n\tat com.epam.jdi.light.driver.WebDriverFactory.getDriver(WebDriverFactory.java:214)\n\t... 28 more\nCaused by: java.lang.RuntimeException: java.lang.RuntimeException: \nFailed to run downloaded driver CHROME:X64:105.0.5195.52. Please check that your browser and driver are compatible or use local driver with 'drivers.folder' property in test.properties'.\nDriverPath: /home/runner/.cache/selenium/chromedriver/linux64/107.0.5304.62/chromedriver\n\tat com.jdiai.tools.func.JFunc1.execute(JFunc1.java:21)\n\tat com.epam.jdi.light.driver.WebDriverFactory.getDriver(WebDriverFactory.java:222)\n\t... 29 more\nCaused by: java.lang.RuntimeException: \nFailed to run downloaded driver CHROME:X64:105.0.5195.52. Please check that your browser and driver are compatible or use local driver with 'drivers.folder' property in test.properties'.\nDriverPath: /home/runner/.cache/selenium/chromedriver/linux64/107.0.5304.62/chromedriver\n\tat com.epam.jdi.light.common.Exceptions.exception(Exceptions.java:35)\n\tat com.epam.jdi.light.driver.WebDriverFactory.getDriverException(WebDriverFactory.java:143)\n\tat com.epam.jdi.light.driver.WebDriverFactory.getDriverByName(WebDriverFactory.java:127)\n\tat com.jdiai.tools.func.JFunc1.execute(JFunc1.java:19)\n\t... 30 more\nCaused by: java.lang.RuntimeException: \nCan't run and register new driver 'chrome'\n\tat com.epam.jdi.light.common.Exceptions.exception(Exceptions.java:35)\n\tat com.epam.jdi.light.driver.WebDriverFactory.registerNewDriver(WebDriverFactory.java:90)\n\tat com.epam.jdi.light.driver.WebDriverFactory.getDriverFromName(WebDriverFactory.java:158)\n\tat com.epam.jdi.light.driver.WebDriverFactory.getDriverByName(WebDriverFactory.java:125)\n\t... 31 more\nCaused by: java.lang.RuntimeException: \nFailed to get valid driver 'chrome'\n\tat com.epam.jdi.light.common.Exceptions.runtimeException(Exceptions.java:17)\n\tat com.epam.jdi.light.driver.WebDriverFactory.getValidDriver(WebDriverFactory.java:113)\n\tat com.epam.jdi.light.driver.WebDriverFactory.registerNewDriver(WebDriverFactory.java:85)\n\t... 33 more\n","steps":[],"attachments":[],"parameters":[],"stepsCount":0,"attachmentsCount":0,"shouldDisplayMessage":true,"hasContent":true}],"afterStages":[{"name":"tearDown","time":{"start":1668597987287,"stop":1668597987287,"duration":0},"description":"","status":"passed","steps":[],"attachments":[],"parameters":[],"stepsCount":0,"attachmentsCount":0,"shouldDisplayMessage":false,"hasContent":false}],"labels":[{"name":"package","value":"org.mytests.tests.example.MenuTests"},{"name":"testClass","value":"org.mytests.tests.example.MenuTests"},{"name":"testMethod","value":"customMenuTest"},{"name":"parentSuite","value":"JDI-Light Performance"},{"name":"suite","value":"Tests"},{"name":"subSuite","value":"org.mytests.tests.example.MenuTests"},{"name":"host","value":"fv-az236-68"},{"name":"thread","value":"3656@fv-az236-68.TestNG-test=Tests-4(40)"},{"name":"framework","value":"testng"},{"name":"language","value":"java"},{"name":"resultFormat","value":"allure2"}],"parameters":[],"links":[],"hidden":false,"retry":false,"extra":{"severity":"normal","retries":[],"categories":[],"history":{"statistic":{"failed":0,"broken":0,"skipped":61,"passed":1,"unknown":0,"total":62},"items":[{"uid":"d99e9d767f85ae5d","reportUrl":"https://jdi-templates.github.io/jdi-light-browserstack/13//#testresult/d99e9d767f85ae5d","status":"skipped","statusDetails":"\nCan't get WebDriver: chrome","time":{"start":1668597849003,"stop":1668597849004,"duration":1}},{"uid":"2b5903cbabc7aede","reportUrl":"https://jdi-templates.github.io/jdi-light-browserstack/13//#testresult/2b5903cbabc7aede","status":"skipped","statusDetails":"\nCan't get WebDriver: chrome","time":{"start":1668597697373,"stop":1668597697374,"duration":1}},{"uid":"a5cfc26bb990d765","reportUrl":"https://jdi-templates.github.io/jdi-light-browserstack/13//#testresult/a5cfc26bb990d765","status":"skipped","statusDetails":"\nCan't get WebDriver: chrome","time":{"start":1668597552126,"stop":1668597552126,"duration":0}},{"uid":"14130b32222465ff","reportUrl":"https://jdi-templates.github.io/jdi-light-browserstack/12//#testresult/14130b32222465ff","status":"skipped","statusDetails":"\nCan't get WebDriver: chrome","time":{"start":1668597479832,"stop":1668597479832,"duration":0}},{"uid":"31e43a0f13729d95","reportUrl":"https://jdi-templates.github.io/jdi-light-browserstack/13//#testresult/31e43a0f13729d95","status":"skipped","statusDetails":"\nCan't get WebDriver: chrome","time":{"start":1668597427764,"stop":1668597427765,"duration":1}},{"uid":"2e2cc54dd913dcd4","reportUrl":"https://jdi-templates.github.io/jdi-light-browserstack/12//#testresult/2e2cc54dd913dcd4","status":"skipped","statusDetails":"\nCan't get WebDriver: chrome","time":{"start":1668597399958,"stop":1668597399958,"duration":0}},{"uid":"a288c6b2cb546513","reportUrl":"https://jdi-templates.github.io/jdi-light-browserstack/13//#testresult/a288c6b2cb546513","status":"skipped","statusDetails":"\nCan't get WebDriver: chrome","time":{"start":1668597308598,"stop":1668597308598,"duration":0}},{"uid":"fc745a70ec6c0f06","reportUrl":"https://jdi-templates.github.io/jdi-light-browserstack/12//#testresult/fc745a70ec6c0f06","status":"skipped","statusDetails":"\nCan't get WebDriver: chrome","time":{"start":1668597280740,"stop":1668597280740,"duration":0}},{"uid":"74fae0e6cc7e16fc","reportUrl":"https://jdi-templates.github.io/jdi-light-browserstack/13//#testresult/74fae0e6cc7e16fc","status":"skipped","statusDetails":"\nCan't get WebDriver: chrome","time":{"start":1668597170136,"stop":1668597170136,"duration":0}},{"uid":"b0b3bdcc5207484e","reportUrl":"https://jdi-templates.github.io/jdi-light-browserstack/13//#testresult/b0b3bdcc5207484e","status":"skipped","statusDetails":"\nCan't get WebDriver: chrome","time":{"start":1668597037169,"stop":1668597037169,"duration":0}},{"uid":"1087403d92aa073a","reportUrl":"https://jdi-templates.github.io/jdi-light-browserstack/12//#testresult/1087403d92aa073a","status":"skipped","statusDetails":"\nCan't get WebDriver: chrome","time":{"start":1668596949442,"stop":1668596949442,"duration":0}},{"uid":"6f9d584729c73f39","reportUrl":"https://jdi-templates.github.io/jdi-light-browserstack/12//#testresult/6f9d584729c73f39","status":"skipped","statusDetails":"\nCan't get WebDriver: chrome","time":{"start":1668596827307,"stop":1668596827307,"duration":0}},{"uid":"c8f021ca343eca28","reportUrl":"https://jdi-templates.github.io/jdi-light-browserstack/12//#testresult/c8f021ca343eca28","status":"skipped","statusDetails":"\nCan't get WebDriver: chrome","time":{"start":1668596704524,"stop":1668596704524,"duration":0}},{"uid":"10bad739c7c1e176","reportUrl":"https://jdi-templates.github.io/jdi-light-browserstack/9//#testresult/10bad739c7c1e176","status":"skipped","statusDetails":"\nCan't get WebDriver: chrome","time":{"start":1668593122339,"stop":1668593122339,"duration":0}},{"uid":"bfcc1ac65a2da338","reportUrl":"https://jdi-templates.github.io/jdi-light-browserstack/9//#testresult/bfcc1ac65a2da338","status":"skipped","statusDetails":"\nCan't get WebDriver: chrome","time":{"start":1668593016841,"stop":1668593016841,"duration":0}},{"uid":"99192ddd39c318d0","reportUrl":"https://jdi-templates.github.io/jdi-light-browserstack/9//#testresult/99192ddd39c318d0","status":"skipped","statusDetails":"\nCan't get WebDriver: chrome","time":{"start":1668592897694,"stop":1668592897694,"duration":0}},{"uid":"98bb77f4f80547ec","reportUrl":"https://jdi-templates.github.io/jdi-light-browserstack/9//#testresult/98bb77f4f80547ec","status":"skipped","statusDetails":"\nCan't get WebDriver: chrome","time":{"start":1668592776555,"stop":1668592776555,"duration":0}},{"uid":"86353a41665d0f20","reportUrl":"https://jdi-templates.github.io/jdi-light-browserstack/9//#testresult/86353a41665d0f20","status":"skipped","statusDetails":"\nCan't get WebDriver: chrome","time":{"start":1668592658907,"stop":1668592658907,"duration":0}},{"uid":"c441d46938174ecf","reportUrl":"https://jdi-templates.github.io/jdi-light-browserstack/9//#testresult/c441d46938174ecf","status":"skipped","statusDetails":"\nCan't get WebDriver: chrome","time":{"start":1668592551423,"stop":1668592551423,"duration":0}},{"uid":"1b4130b195f0d23b","reportUrl":"https://jdi-templates.github.io/jdi-light-browserstack/9//#testresult/1b4130b195f0d23b","status":"skipped","statusDetails":"\nCan't get WebDriver: chrome","time":{"start":1668592443210,"stop":1668592443210,"duration":0}}]},"tags":[]},"source":"725ea6ed6ee285a7.json","parameterValues":[]}