{"uid":"72e7ba1b0f169be4","name":"bigDropdownTest","fullName":"org.mytests.tests.example.JDIPerformanceTests.bigDropdownTest","historyId":"c4bb9e6216d2b756575eb4b1a0e8d5b3","time":{"start":1668597427735,"stop":1668597427735,"duration":0},"status":"skipped","statusMessage":"\nCan't get WebDriver: chrome","statusTrace":"java.lang.RuntimeException: \nCan't get WebDriver: chrome\n\tat com.epam.jdi.light.common.Exceptions.exception(Exceptions.java:35)\n\tat com.epam.jdi.light.driver.WebDriverFactory.getDriver(WebDriverFactory.java:216)\n\tat com.epam.jdi.light.elements.common.WindowsManager.setWindowName(WindowsManager.java:87)\n\tat com.epam.jdi.light.elements.common.WindowsManager.openSiteTab(WindowsManager.java:51)\n\tat com.epam.jdi.light.elements.composite.WebPage.openSite(WebPage.java:153)\n\tat org.mytests.tests.TestsInit.setUp(TestsInit.java:18)\n\tat java.base/jdk.internal.reflect.NativeMethodAccessorImpl.invoke0(Native Method)\n\tat java.base/jdk.internal.reflect.NativeMethodAccessorImpl.invoke(NativeMethodAccessorImpl.java:62)\n\tat java.base/jdk.internal.reflect.DelegatingMethodAccessorImpl.invoke(DelegatingMethodAccessorImpl.java:43)\n\tat java.base/java.lang.reflect.Method.invoke(Method.java:566)\n\tat org.testng.internal.MethodInvocationHelper.invokeMethod(MethodInvocationHelper.java:124)\n\tat org.testng.internal.MethodInvocationHelper.invokeMethodConsideringTimeout(MethodInvocationHelper.java:59)\n\tat org.testng.internal.Invoker.invokeConfigurationMethod(Invoker.java:458)\n\tat org.testng.internal.Invoker.invokeConfigurations(Invoker.java:222)\n\tat org.testng.internal.Invoker.invokeConfigurations(Invoker.java:142)\n\tat org.testng.SuiteRunner.privateRun(SuiteRunner.java:401)\n\tat org.testng.SuiteRunner.run(SuiteRunner.java:364)\n\tat org.testng.SuiteRunnerWorker.runSuite(SuiteRunnerWorker.java:52)\n\tat org.testng.SuiteRunnerWorker.run(SuiteRunnerWorker.java:84)\n\tat org.testng.TestNG.runSuitesSequentially(TestNG.java:1208)\n\tat org.testng.TestNG.runSuitesLocally(TestNG.java:1137)\n\tat org.testng.TestNG.runSuites(TestNG.java:1049)\n\tat org.testng.TestNG.run(TestNG.java:1017)\n\tat org.apache.maven.surefire.testng.TestNGExecutor.run(TestNGExecutor.java:324)\n\tat org.apache.maven.surefire.testng.TestNGXmlTestSuite.execute(TestNGXmlTestSuite.java:74)\n\tat org.apache.maven.surefire.testng.TestNGProvider.invoke(TestNGProvider.java:123)\n\tat org.apache.maven.surefire.booter.ForkedBooter.runSuitesInProcess(ForkedBooter.java:456)\n\tat org.apache.maven.surefire.booter.ForkedBooter.execute(ForkedBooter.java:169)\n\tat org.apache.maven.surefire.booter.ForkedBooter.run(ForkedBooter.java:595)\n\tat org.apache.maven.surefire.booter.ForkedBooter.main(ForkedBooter.java:581)\nCaused by: java.lang.RuntimeException: \nCan't get WebDriver: chrome\n\tat com.epam.jdi.light.common.Exceptions.exception(Exceptions.java:35)\n\tat com.epam.jdi.light.driver.WebDriverFactory.getDriver(WebDriverFactory.java:224)\n\tat com.epam.jdi.light.driver.WebDriverFactory.getDriver(WebDriverFactory.java:214)\n\t... 28 more\nCaused by: java.lang.RuntimeException: java.lang.RuntimeException: \nFailed to run downloaded driver CHROME:X64:105.0.5195.52. Please check that your browser and driver are compatible or use local driver with 'drivers.folder' property in test.properties'.\nDriverPath: /home/runner/.cache/selenium/chromedriver/linux64/107.0.5304.62/chromedriver\n\tat com.jdiai.tools.func.JFunc1.execute(JFunc1.java:21)\n\tat com.epam.jdi.light.driver.WebDriverFactory.getDriver(WebDriverFactory.java:222)\n\t... 29 more\nCaused by: java.lang.RuntimeException: \nFailed to run downloaded driver CHROME:X64:105.0.5195.52. Please check that your browser and driver are compatible or use local driver with 'drivers.folder' property in test.properties'.\nDriverPath: /home/runner/.cache/selenium/chromedriver/linux64/107.0.5304.62/chromedriver\n\tat com.epam.jdi.light.common.Exceptions.exception(Exceptions.java:35)\n\tat com.epam.jdi.light.driver.WebDriverFactory.getDriverException(WebDriverFactory.java:143)\n\tat com.epam.jdi.light.driver.WebDriverFactory.getDriverByName(WebDriverFactory.java:127)\n\tat com.jdiai.tools.func.JFunc1.execute(JFunc1.java:19)\n\t... 30 more\nCaused by: java.lang.RuntimeException: \nCan't run and register new driver 'chrome'\n\tat com.epam.jdi.light.common.Exceptions.exception(Exceptions.java:35)\n\tat com.epam.jdi.light.driver.WebDriverFactory.registerNewDriver(WebDriverFactory.java:90)\n\tat com.epam.jdi.light.driver.WebDriverFactory.getDriverFromName(WebDriverFactory.java:158)\n\tat com.epam.jdi.light.driver.WebDriverFactory.getDriverByName(WebDriverFactory.java:125)\n\t... 31 more\nCaused by: java.lang.RuntimeException: \nFailed to get valid driver 'chrome'\n\tat com.epam.jdi.light.common.Exceptions.runtimeException(Exceptions.java:17)\n\tat com.epam.jdi.light.driver.WebDriverFactory.getValidDriver(WebDriverFactory.java:113)\n\tat com.epam.jdi.light.driver.WebDriverFactory.registerNewDriver(WebDriverFactory.java:85)\n\t... 33 more\n","flaky":false,"newFailed":false,"newBroken":false,"newPassed":false,"retriesCount":0,"retriesStatusChange":false,"beforeStages":[{"name":"setUp","time":{"start":1668597412979,"stop":1668597427399,"duration":14420},"description":"","status":"broken","statusMessage":"\nCan't get WebDriver: chrome","statusTrace":"java.lang.RuntimeException: \nCan't get WebDriver: chrome\n\tat com.epam.jdi.light.common.Exceptions.exception(Exceptions.java:35)\n\tat com.epam.jdi.light.driver.WebDriverFactory.getDriver(WebDriverFactory.java:216)\n\tat com.epam.jdi.light.elements.common.WindowsManager.setWindowName(WindowsManager.java:87)\n\tat com.epam.jdi.light.elements.common.WindowsManager.openSiteTab(WindowsManager.java:51)\n\tat com.epam.jdi.light.elements.composite.WebPage.openSite(WebPage.java:153)\n\tat org.mytests.tests.TestsInit.setUp(TestsInit.java:18)\n\tat java.base/jdk.internal.reflect.NativeMethodAccessorImpl.invoke0(Native Method)\n\tat java.base/jdk.internal.reflect.NativeMethodAccessorImpl.invoke(NativeMethodAccessorImpl.java:62)\n\tat java.base/jdk.internal.reflect.DelegatingMethodAccessorImpl.invoke(DelegatingMethodAccessorImpl.java:43)\n\tat java.base/java.lang.reflect.Method.invoke(Method.java:566)\n\tat org.testng.internal.MethodInvocationHelper.invokeMethod(MethodInvocationHelper.java:124)\n\tat org.testng.internal.MethodInvocationHelper.invokeMethodConsideringTimeout(MethodInvocationHelper.java:59)\n\tat org.testng.internal.Invoker.invokeConfigurationMethod(Invoker.java:458)\n\tat org.testng.internal.Invoker.invokeConfigurations(Invoker.java:222)\n\tat org.testng.internal.Invoker.invokeConfigurations(Invoker.java:142)\n\tat org.testng.SuiteRunner.privateRun(SuiteRunner.java:401)\n\tat org.testng.SuiteRunner.run(SuiteRunner.java:364)\n\tat org.testng.SuiteRunnerWorker.runSuite(SuiteRunnerWorker.java:52)\n\tat org.testng.SuiteRunnerWorker.run(SuiteRunnerWorker.java:84)\n\tat org.testng.TestNG.runSuitesSequentially(TestNG.java:1208)\n\tat org.testng.TestNG.runSuitesLocally(TestNG.java:1137)\n\tat org.testng.TestNG.runSuites(TestNG.java:1049)\n\tat org.testng.TestNG.run(TestNG.java:1017)\n\tat org.apache.maven.surefire.testng.TestNGExecutor.run(TestNGExecutor.java:324)\n\tat org.apache.maven.surefire.testng.TestNGXmlTestSuite.execute(TestNGXmlTestSuite.java:74)\n\tat org.apache.maven.surefire.testng.TestNGProvider.invoke(TestNGProvider.java:123)\n\tat org.apache.maven.surefire.booter.ForkedBooter.runSuitesInProcess(ForkedBooter.java:456)\n\tat org.apache.maven.surefire.booter.ForkedBooter.execute(ForkedBooter.java:169)\n\tat org.apache.maven.surefire.booter.ForkedBooter.run(ForkedBooter.java:595)\n\tat org.apache.maven.surefire.booter.ForkedBooter.main(ForkedBooter.java:581)\nCaused by: java.lang.RuntimeException: \nCan't get WebDriver: chrome\n\tat com.epam.jdi.light.common.Exceptions.exception(Exceptions.java:35)\n\tat com.epam.jdi.light.driver.WebDriverFactory.getDriver(WebDriverFactory.java:224)\n\tat com.epam.jdi.light.driver.WebDriverFactory.getDriver(WebDriverFactory.java:214)\n\t... 28 more\nCaused by: java.lang.RuntimeException: java.lang.RuntimeException: \nFailed to run downloaded driver CHROME:X64:105.0.5195.52. Please check that your browser and driver are compatible or use local driver with 'drivers.folder' property in test.properties'.\nDriverPath: /home/runner/.cache/selenium/chromedriver/linux64/107.0.5304.62/chromedriver\n\tat com.jdiai.tools.func.JFunc1.execute(JFunc1.java:21)\n\tat com.epam.jdi.light.driver.WebDriverFactory.getDriver(WebDriverFactory.java:222)\n\t... 29 more\nCaused by: java.lang.RuntimeException: \nFailed to run downloaded driver CHROME:X64:105.0.5195.52. Please check that your browser and driver are compatible or use local driver with 'drivers.folder' property in test.properties'.\nDriverPath: /home/runner/.cache/selenium/chromedriver/linux64/107.0.5304.62/chromedriver\n\tat com.epam.jdi.light.common.Exceptions.exception(Exceptions.java:35)\n\tat com.epam.jdi.light.driver.WebDriverFactory.getDriverException(WebDriverFactory.java:143)\n\tat com.epam.jdi.light.driver.WebDriverFactory.getDriverByName(WebDriverFactory.java:127)\n\tat com.jdiai.tools.func.JFunc1.execute(JFunc1.java:19)\n\t... 30 more\nCaused by: java.lang.RuntimeException: \nCan't run and register new driver 'chrome'\n\tat com.epam.jdi.light.common.Exceptions.exception(Exceptions.java:35)\n\tat com.epam.jdi.light.driver.WebDriverFactory.registerNewDriver(WebDriverFactory.java:90)\n\tat com.epam.jdi.light.driver.WebDriverFactory.getDriverFromName(WebDriverFactory.java:158)\n\tat com.epam.jdi.light.driver.WebDriverFactory.getDriverByName(WebDriverFactory.java:125)\n\t... 31 more\nCaused by: java.lang.RuntimeException: \nFailed to get valid driver 'chrome'\n\tat com.epam.jdi.light.common.Exceptions.runtimeException(Exceptions.java:17)\n\tat com.epam.jdi.light.driver.WebDriverFactory.getValidDriver(WebDriverFactory.java:113)\n\tat com.epam.jdi.light.driver.WebDriverFactory.registerNewDriver(WebDriverFactory.java:85)\n\t... 33 more\n","steps":[],"attachments":[],"parameters":[],"stepsCount":0,"attachmentsCount":0,"shouldDisplayMessage":true,"hasContent":true}],"afterStages":[{"name":"tearDown","time":{"start":1668597427755,"stop":1668597427755,"duration":0},"description":"","status":"passed","steps":[],"attachments":[],"parameters":[],"stepsCount":0,"attachmentsCount":0,"shouldDisplayMessage":false,"hasContent":false}],"labels":[{"name":"package","value":"org.mytests.tests.example.JDIPerformanceTests"},{"name":"testClass","value":"org.mytests.tests.example.JDIPerformanceTests"},{"name":"testMethod","value":"bigDropdownTest"},{"name":"parentSuite","value":"JDI-Light Performance"},{"name":"suite","value":"Tests"},{"name":"subSuite","value":"org.mytests.tests.example.JDIPerformanceTests"},{"name":"host","value":"fv-az58-599"},{"name":"thread","value":"3559@fv-az58-599.TestNG-test=Tests-4(39)"},{"name":"framework","value":"testng"},{"name":"language","value":"java"},{"name":"resultFormat","value":"allure2"}],"parameters":[],"links":[],"hidden":false,"retry":false,"extra":{"severity":"normal","retries":[],"categories":[],"history":{"statistic":{"failed":0,"broken":0,"skipped":56,"passed":1,"unknown":0,"total":57},"items":[{"uid":"f8cd7da993e93c18","reportUrl":"https://jdi-templates.github.io/jdi-light-browserstack/12//#testresult/f8cd7da993e93c18","status":"skipped","statusDetails":"\nCan't get WebDriver: chrome","time":{"start":1668597399923,"stop":1668597399923,"duration":0}},{"uid":"dae84e3cf67cb072","reportUrl":"https://jdi-templates.github.io/jdi-light-browserstack/13//#testresult/dae84e3cf67cb072","status":"skipped","statusDetails":"\nCan't get WebDriver: chrome","time":{"start":1668597308551,"stop":1668597308556,"duration":5}},{"uid":"f086bde6f36a15ff","reportUrl":"https://jdi-templates.github.io/jdi-light-browserstack/12//#testresult/f086bde6f36a15ff","status":"skipped","statusDetails":"\nCan't get WebDriver: chrome","time":{"start":1668597280697,"stop":1668597280698,"duration":1}},{"uid":"269b17b4ac0695fb","reportUrl":"https://jdi-templates.github.io/jdi-light-browserstack/13//#testresult/269b17b4ac0695fb","status":"skipped","statusDetails":"\nCan't get WebDriver: chrome","time":{"start":1668597170112,"stop":1668597170112,"duration":0}},{"uid":"16de875b13d0062f","reportUrl":"https://jdi-templates.github.io/jdi-light-browserstack/13//#testresult/16de875b13d0062f","status":"skipped","statusDetails":"\nCan't get WebDriver: chrome","time":{"start":1668597037113,"stop":1668597037113,"duration":0}},{"uid":"75e1c177b10ad6a7","reportUrl":"https://jdi-templates.github.io/jdi-light-browserstack/12//#testresult/75e1c177b10ad6a7","status":"skipped","statusDetails":"\nCan't get WebDriver: chrome","time":{"start":1668596949387,"stop":1668596949388,"duration":1}},{"uid":"f9fa247a5e7bb072","reportUrl":"https://jdi-templates.github.io/jdi-light-browserstack/12//#testresult/f9fa247a5e7bb072","status":"skipped","statusDetails":"\nCan't get WebDriver: chrome","time":{"start":1668596827268,"stop":1668596827268,"duration":0}},{"uid":"963d80dcee9566","reportUrl":"https://jdi-templates.github.io/jdi-light-browserstack/12//#testresult/963d80dcee9566","status":"skipped","statusDetails":"\nCan't get WebDriver: chrome","time":{"start":1668596704474,"stop":1668596704485,"duration":11}},{"uid":"21ba9d5dd6776d14","reportUrl":"https://jdi-templates.github.io/jdi-light-browserstack/9//#testresult/21ba9d5dd6776d14","status":"skipped","statusDetails":"\nCan't get WebDriver: chrome","time":{"start":1668593122329,"stop":1668593122330,"duration":1}},{"uid":"eafa94bc3b87da2d","reportUrl":"https://jdi-templates.github.io/jdi-light-browserstack/9//#testresult/eafa94bc3b87da2d","status":"skipped","statusDetails":"\nCan't get WebDriver: chrome","time":{"start":1668593016798,"stop":1668593016799,"duration":1}},{"uid":"acc34adc627c910f","reportUrl":"https://jdi-templates.github.io/jdi-light-browserstack/9//#testresult/acc34adc627c910f","status":"skipped","statusDetails":"\nCan't get WebDriver: chrome","time":{"start":1668592897645,"stop":1668592897647,"duration":2}},{"uid":"d517957e2332fa3a","reportUrl":"https://jdi-templates.github.io/jdi-light-browserstack/9//#testresult/d517957e2332fa3a","status":"skipped","statusDetails":"\nCan't get WebDriver: chrome","time":{"start":1668592776492,"stop":1668592776506,"duration":14}},{"uid":"62975cfc20ddbcc9","reportUrl":"https://jdi-templates.github.io/jdi-light-browserstack/9//#testresult/62975cfc20ddbcc9","status":"skipped","statusDetails":"\nCan't get WebDriver: chrome","time":{"start":1668592658857,"stop":1668592658857,"duration":0}},{"uid":"3aed3d5e085103f8","reportUrl":"https://jdi-templates.github.io/jdi-light-browserstack/9//#testresult/3aed3d5e085103f8","status":"skipped","statusDetails":"\nCan't get WebDriver: chrome","time":{"start":1668592551382,"stop":1668592551382,"duration":0}},{"uid":"ee5391f1d0d9e8ac","reportUrl":"https://jdi-templates.github.io/jdi-light-browserstack/9//#testresult/ee5391f1d0d9e8ac","status":"skipped","statusDetails":"\nCan't get WebDriver: chrome","time":{"start":1668592443166,"stop":1668592443167,"duration":1}},{"uid":"d60c0dd6d5fae5c7","reportUrl":"https://jdi-templates.github.io/jdi-light-browserstack/8//#testresult/d60c0dd6d5fae5c7","status":"skipped","statusDetails":"\nCan't get WebDriver: chrome","time":{"start":1668592425410,"stop":1668592425410,"duration":0}},{"uid":"bea34a4b95d1d9d5","reportUrl":"https://jdi-templates.github.io/jdi-light-browserstack/9//#testresult/bea34a4b95d1d9d5","status":"skipped","statusDetails":"\nCan't get WebDriver: chrome","time":{"start":1668592330555,"stop":1668592330555,"duration":0}},{"uid":"7962df91f85cb6e","reportUrl":"https://jdi-templates.github.io/jdi-light-browserstack/8//#testresult/7962df91f85cb6e","status":"skipped","statusDetails":"\nCan't get WebDriver: chrome","time":{"start":1668592306705,"stop":1668592306706,"duration":1}},{"uid":"943cf22bc163836e","reportUrl":"https://jdi-templates.github.io/jdi-light-browserstack/8//#testresult/943cf22bc163836e","status":"skipped","statusDetails":"\nCan't get WebDriver: chrome","time":{"start":1668592191237,"stop":1668592191239,"duration":2}},{"uid":"862b4fa2536a44cf","reportUrl":"https://jdi-templates.github.io/jdi-light-browserstack/8//#testresult/862b4fa2536a44cf","status":"skipped","statusDetails":"\nCan't get WebDriver: chrome","time":{"start":1668592075786,"stop":1668592075788,"duration":2}}]},"tags":[]},"source":"72e7ba1b0f169be4.json","parameterValues":[]}