{"uid":"78934612b68a0364","name":"commonMatchersTest","fullName":"org.mytests.tests.example.DataTableTests.commonMatchersTest","historyId":"7f4130822e0f961467498a7c408d96a8","time":{"start":1668597987258,"stop":1668597987258,"duration":0},"status":"skipped","statusMessage":"\nCan't get WebDriver: chrome","statusTrace":"java.lang.RuntimeException: \nCan't get WebDriver: chrome\n\tat com.epam.jdi.light.common.Exceptions.exception(Exceptions.java:35)\n\tat com.epam.jdi.light.driver.WebDriverFactory.getDriver(WebDriverFactory.java:216)\n\tat com.epam.jdi.light.elements.common.WindowsManager.setWindowName(WindowsManager.java:87)\n\tat com.epam.jdi.light.elements.common.WindowsManager.openSiteTab(WindowsManager.java:51)\n\tat com.epam.jdi.light.elements.composite.WebPage.openSite(WebPage.java:153)\n\tat org.mytests.tests.TestsInit.setUp(TestsInit.java:18)\n\tat java.base/jdk.internal.reflect.NativeMethodAccessorImpl.invoke0(Native Method)\n\tat java.base/jdk.internal.reflect.NativeMethodAccessorImpl.invoke(NativeMethodAccessorImpl.java:64)\n\tat java.base/jdk.internal.reflect.DelegatingMethodAccessorImpl.invoke(DelegatingMethodAccessorImpl.java:43)\n\tat java.base/java.lang.reflect.Method.invoke(Method.java:564)\n\tat org.testng.internal.MethodInvocationHelper.invokeMethod(MethodInvocationHelper.java:124)\n\tat org.testng.internal.MethodInvocationHelper.invokeMethodConsideringTimeout(MethodInvocationHelper.java:59)\n\tat org.testng.internal.Invoker.invokeConfigurationMethod(Invoker.java:458)\n\tat org.testng.internal.Invoker.invokeConfigurations(Invoker.java:222)\n\tat org.testng.internal.Invoker.invokeConfigurations(Invoker.java:142)\n\tat org.testng.SuiteRunner.privateRun(SuiteRunner.java:401)\n\tat org.testng.SuiteRunner.run(SuiteRunner.java:364)\n\tat org.testng.SuiteRunnerWorker.runSuite(SuiteRunnerWorker.java:52)\n\tat org.testng.SuiteRunnerWorker.run(SuiteRunnerWorker.java:84)\n\tat org.testng.TestNG.runSuitesSequentially(TestNG.java:1208)\n\tat org.testng.TestNG.runSuitesLocally(TestNG.java:1137)\n\tat org.testng.TestNG.runSuites(TestNG.java:1049)\n\tat org.testng.TestNG.run(TestNG.java:1017)\n\tat org.apache.maven.surefire.testng.TestNGExecutor.run(TestNGExecutor.java:324)\n\tat org.apache.maven.surefire.testng.TestNGXmlTestSuite.execute(TestNGXmlTestSuite.java:74)\n\tat org.apache.maven.surefire.testng.TestNGProvider.invoke(TestNGProvider.java:123)\n\tat org.apache.maven.surefire.booter.ForkedBooter.runSuitesInProcess(ForkedBooter.java:456)\n\tat org.apache.maven.surefire.booter.ForkedBooter.execute(ForkedBooter.java:169)\n\tat org.apache.maven.surefire.booter.ForkedBooter.run(ForkedBooter.java:595)\n\tat org.apache.maven.surefire.booter.ForkedBooter.main(ForkedBooter.java:581)\nCaused by: java.lang.RuntimeException: \nCan't get WebDriver: chrome\n\tat com.epam.jdi.light.common.Exceptions.exception(Exceptions.java:35)\n\tat com.epam.jdi.light.driver.WebDriverFactory.getDriver(WebDriverFactory.java:224)\n\tat com.epam.jdi.light.driver.WebDriverFactory.getDriver(WebDriverFactory.java:214)\n\t... 28 more\nCaused by: java.lang.RuntimeException: java.lang.RuntimeException: \nFailed to run downloaded driver CHROME:X64:105.0.5195.52. Please check that your browser and driver are compatible or use local driver with 'drivers.folder' property in test.properties'.\nDriverPath: /home/runner/.cache/selenium/chromedriver/linux64/107.0.5304.62/chromedriver\n\tat com.jdiai.tools.func.JFunc1.execute(JFunc1.java:21)\n\tat com.epam.jdi.light.driver.WebDriverFactory.getDriver(WebDriverFactory.java:222)\n\t... 29 more\nCaused by: java.lang.RuntimeException: \nFailed to run downloaded driver CHROME:X64:105.0.5195.52. Please check that your browser and driver are compatible or use local driver with 'drivers.folder' property in test.properties'.\nDriverPath: /home/runner/.cache/selenium/chromedriver/linux64/107.0.5304.62/chromedriver\n\tat com.epam.jdi.light.common.Exceptions.exception(Exceptions.java:35)\n\tat com.epam.jdi.light.driver.WebDriverFactory.getDriverException(WebDriverFactory.java:143)\n\tat com.epam.jdi.light.driver.WebDriverFactory.getDriverByName(WebDriverFactory.java:127)\n\tat com.jdiai.tools.func.JFunc1.execute(JFunc1.java:19)\n\t... 30 more\nCaused by: java.lang.RuntimeException: \nCan't run and register new driver 'chrome'\n\tat com.epam.jdi.light.common.Exceptions.exception(Exceptions.java:35)\n\tat com.epam.jdi.light.driver.WebDriverFactory.registerNewDriver(WebDriverFactory.java:90)\n\tat com.epam.jdi.light.driver.WebDriverFactory.getDriverFromName(WebDriverFactory.java:158)\n\tat com.epam.jdi.light.driver.WebDriverFactory.getDriverByName(WebDriverFactory.java:125)\n\t... 31 more\nCaused by: java.lang.RuntimeException: \nFailed to get valid driver 'chrome'\n\tat com.epam.jdi.light.common.Exceptions.runtimeException(Exceptions.java:17)\n\tat com.epam.jdi.light.driver.WebDriverFactory.getValidDriver(WebDriverFactory.java:113)\n\tat com.epam.jdi.light.driver.WebDriverFactory.registerNewDriver(WebDriverFactory.java:85)\n\t... 33 more\n","flaky":false,"newFailed":false,"newBroken":false,"newPassed":false,"retriesCount":0,"retriesStatusChange":false,"beforeStages":[{"name":"setUp","time":{"start":1668597972249,"stop":1668597986994,"duration":14745},"description":"","status":"broken","statusMessage":"\nCan't get WebDriver: chrome","statusTrace":"java.lang.RuntimeException: \nCan't get WebDriver: chrome\n\tat com.epam.jdi.light.common.Exceptions.exception(Exceptions.java:35)\n\tat com.epam.jdi.light.driver.WebDriverFactory.getDriver(WebDriverFactory.java:216)\n\tat com.epam.jdi.light.elements.common.WindowsManager.setWindowName(WindowsManager.java:87)\n\tat com.epam.jdi.light.elements.common.WindowsManager.openSiteTab(WindowsManager.java:51)\n\tat com.epam.jdi.light.elements.composite.WebPage.openSite(WebPage.java:153)\n\tat org.mytests.tests.TestsInit.setUp(TestsInit.java:18)\n\tat java.base/jdk.internal.reflect.NativeMethodAccessorImpl.invoke0(Native Method)\n\tat java.base/jdk.internal.reflect.NativeMethodAccessorImpl.invoke(NativeMethodAccessorImpl.java:64)\n\tat java.base/jdk.internal.reflect.DelegatingMethodAccessorImpl.invoke(DelegatingMethodAccessorImpl.java:43)\n\tat java.base/java.lang.reflect.Method.invoke(Method.java:564)\n\tat org.testng.internal.MethodInvocationHelper.invokeMethod(MethodInvocationHelper.java:124)\n\tat org.testng.internal.MethodInvocationHelper.invokeMethodConsideringTimeout(MethodInvocationHelper.java:59)\n\tat org.testng.internal.Invoker.invokeConfigurationMethod(Invoker.java:458)\n\tat org.testng.internal.Invoker.invokeConfigurations(Invoker.java:222)\n\tat org.testng.internal.Invoker.invokeConfigurations(Invoker.java:142)\n\tat org.testng.SuiteRunner.privateRun(SuiteRunner.java:401)\n\tat org.testng.SuiteRunner.run(SuiteRunner.java:364)\n\tat org.testng.SuiteRunnerWorker.runSuite(SuiteRunnerWorker.java:52)\n\tat org.testng.SuiteRunnerWorker.run(SuiteRunnerWorker.java:84)\n\tat org.testng.TestNG.runSuitesSequentially(TestNG.java:1208)\n\tat org.testng.TestNG.runSuitesLocally(TestNG.java:1137)\n\tat org.testng.TestNG.runSuites(TestNG.java:1049)\n\tat org.testng.TestNG.run(TestNG.java:1017)\n\tat org.apache.maven.surefire.testng.TestNGExecutor.run(TestNGExecutor.java:324)\n\tat org.apache.maven.surefire.testng.TestNGXmlTestSuite.execute(TestNGXmlTestSuite.java:74)\n\tat org.apache.maven.surefire.testng.TestNGProvider.invoke(TestNGProvider.java:123)\n\tat org.apache.maven.surefire.booter.ForkedBooter.runSuitesInProcess(ForkedBooter.java:456)\n\tat org.apache.maven.surefire.booter.ForkedBooter.execute(ForkedBooter.java:169)\n\tat org.apache.maven.surefire.booter.ForkedBooter.run(ForkedBooter.java:595)\n\tat org.apache.maven.surefire.booter.ForkedBooter.main(ForkedBooter.java:581)\nCaused by: java.lang.RuntimeException: \nCan't get WebDriver: chrome\n\tat com.epam.jdi.light.common.Exceptions.exception(Exceptions.java:35)\n\tat com.epam.jdi.light.driver.WebDriverFactory.getDriver(WebDriverFactory.java:224)\n\tat com.epam.jdi.light.driver.WebDriverFactory.getDriver(WebDriverFactory.java:214)\n\t... 28 more\nCaused by: java.lang.RuntimeException: java.lang.RuntimeException: \nFailed to run downloaded driver CHROME:X64:105.0.5195.52. Please check that your browser and driver are compatible or use local driver with 'drivers.folder' property in test.properties'.\nDriverPath: /home/runner/.cache/selenium/chromedriver/linux64/107.0.5304.62/chromedriver\n\tat com.jdiai.tools.func.JFunc1.execute(JFunc1.java:21)\n\tat com.epam.jdi.light.driver.WebDriverFactory.getDriver(WebDriverFactory.java:222)\n\t... 29 more\nCaused by: java.lang.RuntimeException: \nFailed to run downloaded driver CHROME:X64:105.0.5195.52. Please check that your browser and driver are compatible or use local driver with 'drivers.folder' property in test.properties'.\nDriverPath: /home/runner/.cache/selenium/chromedriver/linux64/107.0.5304.62/chromedriver\n\tat com.epam.jdi.light.common.Exceptions.exception(Exceptions.java:35)\n\tat com.epam.jdi.light.driver.WebDriverFactory.getDriverException(WebDriverFactory.java:143)\n\tat com.epam.jdi.light.driver.WebDriverFactory.getDriverByName(WebDriverFactory.java:127)\n\tat com.jdiai.tools.func.JFunc1.execute(JFunc1.java:19)\n\t... 30 more\nCaused by: java.lang.RuntimeException: \nCan't run and register new driver 'chrome'\n\tat com.epam.jdi.light.common.Exceptions.exception(Exceptions.java:35)\n\tat com.epam.jdi.light.driver.WebDriverFactory.registerNewDriver(WebDriverFactory.java:90)\n\tat com.epam.jdi.light.driver.WebDriverFactory.getDriverFromName(WebDriverFactory.java:158)\n\tat com.epam.jdi.light.driver.WebDriverFactory.getDriverByName(WebDriverFactory.java:125)\n\t... 31 more\nCaused by: java.lang.RuntimeException: \nFailed to get valid driver 'chrome'\n\tat com.epam.jdi.light.common.Exceptions.runtimeException(Exceptions.java:17)\n\tat com.epam.jdi.light.driver.WebDriverFactory.getValidDriver(WebDriverFactory.java:113)\n\tat com.epam.jdi.light.driver.WebDriverFactory.registerNewDriver(WebDriverFactory.java:85)\n\t... 33 more\n","steps":[],"attachments":[],"parameters":[],"stepsCount":0,"attachmentsCount":0,"shouldDisplayMessage":true,"hasContent":true}],"afterStages":[{"name":"tearDown","time":{"start":1668597987362,"stop":1668597987362,"duration":0},"description":"","status":"passed","steps":[],"attachments":[],"parameters":[],"stepsCount":0,"attachmentsCount":0,"shouldDisplayMessage":false,"hasContent":false}],"labels":[{"name":"package","value":"org.mytests.tests.example.DataTableTests"},{"name":"testClass","value":"org.mytests.tests.example.DataTableTests"},{"name":"testMethod","value":"commonMatchersTest"},{"name":"parentSuite","value":"JDI-Light Performance"},{"name":"suite","value":"Tests"},{"name":"subSuite","value":"org.mytests.tests.example.DataTableTests"},{"name":"host","value":"fv-az236-68"},{"name":"thread","value":"3656@fv-az236-68.TestNG-test=Tests-2(38)"},{"name":"framework","value":"testng"},{"name":"language","value":"java"},{"name":"resultFormat","value":"allure2"}],"parameters":[],"links":[],"hidden":false,"retry":false,"extra":{"severity":"normal","retries":[],"categories":[],"history":{"statistic":{"failed":0,"broken":0,"skipped":61,"passed":1,"unknown":0,"total":62},"items":[{"uid":"2edaf55ff99ecd7f","reportUrl":"https://jdi-templates.github.io/jdi-light-browserstack/13//#testresult/2edaf55ff99ecd7f","status":"skipped","statusDetails":"\nCan't get WebDriver: chrome","time":{"start":1668597848991,"stop":1668597848991,"duration":0}},{"uid":"4127e0c42cd5c7dc","reportUrl":"https://jdi-templates.github.io/jdi-light-browserstack/13//#testresult/4127e0c42cd5c7dc","status":"skipped","statusDetails":"\nCan't get WebDriver: chrome","time":{"start":1668597697340,"stop":1668597697340,"duration":0}},{"uid":"9fae6e2817e26470","reportUrl":"https://jdi-templates.github.io/jdi-light-browserstack/13//#testresult/9fae6e2817e26470","status":"skipped","statusDetails":"\nCan't get WebDriver: chrome","time":{"start":1668597552108,"stop":1668597552108,"duration":0}},{"uid":"20546241ef7f61a5","reportUrl":"https://jdi-templates.github.io/jdi-light-browserstack/12//#testresult/20546241ef7f61a5","status":"skipped","statusDetails":"\nCan't get WebDriver: chrome","time":{"start":1668597479844,"stop":1668597479844,"duration":0}},{"uid":"a63af9caaed47d6","reportUrl":"https://jdi-templates.github.io/jdi-light-browserstack/13//#testresult/a63af9caaed47d6","status":"skipped","statusDetails":"\nCan't get WebDriver: chrome","time":{"start":1668597427765,"stop":1668597427765,"duration":0}},{"uid":"8ebb7256092bf67a","reportUrl":"https://jdi-templates.github.io/jdi-light-browserstack/12//#testresult/8ebb7256092bf67a","status":"skipped","statusDetails":"\nCan't get WebDriver: chrome","time":{"start":1668597399963,"stop":1668597399964,"duration":1}},{"uid":"fad3149a2f872818","reportUrl":"https://jdi-templates.github.io/jdi-light-browserstack/13//#testresult/fad3149a2f872818","status":"skipped","statusDetails":"\nCan't get WebDriver: chrome","time":{"start":1668597308603,"stop":1668597308603,"duration":0}},{"uid":"f1386fb9f81a782c","reportUrl":"https://jdi-templates.github.io/jdi-light-browserstack/12//#testresult/f1386fb9f81a782c","status":"skipped","statusDetails":"\nCan't get WebDriver: chrome","time":{"start":1668597280709,"stop":1668597280709,"duration":0}},{"uid":"11d33d83a384ee56","reportUrl":"https://jdi-templates.github.io/jdi-light-browserstack/13//#testresult/11d33d83a384ee56","status":"skipped","statusDetails":"\nCan't get WebDriver: chrome","time":{"start":1668597170144,"stop":1668597170144,"duration":0}},{"uid":"b553f6ec697c314e","reportUrl":"https://jdi-templates.github.io/jdi-light-browserstack/13//#testresult/b553f6ec697c314e","status":"skipped","statusDetails":"\nCan't get WebDriver: chrome","time":{"start":1668597037155,"stop":1668597037155,"duration":0}},{"uid":"98b4f18ede36bd8a","reportUrl":"https://jdi-templates.github.io/jdi-light-browserstack/12//#testresult/98b4f18ede36bd8a","status":"skipped","statusDetails":"\nCan't get WebDriver: chrome","time":{"start":1668596949420,"stop":1668596949420,"duration":0}},{"uid":"4ca854f1bf396462","reportUrl":"https://jdi-templates.github.io/jdi-light-browserstack/12//#testresult/4ca854f1bf396462","status":"skipped","statusDetails":"\nCan't get WebDriver: chrome","time":{"start":1668596827295,"stop":1668596827295,"duration":0}},{"uid":"7b0d7f278a8dc1b1","reportUrl":"https://jdi-templates.github.io/jdi-light-browserstack/12//#testresult/7b0d7f278a8dc1b1","status":"skipped","statusDetails":"\nCan't get WebDriver: chrome","time":{"start":1668596704506,"stop":1668596704506,"duration":0}},{"uid":"ffb7e9bd542ceb7b","reportUrl":"https://jdi-templates.github.io/jdi-light-browserstack/9//#testresult/ffb7e9bd542ceb7b","status":"skipped","statusDetails":"\nCan't get WebDriver: chrome","time":{"start":1668593122317,"stop":1668593122317,"duration":0}},{"uid":"5e9b310627220965","reportUrl":"https://jdi-templates.github.io/jdi-light-browserstack/9//#testresult/5e9b310627220965","status":"skipped","statusDetails":"\nCan't get WebDriver: chrome","time":{"start":1668593016869,"stop":1668593016869,"duration":0}},{"uid":"4790078c720e1890","reportUrl":"https://jdi-templates.github.io/jdi-light-browserstack/9//#testresult/4790078c720e1890","status":"skipped","statusDetails":"\nCan't get WebDriver: chrome","time":{"start":1668592897690,"stop":1668592897690,"duration":0}},{"uid":"7e8b3c8105ef31ce","reportUrl":"https://jdi-templates.github.io/jdi-light-browserstack/9//#testresult/7e8b3c8105ef31ce","status":"skipped","statusDetails":"\nCan't get WebDriver: chrome","time":{"start":1668592776528,"stop":1668592776529,"duration":1}},{"uid":"b2b39d423c1a49dd","reportUrl":"https://jdi-templates.github.io/jdi-light-browserstack/9//#testresult/b2b39d423c1a49dd","status":"skipped","statusDetails":"\nCan't get WebDriver: chrome","time":{"start":1668592658875,"stop":1668592658875,"duration":0}},{"uid":"fa7b9f59afc2e45b","reportUrl":"https://jdi-templates.github.io/jdi-light-browserstack/9//#testresult/fa7b9f59afc2e45b","status":"skipped","statusDetails":"\nCan't get WebDriver: chrome","time":{"start":1668592551411,"stop":1668592551412,"duration":1}},{"uid":"96372d7045e4bba2","reportUrl":"https://jdi-templates.github.io/jdi-light-browserstack/9//#testresult/96372d7045e4bba2","status":"skipped","statusDetails":"\nCan't get WebDriver: chrome","time":{"start":1668592443221,"stop":1668592443221,"duration":0}}]},"tags":[]},"source":"78934612b68a0364.json","parameterValues":[]}