{"uid":"7e7d21903c0a1137","name":"setUp","fullName":"org.mytests.tests.TestsInit.setUp","historyId":"8ba00e4784905a40d4008a5c023e4eca","time":{"start":1668597551765,"stop":1668597551775,"duration":10},"status":"broken","statusMessage":"\nCan't get WebDriver: chrome","statusTrace":"java.lang.RuntimeException: \nCan't get WebDriver: chrome\n\tat com.epam.jdi.light.common.Exceptions.exception(Exceptions.java:35)\n\tat com.epam.jdi.light.driver.WebDriverFactory.getDriver(WebDriverFactory.java:216)\n\tat com.epam.jdi.light.elements.common.WindowsManager.setWindowName(WindowsManager.java:87)\n\tat com.epam.jdi.light.elements.common.WindowsManager.openSiteTab(WindowsManager.java:51)\n\tat com.epam.jdi.light.elements.composite.WebPage.openSite(WebPage.java:153)\n\tat org.mytests.tests.TestsInit.setUp(TestsInit.java:18)\n\tat java.base/jdk.internal.reflect.NativeMethodAccessorImpl.invoke0(Native Method)\n\tat java.base/jdk.internal.reflect.NativeMethodAccessorImpl.invoke(NativeMethodAccessorImpl.java:62)\n\tat java.base/jdk.internal.reflect.DelegatingMethodAccessorImpl.invoke(DelegatingMethodAccessorImpl.java:43)\n\tat java.base/java.lang.reflect.Method.invoke(Method.java:567)\n\tat org.testng.internal.MethodInvocationHelper.invokeMethod(MethodInvocationHelper.java:124)\n\tat org.testng.internal.MethodInvocationHelper.invokeMethodConsideringTimeout(MethodInvocationHelper.java:59)\n\tat org.testng.internal.Invoker.invokeConfigurationMethod(Invoker.java:458)\n\tat org.testng.internal.Invoker.invokeConfigurations(Invoker.java:222)\n\tat org.testng.internal.Invoker.invokeConfigurations(Invoker.java:142)\n\tat org.testng.SuiteRunner.privateRun(SuiteRunner.java:401)\n\tat org.testng.SuiteRunner.run(SuiteRunner.java:364)\n\tat org.testng.SuiteRunnerWorker.runSuite(SuiteRunnerWorker.java:52)\n\tat org.testng.SuiteRunnerWorker.run(SuiteRunnerWorker.java:84)\n\tat org.testng.TestNG.runSuitesSequentially(TestNG.java:1208)\n\tat org.testng.TestNG.runSuitesLocally(TestNG.java:1137)\n\tat org.testng.TestNG.runSuites(TestNG.java:1049)\n\tat org.testng.TestNG.run(TestNG.java:1017)\n\tat org.apache.maven.surefire.testng.TestNGExecutor.run(TestNGExecutor.java:324)\n\tat org.apache.maven.surefire.testng.TestNGXmlTestSuite.execute(TestNGXmlTestSuite.java:74)\n\tat org.apache.maven.surefire.testng.TestNGProvider.invoke(TestNGProvider.java:123)\n\tat org.apache.maven.surefire.booter.ForkedBooter.runSuitesInProcess(ForkedBooter.java:456)\n\tat org.apache.maven.surefire.booter.ForkedBooter.execute(ForkedBooter.java:169)\n\tat org.apache.maven.surefire.booter.ForkedBooter.run(ForkedBooter.java:595)\n\tat org.apache.maven.surefire.booter.ForkedBooter.main(ForkedBooter.java:581)\nCaused by: java.lang.RuntimeException: \nCan't get WebDriver: chrome\n\tat com.epam.jdi.light.common.Exceptions.exception(Exceptions.java:35)\n\tat com.epam.jdi.light.driver.WebDriverFactory.getDriver(WebDriverFactory.java:224)\n\tat com.epam.jdi.light.driver.WebDriverFactory.getDriver(WebDriverFactory.java:214)\n\t... 28 more\nCaused by: java.lang.RuntimeException: java.lang.RuntimeException: \nFailed to run downloaded driver CHROME:X64:105.0.5195.52. Please check that your browser and driver are compatible or use local driver with 'drivers.folder' property in test.properties'.\nDriverPath: /home/runner/.cache/selenium/chromedriver/linux64/107.0.5304.62/chromedriver\n\tat com.jdiai.tools.func.JFunc1.execute(JFunc1.java:21)\n\tat com.epam.jdi.light.driver.WebDriverFactory.getDriver(WebDriverFactory.java:222)\n\t... 29 more\nCaused by: java.lang.RuntimeException: \nFailed to run downloaded driver CHROME:X64:105.0.5195.52. Please check that your browser and driver are compatible or use local driver with 'drivers.folder' property in test.properties'.\nDriverPath: /home/runner/.cache/selenium/chromedriver/linux64/107.0.5304.62/chromedriver\n\tat com.epam.jdi.light.common.Exceptions.exception(Exceptions.java:35)\n\tat com.epam.jdi.light.driver.WebDriverFactory.getDriverException(WebDriverFactory.java:143)\n\tat com.epam.jdi.light.driver.WebDriverFactory.getDriverByName(WebDriverFactory.java:127)\n\tat com.jdiai.tools.func.JFunc1.execute(JFunc1.java:19)\n\t... 30 more\nCaused by: java.lang.RuntimeException: \nCan't run and register new driver 'chrome'\n\tat com.epam.jdi.light.common.Exceptions.exception(Exceptions.java:35)\n\tat com.epam.jdi.light.driver.WebDriverFactory.registerNewDriver(WebDriverFactory.java:90)\n\tat com.epam.jdi.light.driver.WebDriverFactory.getDriverFromName(WebDriverFactory.java:158)\n\tat com.epam.jdi.light.driver.WebDriverFactory.getDriverByName(WebDriverFactory.java:125)\n\t... 31 more\nCaused by: java.lang.RuntimeException: \nFailed to get valid driver 'chrome'\n\tat com.epam.jdi.light.common.Exceptions.runtimeException(Exceptions.java:17)\n\tat com.epam.jdi.light.driver.WebDriverFactory.getValidDriver(WebDriverFactory.java:113)\n\tat com.epam.jdi.light.driver.WebDriverFactory.registerNewDriver(WebDriverFactory.java:85)\n\t... 33 more\n","flaky":false,"newFailed":false,"newBroken":false,"newPassed":false,"retriesCount":0,"retriesStatusChange":false,"beforeStages":[{"name":"setUp","time":{"start":1668597530800,"stop":1668597551677,"duration":20877},"description":"","status":"broken","statusMessage":"\nCan't get WebDriver: chrome","statusTrace":"java.lang.RuntimeException: \nCan't get WebDriver: chrome\n\tat com.epam.jdi.light.common.Exceptions.exception(Exceptions.java:35)\n\tat com.epam.jdi.light.driver.WebDriverFactory.getDriver(WebDriverFactory.java:216)\n\tat com.epam.jdi.light.elements.common.WindowsManager.setWindowName(WindowsManager.java:87)\n\tat com.epam.jdi.light.elements.common.WindowsManager.openSiteTab(WindowsManager.java:51)\n\tat com.epam.jdi.light.elements.composite.WebPage.openSite(WebPage.java:153)\n\tat org.mytests.tests.TestsInit.setUp(TestsInit.java:18)\n\tat java.base/jdk.internal.reflect.NativeMethodAccessorImpl.invoke0(Native Method)\n\tat java.base/jdk.internal.reflect.NativeMethodAccessorImpl.invoke(NativeMethodAccessorImpl.java:62)\n\tat java.base/jdk.internal.reflect.DelegatingMethodAccessorImpl.invoke(DelegatingMethodAccessorImpl.java:43)\n\tat java.base/java.lang.reflect.Method.invoke(Method.java:567)\n\tat org.testng.internal.MethodInvocationHelper.invokeMethod(MethodInvocationHelper.java:124)\n\tat org.testng.internal.MethodInvocationHelper.invokeMethodConsideringTimeout(MethodInvocationHelper.java:59)\n\tat org.testng.internal.Invoker.invokeConfigurationMethod(Invoker.java:458)\n\tat org.testng.internal.Invoker.invokeConfigurations(Invoker.java:222)\n\tat org.testng.internal.Invoker.invokeConfigurations(Invoker.java:142)\n\tat org.testng.SuiteRunner.privateRun(SuiteRunner.java:401)\n\tat org.testng.SuiteRunner.run(SuiteRunner.java:364)\n\tat org.testng.SuiteRunnerWorker.runSuite(SuiteRunnerWorker.java:52)\n\tat org.testng.SuiteRunnerWorker.run(SuiteRunnerWorker.java:84)\n\tat org.testng.TestNG.runSuitesSequentially(TestNG.java:1208)\n\tat org.testng.TestNG.runSuitesLocally(TestNG.java:1137)\n\tat org.testng.TestNG.runSuites(TestNG.java:1049)\n\tat org.testng.TestNG.run(TestNG.java:1017)\n\tat org.apache.maven.surefire.testng.TestNGExecutor.run(TestNGExecutor.java:324)\n\tat org.apache.maven.surefire.testng.TestNGXmlTestSuite.execute(TestNGXmlTestSuite.java:74)\n\tat org.apache.maven.surefire.testng.TestNGProvider.invoke(TestNGProvider.java:123)\n\tat org.apache.maven.surefire.booter.ForkedBooter.runSuitesInProcess(ForkedBooter.java:456)\n\tat org.apache.maven.surefire.booter.ForkedBooter.execute(ForkedBooter.java:169)\n\tat org.apache.maven.surefire.booter.ForkedBooter.run(ForkedBooter.java:595)\n\tat org.apache.maven.surefire.booter.ForkedBooter.main(ForkedBooter.java:581)\nCaused by: java.lang.RuntimeException: \nCan't get WebDriver: chrome\n\tat com.epam.jdi.light.common.Exceptions.exception(Exceptions.java:35)\n\tat com.epam.jdi.light.driver.WebDriverFactory.getDriver(WebDriverFactory.java:224)\n\tat com.epam.jdi.light.driver.WebDriverFactory.getDriver(WebDriverFactory.java:214)\n\t... 28 more\nCaused by: java.lang.RuntimeException: java.lang.RuntimeException: \nFailed to run downloaded driver CHROME:X64:105.0.5195.52. Please check that your browser and driver are compatible or use local driver with 'drivers.folder' property in test.properties'.\nDriverPath: /home/runner/.cache/selenium/chromedriver/linux64/107.0.5304.62/chromedriver\n\tat com.jdiai.tools.func.JFunc1.execute(JFunc1.java:21)\n\tat com.epam.jdi.light.driver.WebDriverFactory.getDriver(WebDriverFactory.java:222)\n\t... 29 more\nCaused by: java.lang.RuntimeException: \nFailed to run downloaded driver CHROME:X64:105.0.5195.52. Please check that your browser and driver are compatible or use local driver with 'drivers.folder' property in test.properties'.\nDriverPath: /home/runner/.cache/selenium/chromedriver/linux64/107.0.5304.62/chromedriver\n\tat com.epam.jdi.light.common.Exceptions.exception(Exceptions.java:35)\n\tat com.epam.jdi.light.driver.WebDriverFactory.getDriverException(WebDriverFactory.java:143)\n\tat com.epam.jdi.light.driver.WebDriverFactory.getDriverByName(WebDriverFactory.java:127)\n\tat com.jdiai.tools.func.JFunc1.execute(JFunc1.java:19)\n\t... 30 more\nCaused by: java.lang.RuntimeException: \nCan't run and register new driver 'chrome'\n\tat com.epam.jdi.light.common.Exceptions.exception(Exceptions.java:35)\n\tat com.epam.jdi.light.driver.WebDriverFactory.registerNewDriver(WebDriverFactory.java:90)\n\tat com.epam.jdi.light.driver.WebDriverFactory.getDriverFromName(WebDriverFactory.java:158)\n\tat com.epam.jdi.light.driver.WebDriverFactory.getDriverByName(WebDriverFactory.java:125)\n\t... 31 more\nCaused by: java.lang.RuntimeException: \nFailed to get valid driver 'chrome'\n\tat com.epam.jdi.light.common.Exceptions.runtimeException(Exceptions.java:17)\n\tat com.epam.jdi.light.driver.WebDriverFactory.getValidDriver(WebDriverFactory.java:113)\n\tat com.epam.jdi.light.driver.WebDriverFactory.registerNewDriver(WebDriverFactory.java:85)\n\t... 33 more\n","steps":[],"attachments":[],"parameters":[],"stepsCount":0,"attachmentsCount":0,"shouldDisplayMessage":true,"hasContent":true}],"afterStages":[],"labels":[{"name":"package","value":"org.mytests.tests.example.DataTableInteractTests"},{"name":"testClass","value":"org.mytests.tests.example.DataTableInteractTests"},{"name":"testMethod","value":"setUp"},{"name":"parentSuite","value":"JDI-Light Performance"},{"name":"suite","value":"Tests"},{"name":"subSuite","value":"org.mytests.tests.example.DataTableInteractTests"},{"name":"host","value":"fv-az244-20"},{"name":"thread","value":"3447@fv-az244-20.main(1)"},{"name":"framework","value":"testng"},{"name":"language","value":"java"},{"name":"AS_ID","value":"-1"},{"name":"resultFormat","value":"allure2"}],"parameters":[],"links":[],"hidden":false,"retry":false,"extra":{"severity":"normal","retries":[],"categories":[{"name":"Test defects","matchedStatuses":[],"flaky":false}],"history":{"statistic":{"failed":0,"broken":27,"skipped":0,"passed":0,"unknown":0,"total":27},"items":[{"uid":"6ef199f88d7cf0b0","reportUrl":"https://jdi-templates.github.io/jdi-light-browserstack/12//#testresult/6ef199f88d7cf0b0","status":"broken","statusDetails":"\nCan't get WebDriver: chrome","time":{"start":1668597479665,"stop":1668597479667,"duration":2}},{"uid":"c23066c267667e35","reportUrl":"https://jdi-templates.github.io/jdi-light-browserstack/13//#testresult/c23066c267667e35","status":"broken","statusDetails":"\nCan't get WebDriver: chrome","time":{"start":1668597427466,"stop":1668597427472,"duration":6}},{"uid":"1bf43127dcaf6e02","reportUrl":"https://jdi-templates.github.io/jdi-light-browserstack/12//#testresult/1bf43127dcaf6e02","status":"broken","statusDetails":"\nCan't get WebDriver: chrome","time":{"start":1668597399777,"stop":1668597399779,"duration":2}},{"uid":"2ab2fe63d51d146f","reportUrl":"https://jdi-templates.github.io/jdi-light-browserstack/13//#testresult/2ab2fe63d51d146f","status":"broken","statusDetails":"\nCan't get WebDriver: chrome","time":{"start":1668597308400,"stop":1668597308403,"duration":3}},{"uid":"13da84a359fd68ee","reportUrl":"https://jdi-templates.github.io/jdi-light-browserstack/12//#testresult/13da84a359fd68ee","status":"broken","statusDetails":"\nCan't get WebDriver: chrome","time":{"start":1668597280573,"stop":1668597280578,"duration":5}},{"uid":"10e7716b4fdd45bf","reportUrl":"https://jdi-templates.github.io/jdi-light-browserstack/13//#testresult/10e7716b4fdd45bf","status":"broken","statusDetails":"\nCan't get WebDriver: chrome","time":{"start":1668597169856,"stop":1668597169857,"duration":1}},{"uid":"eb324d72db09c255","reportUrl":"https://jdi-templates.github.io/jdi-light-browserstack/13//#testresult/eb324d72db09c255","status":"broken","statusDetails":"\nCan't get WebDriver: chrome","time":{"start":1668597036874,"stop":1668597036878,"duration":4}},{"uid":"cdb0f4dab84255fb","reportUrl":"https://jdi-templates.github.io/jdi-light-browserstack/12//#testresult/cdb0f4dab84255fb","status":"broken","statusDetails":"\nCan't get WebDriver: chrome","time":{"start":1668596949247,"stop":1668596949249,"duration":2}},{"uid":"5fe9a7fb9dae94a8","reportUrl":"https://jdi-templates.github.io/jdi-light-browserstack/12//#testresult/5fe9a7fb9dae94a8","status":"broken","statusDetails":"\nCan't get WebDriver: chrome","time":{"start":1668596826940,"stop":1668596826944,"duration":4}},{"uid":"4a8fcaa59fa456fe","reportUrl":"https://jdi-templates.github.io/jdi-light-browserstack/12//#testresult/4a8fcaa59fa456fe","status":"broken","statusDetails":"\nCan't get WebDriver: chrome","time":{"start":1668596704318,"stop":1668596704320,"duration":2}},{"uid":"676c7e43c7ad1911","reportUrl":"https://jdi-templates.github.io/jdi-light-browserstack/9//#testresult/676c7e43c7ad1911","status":"broken","statusDetails":"\nCan't get WebDriver: chrome","time":{"start":1668593122197,"stop":1668593122199,"duration":2}},{"uid":"c3264a0a64519b8e","reportUrl":"https://jdi-templates.github.io/jdi-light-browserstack/9//#testresult/c3264a0a64519b8e","status":"broken","statusDetails":"\nCan't get WebDriver: chrome","time":{"start":1668593016654,"stop":1668593016661,"duration":7}},{"uid":"d2f84f9dee0bc4b7","reportUrl":"https://jdi-templates.github.io/jdi-light-browserstack/9//#testresult/d2f84f9dee0bc4b7","status":"broken","statusDetails":"\nCan't get WebDriver: chrome","time":{"start":1668592897516,"stop":1668592897519,"duration":3}},{"uid":"b8a51b228a948010","reportUrl":"https://jdi-templates.github.io/jdi-light-browserstack/9//#testresult/b8a51b228a948010","status":"broken","statusDetails":"\nCan't get WebDriver: chrome","time":{"start":1668592776298,"stop":1668592776301,"duration":3}},{"uid":"32de3abd0aafaa27","reportUrl":"https://jdi-templates.github.io/jdi-light-browserstack/9//#testresult/32de3abd0aafaa27","status":"broken","statusDetails":"\nCan't get WebDriver: chrome","time":{"start":1668592658630,"stop":1668592658634,"duration":4}},{"uid":"9438fcb2d530ab56","reportUrl":"https://jdi-templates.github.io/jdi-light-browserstack/9//#testresult/9438fcb2d530ab56","status":"broken","statusDetails":"\nCan't get WebDriver: chrome","time":{"start":1668592551216,"stop":1668592551221,"duration":5}},{"uid":"c30e667e667898b5","reportUrl":"https://jdi-templates.github.io/jdi-light-browserstack/9//#testresult/c30e667e667898b5","status":"broken","statusDetails":"\nCan't get WebDriver: chrome","time":{"start":1668592442947,"stop":1668592442953,"duration":6}},{"uid":"97fe4058c0f694b5","reportUrl":"https://jdi-templates.github.io/jdi-light-browserstack/8//#testresult/97fe4058c0f694b5","status":"broken","statusDetails":"\nCan't get WebDriver: chrome","time":{"start":1668592425212,"stop":1668592425215,"duration":3}},{"uid":"de3efde280e71b02","reportUrl":"https://jdi-templates.github.io/jdi-light-browserstack/9//#testresult/de3efde280e71b02","status":"broken","statusDetails":"\nCan't get WebDriver: chrome","time":{"start":1668592330353,"stop":1668592330356,"duration":3}},{"uid":"3316fbc55cd90935","reportUrl":"https://jdi-templates.github.io/jdi-light-browserstack/8//#testresult/3316fbc55cd90935","status":"broken","statusDetails":"\nCan't get WebDriver: chrome","time":{"start":1668592306539,"stop":1668592306544,"duration":5}}]},"tags":[]},"source":"7e7d21903c0a1137.json","parameterValues":[]}