{"uid":"833c71b908c378d2","name":"menuTest","fullName":"org.mytests.tests.example.MenuTests.menuTest","historyId":"86ac47dc43d50dc3cc9322d4ef366dd0","time":{"start":1668597552158,"stop":1668597552165,"duration":7},"status":"skipped","statusMessage":"\nCan't get WebDriver: chrome","statusTrace":"java.lang.RuntimeException: \nCan't get WebDriver: chrome\n\tat com.epam.jdi.light.common.Exceptions.exception(Exceptions.java:35)\n\tat com.epam.jdi.light.driver.WebDriverFactory.getDriver(WebDriverFactory.java:216)\n\tat com.epam.jdi.light.elements.common.WindowsManager.setWindowName(WindowsManager.java:87)\n\tat com.epam.jdi.light.elements.common.WindowsManager.openSiteTab(WindowsManager.java:51)\n\tat com.epam.jdi.light.elements.composite.WebPage.openSite(WebPage.java:153)\n\tat org.mytests.tests.TestsInit.setUp(TestsInit.java:18)\n\tat java.base/jdk.internal.reflect.NativeMethodAccessorImpl.invoke0(Native Method)\n\tat java.base/jdk.internal.reflect.NativeMethodAccessorImpl.invoke(NativeMethodAccessorImpl.java:62)\n\tat java.base/jdk.internal.reflect.DelegatingMethodAccessorImpl.invoke(DelegatingMethodAccessorImpl.java:43)\n\tat java.base/java.lang.reflect.Method.invoke(Method.java:567)\n\tat org.testng.internal.MethodInvocationHelper.invokeMethod(MethodInvocationHelper.java:124)\n\tat org.testng.internal.MethodInvocationHelper.invokeMethodConsideringTimeout(MethodInvocationHelper.java:59)\n\tat org.testng.internal.Invoker.invokeConfigurationMethod(Invoker.java:458)\n\tat org.testng.internal.Invoker.invokeConfigurations(Invoker.java:222)\n\tat org.testng.internal.Invoker.invokeConfigurations(Invoker.java:142)\n\tat org.testng.SuiteRunner.privateRun(SuiteRunner.java:401)\n\tat org.testng.SuiteRunner.run(SuiteRunner.java:364)\n\tat org.testng.SuiteRunnerWorker.runSuite(SuiteRunnerWorker.java:52)\n\tat org.testng.SuiteRunnerWorker.run(SuiteRunnerWorker.java:84)\n\tat org.testng.TestNG.runSuitesSequentially(TestNG.java:1208)\n\tat org.testng.TestNG.runSuitesLocally(TestNG.java:1137)\n\tat org.testng.TestNG.runSuites(TestNG.java:1049)\n\tat org.testng.TestNG.run(TestNG.java:1017)\n\tat org.apache.maven.surefire.testng.TestNGExecutor.run(TestNGExecutor.java:324)\n\tat org.apache.maven.surefire.testng.TestNGXmlTestSuite.execute(TestNGXmlTestSuite.java:74)\n\tat org.apache.maven.surefire.testng.TestNGProvider.invoke(TestNGProvider.java:123)\n\tat org.apache.maven.surefire.booter.ForkedBooter.runSuitesInProcess(ForkedBooter.java:456)\n\tat org.apache.maven.surefire.booter.ForkedBooter.execute(ForkedBooter.java:169)\n\tat org.apache.maven.surefire.booter.ForkedBooter.run(ForkedBooter.java:595)\n\tat org.apache.maven.surefire.booter.ForkedBooter.main(ForkedBooter.java:581)\nCaused by: java.lang.RuntimeException: \nCan't get WebDriver: chrome\n\tat com.epam.jdi.light.common.Exceptions.exception(Exceptions.java:35)\n\tat com.epam.jdi.light.driver.WebDriverFactory.getDriver(WebDriverFactory.java:224)\n\tat com.epam.jdi.light.driver.WebDriverFactory.getDriver(WebDriverFactory.java:214)\n\t... 28 more\nCaused by: java.lang.RuntimeException: java.lang.RuntimeException: \nFailed to run downloaded driver CHROME:X64:105.0.5195.52. Please check that your browser and driver are compatible or use local driver with 'drivers.folder' property in test.properties'.\nDriverPath: /home/runner/.cache/selenium/chromedriver/linux64/107.0.5304.62/chromedriver\n\tat com.jdiai.tools.func.JFunc1.execute(JFunc1.java:21)\n\tat com.epam.jdi.light.driver.WebDriverFactory.getDriver(WebDriverFactory.java:222)\n\t... 29 more\nCaused by: java.lang.RuntimeException: \nFailed to run downloaded driver CHROME:X64:105.0.5195.52. Please check that your browser and driver are compatible or use local driver with 'drivers.folder' property in test.properties'.\nDriverPath: /home/runner/.cache/selenium/chromedriver/linux64/107.0.5304.62/chromedriver\n\tat com.epam.jdi.light.common.Exceptions.exception(Exceptions.java:35)\n\tat com.epam.jdi.light.driver.WebDriverFactory.getDriverException(WebDriverFactory.java:143)\n\tat com.epam.jdi.light.driver.WebDriverFactory.getDriverByName(WebDriverFactory.java:127)\n\tat com.jdiai.tools.func.JFunc1.execute(JFunc1.java:19)\n\t... 30 more\nCaused by: java.lang.RuntimeException: \nCan't run and register new driver 'chrome'\n\tat com.epam.jdi.light.common.Exceptions.exception(Exceptions.java:35)\n\tat com.epam.jdi.light.driver.WebDriverFactory.registerNewDriver(WebDriverFactory.java:90)\n\tat com.epam.jdi.light.driver.WebDriverFactory.getDriverFromName(WebDriverFactory.java:158)\n\tat com.epam.jdi.light.driver.WebDriverFactory.getDriverByName(WebDriverFactory.java:125)\n\t... 31 more\nCaused by: java.lang.RuntimeException: \nFailed to get valid driver 'chrome'\n\tat com.epam.jdi.light.common.Exceptions.runtimeException(Exceptions.java:17)\n\tat com.epam.jdi.light.driver.WebDriverFactory.getValidDriver(WebDriverFactory.java:113)\n\tat com.epam.jdi.light.driver.WebDriverFactory.registerNewDriver(WebDriverFactory.java:85)\n\t... 33 more\n","flaky":false,"newFailed":false,"newBroken":false,"newPassed":false,"retriesCount":0,"retriesStatusChange":false,"beforeStages":[{"name":"setUp","time":{"start":1668597530800,"stop":1668597551677,"duration":20877},"description":"","status":"broken","statusMessage":"\nCan't get WebDriver: chrome","statusTrace":"java.lang.RuntimeException: \nCan't get WebDriver: chrome\n\tat com.epam.jdi.light.common.Exceptions.exception(Exceptions.java:35)\n\tat com.epam.jdi.light.driver.WebDriverFactory.getDriver(WebDriverFactory.java:216)\n\tat com.epam.jdi.light.elements.common.WindowsManager.setWindowName(WindowsManager.java:87)\n\tat com.epam.jdi.light.elements.common.WindowsManager.openSiteTab(WindowsManager.java:51)\n\tat com.epam.jdi.light.elements.composite.WebPage.openSite(WebPage.java:153)\n\tat org.mytests.tests.TestsInit.setUp(TestsInit.java:18)\n\tat java.base/jdk.internal.reflect.NativeMethodAccessorImpl.invoke0(Native Method)\n\tat java.base/jdk.internal.reflect.NativeMethodAccessorImpl.invoke(NativeMethodAccessorImpl.java:62)\n\tat java.base/jdk.internal.reflect.DelegatingMethodAccessorImpl.invoke(DelegatingMethodAccessorImpl.java:43)\n\tat java.base/java.lang.reflect.Method.invoke(Method.java:567)\n\tat org.testng.internal.MethodInvocationHelper.invokeMethod(MethodInvocationHelper.java:124)\n\tat org.testng.internal.MethodInvocationHelper.invokeMethodConsideringTimeout(MethodInvocationHelper.java:59)\n\tat org.testng.internal.Invoker.invokeConfigurationMethod(Invoker.java:458)\n\tat org.testng.internal.Invoker.invokeConfigurations(Invoker.java:222)\n\tat org.testng.internal.Invoker.invokeConfigurations(Invoker.java:142)\n\tat org.testng.SuiteRunner.privateRun(SuiteRunner.java:401)\n\tat org.testng.SuiteRunner.run(SuiteRunner.java:364)\n\tat org.testng.SuiteRunnerWorker.runSuite(SuiteRunnerWorker.java:52)\n\tat org.testng.SuiteRunnerWorker.run(SuiteRunnerWorker.java:84)\n\tat org.testng.TestNG.runSuitesSequentially(TestNG.java:1208)\n\tat org.testng.TestNG.runSuitesLocally(TestNG.java:1137)\n\tat org.testng.TestNG.runSuites(TestNG.java:1049)\n\tat org.testng.TestNG.run(TestNG.java:1017)\n\tat org.apache.maven.surefire.testng.TestNGExecutor.run(TestNGExecutor.java:324)\n\tat org.apache.maven.surefire.testng.TestNGXmlTestSuite.execute(TestNGXmlTestSuite.java:74)\n\tat org.apache.maven.surefire.testng.TestNGProvider.invoke(TestNGProvider.java:123)\n\tat org.apache.maven.surefire.booter.ForkedBooter.runSuitesInProcess(ForkedBooter.java:456)\n\tat org.apache.maven.surefire.booter.ForkedBooter.execute(ForkedBooter.java:169)\n\tat org.apache.maven.surefire.booter.ForkedBooter.run(ForkedBooter.java:595)\n\tat org.apache.maven.surefire.booter.ForkedBooter.main(ForkedBooter.java:581)\nCaused by: java.lang.RuntimeException: \nCan't get WebDriver: chrome\n\tat com.epam.jdi.light.common.Exceptions.exception(Exceptions.java:35)\n\tat com.epam.jdi.light.driver.WebDriverFactory.getDriver(WebDriverFactory.java:224)\n\tat com.epam.jdi.light.driver.WebDriverFactory.getDriver(WebDriverFactory.java:214)\n\t... 28 more\nCaused by: java.lang.RuntimeException: java.lang.RuntimeException: \nFailed to run downloaded driver CHROME:X64:105.0.5195.52. Please check that your browser and driver are compatible or use local driver with 'drivers.folder' property in test.properties'.\nDriverPath: /home/runner/.cache/selenium/chromedriver/linux64/107.0.5304.62/chromedriver\n\tat com.jdiai.tools.func.JFunc1.execute(JFunc1.java:21)\n\tat com.epam.jdi.light.driver.WebDriverFactory.getDriver(WebDriverFactory.java:222)\n\t... 29 more\nCaused by: java.lang.RuntimeException: \nFailed to run downloaded driver CHROME:X64:105.0.5195.52. Please check that your browser and driver are compatible or use local driver with 'drivers.folder' property in test.properties'.\nDriverPath: /home/runner/.cache/selenium/chromedriver/linux64/107.0.5304.62/chromedriver\n\tat com.epam.jdi.light.common.Exceptions.exception(Exceptions.java:35)\n\tat com.epam.jdi.light.driver.WebDriverFactory.getDriverException(WebDriverFactory.java:143)\n\tat com.epam.jdi.light.driver.WebDriverFactory.getDriverByName(WebDriverFactory.java:127)\n\tat com.jdiai.tools.func.JFunc1.execute(JFunc1.java:19)\n\t... 30 more\nCaused by: java.lang.RuntimeException: \nCan't run and register new driver 'chrome'\n\tat com.epam.jdi.light.common.Exceptions.exception(Exceptions.java:35)\n\tat com.epam.jdi.light.driver.WebDriverFactory.registerNewDriver(WebDriverFactory.java:90)\n\tat com.epam.jdi.light.driver.WebDriverFactory.getDriverFromName(WebDriverFactory.java:158)\n\tat com.epam.jdi.light.driver.WebDriverFactory.getDriverByName(WebDriverFactory.java:125)\n\t... 31 more\nCaused by: java.lang.RuntimeException: \nFailed to get valid driver 'chrome'\n\tat com.epam.jdi.light.common.Exceptions.runtimeException(Exceptions.java:17)\n\tat com.epam.jdi.light.driver.WebDriverFactory.getValidDriver(WebDriverFactory.java:113)\n\tat com.epam.jdi.light.driver.WebDriverFactory.registerNewDriver(WebDriverFactory.java:85)\n\t... 33 more\n","steps":[],"attachments":[],"parameters":[],"stepsCount":0,"attachmentsCount":0,"shouldDisplayMessage":true,"hasContent":true}],"afterStages":[{"name":"tearDown","time":{"start":1668597552166,"stop":1668597552166,"duration":0},"description":"","status":"passed","steps":[],"attachments":[],"parameters":[],"stepsCount":0,"attachmentsCount":0,"shouldDisplayMessage":false,"hasContent":false}],"labels":[{"name":"package","value":"org.mytests.tests.example.MenuTests"},{"name":"testClass","value":"org.mytests.tests.example.MenuTests"},{"name":"testMethod","value":"menuTest"},{"name":"parentSuite","value":"JDI-Light Performance"},{"name":"suite","value":"Tests"},{"name":"subSuite","value":"org.mytests.tests.example.MenuTests"},{"name":"host","value":"fv-az244-20"},{"name":"thread","value":"3447@fv-az244-20.TestNG-test=Tests-4(39)"},{"name":"framework","value":"testng"},{"name":"language","value":"java"},{"name":"resultFormat","value":"allure2"}],"parameters":[],"links":[],"hidden":false,"retry":false,"extra":{"severity":"normal","retries":[],"categories":[],"history":{"statistic":{"failed":0,"broken":0,"skipped":58,"passed":1,"unknown":0,"total":59},"items":[{"uid":"d9380fd470023e20","reportUrl":"https://jdi-templates.github.io/jdi-light-browserstack/12//#testresult/d9380fd470023e20","status":"skipped","statusDetails":"\nCan't get WebDriver: chrome","time":{"start":1668597479847,"stop":1668597479848,"duration":1}},{"uid":"5812d8d78197b2e2","reportUrl":"https://jdi-templates.github.io/jdi-light-browserstack/13//#testresult/5812d8d78197b2e2","status":"skipped","statusDetails":"\nCan't get WebDriver: chrome","time":{"start":1668597427775,"stop":1668597427775,"duration":0}},{"uid":"75f157beac861811","reportUrl":"https://jdi-templates.github.io/jdi-light-browserstack/12//#testresult/75f157beac861811","status":"skipped","statusDetails":"\nCan't get WebDriver: chrome","time":{"start":1668597399960,"stop":1668597399960,"duration":0}},{"uid":"4981e4137a91fa98","reportUrl":"https://jdi-templates.github.io/jdi-light-browserstack/13//#testresult/4981e4137a91fa98","status":"skipped","statusDetails":"\nCan't get WebDriver: chrome","time":{"start":1668597308612,"stop":1668597308612,"duration":0}},{"uid":"defc5cbb8556496d","reportUrl":"https://jdi-templates.github.io/jdi-light-browserstack/12//#testresult/defc5cbb8556496d","status":"skipped","statusDetails":"\nCan't get WebDriver: chrome","time":{"start":1668597280760,"stop":1668597280760,"duration":0}},{"uid":"783af3767016f8db","reportUrl":"https://jdi-templates.github.io/jdi-light-browserstack/13//#testresult/783af3767016f8db","status":"skipped","statusDetails":"\nCan't get WebDriver: chrome","time":{"start":1668597170170,"stop":1668597170170,"duration":0}},{"uid":"204bb49553af3ffd","reportUrl":"https://jdi-templates.github.io/jdi-light-browserstack/13//#testresult/204bb49553af3ffd","status":"skipped","statusDetails":"\nCan't get WebDriver: chrome","time":{"start":1668597037196,"stop":1668597037196,"duration":0}},{"uid":"ac44a7e3c71ddf24","reportUrl":"https://jdi-templates.github.io/jdi-light-browserstack/12//#testresult/ac44a7e3c71ddf24","status":"skipped","statusDetails":"\nCan't get WebDriver: chrome","time":{"start":1668596949456,"stop":1668596949456,"duration":0}},{"uid":"317be963aad553f9","reportUrl":"https://jdi-templates.github.io/jdi-light-browserstack/12//#testresult/317be963aad553f9","status":"skipped","statusDetails":"\nCan't get WebDriver: chrome","time":{"start":1668596827345,"stop":1668596827345,"duration":0}},{"uid":"546da82fb60b2331","reportUrl":"https://jdi-templates.github.io/jdi-light-browserstack/12//#testresult/546da82fb60b2331","status":"skipped","statusDetails":"\nCan't get WebDriver: chrome","time":{"start":1668596704531,"stop":1668596704531,"duration":0}},{"uid":"7b9fa6cf522bea10","reportUrl":"https://jdi-templates.github.io/jdi-light-browserstack/9//#testresult/7b9fa6cf522bea10","status":"skipped","statusDetails":"\nCan't get WebDriver: chrome","time":{"start":1668593122346,"stop":1668593122347,"duration":1}},{"uid":"d72d7d61820f3ee7","reportUrl":"https://jdi-templates.github.io/jdi-light-browserstack/9//#testresult/d72d7d61820f3ee7","status":"skipped","statusDetails":"\nCan't get WebDriver: chrome","time":{"start":1668593016852,"stop":1668593016852,"duration":0}},{"uid":"1c6fd2f7055c7a22","reportUrl":"https://jdi-templates.github.io/jdi-light-browserstack/9//#testresult/1c6fd2f7055c7a22","status":"skipped","statusDetails":"\nCan't get WebDriver: chrome","time":{"start":1668592897698,"stop":1668592897699,"duration":1}},{"uid":"d3dc55bf461d2498","reportUrl":"https://jdi-templates.github.io/jdi-light-browserstack/9//#testresult/d3dc55bf461d2498","status":"skipped","statusDetails":"\nCan't get WebDriver: chrome","time":{"start":1668592776573,"stop":1668592776573,"duration":0}},{"uid":"41bbf821ebbb7525","reportUrl":"https://jdi-templates.github.io/jdi-light-browserstack/9//#testresult/41bbf821ebbb7525","status":"skipped","statusDetails":"\nCan't get WebDriver: chrome","time":{"start":1668592658917,"stop":1668592658917,"duration":0}},{"uid":"931a7d648ef05af9","reportUrl":"https://jdi-templates.github.io/jdi-light-browserstack/9//#testresult/931a7d648ef05af9","status":"skipped","statusDetails":"\nCan't get WebDriver: chrome","time":{"start":1668592551436,"stop":1668592551437,"duration":1}},{"uid":"bb36cd7a3dffa76d","reportUrl":"https://jdi-templates.github.io/jdi-light-browserstack/9//#testresult/bb36cd7a3dffa76d","status":"skipped","statusDetails":"\nCan't get WebDriver: chrome","time":{"start":1668592443228,"stop":1668592443229,"duration":1}},{"uid":"e620db157e68e261","reportUrl":"https://jdi-templates.github.io/jdi-light-browserstack/8//#testresult/e620db157e68e261","status":"skipped","statusDetails":"\nCan't get WebDriver: chrome","time":{"start":1668592425445,"stop":1668592425445,"duration":0}},{"uid":"67681afc506438d8","reportUrl":"https://jdi-templates.github.io/jdi-light-browserstack/9//#testresult/67681afc506438d8","status":"skipped","statusDetails":"\nCan't get WebDriver: chrome","time":{"start":1668592330601,"stop":1668592330602,"duration":1}},{"uid":"7c4add0c8347b311","reportUrl":"https://jdi-templates.github.io/jdi-light-browserstack/8//#testresult/7c4add0c8347b311","status":"skipped","statusDetails":"\nCan't get WebDriver: chrome","time":{"start":1668592306793,"stop":1668592306793,"duration":0}}]},"tags":[]},"source":"833c71b908c378d2.json","parameterValues":[]}