{"uid":"95f084d7f2d63a65","name":"tableParamsTest","fullName":"org.mytests.tests.example.DataTableTests.tableParamsTest","historyId":"900700fe5631074d88345619a4d84e25","time":{"start":1668597987356,"stop":1668597987356,"duration":0},"status":"skipped","statusMessage":"\nCan't get WebDriver: chrome","statusTrace":"java.lang.RuntimeException: \nCan't get WebDriver: chrome\n\tat com.epam.jdi.light.common.Exceptions.exception(Exceptions.java:35)\n\tat com.epam.jdi.light.driver.WebDriverFactory.getDriver(WebDriverFactory.java:216)\n\tat com.epam.jdi.light.elements.common.WindowsManager.setWindowName(WindowsManager.java:87)\n\tat com.epam.jdi.light.elements.common.WindowsManager.openSiteTab(WindowsManager.java:51)\n\tat com.epam.jdi.light.elements.composite.WebPage.openSite(WebPage.java:153)\n\tat org.mytests.tests.TestsInit.setUp(TestsInit.java:18)\n\tat java.base/jdk.internal.reflect.NativeMethodAccessorImpl.invoke0(Native Method)\n\tat java.base/jdk.internal.reflect.NativeMethodAccessorImpl.invoke(NativeMethodAccessorImpl.java:64)\n\tat java.base/jdk.internal.reflect.DelegatingMethodAccessorImpl.invoke(DelegatingMethodAccessorImpl.java:43)\n\tat java.base/java.lang.reflect.Method.invoke(Method.java:564)\n\tat org.testng.internal.MethodInvocationHelper.invokeMethod(MethodInvocationHelper.java:124)\n\tat org.testng.internal.MethodInvocationHelper.invokeMethodConsideringTimeout(MethodInvocationHelper.java:59)\n\tat org.testng.internal.Invoker.invokeConfigurationMethod(Invoker.java:458)\n\tat org.testng.internal.Invoker.invokeConfigurations(Invoker.java:222)\n\tat org.testng.internal.Invoker.invokeConfigurations(Invoker.java:142)\n\tat org.testng.SuiteRunner.privateRun(SuiteRunner.java:401)\n\tat org.testng.SuiteRunner.run(SuiteRunner.java:364)\n\tat org.testng.SuiteRunnerWorker.runSuite(SuiteRunnerWorker.java:52)\n\tat org.testng.SuiteRunnerWorker.run(SuiteRunnerWorker.java:84)\n\tat org.testng.TestNG.runSuitesSequentially(TestNG.java:1208)\n\tat org.testng.TestNG.runSuitesLocally(TestNG.java:1137)\n\tat org.testng.TestNG.runSuites(TestNG.java:1049)\n\tat org.testng.TestNG.run(TestNG.java:1017)\n\tat org.apache.maven.surefire.testng.TestNGExecutor.run(TestNGExecutor.java:324)\n\tat org.apache.maven.surefire.testng.TestNGXmlTestSuite.execute(TestNGXmlTestSuite.java:74)\n\tat org.apache.maven.surefire.testng.TestNGProvider.invoke(TestNGProvider.java:123)\n\tat org.apache.maven.surefire.booter.ForkedBooter.runSuitesInProcess(ForkedBooter.java:456)\n\tat org.apache.maven.surefire.booter.ForkedBooter.execute(ForkedBooter.java:169)\n\tat org.apache.maven.surefire.booter.ForkedBooter.run(ForkedBooter.java:595)\n\tat org.apache.maven.surefire.booter.ForkedBooter.main(ForkedBooter.java:581)\nCaused by: java.lang.RuntimeException: \nCan't get WebDriver: chrome\n\tat com.epam.jdi.light.common.Exceptions.exception(Exceptions.java:35)\n\tat com.epam.jdi.light.driver.WebDriverFactory.getDriver(WebDriverFactory.java:224)\n\tat com.epam.jdi.light.driver.WebDriverFactory.getDriver(WebDriverFactory.java:214)\n\t... 28 more\nCaused by: java.lang.RuntimeException: java.lang.RuntimeException: \nFailed to run downloaded driver CHROME:X64:105.0.5195.52. Please check that your browser and driver are compatible or use local driver with 'drivers.folder' property in test.properties'.\nDriverPath: /home/runner/.cache/selenium/chromedriver/linux64/107.0.5304.62/chromedriver\n\tat com.jdiai.tools.func.JFunc1.execute(JFunc1.java:21)\n\tat com.epam.jdi.light.driver.WebDriverFactory.getDriver(WebDriverFactory.java:222)\n\t... 29 more\nCaused by: java.lang.RuntimeException: \nFailed to run downloaded driver CHROME:X64:105.0.5195.52. Please check that your browser and driver are compatible or use local driver with 'drivers.folder' property in test.properties'.\nDriverPath: /home/runner/.cache/selenium/chromedriver/linux64/107.0.5304.62/chromedriver\n\tat com.epam.jdi.light.common.Exceptions.exception(Exceptions.java:35)\n\tat com.epam.jdi.light.driver.WebDriverFactory.getDriverException(WebDriverFactory.java:143)\n\tat com.epam.jdi.light.driver.WebDriverFactory.getDriverByName(WebDriverFactory.java:127)\n\tat com.jdiai.tools.func.JFunc1.execute(JFunc1.java:19)\n\t... 30 more\nCaused by: java.lang.RuntimeException: \nCan't run and register new driver 'chrome'\n\tat com.epam.jdi.light.common.Exceptions.exception(Exceptions.java:35)\n\tat com.epam.jdi.light.driver.WebDriverFactory.registerNewDriver(WebDriverFactory.java:90)\n\tat com.epam.jdi.light.driver.WebDriverFactory.getDriverFromName(WebDriverFactory.java:158)\n\tat com.epam.jdi.light.driver.WebDriverFactory.getDriverByName(WebDriverFactory.java:125)\n\t... 31 more\nCaused by: java.lang.RuntimeException: \nFailed to get valid driver 'chrome'\n\tat com.epam.jdi.light.common.Exceptions.runtimeException(Exceptions.java:17)\n\tat com.epam.jdi.light.driver.WebDriverFactory.getValidDriver(WebDriverFactory.java:113)\n\tat com.epam.jdi.light.driver.WebDriverFactory.registerNewDriver(WebDriverFactory.java:85)\n\t... 33 more\n","flaky":false,"newFailed":false,"newBroken":false,"newPassed":false,"retriesCount":0,"retriesStatusChange":false,"beforeStages":[{"name":"setUp","time":{"start":1668597972249,"stop":1668597986994,"duration":14745},"description":"","status":"broken","statusMessage":"\nCan't get WebDriver: chrome","statusTrace":"java.lang.RuntimeException: \nCan't get WebDriver: chrome\n\tat com.epam.jdi.light.common.Exceptions.exception(Exceptions.java:35)\n\tat com.epam.jdi.light.driver.WebDriverFactory.getDriver(WebDriverFactory.java:216)\n\tat com.epam.jdi.light.elements.common.WindowsManager.setWindowName(WindowsManager.java:87)\n\tat com.epam.jdi.light.elements.common.WindowsManager.openSiteTab(WindowsManager.java:51)\n\tat com.epam.jdi.light.elements.composite.WebPage.openSite(WebPage.java:153)\n\tat org.mytests.tests.TestsInit.setUp(TestsInit.java:18)\n\tat java.base/jdk.internal.reflect.NativeMethodAccessorImpl.invoke0(Native Method)\n\tat java.base/jdk.internal.reflect.NativeMethodAccessorImpl.invoke(NativeMethodAccessorImpl.java:64)\n\tat java.base/jdk.internal.reflect.DelegatingMethodAccessorImpl.invoke(DelegatingMethodAccessorImpl.java:43)\n\tat java.base/java.lang.reflect.Method.invoke(Method.java:564)\n\tat org.testng.internal.MethodInvocationHelper.invokeMethod(MethodInvocationHelper.java:124)\n\tat org.testng.internal.MethodInvocationHelper.invokeMethodConsideringTimeout(MethodInvocationHelper.java:59)\n\tat org.testng.internal.Invoker.invokeConfigurationMethod(Invoker.java:458)\n\tat org.testng.internal.Invoker.invokeConfigurations(Invoker.java:222)\n\tat org.testng.internal.Invoker.invokeConfigurations(Invoker.java:142)\n\tat org.testng.SuiteRunner.privateRun(SuiteRunner.java:401)\n\tat org.testng.SuiteRunner.run(SuiteRunner.java:364)\n\tat org.testng.SuiteRunnerWorker.runSuite(SuiteRunnerWorker.java:52)\n\tat org.testng.SuiteRunnerWorker.run(SuiteRunnerWorker.java:84)\n\tat org.testng.TestNG.runSuitesSequentially(TestNG.java:1208)\n\tat org.testng.TestNG.runSuitesLocally(TestNG.java:1137)\n\tat org.testng.TestNG.runSuites(TestNG.java:1049)\n\tat org.testng.TestNG.run(TestNG.java:1017)\n\tat org.apache.maven.surefire.testng.TestNGExecutor.run(TestNGExecutor.java:324)\n\tat org.apache.maven.surefire.testng.TestNGXmlTestSuite.execute(TestNGXmlTestSuite.java:74)\n\tat org.apache.maven.surefire.testng.TestNGProvider.invoke(TestNGProvider.java:123)\n\tat org.apache.maven.surefire.booter.ForkedBooter.runSuitesInProcess(ForkedBooter.java:456)\n\tat org.apache.maven.surefire.booter.ForkedBooter.execute(ForkedBooter.java:169)\n\tat org.apache.maven.surefire.booter.ForkedBooter.run(ForkedBooter.java:595)\n\tat org.apache.maven.surefire.booter.ForkedBooter.main(ForkedBooter.java:581)\nCaused by: java.lang.RuntimeException: \nCan't get WebDriver: chrome\n\tat com.epam.jdi.light.common.Exceptions.exception(Exceptions.java:35)\n\tat com.epam.jdi.light.driver.WebDriverFactory.getDriver(WebDriverFactory.java:224)\n\tat com.epam.jdi.light.driver.WebDriverFactory.getDriver(WebDriverFactory.java:214)\n\t... 28 more\nCaused by: java.lang.RuntimeException: java.lang.RuntimeException: \nFailed to run downloaded driver CHROME:X64:105.0.5195.52. Please check that your browser and driver are compatible or use local driver with 'drivers.folder' property in test.properties'.\nDriverPath: /home/runner/.cache/selenium/chromedriver/linux64/107.0.5304.62/chromedriver\n\tat com.jdiai.tools.func.JFunc1.execute(JFunc1.java:21)\n\tat com.epam.jdi.light.driver.WebDriverFactory.getDriver(WebDriverFactory.java:222)\n\t... 29 more\nCaused by: java.lang.RuntimeException: \nFailed to run downloaded driver CHROME:X64:105.0.5195.52. Please check that your browser and driver are compatible or use local driver with 'drivers.folder' property in test.properties'.\nDriverPath: /home/runner/.cache/selenium/chromedriver/linux64/107.0.5304.62/chromedriver\n\tat com.epam.jdi.light.common.Exceptions.exception(Exceptions.java:35)\n\tat com.epam.jdi.light.driver.WebDriverFactory.getDriverException(WebDriverFactory.java:143)\n\tat com.epam.jdi.light.driver.WebDriverFactory.getDriverByName(WebDriverFactory.java:127)\n\tat com.jdiai.tools.func.JFunc1.execute(JFunc1.java:19)\n\t... 30 more\nCaused by: java.lang.RuntimeException: \nCan't run and register new driver 'chrome'\n\tat com.epam.jdi.light.common.Exceptions.exception(Exceptions.java:35)\n\tat com.epam.jdi.light.driver.WebDriverFactory.registerNewDriver(WebDriverFactory.java:90)\n\tat com.epam.jdi.light.driver.WebDriverFactory.getDriverFromName(WebDriverFactory.java:158)\n\tat com.epam.jdi.light.driver.WebDriverFactory.getDriverByName(WebDriverFactory.java:125)\n\t... 31 more\nCaused by: java.lang.RuntimeException: \nFailed to get valid driver 'chrome'\n\tat com.epam.jdi.light.common.Exceptions.runtimeException(Exceptions.java:17)\n\tat com.epam.jdi.light.driver.WebDriverFactory.getValidDriver(WebDriverFactory.java:113)\n\tat com.epam.jdi.light.driver.WebDriverFactory.registerNewDriver(WebDriverFactory.java:85)\n\t... 33 more\n","steps":[],"attachments":[],"parameters":[],"stepsCount":0,"attachmentsCount":0,"shouldDisplayMessage":true,"hasContent":true}],"afterStages":[{"name":"tearDown","time":{"start":1668597987362,"stop":1668597987362,"duration":0},"description":"","status":"passed","steps":[],"attachments":[],"parameters":[],"stepsCount":0,"attachmentsCount":0,"shouldDisplayMessage":false,"hasContent":false}],"labels":[{"name":"package","value":"org.mytests.tests.example.DataTableTests"},{"name":"testClass","value":"org.mytests.tests.example.DataTableTests"},{"name":"testMethod","value":"tableParamsTest"},{"name":"parentSuite","value":"JDI-Light Performance"},{"name":"suite","value":"Tests"},{"name":"subSuite","value":"org.mytests.tests.example.DataTableTests"},{"name":"host","value":"fv-az236-68"},{"name":"thread","value":"3656@fv-az236-68.TestNG-test=Tests-2(38)"},{"name":"framework","value":"testng"},{"name":"language","value":"java"},{"name":"resultFormat","value":"allure2"}],"parameters":[],"links":[],"hidden":false,"retry":false,"extra":{"severity":"normal","retries":[],"categories":[],"history":{"statistic":{"failed":0,"broken":0,"skipped":61,"passed":1,"unknown":0,"total":62},"items":[{"uid":"5dba16b08fc75354","reportUrl":"https://jdi-templates.github.io/jdi-light-browserstack/13//#testresult/5dba16b08fc75354","status":"skipped","statusDetails":"\nCan't get WebDriver: chrome","time":{"start":1668597849087,"stop":1668597849087,"duration":0}},{"uid":"54492fd585e1a9aa","reportUrl":"https://jdi-templates.github.io/jdi-light-browserstack/13//#testresult/54492fd585e1a9aa","status":"skipped","statusDetails":"\nCan't get WebDriver: chrome","time":{"start":1668597697427,"stop":1668597697427,"duration":0}},{"uid":"171377fd43cd18e5","reportUrl":"https://jdi-templates.github.io/jdi-light-browserstack/13//#testresult/171377fd43cd18e5","status":"skipped","statusDetails":"\nCan't get WebDriver: chrome","time":{"start":1668597552196,"stop":1668597552197,"duration":1}},{"uid":"8e4a12734219a383","reportUrl":"https://jdi-templates.github.io/jdi-light-browserstack/12//#testresult/8e4a12734219a383","status":"skipped","statusDetails":"\nCan't get WebDriver: chrome","time":{"start":1668597479911,"stop":1668597479911,"duration":0}},{"uid":"f8c40f8f0c5aee50","reportUrl":"https://jdi-templates.github.io/jdi-light-browserstack/13//#testresult/f8c40f8f0c5aee50","status":"skipped","statusDetails":"\nCan't get WebDriver: chrome","time":{"start":1668597427837,"stop":1668597427837,"duration":0}},{"uid":"1773966f0f889eea","reportUrl":"https://jdi-templates.github.io/jdi-light-browserstack/12//#testresult/1773966f0f889eea","status":"skipped","statusDetails":"\nCan't get WebDriver: chrome","time":{"start":1668597400022,"stop":1668597400022,"duration":0}},{"uid":"4dc780e45db37ce6","reportUrl":"https://jdi-templates.github.io/jdi-light-browserstack/13//#testresult/4dc780e45db37ce6","status":"skipped","statusDetails":"\nCan't get WebDriver: chrome","time":{"start":1668597308665,"stop":1668597308665,"duration":0}},{"uid":"6ac78def79a1b021","reportUrl":"https://jdi-templates.github.io/jdi-light-browserstack/12//#testresult/6ac78def79a1b021","status":"skipped","statusDetails":"\nCan't get WebDriver: chrome","time":{"start":1668597280805,"stop":1668597280806,"duration":1}},{"uid":"a1bd369c80e28d6b","reportUrl":"https://jdi-templates.github.io/jdi-light-browserstack/13//#testresult/a1bd369c80e28d6b","status":"skipped","statusDetails":"\nCan't get WebDriver: chrome","time":{"start":1668597170227,"stop":1668597170227,"duration":0}},{"uid":"a8507ccb699aabeb","reportUrl":"https://jdi-templates.github.io/jdi-light-browserstack/13//#testresult/a8507ccb699aabeb","status":"skipped","statusDetails":"\nCan't get WebDriver: chrome","time":{"start":1668597037248,"stop":1668597037248,"duration":0}},{"uid":"47abcfc1c001ee9e","reportUrl":"https://jdi-templates.github.io/jdi-light-browserstack/12//#testresult/47abcfc1c001ee9e","status":"skipped","statusDetails":"\nCan't get WebDriver: chrome","time":{"start":1668596949518,"stop":1668596949519,"duration":1}},{"uid":"ff02066b986f5382","reportUrl":"https://jdi-templates.github.io/jdi-light-browserstack/12//#testresult/ff02066b986f5382","status":"skipped","statusDetails":"\nCan't get WebDriver: chrome","time":{"start":1668596827411,"stop":1668596827411,"duration":0}},{"uid":"386c1f1e5e63511a","reportUrl":"https://jdi-templates.github.io/jdi-light-browserstack/12//#testresult/386c1f1e5e63511a","status":"skipped","statusDetails":"\nCan't get WebDriver: chrome","time":{"start":1668596704597,"stop":1668596704598,"duration":1}},{"uid":"834bb0a0e62d8ba6","reportUrl":"https://jdi-templates.github.io/jdi-light-browserstack/9//#testresult/834bb0a0e62d8ba6","status":"skipped","statusDetails":"\nCan't get WebDriver: chrome","time":{"start":1668593122406,"stop":1668593122406,"duration":0}},{"uid":"48fc2fa6248623b5","reportUrl":"https://jdi-templates.github.io/jdi-light-browserstack/9//#testresult/48fc2fa6248623b5","status":"skipped","statusDetails":"\nCan't get WebDriver: chrome","time":{"start":1668593016924,"stop":1668593016924,"duration":0}},{"uid":"a7036362eb6a8c57","reportUrl":"https://jdi-templates.github.io/jdi-light-browserstack/9//#testresult/a7036362eb6a8c57","status":"skipped","statusDetails":"\nCan't get WebDriver: chrome","time":{"start":1668592897768,"stop":1668592897769,"duration":1}},{"uid":"97c0d1886396ff09","reportUrl":"https://jdi-templates.github.io/jdi-light-browserstack/9//#testresult/97c0d1886396ff09","status":"skipped","statusDetails":"\nCan't get WebDriver: chrome","time":{"start":1668592776675,"stop":1668592776675,"duration":0}},{"uid":"1af16d8d35d9a715","reportUrl":"https://jdi-templates.github.io/jdi-light-browserstack/9//#testresult/1af16d8d35d9a715","status":"skipped","statusDetails":"\nCan't get WebDriver: chrome","time":{"start":1668592658959,"stop":1668592658959,"duration":0}},{"uid":"4aa0f624baee99a7","reportUrl":"https://jdi-templates.github.io/jdi-light-browserstack/9//#testresult/4aa0f624baee99a7","status":"skipped","statusDetails":"\nCan't get WebDriver: chrome","time":{"start":1668592551491,"stop":1668592551491,"duration":0}},{"uid":"df044b857a08941e","reportUrl":"https://jdi-templates.github.io/jdi-light-browserstack/9//#testresult/df044b857a08941e","status":"skipped","statusDetails":"\nCan't get WebDriver: chrome","time":{"start":1668592443325,"stop":1668592443325,"duration":0}}]},"tags":[]},"source":"95f084d7f2d63a65.json","parameterValues":[]}