{"uid":"9c09991c1c600176","name":"dataFilterTest","fullName":"org.mytests.tests.example.DataTableTests.dataFilterTest","historyId":"982a0834ce378507efa95149beee45cd","time":{"start":1668597308624,"stop":1668597308624,"duration":0},"status":"skipped","statusMessage":"\nCan't get WebDriver: chrome","statusTrace":"java.lang.RuntimeException: \nCan't get WebDriver: chrome\n\tat com.epam.jdi.light.common.Exceptions.exception(Exceptions.java:35)\n\tat com.epam.jdi.light.driver.WebDriverFactory.getDriver(WebDriverFactory.java:216)\n\tat com.epam.jdi.light.elements.common.WindowsManager.setWindowName(WindowsManager.java:87)\n\tat com.epam.jdi.light.elements.common.WindowsManager.openSiteTab(WindowsManager.java:51)\n\tat com.epam.jdi.light.elements.composite.WebPage.openSite(WebPage.java:153)\n\tat org.mytests.tests.TestsInit.setUp(TestsInit.java:18)\n\tat java.base/jdk.internal.reflect.NativeMethodAccessorImpl.invoke0(Native Method)\n\tat java.base/jdk.internal.reflect.NativeMethodAccessorImpl.invoke(NativeMethodAccessorImpl.java:62)\n\tat java.base/jdk.internal.reflect.DelegatingMethodAccessorImpl.invoke(DelegatingMethodAccessorImpl.java:43)\n\tat java.base/java.lang.reflect.Method.invoke(Method.java:564)\n\tat org.testng.internal.MethodInvocationHelper.invokeMethod(MethodInvocationHelper.java:124)\n\tat org.testng.internal.MethodInvocationHelper.invokeMethodConsideringTimeout(MethodInvocationHelper.java:59)\n\tat org.testng.internal.Invoker.invokeConfigurationMethod(Invoker.java:458)\n\tat org.testng.internal.Invoker.invokeConfigurations(Invoker.java:222)\n\tat org.testng.internal.Invoker.invokeConfigurations(Invoker.java:142)\n\tat org.testng.SuiteRunner.privateRun(SuiteRunner.java:401)\n\tat org.testng.SuiteRunner.run(SuiteRunner.java:364)\n\tat org.testng.SuiteRunnerWorker.runSuite(SuiteRunnerWorker.java:52)\n\tat org.testng.SuiteRunnerWorker.run(SuiteRunnerWorker.java:84)\n\tat org.testng.TestNG.runSuitesSequentially(TestNG.java:1208)\n\tat org.testng.TestNG.runSuitesLocally(TestNG.java:1137)\n\tat org.testng.TestNG.runSuites(TestNG.java:1049)\n\tat org.testng.TestNG.run(TestNG.java:1017)\n\tat org.apache.maven.surefire.testng.TestNGExecutor.run(TestNGExecutor.java:324)\n\tat org.apache.maven.surefire.testng.TestNGXmlTestSuite.execute(TestNGXmlTestSuite.java:74)\n\tat org.apache.maven.surefire.testng.TestNGProvider.invoke(TestNGProvider.java:123)\n\tat org.apache.maven.surefire.booter.ForkedBooter.runSuitesInProcess(ForkedBooter.java:456)\n\tat org.apache.maven.surefire.booter.ForkedBooter.execute(ForkedBooter.java:169)\n\tat org.apache.maven.surefire.booter.ForkedBooter.run(ForkedBooter.java:595)\n\tat org.apache.maven.surefire.booter.ForkedBooter.main(ForkedBooter.java:581)\nCaused by: java.lang.RuntimeException: \nCan't get WebDriver: chrome\n\tat com.epam.jdi.light.common.Exceptions.exception(Exceptions.java:35)\n\tat com.epam.jdi.light.driver.WebDriverFactory.getDriver(WebDriverFactory.java:224)\n\tat com.epam.jdi.light.driver.WebDriverFactory.getDriver(WebDriverFactory.java:214)\n\t... 28 more\nCaused by: java.lang.RuntimeException: java.lang.RuntimeException: \nFailed to run downloaded driver CHROME:X64:105.0.5195.52. Please check that your browser and driver are compatible or use local driver with 'drivers.folder' property in test.properties'.\nDriverPath: /home/runner/.cache/selenium/chromedriver/linux64/107.0.5304.62/chromedriver\n\tat com.jdiai.tools.func.JFunc1.execute(JFunc1.java:21)\n\tat com.epam.jdi.light.driver.WebDriverFactory.getDriver(WebDriverFactory.java:222)\n\t... 29 more\nCaused by: java.lang.RuntimeException: \nFailed to run downloaded driver CHROME:X64:105.0.5195.52. Please check that your browser and driver are compatible or use local driver with 'drivers.folder' property in test.properties'.\nDriverPath: /home/runner/.cache/selenium/chromedriver/linux64/107.0.5304.62/chromedriver\n\tat com.epam.jdi.light.common.Exceptions.exception(Exceptions.java:35)\n\tat com.epam.jdi.light.driver.WebDriverFactory.getDriverException(WebDriverFactory.java:143)\n\tat com.epam.jdi.light.driver.WebDriverFactory.getDriverByName(WebDriverFactory.java:127)\n\tat com.jdiai.tools.func.JFunc1.execute(JFunc1.java:19)\n\t... 30 more\nCaused by: java.lang.RuntimeException: \nCan't run and register new driver 'chrome'\n\tat com.epam.jdi.light.common.Exceptions.exception(Exceptions.java:35)\n\tat com.epam.jdi.light.driver.WebDriverFactory.registerNewDriver(WebDriverFactory.java:90)\n\tat com.epam.jdi.light.driver.WebDriverFactory.getDriverFromName(WebDriverFactory.java:158)\n\tat com.epam.jdi.light.driver.WebDriverFactory.getDriverByName(WebDriverFactory.java:125)\n\t... 31 more\nCaused by: java.lang.RuntimeException: \nFailed to get valid driver 'chrome'\n\tat com.epam.jdi.light.common.Exceptions.runtimeException(Exceptions.java:17)\n\tat com.epam.jdi.light.driver.WebDriverFactory.getValidDriver(WebDriverFactory.java:113)\n\tat com.epam.jdi.light.driver.WebDriverFactory.registerNewDriver(WebDriverFactory.java:85)\n\t... 33 more\n","flaky":false,"newFailed":false,"newBroken":false,"newPassed":false,"retriesCount":0,"retriesStatusChange":false,"beforeStages":[{"name":"setUp","time":{"start":1668597288729,"stop":1668597308330,"duration":19601},"description":"","status":"broken","statusMessage":"\nCan't get WebDriver: chrome","statusTrace":"java.lang.RuntimeException: \nCan't get WebDriver: chrome\n\tat com.epam.jdi.light.common.Exceptions.exception(Exceptions.java:35)\n\tat com.epam.jdi.light.driver.WebDriverFactory.getDriver(WebDriverFactory.java:216)\n\tat com.epam.jdi.light.elements.common.WindowsManager.setWindowName(WindowsManager.java:87)\n\tat com.epam.jdi.light.elements.common.WindowsManager.openSiteTab(WindowsManager.java:51)\n\tat com.epam.jdi.light.elements.composite.WebPage.openSite(WebPage.java:153)\n\tat org.mytests.tests.TestsInit.setUp(TestsInit.java:18)\n\tat java.base/jdk.internal.reflect.NativeMethodAccessorImpl.invoke0(Native Method)\n\tat java.base/jdk.internal.reflect.NativeMethodAccessorImpl.invoke(NativeMethodAccessorImpl.java:62)\n\tat java.base/jdk.internal.reflect.DelegatingMethodAccessorImpl.invoke(DelegatingMethodAccessorImpl.java:43)\n\tat java.base/java.lang.reflect.Method.invoke(Method.java:564)\n\tat org.testng.internal.MethodInvocationHelper.invokeMethod(MethodInvocationHelper.java:124)\n\tat org.testng.internal.MethodInvocationHelper.invokeMethodConsideringTimeout(MethodInvocationHelper.java:59)\n\tat org.testng.internal.Invoker.invokeConfigurationMethod(Invoker.java:458)\n\tat org.testng.internal.Invoker.invokeConfigurations(Invoker.java:222)\n\tat org.testng.internal.Invoker.invokeConfigurations(Invoker.java:142)\n\tat org.testng.SuiteRunner.privateRun(SuiteRunner.java:401)\n\tat org.testng.SuiteRunner.run(SuiteRunner.java:364)\n\tat org.testng.SuiteRunnerWorker.runSuite(SuiteRunnerWorker.java:52)\n\tat org.testng.SuiteRunnerWorker.run(SuiteRunnerWorker.java:84)\n\tat org.testng.TestNG.runSuitesSequentially(TestNG.java:1208)\n\tat org.testng.TestNG.runSuitesLocally(TestNG.java:1137)\n\tat org.testng.TestNG.runSuites(TestNG.java:1049)\n\tat org.testng.TestNG.run(TestNG.java:1017)\n\tat org.apache.maven.surefire.testng.TestNGExecutor.run(TestNGExecutor.java:324)\n\tat org.apache.maven.surefire.testng.TestNGXmlTestSuite.execute(TestNGXmlTestSuite.java:74)\n\tat org.apache.maven.surefire.testng.TestNGProvider.invoke(TestNGProvider.java:123)\n\tat org.apache.maven.surefire.booter.ForkedBooter.runSuitesInProcess(ForkedBooter.java:456)\n\tat org.apache.maven.surefire.booter.ForkedBooter.execute(ForkedBooter.java:169)\n\tat org.apache.maven.surefire.booter.ForkedBooter.run(ForkedBooter.java:595)\n\tat org.apache.maven.surefire.booter.ForkedBooter.main(ForkedBooter.java:581)\nCaused by: java.lang.RuntimeException: \nCan't get WebDriver: chrome\n\tat com.epam.jdi.light.common.Exceptions.exception(Exceptions.java:35)\n\tat com.epam.jdi.light.driver.WebDriverFactory.getDriver(WebDriverFactory.java:224)\n\tat com.epam.jdi.light.driver.WebDriverFactory.getDriver(WebDriverFactory.java:214)\n\t... 28 more\nCaused by: java.lang.RuntimeException: java.lang.RuntimeException: \nFailed to run downloaded driver CHROME:X64:105.0.5195.52. Please check that your browser and driver are compatible or use local driver with 'drivers.folder' property in test.properties'.\nDriverPath: /home/runner/.cache/selenium/chromedriver/linux64/107.0.5304.62/chromedriver\n\tat com.jdiai.tools.func.JFunc1.execute(JFunc1.java:21)\n\tat com.epam.jdi.light.driver.WebDriverFactory.getDriver(WebDriverFactory.java:222)\n\t... 29 more\nCaused by: java.lang.RuntimeException: \nFailed to run downloaded driver CHROME:X64:105.0.5195.52. Please check that your browser and driver are compatible or use local driver with 'drivers.folder' property in test.properties'.\nDriverPath: /home/runner/.cache/selenium/chromedriver/linux64/107.0.5304.62/chromedriver\n\tat com.epam.jdi.light.common.Exceptions.exception(Exceptions.java:35)\n\tat com.epam.jdi.light.driver.WebDriverFactory.getDriverException(WebDriverFactory.java:143)\n\tat com.epam.jdi.light.driver.WebDriverFactory.getDriverByName(WebDriverFactory.java:127)\n\tat com.jdiai.tools.func.JFunc1.execute(JFunc1.java:19)\n\t... 30 more\nCaused by: java.lang.RuntimeException: \nCan't run and register new driver 'chrome'\n\tat com.epam.jdi.light.common.Exceptions.exception(Exceptions.java:35)\n\tat com.epam.jdi.light.driver.WebDriverFactory.registerNewDriver(WebDriverFactory.java:90)\n\tat com.epam.jdi.light.driver.WebDriverFactory.getDriverFromName(WebDriverFactory.java:158)\n\tat com.epam.jdi.light.driver.WebDriverFactory.getDriverByName(WebDriverFactory.java:125)\n\t... 31 more\nCaused by: java.lang.RuntimeException: \nFailed to get valid driver 'chrome'\n\tat com.epam.jdi.light.common.Exceptions.runtimeException(Exceptions.java:17)\n\tat com.epam.jdi.light.driver.WebDriverFactory.getValidDriver(WebDriverFactory.java:113)\n\tat com.epam.jdi.light.driver.WebDriverFactory.registerNewDriver(WebDriverFactory.java:85)\n\t... 33 more\n","steps":[],"attachments":[],"parameters":[],"stepsCount":0,"attachmentsCount":0,"shouldDisplayMessage":true,"hasContent":true}],"afterStages":[{"name":"tearDown","time":{"start":1668597308669,"stop":1668597308669,"duration":0},"description":"","status":"passed","steps":[],"attachments":[],"parameters":[],"stepsCount":0,"attachmentsCount":0,"shouldDisplayMessage":false,"hasContent":false}],"labels":[{"name":"package","value":"org.mytests.tests.example.DataTableTests"},{"name":"testClass","value":"org.mytests.tests.example.DataTableTests"},{"name":"testMethod","value":"dataFilterTest"},{"name":"parentSuite","value":"JDI-Light Performance"},{"name":"suite","value":"Tests"},{"name":"subSuite","value":"org.mytests.tests.example.DataTableTests"},{"name":"host","value":"fv-az291-501"},{"name":"thread","value":"3461@fv-az291-501.TestNG-test=Tests-2(37)"},{"name":"framework","value":"testng"},{"name":"language","value":"java"},{"name":"resultFormat","value":"allure2"}],"parameters":[],"links":[],"hidden":false,"retry":false,"extra":{"severity":"normal","retries":[],"categories":[],"history":{"statistic":{"failed":0,"broken":0,"skipped":54,"passed":1,"unknown":0,"total":55},"items":[{"uid":"cc6cc29cc3624bf","reportUrl":"https://jdi-templates.github.io/jdi-light-browserstack/12//#testresult/cc6cc29cc3624bf","status":"skipped","statusDetails":"\nCan't get WebDriver: chrome","time":{"start":1668597280751,"stop":1668597280751,"duration":0}},{"uid":"51ebd6fe4abeeb07","reportUrl":"https://jdi-templates.github.io/jdi-light-browserstack/13//#testresult/51ebd6fe4abeeb07","status":"skipped","statusDetails":"\nCan't get WebDriver: chrome","time":{"start":1668597170176,"stop":1668597170176,"duration":0}},{"uid":"b2f5348b0c9c61d4","reportUrl":"https://jdi-templates.github.io/jdi-light-browserstack/13//#testresult/b2f5348b0c9c61d4","status":"skipped","statusDetails":"\nCan't get WebDriver: chrome","time":{"start":1668597037197,"stop":1668597037198,"duration":1}},{"uid":"efbe24d21285cff9","reportUrl":"https://jdi-templates.github.io/jdi-light-browserstack/12//#testresult/efbe24d21285cff9","status":"skipped","statusDetails":"\nCan't get WebDriver: chrome","time":{"start":1668596949460,"stop":1668596949460,"duration":0}},{"uid":"6995db5e14bd6017","reportUrl":"https://jdi-templates.github.io/jdi-light-browserstack/12//#testresult/6995db5e14bd6017","status":"skipped","statusDetails":"\nCan't get WebDriver: chrome","time":{"start":1668596827351,"stop":1668596827351,"duration":0}},{"uid":"85f3853792bfe68d","reportUrl":"https://jdi-templates.github.io/jdi-light-browserstack/12//#testresult/85f3853792bfe68d","status":"skipped","statusDetails":"\nCan't get WebDriver: chrome","time":{"start":1668596704535,"stop":1668596704535,"duration":0}},{"uid":"bc9b8db9937a67c6","reportUrl":"https://jdi-templates.github.io/jdi-light-browserstack/9//#testresult/bc9b8db9937a67c6","status":"skipped","statusDetails":"\nCan't get WebDriver: chrome","time":{"start":1668593122350,"stop":1668593122350,"duration":0}},{"uid":"a952d4220b3feba4","reportUrl":"https://jdi-templates.github.io/jdi-light-browserstack/9//#testresult/a952d4220b3feba4","status":"skipped","statusDetails":"\nCan't get WebDriver: chrome","time":{"start":1668593016883,"stop":1668593016883,"duration":0}},{"uid":"e8d601c685052475","reportUrl":"https://jdi-templates.github.io/jdi-light-browserstack/9//#testresult/e8d601c685052475","status":"skipped","statusDetails":"\nCan't get WebDriver: chrome","time":{"start":1668592897734,"stop":1668592897734,"duration":0}},{"uid":"8438ea71c71aea02","reportUrl":"https://jdi-templates.github.io/jdi-light-browserstack/9//#testresult/8438ea71c71aea02","status":"skipped","statusDetails":"\nCan't get WebDriver: chrome","time":{"start":1668592776588,"stop":1668592776588,"duration":0}},{"uid":"83593682997b17b1","reportUrl":"https://jdi-templates.github.io/jdi-light-browserstack/9//#testresult/83593682997b17b1","status":"skipped","statusDetails":"\nCan't get WebDriver: chrome","time":{"start":1668592658920,"stop":1668592658920,"duration":0}},{"uid":"51ad8a0954c76e1b","reportUrl":"https://jdi-templates.github.io/jdi-light-browserstack/9//#testresult/51ad8a0954c76e1b","status":"skipped","statusDetails":"\nCan't get WebDriver: chrome","time":{"start":1668592551453,"stop":1668592551453,"duration":0}},{"uid":"a313adbaeee4e0c2","reportUrl":"https://jdi-templates.github.io/jdi-light-browserstack/9//#testresult/a313adbaeee4e0c2","status":"skipped","statusDetails":"\nCan't get WebDriver: chrome","time":{"start":1668592443257,"stop":1668592443257,"duration":0}},{"uid":"3298336768d96365","reportUrl":"https://jdi-templates.github.io/jdi-light-browserstack/8//#testresult/3298336768d96365","status":"skipped","statusDetails":"\nCan't get WebDriver: chrome","time":{"start":1668592425467,"stop":1668592425467,"duration":0}},{"uid":"ab57982480192951","reportUrl":"https://jdi-templates.github.io/jdi-light-browserstack/9//#testresult/ab57982480192951","status":"skipped","statusDetails":"\nCan't get WebDriver: chrome","time":{"start":1668592330606,"stop":1668592330607,"duration":1}},{"uid":"ca94b8d8b2925d50","reportUrl":"https://jdi-templates.github.io/jdi-light-browserstack/8//#testresult/ca94b8d8b2925d50","status":"skipped","statusDetails":"\nCan't get WebDriver: chrome","time":{"start":1668592306788,"stop":1668592306788,"duration":0}},{"uid":"671bbc4a59a4d90b","reportUrl":"https://jdi-templates.github.io/jdi-light-browserstack/8//#testresult/671bbc4a59a4d90b","status":"skipped","statusDetails":"\nCan't get WebDriver: chrome","time":{"start":1668592191336,"stop":1668592191336,"duration":0}},{"uid":"8ec62564a74dd15b","reportUrl":"https://jdi-templates.github.io/jdi-light-browserstack/8//#testresult/8ec62564a74dd15b","status":"skipped","statusDetails":"\nCan't get WebDriver: chrome","time":{"start":1668592075865,"stop":1668592075865,"duration":0}},{"uid":"d729d1be2eb00024","reportUrl":"https://jdi-templates.github.io/jdi-light-browserstack/8//#testresult/d729d1be2eb00024","status":"skipped","statusDetails":"\nCan't get WebDriver: chrome","time":{"start":1668591965506,"stop":1668591965506,"duration":0}},{"uid":"4a29d3c7cdec5f61","reportUrl":"https://jdi-templates.github.io/jdi-light-browserstack/8//#testresult/4a29d3c7cdec5f61","status":"skipped","statusDetails":"\nCan't get WebDriver: chrome","time":{"start":1668591851831,"stop":1668591851831,"duration":0}}]},"tags":[]},"source":"9c09991c1c600176.json","parameterValues":[]}