{"uid":"b0e731930ec94855","name":"atLeastTest","fullName":"org.mytests.tests.example.DataTableTests.atLeastTest","historyId":"95735215fbd2c04557ce6bb7b005aeae","time":{"start":1668597697328,"stop":1668597697329,"duration":1},"status":"skipped","statusMessage":"\nCan't get WebDriver: chrome","statusTrace":"java.lang.RuntimeException: \nCan't get WebDriver: chrome\n\tat com.epam.jdi.light.common.Exceptions.exception(Exceptions.java:35)\n\tat com.epam.jdi.light.driver.WebDriverFactory.getDriver(WebDriverFactory.java:216)\n\tat com.epam.jdi.light.elements.common.WindowsManager.setWindowName(WindowsManager.java:87)\n\tat com.epam.jdi.light.elements.common.WindowsManager.openSiteTab(WindowsManager.java:51)\n\tat com.epam.jdi.light.elements.composite.WebPage.openSite(WebPage.java:153)\n\tat org.mytests.tests.TestsInit.setUp(TestsInit.java:18)\n\tat java.base/jdk.internal.reflect.NativeMethodAccessorImpl.invoke0(Native Method)\n\tat java.base/jdk.internal.reflect.NativeMethodAccessorImpl.invoke(NativeMethodAccessorImpl.java:62)\n\tat java.base/jdk.internal.reflect.DelegatingMethodAccessorImpl.invoke(DelegatingMethodAccessorImpl.java:43)\n\tat java.base/java.lang.reflect.Method.invoke(Method.java:567)\n\tat org.testng.internal.MethodInvocationHelper.invokeMethod(MethodInvocationHelper.java:124)\n\tat org.testng.internal.MethodInvocationHelper.invokeMethodConsideringTimeout(MethodInvocationHelper.java:59)\n\tat org.testng.internal.Invoker.invokeConfigurationMethod(Invoker.java:458)\n\tat org.testng.internal.Invoker.invokeConfigurations(Invoker.java:222)\n\tat org.testng.internal.Invoker.invokeConfigurations(Invoker.java:142)\n\tat org.testng.SuiteRunner.privateRun(SuiteRunner.java:401)\n\tat org.testng.SuiteRunner.run(SuiteRunner.java:364)\n\tat org.testng.SuiteRunnerWorker.runSuite(SuiteRunnerWorker.java:52)\n\tat org.testng.SuiteRunnerWorker.run(SuiteRunnerWorker.java:84)\n\tat org.testng.TestNG.runSuitesSequentially(TestNG.java:1208)\n\tat org.testng.TestNG.runSuitesLocally(TestNG.java:1137)\n\tat org.testng.TestNG.runSuites(TestNG.java:1049)\n\tat org.testng.TestNG.run(TestNG.java:1017)\n\tat org.apache.maven.surefire.testng.TestNGExecutor.run(TestNGExecutor.java:324)\n\tat org.apache.maven.surefire.testng.TestNGXmlTestSuite.execute(TestNGXmlTestSuite.java:74)\n\tat org.apache.maven.surefire.testng.TestNGProvider.invoke(TestNGProvider.java:123)\n\tat org.apache.maven.surefire.booter.ForkedBooter.runSuitesInProcess(ForkedBooter.java:456)\n\tat org.apache.maven.surefire.booter.ForkedBooter.execute(ForkedBooter.java:169)\n\tat org.apache.maven.surefire.booter.ForkedBooter.run(ForkedBooter.java:595)\n\tat org.apache.maven.surefire.booter.ForkedBooter.main(ForkedBooter.java:581)\nCaused by: java.lang.RuntimeException: \nCan't get WebDriver: chrome\n\tat com.epam.jdi.light.common.Exceptions.exception(Exceptions.java:35)\n\tat com.epam.jdi.light.driver.WebDriverFactory.getDriver(WebDriverFactory.java:224)\n\tat com.epam.jdi.light.driver.WebDriverFactory.getDriver(WebDriverFactory.java:214)\n\t... 28 more\nCaused by: java.lang.RuntimeException: java.lang.RuntimeException: \nFailed to run downloaded driver CHROME:X64:105.0.5195.52. Please check that your browser and driver are compatible or use local driver with 'drivers.folder' property in test.properties'.\nDriverPath: /home/runner/.cache/selenium/chromedriver/linux64/107.0.5304.62/chromedriver\n\tat com.jdiai.tools.func.JFunc1.execute(JFunc1.java:21)\n\tat com.epam.jdi.light.driver.WebDriverFactory.getDriver(WebDriverFactory.java:222)\n\t... 29 more\nCaused by: java.lang.RuntimeException: \nFailed to run downloaded driver CHROME:X64:105.0.5195.52. Please check that your browser and driver are compatible or use local driver with 'drivers.folder' property in test.properties'.\nDriverPath: /home/runner/.cache/selenium/chromedriver/linux64/107.0.5304.62/chromedriver\n\tat com.epam.jdi.light.common.Exceptions.exception(Exceptions.java:35)\n\tat com.epam.jdi.light.driver.WebDriverFactory.getDriverException(WebDriverFactory.java:143)\n\tat com.epam.jdi.light.driver.WebDriverFactory.getDriverByName(WebDriverFactory.java:127)\n\tat com.jdiai.tools.func.JFunc1.execute(JFunc1.java:19)\n\t... 30 more\nCaused by: java.lang.RuntimeException: \nCan't run and register new driver 'chrome'\n\tat com.epam.jdi.light.common.Exceptions.exception(Exceptions.java:35)\n\tat com.epam.jdi.light.driver.WebDriverFactory.registerNewDriver(WebDriverFactory.java:90)\n\tat com.epam.jdi.light.driver.WebDriverFactory.getDriverFromName(WebDriverFactory.java:158)\n\tat com.epam.jdi.light.driver.WebDriverFactory.getDriverByName(WebDriverFactory.java:125)\n\t... 31 more\nCaused by: java.lang.RuntimeException: \nFailed to get valid driver 'chrome'\n\tat com.epam.jdi.light.common.Exceptions.runtimeException(Exceptions.java:17)\n\tat com.epam.jdi.light.driver.WebDriverFactory.getValidDriver(WebDriverFactory.java:113)\n\tat com.epam.jdi.light.driver.WebDriverFactory.registerNewDriver(WebDriverFactory.java:85)\n\t... 33 more\n","flaky":false,"newFailed":false,"newBroken":false,"newPassed":false,"retriesCount":0,"retriesStatusChange":false,"beforeStages":[{"name":"setUp","time":{"start":1668597675767,"stop":1668597696952,"duration":21185},"description":"","status":"broken","statusMessage":"\nCan't get WebDriver: chrome","statusTrace":"java.lang.RuntimeException: \nCan't get WebDriver: chrome\n\tat com.epam.jdi.light.common.Exceptions.exception(Exceptions.java:35)\n\tat com.epam.jdi.light.driver.WebDriverFactory.getDriver(WebDriverFactory.java:216)\n\tat com.epam.jdi.light.elements.common.WindowsManager.setWindowName(WindowsManager.java:87)\n\tat com.epam.jdi.light.elements.common.WindowsManager.openSiteTab(WindowsManager.java:51)\n\tat com.epam.jdi.light.elements.composite.WebPage.openSite(WebPage.java:153)\n\tat org.mytests.tests.TestsInit.setUp(TestsInit.java:18)\n\tat java.base/jdk.internal.reflect.NativeMethodAccessorImpl.invoke0(Native Method)\n\tat java.base/jdk.internal.reflect.NativeMethodAccessorImpl.invoke(NativeMethodAccessorImpl.java:62)\n\tat java.base/jdk.internal.reflect.DelegatingMethodAccessorImpl.invoke(DelegatingMethodAccessorImpl.java:43)\n\tat java.base/java.lang.reflect.Method.invoke(Method.java:567)\n\tat org.testng.internal.MethodInvocationHelper.invokeMethod(MethodInvocationHelper.java:124)\n\tat org.testng.internal.MethodInvocationHelper.invokeMethodConsideringTimeout(MethodInvocationHelper.java:59)\n\tat org.testng.internal.Invoker.invokeConfigurationMethod(Invoker.java:458)\n\tat org.testng.internal.Invoker.invokeConfigurations(Invoker.java:222)\n\tat org.testng.internal.Invoker.invokeConfigurations(Invoker.java:142)\n\tat org.testng.SuiteRunner.privateRun(SuiteRunner.java:401)\n\tat org.testng.SuiteRunner.run(SuiteRunner.java:364)\n\tat org.testng.SuiteRunnerWorker.runSuite(SuiteRunnerWorker.java:52)\n\tat org.testng.SuiteRunnerWorker.run(SuiteRunnerWorker.java:84)\n\tat org.testng.TestNG.runSuitesSequentially(TestNG.java:1208)\n\tat org.testng.TestNG.runSuitesLocally(TestNG.java:1137)\n\tat org.testng.TestNG.runSuites(TestNG.java:1049)\n\tat org.testng.TestNG.run(TestNG.java:1017)\n\tat org.apache.maven.surefire.testng.TestNGExecutor.run(TestNGExecutor.java:324)\n\tat org.apache.maven.surefire.testng.TestNGXmlTestSuite.execute(TestNGXmlTestSuite.java:74)\n\tat org.apache.maven.surefire.testng.TestNGProvider.invoke(TestNGProvider.java:123)\n\tat org.apache.maven.surefire.booter.ForkedBooter.runSuitesInProcess(ForkedBooter.java:456)\n\tat org.apache.maven.surefire.booter.ForkedBooter.execute(ForkedBooter.java:169)\n\tat org.apache.maven.surefire.booter.ForkedBooter.run(ForkedBooter.java:595)\n\tat org.apache.maven.surefire.booter.ForkedBooter.main(ForkedBooter.java:581)\nCaused by: java.lang.RuntimeException: \nCan't get WebDriver: chrome\n\tat com.epam.jdi.light.common.Exceptions.exception(Exceptions.java:35)\n\tat com.epam.jdi.light.driver.WebDriverFactory.getDriver(WebDriverFactory.java:224)\n\tat com.epam.jdi.light.driver.WebDriverFactory.getDriver(WebDriverFactory.java:214)\n\t... 28 more\nCaused by: java.lang.RuntimeException: java.lang.RuntimeException: \nFailed to run downloaded driver CHROME:X64:105.0.5195.52. Please check that your browser and driver are compatible or use local driver with 'drivers.folder' property in test.properties'.\nDriverPath: /home/runner/.cache/selenium/chromedriver/linux64/107.0.5304.62/chromedriver\n\tat com.jdiai.tools.func.JFunc1.execute(JFunc1.java:21)\n\tat com.epam.jdi.light.driver.WebDriverFactory.getDriver(WebDriverFactory.java:222)\n\t... 29 more\nCaused by: java.lang.RuntimeException: \nFailed to run downloaded driver CHROME:X64:105.0.5195.52. Please check that your browser and driver are compatible or use local driver with 'drivers.folder' property in test.properties'.\nDriverPath: /home/runner/.cache/selenium/chromedriver/linux64/107.0.5304.62/chromedriver\n\tat com.epam.jdi.light.common.Exceptions.exception(Exceptions.java:35)\n\tat com.epam.jdi.light.driver.WebDriverFactory.getDriverException(WebDriverFactory.java:143)\n\tat com.epam.jdi.light.driver.WebDriverFactory.getDriverByName(WebDriverFactory.java:127)\n\tat com.jdiai.tools.func.JFunc1.execute(JFunc1.java:19)\n\t... 30 more\nCaused by: java.lang.RuntimeException: \nCan't run and register new driver 'chrome'\n\tat com.epam.jdi.light.common.Exceptions.exception(Exceptions.java:35)\n\tat com.epam.jdi.light.driver.WebDriverFactory.registerNewDriver(WebDriverFactory.java:90)\n\tat com.epam.jdi.light.driver.WebDriverFactory.getDriverFromName(WebDriverFactory.java:158)\n\tat com.epam.jdi.light.driver.WebDriverFactory.getDriverByName(WebDriverFactory.java:125)\n\t... 31 more\nCaused by: java.lang.RuntimeException: \nFailed to get valid driver 'chrome'\n\tat com.epam.jdi.light.common.Exceptions.runtimeException(Exceptions.java:17)\n\tat com.epam.jdi.light.driver.WebDriverFactory.getValidDriver(WebDriverFactory.java:113)\n\tat com.epam.jdi.light.driver.WebDriverFactory.registerNewDriver(WebDriverFactory.java:85)\n\t... 33 more\n","steps":[],"attachments":[],"parameters":[],"stepsCount":0,"attachmentsCount":0,"shouldDisplayMessage":true,"hasContent":true}],"afterStages":[{"name":"tearDown","time":{"start":1668597697438,"stop":1668597697438,"duration":0},"description":"","status":"passed","steps":[],"attachments":[],"parameters":[],"stepsCount":0,"attachmentsCount":0,"shouldDisplayMessage":false,"hasContent":false}],"labels":[{"name":"package","value":"org.mytests.tests.example.DataTableTests"},{"name":"testClass","value":"org.mytests.tests.example.DataTableTests"},{"name":"testMethod","value":"atLeastTest"},{"name":"parentSuite","value":"JDI-Light Performance"},{"name":"suite","value":"Tests"},{"name":"subSuite","value":"org.mytests.tests.example.DataTableTests"},{"name":"host","value":"fv-az216-496"},{"name":"thread","value":"3504@fv-az216-496.TestNG-test=Tests-2(37)"},{"name":"framework","value":"testng"},{"name":"language","value":"java"},{"name":"resultFormat","value":"allure2"}],"parameters":[],"links":[],"hidden":false,"retry":false,"extra":{"severity":"normal","retries":[],"categories":[],"history":{"statistic":{"failed":0,"broken":0,"skipped":59,"passed":1,"unknown":0,"total":60},"items":[{"uid":"1bc5742077cc4355","reportUrl":"https://jdi-templates.github.io/jdi-light-browserstack/13//#testresult/1bc5742077cc4355","status":"skipped","statusDetails":"\nCan't get WebDriver: chrome","time":{"start":1668597552102,"stop":1668597552102,"duration":0}},{"uid":"e9c56bdc74442ac3","reportUrl":"https://jdi-templates.github.io/jdi-light-browserstack/12//#testresult/e9c56bdc74442ac3","status":"skipped","statusDetails":"\nCan't get WebDriver: chrome","time":{"start":1668597479830,"stop":1668597479830,"duration":0}},{"uid":"436865f268da32c7","reportUrl":"https://jdi-templates.github.io/jdi-light-browserstack/13//#testresult/436865f268da32c7","status":"skipped","statusDetails":"\nCan't get WebDriver: chrome","time":{"start":1668597427764,"stop":1668597427764,"duration":0}},{"uid":"49c0d57c47aa0b10","reportUrl":"https://jdi-templates.github.io/jdi-light-browserstack/12//#testresult/49c0d57c47aa0b10","status":"skipped","statusDetails":"\nCan't get WebDriver: chrome","time":{"start":1668597399954,"stop":1668597399954,"duration":0}},{"uid":"eaffccaafe94cce7","reportUrl":"https://jdi-templates.github.io/jdi-light-browserstack/13//#testresult/eaffccaafe94cce7","status":"skipped","statusDetails":"\nCan't get WebDriver: chrome","time":{"start":1668597308580,"stop":1668597308587,"duration":7}},{"uid":"80629aa2d2468f2c","reportUrl":"https://jdi-templates.github.io/jdi-light-browserstack/12//#testresult/80629aa2d2468f2c","status":"skipped","statusDetails":"\nCan't get WebDriver: chrome","time":{"start":1668597280706,"stop":1668597280706,"duration":0}},{"uid":"5b36ffc2997f403","reportUrl":"https://jdi-templates.github.io/jdi-light-browserstack/13//#testresult/5b36ffc2997f403","status":"skipped","statusDetails":"\nCan't get WebDriver: chrome","time":{"start":1668597170142,"stop":1668597170142,"duration":0}},{"uid":"c524013c66cf9abf","reportUrl":"https://jdi-templates.github.io/jdi-light-browserstack/13//#testresult/c524013c66cf9abf","status":"skipped","statusDetails":"\nCan't get WebDriver: chrome","time":{"start":1668597037150,"stop":1668597037150,"duration":0}},{"uid":"6bdf1b6eb99b351b","reportUrl":"https://jdi-templates.github.io/jdi-light-browserstack/12//#testresult/6bdf1b6eb99b351b","status":"skipped","statusDetails":"\nCan't get WebDriver: chrome","time":{"start":1668596949408,"stop":1668596949411,"duration":3}},{"uid":"222734b613518c1c","reportUrl":"https://jdi-templates.github.io/jdi-light-browserstack/12//#testresult/222734b613518c1c","status":"skipped","statusDetails":"\nCan't get WebDriver: chrome","time":{"start":1668596827280,"stop":1668596827280,"duration":0}},{"uid":"cb28f9504795e25f","reportUrl":"https://jdi-templates.github.io/jdi-light-browserstack/12//#testresult/cb28f9504795e25f","status":"skipped","statusDetails":"\nCan't get WebDriver: chrome","time":{"start":1668596704494,"stop":1668596704494,"duration":0}},{"uid":"524f5175708d2cce","reportUrl":"https://jdi-templates.github.io/jdi-light-browserstack/9//#testresult/524f5175708d2cce","status":"skipped","statusDetails":"\nCan't get WebDriver: chrome","time":{"start":1668593122309,"stop":1668593122309,"duration":0}},{"uid":"8a97df10d6301a15","reportUrl":"https://jdi-templates.github.io/jdi-light-browserstack/9//#testresult/8a97df10d6301a15","status":"skipped","statusDetails":"\nCan't get WebDriver: chrome","time":{"start":1668593016855,"stop":1668593016855,"duration":0}},{"uid":"d7f84df40a75f48d","reportUrl":"https://jdi-templates.github.io/jdi-light-browserstack/9//#testresult/d7f84df40a75f48d","status":"skipped","statusDetails":"\nCan't get WebDriver: chrome","time":{"start":1668592897687,"stop":1668592897687,"duration":0}},{"uid":"cbda21de2894e9d4","reportUrl":"https://jdi-templates.github.io/jdi-light-browserstack/9//#testresult/cbda21de2894e9d4","status":"skipped","statusDetails":"\nCan't get WebDriver: chrome","time":{"start":1668592776525,"stop":1668592776526,"duration":1}},{"uid":"b6f05621a31ad48","reportUrl":"https://jdi-templates.github.io/jdi-light-browserstack/9//#testresult/b6f05621a31ad48","status":"skipped","statusDetails":"\nCan't get WebDriver: chrome","time":{"start":1668592658872,"stop":1668592658873,"duration":1}},{"uid":"b737be9e1fb5823b","reportUrl":"https://jdi-templates.github.io/jdi-light-browserstack/9//#testresult/b737be9e1fb5823b","status":"skipped","statusDetails":"\nCan't get WebDriver: chrome","time":{"start":1668592551393,"stop":1668592551393,"duration":0}},{"uid":"143db6e02dc5682f","reportUrl":"https://jdi-templates.github.io/jdi-light-browserstack/9//#testresult/143db6e02dc5682f","status":"skipped","statusDetails":"\nCan't get WebDriver: chrome","time":{"start":1668592443210,"stop":1668592443210,"duration":0}},{"uid":"e910ea119fcf95b9","reportUrl":"https://jdi-templates.github.io/jdi-light-browserstack/8//#testresult/e910ea119fcf95b9","status":"skipped","statusDetails":"\nCan't get WebDriver: chrome","time":{"start":1668592425403,"stop":1668592425403,"duration":0}},{"uid":"369c6f913d17e556","reportUrl":"https://jdi-templates.github.io/jdi-light-browserstack/9//#testresult/369c6f913d17e556","status":"skipped","statusDetails":"\nCan't get WebDriver: chrome","time":{"start":1668592330567,"stop":1668592330567,"duration":0}}]},"tags":[]},"source":"b0e731930ec94855.json","parameterValues":[]}