{"uid":"b7fbb46c8188cacb","name":"noRowsTest","fullName":"org.mytests.tests.example.DataTableTests.noRowsTest","historyId":"f6c5a72b92e5f310821d8e65d18312f","time":{"start":1668597849037,"stop":1668597849038,"duration":1},"status":"skipped","statusMessage":"\nCan't get WebDriver: chrome","statusTrace":"java.lang.RuntimeException: \nCan't get WebDriver: chrome\n\tat com.epam.jdi.light.common.Exceptions.exception(Exceptions.java:35)\n\tat com.epam.jdi.light.driver.WebDriverFactory.getDriver(WebDriverFactory.java:216)\n\tat com.epam.jdi.light.elements.common.WindowsManager.setWindowName(WindowsManager.java:87)\n\tat com.epam.jdi.light.elements.common.WindowsManager.openSiteTab(WindowsManager.java:51)\n\tat com.epam.jdi.light.elements.composite.WebPage.openSite(WebPage.java:153)\n\tat org.mytests.tests.TestsInit.setUp(TestsInit.java:18)\n\tat java.base/jdk.internal.reflect.NativeMethodAccessorImpl.invoke0(Native Method)\n\tat java.base/jdk.internal.reflect.NativeMethodAccessorImpl.invoke(NativeMethodAccessorImpl.java:62)\n\tat java.base/jdk.internal.reflect.DelegatingMethodAccessorImpl.invoke(DelegatingMethodAccessorImpl.java:43)\n\tat java.base/java.lang.reflect.Method.invoke(Method.java:564)\n\tat org.testng.internal.MethodInvocationHelper.invokeMethod(MethodInvocationHelper.java:124)\n\tat org.testng.internal.MethodInvocationHelper.invokeMethodConsideringTimeout(MethodInvocationHelper.java:59)\n\tat org.testng.internal.Invoker.invokeConfigurationMethod(Invoker.java:458)\n\tat org.testng.internal.Invoker.invokeConfigurations(Invoker.java:222)\n\tat org.testng.internal.Invoker.invokeConfigurations(Invoker.java:142)\n\tat org.testng.SuiteRunner.privateRun(SuiteRunner.java:401)\n\tat org.testng.SuiteRunner.run(SuiteRunner.java:364)\n\tat org.testng.SuiteRunnerWorker.runSuite(SuiteRunnerWorker.java:52)\n\tat org.testng.SuiteRunnerWorker.run(SuiteRunnerWorker.java:84)\n\tat org.testng.TestNG.runSuitesSequentially(TestNG.java:1208)\n\tat org.testng.TestNG.runSuitesLocally(TestNG.java:1137)\n\tat org.testng.TestNG.runSuites(TestNG.java:1049)\n\tat org.testng.TestNG.run(TestNG.java:1017)\n\tat org.apache.maven.surefire.testng.TestNGExecutor.run(TestNGExecutor.java:324)\n\tat org.apache.maven.surefire.testng.TestNGXmlTestSuite.execute(TestNGXmlTestSuite.java:74)\n\tat org.apache.maven.surefire.testng.TestNGProvider.invoke(TestNGProvider.java:123)\n\tat org.apache.maven.surefire.booter.ForkedBooter.runSuitesInProcess(ForkedBooter.java:456)\n\tat org.apache.maven.surefire.booter.ForkedBooter.execute(ForkedBooter.java:169)\n\tat org.apache.maven.surefire.booter.ForkedBooter.run(ForkedBooter.java:595)\n\tat org.apache.maven.surefire.booter.ForkedBooter.main(ForkedBooter.java:581)\nCaused by: java.lang.RuntimeException: \nCan't get WebDriver: chrome\n\tat com.epam.jdi.light.common.Exceptions.exception(Exceptions.java:35)\n\tat com.epam.jdi.light.driver.WebDriverFactory.getDriver(WebDriverFactory.java:224)\n\tat com.epam.jdi.light.driver.WebDriverFactory.getDriver(WebDriverFactory.java:214)\n\t... 28 more\nCaused by: java.lang.RuntimeException: java.lang.RuntimeException: \nFailed to run downloaded driver CHROME:X64:105.0.5195.52. Please check that your browser and driver are compatible or use local driver with 'drivers.folder' property in test.properties'.\nDriverPath: /home/runner/.cache/selenium/chromedriver/linux64/107.0.5304.62/chromedriver\n\tat com.jdiai.tools.func.JFunc1.execute(JFunc1.java:21)\n\tat com.epam.jdi.light.driver.WebDriverFactory.getDriver(WebDriverFactory.java:222)\n\t... 29 more\nCaused by: java.lang.RuntimeException: \nFailed to run downloaded driver CHROME:X64:105.0.5195.52. Please check that your browser and driver are compatible or use local driver with 'drivers.folder' property in test.properties'.\nDriverPath: /home/runner/.cache/selenium/chromedriver/linux64/107.0.5304.62/chromedriver\n\tat com.epam.jdi.light.common.Exceptions.exception(Exceptions.java:35)\n\tat com.epam.jdi.light.driver.WebDriverFactory.getDriverException(WebDriverFactory.java:143)\n\tat com.epam.jdi.light.driver.WebDriverFactory.getDriverByName(WebDriverFactory.java:127)\n\tat com.jdiai.tools.func.JFunc1.execute(JFunc1.java:19)\n\t... 30 more\nCaused by: java.lang.RuntimeException: \nCan't run and register new driver 'chrome'\n\tat com.epam.jdi.light.common.Exceptions.exception(Exceptions.java:35)\n\tat com.epam.jdi.light.driver.WebDriverFactory.registerNewDriver(WebDriverFactory.java:90)\n\tat com.epam.jdi.light.driver.WebDriverFactory.getDriverFromName(WebDriverFactory.java:158)\n\tat com.epam.jdi.light.driver.WebDriverFactory.getDriverByName(WebDriverFactory.java:125)\n\t... 31 more\nCaused by: java.lang.RuntimeException: \nFailed to get valid driver 'chrome'\n\tat com.epam.jdi.light.common.Exceptions.runtimeException(Exceptions.java:17)\n\tat com.epam.jdi.light.driver.WebDriverFactory.getValidDriver(WebDriverFactory.java:113)\n\tat com.epam.jdi.light.driver.WebDriverFactory.registerNewDriver(WebDriverFactory.java:85)\n\t... 33 more\n","flaky":false,"newFailed":false,"newBroken":false,"newPassed":false,"retriesCount":0,"retriesStatusChange":false,"beforeStages":[{"name":"setUp","time":{"start":1668597832303,"stop":1668597848607,"duration":16304},"description":"","status":"broken","statusMessage":"\nCan't get WebDriver: chrome","statusTrace":"java.lang.RuntimeException: \nCan't get WebDriver: chrome\n\tat com.epam.jdi.light.common.Exceptions.exception(Exceptions.java:35)\n\tat com.epam.jdi.light.driver.WebDriverFactory.getDriver(WebDriverFactory.java:216)\n\tat com.epam.jdi.light.elements.common.WindowsManager.setWindowName(WindowsManager.java:87)\n\tat com.epam.jdi.light.elements.common.WindowsManager.openSiteTab(WindowsManager.java:51)\n\tat com.epam.jdi.light.elements.composite.WebPage.openSite(WebPage.java:153)\n\tat org.mytests.tests.TestsInit.setUp(TestsInit.java:18)\n\tat java.base/jdk.internal.reflect.NativeMethodAccessorImpl.invoke0(Native Method)\n\tat java.base/jdk.internal.reflect.NativeMethodAccessorImpl.invoke(NativeMethodAccessorImpl.java:62)\n\tat java.base/jdk.internal.reflect.DelegatingMethodAccessorImpl.invoke(DelegatingMethodAccessorImpl.java:43)\n\tat java.base/java.lang.reflect.Method.invoke(Method.java:564)\n\tat org.testng.internal.MethodInvocationHelper.invokeMethod(MethodInvocationHelper.java:124)\n\tat org.testng.internal.MethodInvocationHelper.invokeMethodConsideringTimeout(MethodInvocationHelper.java:59)\n\tat org.testng.internal.Invoker.invokeConfigurationMethod(Invoker.java:458)\n\tat org.testng.internal.Invoker.invokeConfigurations(Invoker.java:222)\n\tat org.testng.internal.Invoker.invokeConfigurations(Invoker.java:142)\n\tat org.testng.SuiteRunner.privateRun(SuiteRunner.java:401)\n\tat org.testng.SuiteRunner.run(SuiteRunner.java:364)\n\tat org.testng.SuiteRunnerWorker.runSuite(SuiteRunnerWorker.java:52)\n\tat org.testng.SuiteRunnerWorker.run(SuiteRunnerWorker.java:84)\n\tat org.testng.TestNG.runSuitesSequentially(TestNG.java:1208)\n\tat org.testng.TestNG.runSuitesLocally(TestNG.java:1137)\n\tat org.testng.TestNG.runSuites(TestNG.java:1049)\n\tat org.testng.TestNG.run(TestNG.java:1017)\n\tat org.apache.maven.surefire.testng.TestNGExecutor.run(TestNGExecutor.java:324)\n\tat org.apache.maven.surefire.testng.TestNGXmlTestSuite.execute(TestNGXmlTestSuite.java:74)\n\tat org.apache.maven.surefire.testng.TestNGProvider.invoke(TestNGProvider.java:123)\n\tat org.apache.maven.surefire.booter.ForkedBooter.runSuitesInProcess(ForkedBooter.java:456)\n\tat org.apache.maven.surefire.booter.ForkedBooter.execute(ForkedBooter.java:169)\n\tat org.apache.maven.surefire.booter.ForkedBooter.run(ForkedBooter.java:595)\n\tat org.apache.maven.surefire.booter.ForkedBooter.main(ForkedBooter.java:581)\nCaused by: java.lang.RuntimeException: \nCan't get WebDriver: chrome\n\tat com.epam.jdi.light.common.Exceptions.exception(Exceptions.java:35)\n\tat com.epam.jdi.light.driver.WebDriverFactory.getDriver(WebDriverFactory.java:224)\n\tat com.epam.jdi.light.driver.WebDriverFactory.getDriver(WebDriverFactory.java:214)\n\t... 28 more\nCaused by: java.lang.RuntimeException: java.lang.RuntimeException: \nFailed to run downloaded driver CHROME:X64:105.0.5195.52. Please check that your browser and driver are compatible or use local driver with 'drivers.folder' property in test.properties'.\nDriverPath: /home/runner/.cache/selenium/chromedriver/linux64/107.0.5304.62/chromedriver\n\tat com.jdiai.tools.func.JFunc1.execute(JFunc1.java:21)\n\tat com.epam.jdi.light.driver.WebDriverFactory.getDriver(WebDriverFactory.java:222)\n\t... 29 more\nCaused by: java.lang.RuntimeException: \nFailed to run downloaded driver CHROME:X64:105.0.5195.52. Please check that your browser and driver are compatible or use local driver with 'drivers.folder' property in test.properties'.\nDriverPath: /home/runner/.cache/selenium/chromedriver/linux64/107.0.5304.62/chromedriver\n\tat com.epam.jdi.light.common.Exceptions.exception(Exceptions.java:35)\n\tat com.epam.jdi.light.driver.WebDriverFactory.getDriverException(WebDriverFactory.java:143)\n\tat com.epam.jdi.light.driver.WebDriverFactory.getDriverByName(WebDriverFactory.java:127)\n\tat com.jdiai.tools.func.JFunc1.execute(JFunc1.java:19)\n\t... 30 more\nCaused by: java.lang.RuntimeException: \nCan't run and register new driver 'chrome'\n\tat com.epam.jdi.light.common.Exceptions.exception(Exceptions.java:35)\n\tat com.epam.jdi.light.driver.WebDriverFactory.registerNewDriver(WebDriverFactory.java:90)\n\tat com.epam.jdi.light.driver.WebDriverFactory.getDriverFromName(WebDriverFactory.java:158)\n\tat com.epam.jdi.light.driver.WebDriverFactory.getDriverByName(WebDriverFactory.java:125)\n\t... 31 more\nCaused by: java.lang.RuntimeException: \nFailed to get valid driver 'chrome'\n\tat com.epam.jdi.light.common.Exceptions.runtimeException(Exceptions.java:17)\n\tat com.epam.jdi.light.driver.WebDriverFactory.getValidDriver(WebDriverFactory.java:113)\n\tat com.epam.jdi.light.driver.WebDriverFactory.registerNewDriver(WebDriverFactory.java:85)\n\t... 33 more\n","steps":[],"attachments":[],"parameters":[],"stepsCount":0,"attachmentsCount":0,"shouldDisplayMessage":true,"hasContent":true}],"afterStages":[{"name":"tearDown","time":{"start":1668597849100,"stop":1668597849100,"duration":0},"description":"","status":"passed","steps":[],"attachments":[],"parameters":[],"stepsCount":0,"attachmentsCount":0,"shouldDisplayMessage":false,"hasContent":false}],"labels":[{"name":"package","value":"org.mytests.tests.example.DataTableTests"},{"name":"testClass","value":"org.mytests.tests.example.DataTableTests"},{"name":"testMethod","value":"noRowsTest"},{"name":"parentSuite","value":"JDI-Light Performance"},{"name":"suite","value":"Tests"},{"name":"subSuite","value":"org.mytests.tests.example.DataTableTests"},{"name":"host","value":"fv-az236-68"},{"name":"thread","value":"3629@fv-az236-68.TestNG-test=Tests-2(38)"},{"name":"framework","value":"testng"},{"name":"language","value":"java"},{"name":"resultFormat","value":"allure2"}],"parameters":[],"links":[],"hidden":false,"retry":false,"extra":{"severity":"normal","retries":[],"categories":[],"history":{"statistic":{"failed":0,"broken":0,"skipped":60,"passed":1,"unknown":0,"total":61},"items":[{"uid":"229a51e2ede2dd67","reportUrl":"https://jdi-templates.github.io/jdi-light-browserstack/13//#testresult/229a51e2ede2dd67","status":"skipped","statusDetails":"\nCan't get WebDriver: chrome","time":{"start":1668597697374,"stop":1668597697375,"duration":1}},{"uid":"25283e1cb31596a8","reportUrl":"https://jdi-templates.github.io/jdi-light-browserstack/13//#testresult/25283e1cb31596a8","status":"skipped","statusDetails":"\nCan't get WebDriver: chrome","time":{"start":1668597552155,"stop":1668597552156,"duration":1}},{"uid":"ea234b75e05d25f8","reportUrl":"https://jdi-templates.github.io/jdi-light-browserstack/12//#testresult/ea234b75e05d25f8","status":"skipped","statusDetails":"\nCan't get WebDriver: chrome","time":{"start":1668597479873,"stop":1668597479873,"duration":0}},{"uid":"8b50ae1a71d17795","reportUrl":"https://jdi-templates.github.io/jdi-light-browserstack/13//#testresult/8b50ae1a71d17795","status":"skipped","statusDetails":"\nCan't get WebDriver: chrome","time":{"start":1668597427797,"stop":1668597427797,"duration":0}},{"uid":"736220df195c734f","reportUrl":"https://jdi-templates.github.io/jdi-light-browserstack/12//#testresult/736220df195c734f","status":"skipped","statusDetails":"\nCan't get WebDriver: chrome","time":{"start":1668597399986,"stop":1668597399986,"duration":0}},{"uid":"851995c6fd8d3e14","reportUrl":"https://jdi-templates.github.io/jdi-light-browserstack/13//#testresult/851995c6fd8d3e14","status":"skipped","statusDetails":"\nCan't get WebDriver: chrome","time":{"start":1668597308631,"stop":1668597308631,"duration":0}},{"uid":"6a683fc1e3e08cc1","reportUrl":"https://jdi-templates.github.io/jdi-light-browserstack/12//#testresult/6a683fc1e3e08cc1","status":"skipped","statusDetails":"\nCan't get WebDriver: chrome","time":{"start":1668597280764,"stop":1668597280764,"duration":0}},{"uid":"35d1b23f0530a3bc","reportUrl":"https://jdi-templates.github.io/jdi-light-browserstack/13//#testresult/35d1b23f0530a3bc","status":"skipped","statusDetails":"\nCan't get WebDriver: chrome","time":{"start":1668597170184,"stop":1668597170184,"duration":0}},{"uid":"a320c8f0a03a44f4","reportUrl":"https://jdi-templates.github.io/jdi-light-browserstack/13//#testresult/a320c8f0a03a44f4","status":"skipped","statusDetails":"\nCan't get WebDriver: chrome","time":{"start":1668597037204,"stop":1668597037204,"duration":0}},{"uid":"b7ba81cb344c626f","reportUrl":"https://jdi-templates.github.io/jdi-light-browserstack/12//#testresult/b7ba81cb344c626f","status":"skipped","statusDetails":"\nCan't get WebDriver: chrome","time":{"start":1668596949469,"stop":1668596949469,"duration":0}},{"uid":"8f805a32466403e2","reportUrl":"https://jdi-templates.github.io/jdi-light-browserstack/12//#testresult/8f805a32466403e2","status":"skipped","statusDetails":"\nCan't get WebDriver: chrome","time":{"start":1668596827364,"stop":1668596827364,"duration":0}},{"uid":"74e0155e94f078b4","reportUrl":"https://jdi-templates.github.io/jdi-light-browserstack/12//#testresult/74e0155e94f078b4","status":"skipped","statusDetails":"\nCan't get WebDriver: chrome","time":{"start":1668596704550,"stop":1668596704550,"duration":0}},{"uid":"e3d0e99912764f17","reportUrl":"https://jdi-templates.github.io/jdi-light-browserstack/9//#testresult/e3d0e99912764f17","status":"skipped","statusDetails":"\nCan't get WebDriver: chrome","time":{"start":1668593122359,"stop":1668593122359,"duration":0}},{"uid":"5b3136fddd155106","reportUrl":"https://jdi-templates.github.io/jdi-light-browserstack/9//#testresult/5b3136fddd155106","status":"skipped","statusDetails":"\nCan't get WebDriver: chrome","time":{"start":1668593016889,"stop":1668593016889,"duration":0}},{"uid":"f55c7feffd222738","reportUrl":"https://jdi-templates.github.io/jdi-light-browserstack/9//#testresult/f55c7feffd222738","status":"skipped","statusDetails":"\nCan't get WebDriver: chrome","time":{"start":1668592897745,"stop":1668592897745,"duration":0}},{"uid":"3f82b1922127725a","reportUrl":"https://jdi-templates.github.io/jdi-light-browserstack/9//#testresult/3f82b1922127725a","status":"skipped","statusDetails":"\nCan't get WebDriver: chrome","time":{"start":1668592776600,"stop":1668592776600,"duration":0}},{"uid":"84da88ab8ea9e493","reportUrl":"https://jdi-templates.github.io/jdi-light-browserstack/9//#testresult/84da88ab8ea9e493","status":"skipped","statusDetails":"\nCan't get WebDriver: chrome","time":{"start":1668592658927,"stop":1668592658928,"duration":1}},{"uid":"90b3b67c5cbfe807","reportUrl":"https://jdi-templates.github.io/jdi-light-browserstack/9//#testresult/90b3b67c5cbfe807","status":"skipped","statusDetails":"\nCan't get WebDriver: chrome","time":{"start":1668592551466,"stop":1668592551466,"duration":0}},{"uid":"2f72d336007cc7ec","reportUrl":"https://jdi-templates.github.io/jdi-light-browserstack/9//#testresult/2f72d336007cc7ec","status":"skipped","statusDetails":"\nCan't get WebDriver: chrome","time":{"start":1668592443267,"stop":1668592443267,"duration":0}},{"uid":"4b51c28fd5547740","reportUrl":"https://jdi-templates.github.io/jdi-light-browserstack/8//#testresult/4b51c28fd5547740","status":"skipped","statusDetails":"\nCan't get WebDriver: chrome","time":{"start":1668592425481,"stop":1668592425481,"duration":0}}]},"tags":[]},"source":"b7fbb46c8188cacb.json","parameterValues":[]}