{"uid":"b8cdb53afafdc076","name":"hugeTableSearchTest","fullName":"org.mytests.tests.example.JDIPerformanceTests.hugeTableSearchTest","historyId":"93e31f73cc9d39e058f98fba52500174","time":{"start":1668597697332,"stop":1668597697332,"duration":0},"status":"skipped","statusMessage":"\nCan't get WebDriver: chrome","statusTrace":"java.lang.RuntimeException: \nCan't get WebDriver: chrome\n\tat com.epam.jdi.light.common.Exceptions.exception(Exceptions.java:35)\n\tat com.epam.jdi.light.driver.WebDriverFactory.getDriver(WebDriverFactory.java:216)\n\tat com.epam.jdi.light.elements.common.WindowsManager.setWindowName(WindowsManager.java:87)\n\tat com.epam.jdi.light.elements.common.WindowsManager.openSiteTab(WindowsManager.java:51)\n\tat com.epam.jdi.light.elements.composite.WebPage.openSite(WebPage.java:153)\n\tat org.mytests.tests.TestsInit.setUp(TestsInit.java:18)\n\tat java.base/jdk.internal.reflect.NativeMethodAccessorImpl.invoke0(Native Method)\n\tat java.base/jdk.internal.reflect.NativeMethodAccessorImpl.invoke(NativeMethodAccessorImpl.java:62)\n\tat java.base/jdk.internal.reflect.DelegatingMethodAccessorImpl.invoke(DelegatingMethodAccessorImpl.java:43)\n\tat java.base/java.lang.reflect.Method.invoke(Method.java:567)\n\tat org.testng.internal.MethodInvocationHelper.invokeMethod(MethodInvocationHelper.java:124)\n\tat org.testng.internal.MethodInvocationHelper.invokeMethodConsideringTimeout(MethodInvocationHelper.java:59)\n\tat org.testng.internal.Invoker.invokeConfigurationMethod(Invoker.java:458)\n\tat org.testng.internal.Invoker.invokeConfigurations(Invoker.java:222)\n\tat org.testng.internal.Invoker.invokeConfigurations(Invoker.java:142)\n\tat org.testng.SuiteRunner.privateRun(SuiteRunner.java:401)\n\tat org.testng.SuiteRunner.run(SuiteRunner.java:364)\n\tat org.testng.SuiteRunnerWorker.runSuite(SuiteRunnerWorker.java:52)\n\tat org.testng.SuiteRunnerWorker.run(SuiteRunnerWorker.java:84)\n\tat org.testng.TestNG.runSuitesSequentially(TestNG.java:1208)\n\tat org.testng.TestNG.runSuitesLocally(TestNG.java:1137)\n\tat org.testng.TestNG.runSuites(TestNG.java:1049)\n\tat org.testng.TestNG.run(TestNG.java:1017)\n\tat org.apache.maven.surefire.testng.TestNGExecutor.run(TestNGExecutor.java:324)\n\tat org.apache.maven.surefire.testng.TestNGXmlTestSuite.execute(TestNGXmlTestSuite.java:74)\n\tat org.apache.maven.surefire.testng.TestNGProvider.invoke(TestNGProvider.java:123)\n\tat org.apache.maven.surefire.booter.ForkedBooter.runSuitesInProcess(ForkedBooter.java:456)\n\tat org.apache.maven.surefire.booter.ForkedBooter.execute(ForkedBooter.java:169)\n\tat org.apache.maven.surefire.booter.ForkedBooter.run(ForkedBooter.java:595)\n\tat org.apache.maven.surefire.booter.ForkedBooter.main(ForkedBooter.java:581)\nCaused by: java.lang.RuntimeException: \nCan't get WebDriver: chrome\n\tat com.epam.jdi.light.common.Exceptions.exception(Exceptions.java:35)\n\tat com.epam.jdi.light.driver.WebDriverFactory.getDriver(WebDriverFactory.java:224)\n\tat com.epam.jdi.light.driver.WebDriverFactory.getDriver(WebDriverFactory.java:214)\n\t... 28 more\nCaused by: java.lang.RuntimeException: java.lang.RuntimeException: \nFailed to run downloaded driver CHROME:X64:105.0.5195.52. Please check that your browser and driver are compatible or use local driver with 'drivers.folder' property in test.properties'.\nDriverPath: /home/runner/.cache/selenium/chromedriver/linux64/107.0.5304.62/chromedriver\n\tat com.jdiai.tools.func.JFunc1.execute(JFunc1.java:21)\n\tat com.epam.jdi.light.driver.WebDriverFactory.getDriver(WebDriverFactory.java:222)\n\t... 29 more\nCaused by: java.lang.RuntimeException: \nFailed to run downloaded driver CHROME:X64:105.0.5195.52. Please check that your browser and driver are compatible or use local driver with 'drivers.folder' property in test.properties'.\nDriverPath: /home/runner/.cache/selenium/chromedriver/linux64/107.0.5304.62/chromedriver\n\tat com.epam.jdi.light.common.Exceptions.exception(Exceptions.java:35)\n\tat com.epam.jdi.light.driver.WebDriverFactory.getDriverException(WebDriverFactory.java:143)\n\tat com.epam.jdi.light.driver.WebDriverFactory.getDriverByName(WebDriverFactory.java:127)\n\tat com.jdiai.tools.func.JFunc1.execute(JFunc1.java:19)\n\t... 30 more\nCaused by: java.lang.RuntimeException: \nCan't run and register new driver 'chrome'\n\tat com.epam.jdi.light.common.Exceptions.exception(Exceptions.java:35)\n\tat com.epam.jdi.light.driver.WebDriverFactory.registerNewDriver(WebDriverFactory.java:90)\n\tat com.epam.jdi.light.driver.WebDriverFactory.getDriverFromName(WebDriverFactory.java:158)\n\tat com.epam.jdi.light.driver.WebDriverFactory.getDriverByName(WebDriverFactory.java:125)\n\t... 31 more\nCaused by: java.lang.RuntimeException: \nFailed to get valid driver 'chrome'\n\tat com.epam.jdi.light.common.Exceptions.runtimeException(Exceptions.java:17)\n\tat com.epam.jdi.light.driver.WebDriverFactory.getValidDriver(WebDriverFactory.java:113)\n\tat com.epam.jdi.light.driver.WebDriverFactory.registerNewDriver(WebDriverFactory.java:85)\n\t... 33 more\n","flaky":false,"newFailed":false,"newBroken":false,"newPassed":false,"retriesCount":0,"retriesStatusChange":false,"beforeStages":[{"name":"setUp","time":{"start":1668597675767,"stop":1668597696952,"duration":21185},"description":"","status":"broken","statusMessage":"\nCan't get WebDriver: chrome","statusTrace":"java.lang.RuntimeException: \nCan't get WebDriver: chrome\n\tat com.epam.jdi.light.common.Exceptions.exception(Exceptions.java:35)\n\tat com.epam.jdi.light.driver.WebDriverFactory.getDriver(WebDriverFactory.java:216)\n\tat com.epam.jdi.light.elements.common.WindowsManager.setWindowName(WindowsManager.java:87)\n\tat com.epam.jdi.light.elements.common.WindowsManager.openSiteTab(WindowsManager.java:51)\n\tat com.epam.jdi.light.elements.composite.WebPage.openSite(WebPage.java:153)\n\tat org.mytests.tests.TestsInit.setUp(TestsInit.java:18)\n\tat java.base/jdk.internal.reflect.NativeMethodAccessorImpl.invoke0(Native Method)\n\tat java.base/jdk.internal.reflect.NativeMethodAccessorImpl.invoke(NativeMethodAccessorImpl.java:62)\n\tat java.base/jdk.internal.reflect.DelegatingMethodAccessorImpl.invoke(DelegatingMethodAccessorImpl.java:43)\n\tat java.base/java.lang.reflect.Method.invoke(Method.java:567)\n\tat org.testng.internal.MethodInvocationHelper.invokeMethod(MethodInvocationHelper.java:124)\n\tat org.testng.internal.MethodInvocationHelper.invokeMethodConsideringTimeout(MethodInvocationHelper.java:59)\n\tat org.testng.internal.Invoker.invokeConfigurationMethod(Invoker.java:458)\n\tat org.testng.internal.Invoker.invokeConfigurations(Invoker.java:222)\n\tat org.testng.internal.Invoker.invokeConfigurations(Invoker.java:142)\n\tat org.testng.SuiteRunner.privateRun(SuiteRunner.java:401)\n\tat org.testng.SuiteRunner.run(SuiteRunner.java:364)\n\tat org.testng.SuiteRunnerWorker.runSuite(SuiteRunnerWorker.java:52)\n\tat org.testng.SuiteRunnerWorker.run(SuiteRunnerWorker.java:84)\n\tat org.testng.TestNG.runSuitesSequentially(TestNG.java:1208)\n\tat org.testng.TestNG.runSuitesLocally(TestNG.java:1137)\n\tat org.testng.TestNG.runSuites(TestNG.java:1049)\n\tat org.testng.TestNG.run(TestNG.java:1017)\n\tat org.apache.maven.surefire.testng.TestNGExecutor.run(TestNGExecutor.java:324)\n\tat org.apache.maven.surefire.testng.TestNGXmlTestSuite.execute(TestNGXmlTestSuite.java:74)\n\tat org.apache.maven.surefire.testng.TestNGProvider.invoke(TestNGProvider.java:123)\n\tat org.apache.maven.surefire.booter.ForkedBooter.runSuitesInProcess(ForkedBooter.java:456)\n\tat org.apache.maven.surefire.booter.ForkedBooter.execute(ForkedBooter.java:169)\n\tat org.apache.maven.surefire.booter.ForkedBooter.run(ForkedBooter.java:595)\n\tat org.apache.maven.surefire.booter.ForkedBooter.main(ForkedBooter.java:581)\nCaused by: java.lang.RuntimeException: \nCan't get WebDriver: chrome\n\tat com.epam.jdi.light.common.Exceptions.exception(Exceptions.java:35)\n\tat com.epam.jdi.light.driver.WebDriverFactory.getDriver(WebDriverFactory.java:224)\n\tat com.epam.jdi.light.driver.WebDriverFactory.getDriver(WebDriverFactory.java:214)\n\t... 28 more\nCaused by: java.lang.RuntimeException: java.lang.RuntimeException: \nFailed to run downloaded driver CHROME:X64:105.0.5195.52. Please check that your browser and driver are compatible or use local driver with 'drivers.folder' property in test.properties'.\nDriverPath: /home/runner/.cache/selenium/chromedriver/linux64/107.0.5304.62/chromedriver\n\tat com.jdiai.tools.func.JFunc1.execute(JFunc1.java:21)\n\tat com.epam.jdi.light.driver.WebDriverFactory.getDriver(WebDriverFactory.java:222)\n\t... 29 more\nCaused by: java.lang.RuntimeException: \nFailed to run downloaded driver CHROME:X64:105.0.5195.52. Please check that your browser and driver are compatible or use local driver with 'drivers.folder' property in test.properties'.\nDriverPath: /home/runner/.cache/selenium/chromedriver/linux64/107.0.5304.62/chromedriver\n\tat com.epam.jdi.light.common.Exceptions.exception(Exceptions.java:35)\n\tat com.epam.jdi.light.driver.WebDriverFactory.getDriverException(WebDriverFactory.java:143)\n\tat com.epam.jdi.light.driver.WebDriverFactory.getDriverByName(WebDriverFactory.java:127)\n\tat com.jdiai.tools.func.JFunc1.execute(JFunc1.java:19)\n\t... 30 more\nCaused by: java.lang.RuntimeException: \nCan't run and register new driver 'chrome'\n\tat com.epam.jdi.light.common.Exceptions.exception(Exceptions.java:35)\n\tat com.epam.jdi.light.driver.WebDriverFactory.registerNewDriver(WebDriverFactory.java:90)\n\tat com.epam.jdi.light.driver.WebDriverFactory.getDriverFromName(WebDriverFactory.java:158)\n\tat com.epam.jdi.light.driver.WebDriverFactory.getDriverByName(WebDriverFactory.java:125)\n\t... 31 more\nCaused by: java.lang.RuntimeException: \nFailed to get valid driver 'chrome'\n\tat com.epam.jdi.light.common.Exceptions.runtimeException(Exceptions.java:17)\n\tat com.epam.jdi.light.driver.WebDriverFactory.getValidDriver(WebDriverFactory.java:113)\n\tat com.epam.jdi.light.driver.WebDriverFactory.registerNewDriver(WebDriverFactory.java:85)\n\t... 33 more\n","steps":[],"attachments":[],"parameters":[],"stepsCount":0,"attachmentsCount":0,"shouldDisplayMessage":true,"hasContent":true}],"afterStages":[{"name":"tearDown","time":{"start":1668597697379,"stop":1668597697379,"duration":0},"description":"","status":"passed","steps":[],"attachments":[],"parameters":[],"stepsCount":0,"attachmentsCount":0,"shouldDisplayMessage":false,"hasContent":false}],"labels":[{"name":"package","value":"org.mytests.tests.example.JDIPerformanceTests"},{"name":"testClass","value":"org.mytests.tests.example.JDIPerformanceTests"},{"name":"testMethod","value":"hugeTableSearchTest"},{"name":"parentSuite","value":"JDI-Light Performance"},{"name":"suite","value":"Tests"},{"name":"subSuite","value":"org.mytests.tests.example.JDIPerformanceTests"},{"name":"host","value":"fv-az216-496"},{"name":"thread","value":"3504@fv-az216-496.TestNG-test=Tests-4(39)"},{"name":"framework","value":"testng"},{"name":"language","value":"java"},{"name":"resultFormat","value":"allure2"}],"parameters":[],"links":[],"hidden":false,"retry":false,"extra":{"severity":"normal","retries":[],"categories":[],"history":{"statistic":{"failed":0,"broken":0,"skipped":59,"passed":1,"unknown":0,"total":60},"items":[{"uid":"34d1561eab48ca9","reportUrl":"https://jdi-templates.github.io/jdi-light-browserstack/13//#testresult/34d1561eab48ca9","status":"skipped","statusDetails":"\nCan't get WebDriver: chrome","time":{"start":1668597552099,"stop":1668597552099,"duration":0}},{"uid":"bc670b2c2aa69180","reportUrl":"https://jdi-templates.github.io/jdi-light-browserstack/12//#testresult/bc670b2c2aa69180","status":"skipped","statusDetails":"\nCan't get WebDriver: chrome","time":{"start":1668597479819,"stop":1668597479819,"duration":0}},{"uid":"ba7572076a5a0826","reportUrl":"https://jdi-templates.github.io/jdi-light-browserstack/13//#testresult/ba7572076a5a0826","status":"skipped","statusDetails":"\nCan't get WebDriver: chrome","time":{"start":1668597427749,"stop":1668597427749,"duration":0}},{"uid":"f745aa0c7f1c8637","reportUrl":"https://jdi-templates.github.io/jdi-light-browserstack/12//#testresult/f745aa0c7f1c8637","status":"skipped","statusDetails":"\nCan't get WebDriver: chrome","time":{"start":1668597399935,"stop":1668597399935,"duration":0}},{"uid":"6d86f15d72c09f21","reportUrl":"https://jdi-templates.github.io/jdi-light-browserstack/13//#testresult/6d86f15d72c09f21","status":"skipped","statusDetails":"\nCan't get WebDriver: chrome","time":{"start":1668597308566,"stop":1668597308566,"duration":0}},{"uid":"97f9ade6ba1ed355","reportUrl":"https://jdi-templates.github.io/jdi-light-browserstack/12//#testresult/97f9ade6ba1ed355","status":"skipped","statusDetails":"\nCan't get WebDriver: chrome","time":{"start":1668597280717,"stop":1668597280717,"duration":0}},{"uid":"d9d0c81ff06a7034","reportUrl":"https://jdi-templates.github.io/jdi-light-browserstack/13//#testresult/d9d0c81ff06a7034","status":"skipped","statusDetails":"\nCan't get WebDriver: chrome","time":{"start":1668597170117,"stop":1668597170121,"duration":4}},{"uid":"9e0995ca21c91da8","reportUrl":"https://jdi-templates.github.io/jdi-light-browserstack/13//#testresult/9e0995ca21c91da8","status":"skipped","statusDetails":"\nCan't get WebDriver: chrome","time":{"start":1668597037120,"stop":1668597037120,"duration":0}},{"uid":"88b6dafa0b872929","reportUrl":"https://jdi-templates.github.io/jdi-light-browserstack/12//#testresult/88b6dafa0b872929","status":"skipped","statusDetails":"\nCan't get WebDriver: chrome","time":{"start":1668596949403,"stop":1668596949405,"duration":2}},{"uid":"e5788cf222454ab7","reportUrl":"https://jdi-templates.github.io/jdi-light-browserstack/12//#testresult/e5788cf222454ab7","status":"skipped","statusDetails":"\nCan't get WebDriver: chrome","time":{"start":1668596827277,"stop":1668596827278,"duration":1}},{"uid":"5447f9257d019af9","reportUrl":"https://jdi-templates.github.io/jdi-light-browserstack/12//#testresult/5447f9257d019af9","status":"skipped","statusDetails":"\nCan't get WebDriver: chrome","time":{"start":1668596704487,"stop":1668596704487,"duration":0}},{"uid":"59188ea27d306ed4","reportUrl":"https://jdi-templates.github.io/jdi-light-browserstack/9//#testresult/59188ea27d306ed4","status":"skipped","statusDetails":"\nCan't get WebDriver: chrome","time":{"start":1668593122335,"stop":1668593122335,"duration":0}},{"uid":"c24da69175348dd3","reportUrl":"https://jdi-templates.github.io/jdi-light-browserstack/9//#testresult/c24da69175348dd3","status":"skipped","statusDetails":"\nCan't get WebDriver: chrome","time":{"start":1668593016824,"stop":1668593016825,"duration":1}},{"uid":"70caf161185da916","reportUrl":"https://jdi-templates.github.io/jdi-light-browserstack/9//#testresult/70caf161185da916","status":"skipped","statusDetails":"\nCan't get WebDriver: chrome","time":{"start":1668592897672,"stop":1668592897672,"duration":0}},{"uid":"3cdd257a84ba388d","reportUrl":"https://jdi-templates.github.io/jdi-light-browserstack/9//#testresult/3cdd257a84ba388d","status":"skipped","statusDetails":"\nCan't get WebDriver: chrome","time":{"start":1668592776525,"stop":1668592776525,"duration":0}},{"uid":"b76f7a25f0d2446f","reportUrl":"https://jdi-templates.github.io/jdi-light-browserstack/9//#testresult/b76f7a25f0d2446f","status":"skipped","statusDetails":"\nCan't get WebDriver: chrome","time":{"start":1668592658877,"stop":1668592658877,"duration":0}},{"uid":"98bb2e337613f844","reportUrl":"https://jdi-templates.github.io/jdi-light-browserstack/9//#testresult/98bb2e337613f844","status":"skipped","statusDetails":"\nCan't get WebDriver: chrome","time":{"start":1668592551387,"stop":1668592551387,"duration":0}},{"uid":"31a5f4929805389a","reportUrl":"https://jdi-templates.github.io/jdi-light-browserstack/9//#testresult/31a5f4929805389a","status":"skipped","statusDetails":"\nCan't get WebDriver: chrome","time":{"start":1668592443202,"stop":1668592443202,"duration":0}},{"uid":"933807f669e2afad","reportUrl":"https://jdi-templates.github.io/jdi-light-browserstack/8//#testresult/933807f669e2afad","status":"skipped","statusDetails":"\nCan't get WebDriver: chrome","time":{"start":1668592425423,"stop":1668592425423,"duration":0}},{"uid":"fc0e1b2055fd6ad9","reportUrl":"https://jdi-templates.github.io/jdi-light-browserstack/9//#testresult/fc0e1b2055fd6ad9","status":"skipped","statusDetails":"\nCan't get WebDriver: chrome","time":{"start":1668592330565,"stop":1668592330565,"duration":0}}]},"tags":[]},"source":"b8cdb53afafdc076.json","parameterValues":[]}