{"uid":"bf56049fbe3ccfd5","name":"allDataFilterTest","fullName":"org.mytests.tests.example.DataTableTests.allDataFilterTest","historyId":"c1d5701b1e53e074097d642dcf48de5a","time":{"start":1668597697319,"stop":1668597697319,"duration":0},"status":"skipped","statusMessage":"\nCan't get WebDriver: chrome","statusTrace":"java.lang.RuntimeException: \nCan't get WebDriver: chrome\n\tat com.epam.jdi.light.common.Exceptions.exception(Exceptions.java:35)\n\tat com.epam.jdi.light.driver.WebDriverFactory.getDriver(WebDriverFactory.java:216)\n\tat com.epam.jdi.light.elements.common.WindowsManager.setWindowName(WindowsManager.java:87)\n\tat com.epam.jdi.light.elements.common.WindowsManager.openSiteTab(WindowsManager.java:51)\n\tat com.epam.jdi.light.elements.composite.WebPage.openSite(WebPage.java:153)\n\tat org.mytests.tests.TestsInit.setUp(TestsInit.java:18)\n\tat java.base/jdk.internal.reflect.NativeMethodAccessorImpl.invoke0(Native Method)\n\tat java.base/jdk.internal.reflect.NativeMethodAccessorImpl.invoke(NativeMethodAccessorImpl.java:62)\n\tat java.base/jdk.internal.reflect.DelegatingMethodAccessorImpl.invoke(DelegatingMethodAccessorImpl.java:43)\n\tat java.base/java.lang.reflect.Method.invoke(Method.java:567)\n\tat org.testng.internal.MethodInvocationHelper.invokeMethod(MethodInvocationHelper.java:124)\n\tat org.testng.internal.MethodInvocationHelper.invokeMethodConsideringTimeout(MethodInvocationHelper.java:59)\n\tat org.testng.internal.Invoker.invokeConfigurationMethod(Invoker.java:458)\n\tat org.testng.internal.Invoker.invokeConfigurations(Invoker.java:222)\n\tat org.testng.internal.Invoker.invokeConfigurations(Invoker.java:142)\n\tat org.testng.SuiteRunner.privateRun(SuiteRunner.java:401)\n\tat org.testng.SuiteRunner.run(SuiteRunner.java:364)\n\tat org.testng.SuiteRunnerWorker.runSuite(SuiteRunnerWorker.java:52)\n\tat org.testng.SuiteRunnerWorker.run(SuiteRunnerWorker.java:84)\n\tat org.testng.TestNG.runSuitesSequentially(TestNG.java:1208)\n\tat org.testng.TestNG.runSuitesLocally(TestNG.java:1137)\n\tat org.testng.TestNG.runSuites(TestNG.java:1049)\n\tat org.testng.TestNG.run(TestNG.java:1017)\n\tat org.apache.maven.surefire.testng.TestNGExecutor.run(TestNGExecutor.java:324)\n\tat org.apache.maven.surefire.testng.TestNGXmlTestSuite.execute(TestNGXmlTestSuite.java:74)\n\tat org.apache.maven.surefire.testng.TestNGProvider.invoke(TestNGProvider.java:123)\n\tat org.apache.maven.surefire.booter.ForkedBooter.runSuitesInProcess(ForkedBooter.java:456)\n\tat org.apache.maven.surefire.booter.ForkedBooter.execute(ForkedBooter.java:169)\n\tat org.apache.maven.surefire.booter.ForkedBooter.run(ForkedBooter.java:595)\n\tat org.apache.maven.surefire.booter.ForkedBooter.main(ForkedBooter.java:581)\nCaused by: java.lang.RuntimeException: \nCan't get WebDriver: chrome\n\tat com.epam.jdi.light.common.Exceptions.exception(Exceptions.java:35)\n\tat com.epam.jdi.light.driver.WebDriverFactory.getDriver(WebDriverFactory.java:224)\n\tat com.epam.jdi.light.driver.WebDriverFactory.getDriver(WebDriverFactory.java:214)\n\t... 28 more\nCaused by: java.lang.RuntimeException: java.lang.RuntimeException: \nFailed to run downloaded driver CHROME:X64:105.0.5195.52. Please check that your browser and driver are compatible or use local driver with 'drivers.folder' property in test.properties'.\nDriverPath: /home/runner/.cache/selenium/chromedriver/linux64/107.0.5304.62/chromedriver\n\tat com.jdiai.tools.func.JFunc1.execute(JFunc1.java:21)\n\tat com.epam.jdi.light.driver.WebDriverFactory.getDriver(WebDriverFactory.java:222)\n\t... 29 more\nCaused by: java.lang.RuntimeException: \nFailed to run downloaded driver CHROME:X64:105.0.5195.52. Please check that your browser and driver are compatible or use local driver with 'drivers.folder' property in test.properties'.\nDriverPath: /home/runner/.cache/selenium/chromedriver/linux64/107.0.5304.62/chromedriver\n\tat com.epam.jdi.light.common.Exceptions.exception(Exceptions.java:35)\n\tat com.epam.jdi.light.driver.WebDriverFactory.getDriverException(WebDriverFactory.java:143)\n\tat com.epam.jdi.light.driver.WebDriverFactory.getDriverByName(WebDriverFactory.java:127)\n\tat com.jdiai.tools.func.JFunc1.execute(JFunc1.java:19)\n\t... 30 more\nCaused by: java.lang.RuntimeException: \nCan't run and register new driver 'chrome'\n\tat com.epam.jdi.light.common.Exceptions.exception(Exceptions.java:35)\n\tat com.epam.jdi.light.driver.WebDriverFactory.registerNewDriver(WebDriverFactory.java:90)\n\tat com.epam.jdi.light.driver.WebDriverFactory.getDriverFromName(WebDriverFactory.java:158)\n\tat com.epam.jdi.light.driver.WebDriverFactory.getDriverByName(WebDriverFactory.java:125)\n\t... 31 more\nCaused by: java.lang.RuntimeException: \nFailed to get valid driver 'chrome'\n\tat com.epam.jdi.light.common.Exceptions.runtimeException(Exceptions.java:17)\n\tat com.epam.jdi.light.driver.WebDriverFactory.getValidDriver(WebDriverFactory.java:113)\n\tat com.epam.jdi.light.driver.WebDriverFactory.registerNewDriver(WebDriverFactory.java:85)\n\t... 33 more\n","flaky":false,"newFailed":false,"newBroken":false,"newPassed":false,"retriesCount":0,"retriesStatusChange":false,"beforeStages":[{"name":"setUp","time":{"start":1668597675767,"stop":1668597696952,"duration":21185},"description":"","status":"broken","statusMessage":"\nCan't get WebDriver: chrome","statusTrace":"java.lang.RuntimeException: \nCan't get WebDriver: chrome\n\tat com.epam.jdi.light.common.Exceptions.exception(Exceptions.java:35)\n\tat com.epam.jdi.light.driver.WebDriverFactory.getDriver(WebDriverFactory.java:216)\n\tat com.epam.jdi.light.elements.common.WindowsManager.setWindowName(WindowsManager.java:87)\n\tat com.epam.jdi.light.elements.common.WindowsManager.openSiteTab(WindowsManager.java:51)\n\tat com.epam.jdi.light.elements.composite.WebPage.openSite(WebPage.java:153)\n\tat org.mytests.tests.TestsInit.setUp(TestsInit.java:18)\n\tat java.base/jdk.internal.reflect.NativeMethodAccessorImpl.invoke0(Native Method)\n\tat java.base/jdk.internal.reflect.NativeMethodAccessorImpl.invoke(NativeMethodAccessorImpl.java:62)\n\tat java.base/jdk.internal.reflect.DelegatingMethodAccessorImpl.invoke(DelegatingMethodAccessorImpl.java:43)\n\tat java.base/java.lang.reflect.Method.invoke(Method.java:567)\n\tat org.testng.internal.MethodInvocationHelper.invokeMethod(MethodInvocationHelper.java:124)\n\tat org.testng.internal.MethodInvocationHelper.invokeMethodConsideringTimeout(MethodInvocationHelper.java:59)\n\tat org.testng.internal.Invoker.invokeConfigurationMethod(Invoker.java:458)\n\tat org.testng.internal.Invoker.invokeConfigurations(Invoker.java:222)\n\tat org.testng.internal.Invoker.invokeConfigurations(Invoker.java:142)\n\tat org.testng.SuiteRunner.privateRun(SuiteRunner.java:401)\n\tat org.testng.SuiteRunner.run(SuiteRunner.java:364)\n\tat org.testng.SuiteRunnerWorker.runSuite(SuiteRunnerWorker.java:52)\n\tat org.testng.SuiteRunnerWorker.run(SuiteRunnerWorker.java:84)\n\tat org.testng.TestNG.runSuitesSequentially(TestNG.java:1208)\n\tat org.testng.TestNG.runSuitesLocally(TestNG.java:1137)\n\tat org.testng.TestNG.runSuites(TestNG.java:1049)\n\tat org.testng.TestNG.run(TestNG.java:1017)\n\tat org.apache.maven.surefire.testng.TestNGExecutor.run(TestNGExecutor.java:324)\n\tat org.apache.maven.surefire.testng.TestNGXmlTestSuite.execute(TestNGXmlTestSuite.java:74)\n\tat org.apache.maven.surefire.testng.TestNGProvider.invoke(TestNGProvider.java:123)\n\tat org.apache.maven.surefire.booter.ForkedBooter.runSuitesInProcess(ForkedBooter.java:456)\n\tat org.apache.maven.surefire.booter.ForkedBooter.execute(ForkedBooter.java:169)\n\tat org.apache.maven.surefire.booter.ForkedBooter.run(ForkedBooter.java:595)\n\tat org.apache.maven.surefire.booter.ForkedBooter.main(ForkedBooter.java:581)\nCaused by: java.lang.RuntimeException: \nCan't get WebDriver: chrome\n\tat com.epam.jdi.light.common.Exceptions.exception(Exceptions.java:35)\n\tat com.epam.jdi.light.driver.WebDriverFactory.getDriver(WebDriverFactory.java:224)\n\tat com.epam.jdi.light.driver.WebDriverFactory.getDriver(WebDriverFactory.java:214)\n\t... 28 more\nCaused by: java.lang.RuntimeException: java.lang.RuntimeException: \nFailed to run downloaded driver CHROME:X64:105.0.5195.52. Please check that your browser and driver are compatible or use local driver with 'drivers.folder' property in test.properties'.\nDriverPath: /home/runner/.cache/selenium/chromedriver/linux64/107.0.5304.62/chromedriver\n\tat com.jdiai.tools.func.JFunc1.execute(JFunc1.java:21)\n\tat com.epam.jdi.light.driver.WebDriverFactory.getDriver(WebDriverFactory.java:222)\n\t... 29 more\nCaused by: java.lang.RuntimeException: \nFailed to run downloaded driver CHROME:X64:105.0.5195.52. Please check that your browser and driver are compatible or use local driver with 'drivers.folder' property in test.properties'.\nDriverPath: /home/runner/.cache/selenium/chromedriver/linux64/107.0.5304.62/chromedriver\n\tat com.epam.jdi.light.common.Exceptions.exception(Exceptions.java:35)\n\tat com.epam.jdi.light.driver.WebDriverFactory.getDriverException(WebDriverFactory.java:143)\n\tat com.epam.jdi.light.driver.WebDriverFactory.getDriverByName(WebDriverFactory.java:127)\n\tat com.jdiai.tools.func.JFunc1.execute(JFunc1.java:19)\n\t... 30 more\nCaused by: java.lang.RuntimeException: \nCan't run and register new driver 'chrome'\n\tat com.epam.jdi.light.common.Exceptions.exception(Exceptions.java:35)\n\tat com.epam.jdi.light.driver.WebDriverFactory.registerNewDriver(WebDriverFactory.java:90)\n\tat com.epam.jdi.light.driver.WebDriverFactory.getDriverFromName(WebDriverFactory.java:158)\n\tat com.epam.jdi.light.driver.WebDriverFactory.getDriverByName(WebDriverFactory.java:125)\n\t... 31 more\nCaused by: java.lang.RuntimeException: \nFailed to get valid driver 'chrome'\n\tat com.epam.jdi.light.common.Exceptions.runtimeException(Exceptions.java:17)\n\tat com.epam.jdi.light.driver.WebDriverFactory.getValidDriver(WebDriverFactory.java:113)\n\tat com.epam.jdi.light.driver.WebDriverFactory.registerNewDriver(WebDriverFactory.java:85)\n\t... 33 more\n","steps":[],"attachments":[],"parameters":[],"stepsCount":0,"attachmentsCount":0,"shouldDisplayMessage":true,"hasContent":true}],"afterStages":[{"name":"tearDown","time":{"start":1668597697438,"stop":1668597697438,"duration":0},"description":"","status":"passed","steps":[],"attachments":[],"parameters":[],"stepsCount":0,"attachmentsCount":0,"shouldDisplayMessage":false,"hasContent":false}],"labels":[{"name":"package","value":"org.mytests.tests.example.DataTableTests"},{"name":"testClass","value":"org.mytests.tests.example.DataTableTests"},{"name":"testMethod","value":"allDataFilterTest"},{"name":"parentSuite","value":"JDI-Light Performance"},{"name":"suite","value":"Tests"},{"name":"subSuite","value":"org.mytests.tests.example.DataTableTests"},{"name":"host","value":"fv-az216-496"},{"name":"thread","value":"3504@fv-az216-496.TestNG-test=Tests-2(37)"},{"name":"framework","value":"testng"},{"name":"language","value":"java"},{"name":"resultFormat","value":"allure2"}],"parameters":[],"links":[],"hidden":false,"retry":false,"extra":{"severity":"normal","retries":[],"categories":[],"history":{"statistic":{"failed":0,"broken":0,"skipped":59,"passed":1,"unknown":0,"total":60},"items":[{"uid":"842e7db70fa96899","reportUrl":"https://jdi-templates.github.io/jdi-light-browserstack/13//#testresult/842e7db70fa96899","status":"skipped","statusDetails":"\nCan't get WebDriver: chrome","time":{"start":1668597552093,"stop":1668597552094,"duration":1}},{"uid":"b5425573eed42c81","reportUrl":"https://jdi-templates.github.io/jdi-light-browserstack/12//#testresult/b5425573eed42c81","status":"skipped","statusDetails":"\nCan't get WebDriver: chrome","time":{"start":1668597479809,"stop":1668597479809,"duration":0}},{"uid":"88fd9a64b26b38ac","reportUrl":"https://jdi-templates.github.io/jdi-light-browserstack/13//#testresult/88fd9a64b26b38ac","status":"skipped","statusDetails":"\nCan't get WebDriver: chrome","time":{"start":1668597427762,"stop":1668597427762,"duration":0}},{"uid":"e22cc09823cfe611","reportUrl":"https://jdi-templates.github.io/jdi-light-browserstack/12//#testresult/e22cc09823cfe611","status":"skipped","statusDetails":"\nCan't get WebDriver: chrome","time":{"start":1668597399924,"stop":1668597399924,"duration":0}},{"uid":"830847f7634991f1","reportUrl":"https://jdi-templates.github.io/jdi-light-browserstack/13//#testresult/830847f7634991f1","status":"skipped","statusDetails":"\nCan't get WebDriver: chrome","time":{"start":1668597308569,"stop":1668597308569,"duration":0}},{"uid":"704eaf99f707c5a9","reportUrl":"https://jdi-templates.github.io/jdi-light-browserstack/12//#testresult/704eaf99f707c5a9","status":"skipped","statusDetails":"\nCan't get WebDriver: chrome","time":{"start":1668597280697,"stop":1668597280698,"duration":1}},{"uid":"35b7ac2c74848509","reportUrl":"https://jdi-templates.github.io/jdi-light-browserstack/13//#testresult/35b7ac2c74848509","status":"skipped","statusDetails":"\nCan't get WebDriver: chrome","time":{"start":1668597170103,"stop":1668597170104,"duration":1}},{"uid":"2c66f52f70d16430","reportUrl":"https://jdi-templates.github.io/jdi-light-browserstack/13//#testresult/2c66f52f70d16430","status":"skipped","statusDetails":"\nCan't get WebDriver: chrome","time":{"start":1668597037119,"stop":1668597037119,"duration":0}},{"uid":"35f8e8ab610f2bbb","reportUrl":"https://jdi-templates.github.io/jdi-light-browserstack/12//#testresult/35f8e8ab610f2bbb","status":"skipped","statusDetails":"\nCan't get WebDriver: chrome","time":{"start":1668596949388,"stop":1668596949388,"duration":0}},{"uid":"532ec6223538e182","reportUrl":"https://jdi-templates.github.io/jdi-light-browserstack/12//#testresult/532ec6223538e182","status":"skipped","statusDetails":"\nCan't get WebDriver: chrome","time":{"start":1668596827267,"stop":1668596827267,"duration":0}},{"uid":"ca8c4af6cc5d5f3b","reportUrl":"https://jdi-templates.github.io/jdi-light-browserstack/12//#testresult/ca8c4af6cc5d5f3b","status":"skipped","statusDetails":"\nCan't get WebDriver: chrome","time":{"start":1668596704474,"stop":1668596704483,"duration":9}},{"uid":"e9d917114d76571a","reportUrl":"https://jdi-templates.github.io/jdi-light-browserstack/9//#testresult/e9d917114d76571a","status":"skipped","statusDetails":"\nCan't get WebDriver: chrome","time":{"start":1668593122296,"stop":1668593122302,"duration":6}},{"uid":"7bb2a8e8a5947f67","reportUrl":"https://jdi-templates.github.io/jdi-light-browserstack/9//#testresult/7bb2a8e8a5947f67","status":"skipped","statusDetails":"\nCan't get WebDriver: chrome","time":{"start":1668593016815,"stop":1668593016824,"duration":9}},{"uid":"20172711545e702c","reportUrl":"https://jdi-templates.github.io/jdi-light-browserstack/9//#testresult/20172711545e702c","status":"skipped","statusDetails":"\nCan't get WebDriver: chrome","time":{"start":1668592897651,"stop":1668592897651,"duration":0}},{"uid":"5a0e504970d6c8c2","reportUrl":"https://jdi-templates.github.io/jdi-light-browserstack/9//#testresult/5a0e504970d6c8c2","status":"skipped","statusDetails":"\nCan't get WebDriver: chrome","time":{"start":1668592776504,"stop":1668592776507,"duration":3}},{"uid":"1e3dfac3405342ba","reportUrl":"https://jdi-templates.github.io/jdi-light-browserstack/9//#testresult/1e3dfac3405342ba","status":"skipped","statusDetails":"\nCan't get WebDriver: chrome","time":{"start":1668592658850,"stop":1668592658855,"duration":5}},{"uid":"9f9009fae0d055d9","reportUrl":"https://jdi-templates.github.io/jdi-light-browserstack/9//#testresult/9f9009fae0d055d9","status":"skipped","statusDetails":"\nCan't get WebDriver: chrome","time":{"start":1668592551376,"stop":1668592551376,"duration":0}},{"uid":"ae30605f24981d68","reportUrl":"https://jdi-templates.github.io/jdi-light-browserstack/9//#testresult/ae30605f24981d68","status":"skipped","statusDetails":"\nCan't get WebDriver: chrome","time":{"start":1668592443201,"stop":1668592443201,"duration":0}},{"uid":"3ff5eabc0afcc2bd","reportUrl":"https://jdi-templates.github.io/jdi-light-browserstack/8//#testresult/3ff5eabc0afcc2bd","status":"skipped","statusDetails":"\nCan't get WebDriver: chrome","time":{"start":1668592425391,"stop":1668592425392,"duration":1}},{"uid":"fa30481cf8a519f9","reportUrl":"https://jdi-templates.github.io/jdi-light-browserstack/9//#testresult/fa30481cf8a519f9","status":"skipped","statusDetails":"\nCan't get WebDriver: chrome","time":{"start":1668592330556,"stop":1668592330556,"duration":0}}]},"tags":[]},"source":"bf56049fbe3ccfd5.json","parameterValues":[]}