{"uid":"c139a14fba2f1ef8","name":"rowMatcherTest","fullName":"org.mytests.tests.example.DataTableTests.rowMatcherTest","historyId":"b61459c8ea7ec0c6916e085c3645c919","time":{"start":1668597308648,"stop":1668597308648,"duration":0},"status":"skipped","statusMessage":"\nCan't get WebDriver: chrome","statusTrace":"java.lang.RuntimeException: \nCan't get WebDriver: chrome\n\tat com.epam.jdi.light.common.Exceptions.exception(Exceptions.java:35)\n\tat com.epam.jdi.light.driver.WebDriverFactory.getDriver(WebDriverFactory.java:216)\n\tat com.epam.jdi.light.elements.common.WindowsManager.setWindowName(WindowsManager.java:87)\n\tat com.epam.jdi.light.elements.common.WindowsManager.openSiteTab(WindowsManager.java:51)\n\tat com.epam.jdi.light.elements.composite.WebPage.openSite(WebPage.java:153)\n\tat org.mytests.tests.TestsInit.setUp(TestsInit.java:18)\n\tat java.base/jdk.internal.reflect.NativeMethodAccessorImpl.invoke0(Native Method)\n\tat java.base/jdk.internal.reflect.NativeMethodAccessorImpl.invoke(NativeMethodAccessorImpl.java:62)\n\tat java.base/jdk.internal.reflect.DelegatingMethodAccessorImpl.invoke(DelegatingMethodAccessorImpl.java:43)\n\tat java.base/java.lang.reflect.Method.invoke(Method.java:564)\n\tat org.testng.internal.MethodInvocationHelper.invokeMethod(MethodInvocationHelper.java:124)\n\tat org.testng.internal.MethodInvocationHelper.invokeMethodConsideringTimeout(MethodInvocationHelper.java:59)\n\tat org.testng.internal.Invoker.invokeConfigurationMethod(Invoker.java:458)\n\tat org.testng.internal.Invoker.invokeConfigurations(Invoker.java:222)\n\tat org.testng.internal.Invoker.invokeConfigurations(Invoker.java:142)\n\tat org.testng.SuiteRunner.privateRun(SuiteRunner.java:401)\n\tat org.testng.SuiteRunner.run(SuiteRunner.java:364)\n\tat org.testng.SuiteRunnerWorker.runSuite(SuiteRunnerWorker.java:52)\n\tat org.testng.SuiteRunnerWorker.run(SuiteRunnerWorker.java:84)\n\tat org.testng.TestNG.runSuitesSequentially(TestNG.java:1208)\n\tat org.testng.TestNG.runSuitesLocally(TestNG.java:1137)\n\tat org.testng.TestNG.runSuites(TestNG.java:1049)\n\tat org.testng.TestNG.run(TestNG.java:1017)\n\tat org.apache.maven.surefire.testng.TestNGExecutor.run(TestNGExecutor.java:324)\n\tat org.apache.maven.surefire.testng.TestNGXmlTestSuite.execute(TestNGXmlTestSuite.java:74)\n\tat org.apache.maven.surefire.testng.TestNGProvider.invoke(TestNGProvider.java:123)\n\tat org.apache.maven.surefire.booter.ForkedBooter.runSuitesInProcess(ForkedBooter.java:456)\n\tat org.apache.maven.surefire.booter.ForkedBooter.execute(ForkedBooter.java:169)\n\tat org.apache.maven.surefire.booter.ForkedBooter.run(ForkedBooter.java:595)\n\tat org.apache.maven.surefire.booter.ForkedBooter.main(ForkedBooter.java:581)\nCaused by: java.lang.RuntimeException: \nCan't get WebDriver: chrome\n\tat com.epam.jdi.light.common.Exceptions.exception(Exceptions.java:35)\n\tat com.epam.jdi.light.driver.WebDriverFactory.getDriver(WebDriverFactory.java:224)\n\tat com.epam.jdi.light.driver.WebDriverFactory.getDriver(WebDriverFactory.java:214)\n\t... 28 more\nCaused by: java.lang.RuntimeException: java.lang.RuntimeException: \nFailed to run downloaded driver CHROME:X64:105.0.5195.52. Please check that your browser and driver are compatible or use local driver with 'drivers.folder' property in test.properties'.\nDriverPath: /home/runner/.cache/selenium/chromedriver/linux64/107.0.5304.62/chromedriver\n\tat com.jdiai.tools.func.JFunc1.execute(JFunc1.java:21)\n\tat com.epam.jdi.light.driver.WebDriverFactory.getDriver(WebDriverFactory.java:222)\n\t... 29 more\nCaused by: java.lang.RuntimeException: \nFailed to run downloaded driver CHROME:X64:105.0.5195.52. Please check that your browser and driver are compatible or use local driver with 'drivers.folder' property in test.properties'.\nDriverPath: /home/runner/.cache/selenium/chromedriver/linux64/107.0.5304.62/chromedriver\n\tat com.epam.jdi.light.common.Exceptions.exception(Exceptions.java:35)\n\tat com.epam.jdi.light.driver.WebDriverFactory.getDriverException(WebDriverFactory.java:143)\n\tat com.epam.jdi.light.driver.WebDriverFactory.getDriverByName(WebDriverFactory.java:127)\n\tat com.jdiai.tools.func.JFunc1.execute(JFunc1.java:19)\n\t... 30 more\nCaused by: java.lang.RuntimeException: \nCan't run and register new driver 'chrome'\n\tat com.epam.jdi.light.common.Exceptions.exception(Exceptions.java:35)\n\tat com.epam.jdi.light.driver.WebDriverFactory.registerNewDriver(WebDriverFactory.java:90)\n\tat com.epam.jdi.light.driver.WebDriverFactory.getDriverFromName(WebDriverFactory.java:158)\n\tat com.epam.jdi.light.driver.WebDriverFactory.getDriverByName(WebDriverFactory.java:125)\n\t... 31 more\nCaused by: java.lang.RuntimeException: \nFailed to get valid driver 'chrome'\n\tat com.epam.jdi.light.common.Exceptions.runtimeException(Exceptions.java:17)\n\tat com.epam.jdi.light.driver.WebDriverFactory.getValidDriver(WebDriverFactory.java:113)\n\tat com.epam.jdi.light.driver.WebDriverFactory.registerNewDriver(WebDriverFactory.java:85)\n\t... 33 more\n","flaky":false,"newFailed":false,"newBroken":false,"newPassed":false,"retriesCount":0,"retriesStatusChange":false,"beforeStages":[{"name":"setUp","time":{"start":1668597288729,"stop":1668597308330,"duration":19601},"description":"","status":"broken","statusMessage":"\nCan't get WebDriver: chrome","statusTrace":"java.lang.RuntimeException: \nCan't get WebDriver: chrome\n\tat com.epam.jdi.light.common.Exceptions.exception(Exceptions.java:35)\n\tat com.epam.jdi.light.driver.WebDriverFactory.getDriver(WebDriverFactory.java:216)\n\tat com.epam.jdi.light.elements.common.WindowsManager.setWindowName(WindowsManager.java:87)\n\tat com.epam.jdi.light.elements.common.WindowsManager.openSiteTab(WindowsManager.java:51)\n\tat com.epam.jdi.light.elements.composite.WebPage.openSite(WebPage.java:153)\n\tat org.mytests.tests.TestsInit.setUp(TestsInit.java:18)\n\tat java.base/jdk.internal.reflect.NativeMethodAccessorImpl.invoke0(Native Method)\n\tat java.base/jdk.internal.reflect.NativeMethodAccessorImpl.invoke(NativeMethodAccessorImpl.java:62)\n\tat java.base/jdk.internal.reflect.DelegatingMethodAccessorImpl.invoke(DelegatingMethodAccessorImpl.java:43)\n\tat java.base/java.lang.reflect.Method.invoke(Method.java:564)\n\tat org.testng.internal.MethodInvocationHelper.invokeMethod(MethodInvocationHelper.java:124)\n\tat org.testng.internal.MethodInvocationHelper.invokeMethodConsideringTimeout(MethodInvocationHelper.java:59)\n\tat org.testng.internal.Invoker.invokeConfigurationMethod(Invoker.java:458)\n\tat org.testng.internal.Invoker.invokeConfigurations(Invoker.java:222)\n\tat org.testng.internal.Invoker.invokeConfigurations(Invoker.java:142)\n\tat org.testng.SuiteRunner.privateRun(SuiteRunner.java:401)\n\tat org.testng.SuiteRunner.run(SuiteRunner.java:364)\n\tat org.testng.SuiteRunnerWorker.runSuite(SuiteRunnerWorker.java:52)\n\tat org.testng.SuiteRunnerWorker.run(SuiteRunnerWorker.java:84)\n\tat org.testng.TestNG.runSuitesSequentially(TestNG.java:1208)\n\tat org.testng.TestNG.runSuitesLocally(TestNG.java:1137)\n\tat org.testng.TestNG.runSuites(TestNG.java:1049)\n\tat org.testng.TestNG.run(TestNG.java:1017)\n\tat org.apache.maven.surefire.testng.TestNGExecutor.run(TestNGExecutor.java:324)\n\tat org.apache.maven.surefire.testng.TestNGXmlTestSuite.execute(TestNGXmlTestSuite.java:74)\n\tat org.apache.maven.surefire.testng.TestNGProvider.invoke(TestNGProvider.java:123)\n\tat org.apache.maven.surefire.booter.ForkedBooter.runSuitesInProcess(ForkedBooter.java:456)\n\tat org.apache.maven.surefire.booter.ForkedBooter.execute(ForkedBooter.java:169)\n\tat org.apache.maven.surefire.booter.ForkedBooter.run(ForkedBooter.java:595)\n\tat org.apache.maven.surefire.booter.ForkedBooter.main(ForkedBooter.java:581)\nCaused by: java.lang.RuntimeException: \nCan't get WebDriver: chrome\n\tat com.epam.jdi.light.common.Exceptions.exception(Exceptions.java:35)\n\tat com.epam.jdi.light.driver.WebDriverFactory.getDriver(WebDriverFactory.java:224)\n\tat com.epam.jdi.light.driver.WebDriverFactory.getDriver(WebDriverFactory.java:214)\n\t... 28 more\nCaused by: java.lang.RuntimeException: java.lang.RuntimeException: \nFailed to run downloaded driver CHROME:X64:105.0.5195.52. Please check that your browser and driver are compatible or use local driver with 'drivers.folder' property in test.properties'.\nDriverPath: /home/runner/.cache/selenium/chromedriver/linux64/107.0.5304.62/chromedriver\n\tat com.jdiai.tools.func.JFunc1.execute(JFunc1.java:21)\n\tat com.epam.jdi.light.driver.WebDriverFactory.getDriver(WebDriverFactory.java:222)\n\t... 29 more\nCaused by: java.lang.RuntimeException: \nFailed to run downloaded driver CHROME:X64:105.0.5195.52. Please check that your browser and driver are compatible or use local driver with 'drivers.folder' property in test.properties'.\nDriverPath: /home/runner/.cache/selenium/chromedriver/linux64/107.0.5304.62/chromedriver\n\tat com.epam.jdi.light.common.Exceptions.exception(Exceptions.java:35)\n\tat com.epam.jdi.light.driver.WebDriverFactory.getDriverException(WebDriverFactory.java:143)\n\tat com.epam.jdi.light.driver.WebDriverFactory.getDriverByName(WebDriverFactory.java:127)\n\tat com.jdiai.tools.func.JFunc1.execute(JFunc1.java:19)\n\t... 30 more\nCaused by: java.lang.RuntimeException: \nCan't run and register new driver 'chrome'\n\tat com.epam.jdi.light.common.Exceptions.exception(Exceptions.java:35)\n\tat com.epam.jdi.light.driver.WebDriverFactory.registerNewDriver(WebDriverFactory.java:90)\n\tat com.epam.jdi.light.driver.WebDriverFactory.getDriverFromName(WebDriverFactory.java:158)\n\tat com.epam.jdi.light.driver.WebDriverFactory.getDriverByName(WebDriverFactory.java:125)\n\t... 31 more\nCaused by: java.lang.RuntimeException: \nFailed to get valid driver 'chrome'\n\tat com.epam.jdi.light.common.Exceptions.runtimeException(Exceptions.java:17)\n\tat com.epam.jdi.light.driver.WebDriverFactory.getValidDriver(WebDriverFactory.java:113)\n\tat com.epam.jdi.light.driver.WebDriverFactory.registerNewDriver(WebDriverFactory.java:85)\n\t... 33 more\n","steps":[],"attachments":[],"parameters":[],"stepsCount":0,"attachmentsCount":0,"shouldDisplayMessage":true,"hasContent":true}],"afterStages":[{"name":"tearDown","time":{"start":1668597308669,"stop":1668597308669,"duration":0},"description":"","status":"passed","steps":[],"attachments":[],"parameters":[],"stepsCount":0,"attachmentsCount":0,"shouldDisplayMessage":false,"hasContent":false}],"labels":[{"name":"package","value":"org.mytests.tests.example.DataTableTests"},{"name":"testClass","value":"org.mytests.tests.example.DataTableTests"},{"name":"testMethod","value":"rowMatcherTest"},{"name":"parentSuite","value":"JDI-Light Performance"},{"name":"suite","value":"Tests"},{"name":"subSuite","value":"org.mytests.tests.example.DataTableTests"},{"name":"host","value":"fv-az291-501"},{"name":"thread","value":"3461@fv-az291-501.TestNG-test=Tests-2(37)"},{"name":"framework","value":"testng"},{"name":"language","value":"java"},{"name":"resultFormat","value":"allure2"}],"parameters":[],"links":[],"hidden":false,"retry":false,"extra":{"severity":"normal","retries":[],"categories":[],"history":{"statistic":{"failed":0,"broken":0,"skipped":54,"passed":1,"unknown":0,"total":55},"items":[{"uid":"d74f9f6a31753e1a","reportUrl":"https://jdi-templates.github.io/jdi-light-browserstack/12//#testresult/d74f9f6a31753e1a","status":"skipped","statusDetails":"\nCan't get WebDriver: chrome","time":{"start":1668597280789,"stop":1668597280789,"duration":0}},{"uid":"35064c29f71cae3b","reportUrl":"https://jdi-templates.github.io/jdi-light-browserstack/13//#testresult/35064c29f71cae3b","status":"skipped","statusDetails":"\nCan't get WebDriver: chrome","time":{"start":1668597170205,"stop":1668597170205,"duration":0}},{"uid":"31dd691ee738123c","reportUrl":"https://jdi-templates.github.io/jdi-light-browserstack/13//#testresult/31dd691ee738123c","status":"skipped","statusDetails":"\nCan't get WebDriver: chrome","time":{"start":1668597037228,"stop":1668597037228,"duration":0}},{"uid":"4a63bed19f45b2ab","reportUrl":"https://jdi-templates.github.io/jdi-light-browserstack/12//#testresult/4a63bed19f45b2ab","status":"skipped","statusDetails":"\nCan't get WebDriver: chrome","time":{"start":1668596949494,"stop":1668596949494,"duration":0}},{"uid":"2db36e060b7c8a6e","reportUrl":"https://jdi-templates.github.io/jdi-light-browserstack/12//#testresult/2db36e060b7c8a6e","status":"skipped","statusDetails":"\nCan't get WebDriver: chrome","time":{"start":1668596827383,"stop":1668596827383,"duration":0}},{"uid":"4cba35a68b8ce720","reportUrl":"https://jdi-templates.github.io/jdi-light-browserstack/12//#testresult/4cba35a68b8ce720","status":"skipped","statusDetails":"\nCan't get WebDriver: chrome","time":{"start":1668596704574,"stop":1668596704574,"duration":0}},{"uid":"7e3eb9d5b67aee4d","reportUrl":"https://jdi-templates.github.io/jdi-light-browserstack/9//#testresult/7e3eb9d5b67aee4d","status":"skipped","statusDetails":"\nCan't get WebDriver: chrome","time":{"start":1668593122393,"stop":1668593122393,"duration":0}},{"uid":"a91e999eef657911","reportUrl":"https://jdi-templates.github.io/jdi-light-browserstack/9//#testresult/a91e999eef657911","status":"skipped","statusDetails":"\nCan't get WebDriver: chrome","time":{"start":1668593016900,"stop":1668593016900,"duration":0}},{"uid":"a0376237258c4d06","reportUrl":"https://jdi-templates.github.io/jdi-light-browserstack/9//#testresult/a0376237258c4d06","status":"skipped","statusDetails":"\nCan't get WebDriver: chrome","time":{"start":1668592897755,"stop":1668592897756,"duration":1}},{"uid":"3f5a0ed0bed47272","reportUrl":"https://jdi-templates.github.io/jdi-light-browserstack/9//#testresult/3f5a0ed0bed47272","status":"skipped","statusDetails":"\nCan't get WebDriver: chrome","time":{"start":1668592776647,"stop":1668592776647,"duration":0}},{"uid":"84dcdef337955a74","reportUrl":"https://jdi-templates.github.io/jdi-light-browserstack/9//#testresult/84dcdef337955a74","status":"skipped","statusDetails":"\nCan't get WebDriver: chrome","time":{"start":1668592658947,"stop":1668592658947,"duration":0}},{"uid":"922110d668d8133e","reportUrl":"https://jdi-templates.github.io/jdi-light-browserstack/9//#testresult/922110d668d8133e","status":"skipped","statusDetails":"\nCan't get WebDriver: chrome","time":{"start":1668592551478,"stop":1668592551478,"duration":0}},{"uid":"b2f65f81f5e71bf4","reportUrl":"https://jdi-templates.github.io/jdi-light-browserstack/9//#testresult/b2f65f81f5e71bf4","status":"skipped","statusDetails":"\nCan't get WebDriver: chrome","time":{"start":1668592443293,"stop":1668592443293,"duration":0}},{"uid":"c4c77fca7fe7a3b1","reportUrl":"https://jdi-templates.github.io/jdi-light-browserstack/8//#testresult/c4c77fca7fe7a3b1","status":"skipped","statusDetails":"\nCan't get WebDriver: chrome","time":{"start":1668592425508,"stop":1668592425508,"duration":0}},{"uid":"2bf92dc994d684d4","reportUrl":"https://jdi-templates.github.io/jdi-light-browserstack/9//#testresult/2bf92dc994d684d4","status":"skipped","statusDetails":"\nCan't get WebDriver: chrome","time":{"start":1668592330642,"stop":1668592330642,"duration":0}},{"uid":"77df43557ea8f27d","reportUrl":"https://jdi-templates.github.io/jdi-light-browserstack/8//#testresult/77df43557ea8f27d","status":"skipped","statusDetails":"\nCan't get WebDriver: chrome","time":{"start":1668592306822,"stop":1668592306822,"duration":0}},{"uid":"9e919e59d4567ba2","reportUrl":"https://jdi-templates.github.io/jdi-light-browserstack/8//#testresult/9e919e59d4567ba2","status":"skipped","statusDetails":"\nCan't get WebDriver: chrome","time":{"start":1668592191400,"stop":1668592191400,"duration":0}},{"uid":"60bc7d9e8e9a7885","reportUrl":"https://jdi-templates.github.io/jdi-light-browserstack/8//#testresult/60bc7d9e8e9a7885","status":"skipped","statusDetails":"\nCan't get WebDriver: chrome","time":{"start":1668592075893,"stop":1668592075893,"duration":0}},{"uid":"eb756a630b06b7a5","reportUrl":"https://jdi-templates.github.io/jdi-light-browserstack/8//#testresult/eb756a630b06b7a5","status":"skipped","statusDetails":"\nCan't get WebDriver: chrome","time":{"start":1668591965578,"stop":1668591965578,"duration":0}},{"uid":"3e66c04e079983a","reportUrl":"https://jdi-templates.github.io/jdi-light-browserstack/8//#testresult/3e66c04e079983a","status":"skipped","statusDetails":"\nCan't get WebDriver: chrome","time":{"start":1668591851864,"stop":1668591851864,"duration":0}}]},"tags":[]},"source":"c139a14fba2f1ef8.json","parameterValues":[]}