{"uid":"d910e0599f7868e0","name":"hugeTableValidateTest","fullName":"org.mytests.tests.example.JDIPerformanceTests.hugeTableValidateTest","historyId":"b7d50dd4b0dadec0963e4288e98114f7","time":{"start":1668597987248,"stop":1668597987248,"duration":0},"status":"skipped","statusMessage":"\nCan't get WebDriver: chrome","statusTrace":"java.lang.RuntimeException: \nCan't get WebDriver: chrome\n\tat com.epam.jdi.light.common.Exceptions.exception(Exceptions.java:35)\n\tat com.epam.jdi.light.driver.WebDriverFactory.getDriver(WebDriverFactory.java:216)\n\tat com.epam.jdi.light.elements.common.WindowsManager.setWindowName(WindowsManager.java:87)\n\tat com.epam.jdi.light.elements.common.WindowsManager.openSiteTab(WindowsManager.java:51)\n\tat com.epam.jdi.light.elements.composite.WebPage.openSite(WebPage.java:153)\n\tat org.mytests.tests.TestsInit.setUp(TestsInit.java:18)\n\tat java.base/jdk.internal.reflect.NativeMethodAccessorImpl.invoke0(Native Method)\n\tat java.base/jdk.internal.reflect.NativeMethodAccessorImpl.invoke(NativeMethodAccessorImpl.java:64)\n\tat java.base/jdk.internal.reflect.DelegatingMethodAccessorImpl.invoke(DelegatingMethodAccessorImpl.java:43)\n\tat java.base/java.lang.reflect.Method.invoke(Method.java:564)\n\tat org.testng.internal.MethodInvocationHelper.invokeMethod(MethodInvocationHelper.java:124)\n\tat org.testng.internal.MethodInvocationHelper.invokeMethodConsideringTimeout(MethodInvocationHelper.java:59)\n\tat org.testng.internal.Invoker.invokeConfigurationMethod(Invoker.java:458)\n\tat org.testng.internal.Invoker.invokeConfigurations(Invoker.java:222)\n\tat org.testng.internal.Invoker.invokeConfigurations(Invoker.java:142)\n\tat org.testng.SuiteRunner.privateRun(SuiteRunner.java:401)\n\tat org.testng.SuiteRunner.run(SuiteRunner.java:364)\n\tat org.testng.SuiteRunnerWorker.runSuite(SuiteRunnerWorker.java:52)\n\tat org.testng.SuiteRunnerWorker.run(SuiteRunnerWorker.java:84)\n\tat org.testng.TestNG.runSuitesSequentially(TestNG.java:1208)\n\tat org.testng.TestNG.runSuitesLocally(TestNG.java:1137)\n\tat org.testng.TestNG.runSuites(TestNG.java:1049)\n\tat org.testng.TestNG.run(TestNG.java:1017)\n\tat org.apache.maven.surefire.testng.TestNGExecutor.run(TestNGExecutor.java:324)\n\tat org.apache.maven.surefire.testng.TestNGXmlTestSuite.execute(TestNGXmlTestSuite.java:74)\n\tat org.apache.maven.surefire.testng.TestNGProvider.invoke(TestNGProvider.java:123)\n\tat org.apache.maven.surefire.booter.ForkedBooter.runSuitesInProcess(ForkedBooter.java:456)\n\tat org.apache.maven.surefire.booter.ForkedBooter.execute(ForkedBooter.java:169)\n\tat org.apache.maven.surefire.booter.ForkedBooter.run(ForkedBooter.java:595)\n\tat org.apache.maven.surefire.booter.ForkedBooter.main(ForkedBooter.java:581)\nCaused by: java.lang.RuntimeException: \nCan't get WebDriver: chrome\n\tat com.epam.jdi.light.common.Exceptions.exception(Exceptions.java:35)\n\tat com.epam.jdi.light.driver.WebDriverFactory.getDriver(WebDriverFactory.java:224)\n\tat com.epam.jdi.light.driver.WebDriverFactory.getDriver(WebDriverFactory.java:214)\n\t... 28 more\nCaused by: java.lang.RuntimeException: java.lang.RuntimeException: \nFailed to run downloaded driver CHROME:X64:105.0.5195.52. Please check that your browser and driver are compatible or use local driver with 'drivers.folder' property in test.properties'.\nDriverPath: /home/runner/.cache/selenium/chromedriver/linux64/107.0.5304.62/chromedriver\n\tat com.jdiai.tools.func.JFunc1.execute(JFunc1.java:21)\n\tat com.epam.jdi.light.driver.WebDriverFactory.getDriver(WebDriverFactory.java:222)\n\t... 29 more\nCaused by: java.lang.RuntimeException: \nFailed to run downloaded driver CHROME:X64:105.0.5195.52. Please check that your browser and driver are compatible or use local driver with 'drivers.folder' property in test.properties'.\nDriverPath: /home/runner/.cache/selenium/chromedriver/linux64/107.0.5304.62/chromedriver\n\tat com.epam.jdi.light.common.Exceptions.exception(Exceptions.java:35)\n\tat com.epam.jdi.light.driver.WebDriverFactory.getDriverException(WebDriverFactory.java:143)\n\tat com.epam.jdi.light.driver.WebDriverFactory.getDriverByName(WebDriverFactory.java:127)\n\tat com.jdiai.tools.func.JFunc1.execute(JFunc1.java:19)\n\t... 30 more\nCaused by: java.lang.RuntimeException: \nCan't run and register new driver 'chrome'\n\tat com.epam.jdi.light.common.Exceptions.exception(Exceptions.java:35)\n\tat com.epam.jdi.light.driver.WebDriverFactory.registerNewDriver(WebDriverFactory.java:90)\n\tat com.epam.jdi.light.driver.WebDriverFactory.getDriverFromName(WebDriverFactory.java:158)\n\tat com.epam.jdi.light.driver.WebDriverFactory.getDriverByName(WebDriverFactory.java:125)\n\t... 31 more\nCaused by: java.lang.RuntimeException: \nFailed to get valid driver 'chrome'\n\tat com.epam.jdi.light.common.Exceptions.runtimeException(Exceptions.java:17)\n\tat com.epam.jdi.light.driver.WebDriverFactory.getValidDriver(WebDriverFactory.java:113)\n\tat com.epam.jdi.light.driver.WebDriverFactory.registerNewDriver(WebDriverFactory.java:85)\n\t... 33 more\n","flaky":false,"newFailed":false,"newBroken":false,"newPassed":false,"retriesCount":0,"retriesStatusChange":false,"beforeStages":[{"name":"setUp","time":{"start":1668597972249,"stop":1668597986994,"duration":14745},"description":"","status":"broken","statusMessage":"\nCan't get WebDriver: chrome","statusTrace":"java.lang.RuntimeException: \nCan't get WebDriver: chrome\n\tat com.epam.jdi.light.common.Exceptions.exception(Exceptions.java:35)\n\tat com.epam.jdi.light.driver.WebDriverFactory.getDriver(WebDriverFactory.java:216)\n\tat com.epam.jdi.light.elements.common.WindowsManager.setWindowName(WindowsManager.java:87)\n\tat com.epam.jdi.light.elements.common.WindowsManager.openSiteTab(WindowsManager.java:51)\n\tat com.epam.jdi.light.elements.composite.WebPage.openSite(WebPage.java:153)\n\tat org.mytests.tests.TestsInit.setUp(TestsInit.java:18)\n\tat java.base/jdk.internal.reflect.NativeMethodAccessorImpl.invoke0(Native Method)\n\tat java.base/jdk.internal.reflect.NativeMethodAccessorImpl.invoke(NativeMethodAccessorImpl.java:64)\n\tat java.base/jdk.internal.reflect.DelegatingMethodAccessorImpl.invoke(DelegatingMethodAccessorImpl.java:43)\n\tat java.base/java.lang.reflect.Method.invoke(Method.java:564)\n\tat org.testng.internal.MethodInvocationHelper.invokeMethod(MethodInvocationHelper.java:124)\n\tat org.testng.internal.MethodInvocationHelper.invokeMethodConsideringTimeout(MethodInvocationHelper.java:59)\n\tat org.testng.internal.Invoker.invokeConfigurationMethod(Invoker.java:458)\n\tat org.testng.internal.Invoker.invokeConfigurations(Invoker.java:222)\n\tat org.testng.internal.Invoker.invokeConfigurations(Invoker.java:142)\n\tat org.testng.SuiteRunner.privateRun(SuiteRunner.java:401)\n\tat org.testng.SuiteRunner.run(SuiteRunner.java:364)\n\tat org.testng.SuiteRunnerWorker.runSuite(SuiteRunnerWorker.java:52)\n\tat org.testng.SuiteRunnerWorker.run(SuiteRunnerWorker.java:84)\n\tat org.testng.TestNG.runSuitesSequentially(TestNG.java:1208)\n\tat org.testng.TestNG.runSuitesLocally(TestNG.java:1137)\n\tat org.testng.TestNG.runSuites(TestNG.java:1049)\n\tat org.testng.TestNG.run(TestNG.java:1017)\n\tat org.apache.maven.surefire.testng.TestNGExecutor.run(TestNGExecutor.java:324)\n\tat org.apache.maven.surefire.testng.TestNGXmlTestSuite.execute(TestNGXmlTestSuite.java:74)\n\tat org.apache.maven.surefire.testng.TestNGProvider.invoke(TestNGProvider.java:123)\n\tat org.apache.maven.surefire.booter.ForkedBooter.runSuitesInProcess(ForkedBooter.java:456)\n\tat org.apache.maven.surefire.booter.ForkedBooter.execute(ForkedBooter.java:169)\n\tat org.apache.maven.surefire.booter.ForkedBooter.run(ForkedBooter.java:595)\n\tat org.apache.maven.surefire.booter.ForkedBooter.main(ForkedBooter.java:581)\nCaused by: java.lang.RuntimeException: \nCan't get WebDriver: chrome\n\tat com.epam.jdi.light.common.Exceptions.exception(Exceptions.java:35)\n\tat com.epam.jdi.light.driver.WebDriverFactory.getDriver(WebDriverFactory.java:224)\n\tat com.epam.jdi.light.driver.WebDriverFactory.getDriver(WebDriverFactory.java:214)\n\t... 28 more\nCaused by: java.lang.RuntimeException: java.lang.RuntimeException: \nFailed to run downloaded driver CHROME:X64:105.0.5195.52. Please check that your browser and driver are compatible or use local driver with 'drivers.folder' property in test.properties'.\nDriverPath: /home/runner/.cache/selenium/chromedriver/linux64/107.0.5304.62/chromedriver\n\tat com.jdiai.tools.func.JFunc1.execute(JFunc1.java:21)\n\tat com.epam.jdi.light.driver.WebDriverFactory.getDriver(WebDriverFactory.java:222)\n\t... 29 more\nCaused by: java.lang.RuntimeException: \nFailed to run downloaded driver CHROME:X64:105.0.5195.52. Please check that your browser and driver are compatible or use local driver with 'drivers.folder' property in test.properties'.\nDriverPath: /home/runner/.cache/selenium/chromedriver/linux64/107.0.5304.62/chromedriver\n\tat com.epam.jdi.light.common.Exceptions.exception(Exceptions.java:35)\n\tat com.epam.jdi.light.driver.WebDriverFactory.getDriverException(WebDriverFactory.java:143)\n\tat com.epam.jdi.light.driver.WebDriverFactory.getDriverByName(WebDriverFactory.java:127)\n\tat com.jdiai.tools.func.JFunc1.execute(JFunc1.java:19)\n\t... 30 more\nCaused by: java.lang.RuntimeException: \nCan't run and register new driver 'chrome'\n\tat com.epam.jdi.light.common.Exceptions.exception(Exceptions.java:35)\n\tat com.epam.jdi.light.driver.WebDriverFactory.registerNewDriver(WebDriverFactory.java:90)\n\tat com.epam.jdi.light.driver.WebDriverFactory.getDriverFromName(WebDriverFactory.java:158)\n\tat com.epam.jdi.light.driver.WebDriverFactory.getDriverByName(WebDriverFactory.java:125)\n\t... 31 more\nCaused by: java.lang.RuntimeException: \nFailed to get valid driver 'chrome'\n\tat com.epam.jdi.light.common.Exceptions.runtimeException(Exceptions.java:17)\n\tat com.epam.jdi.light.driver.WebDriverFactory.getValidDriver(WebDriverFactory.java:113)\n\tat com.epam.jdi.light.driver.WebDriverFactory.registerNewDriver(WebDriverFactory.java:85)\n\t... 33 more\n","steps":[],"attachments":[],"parameters":[],"stepsCount":0,"attachmentsCount":0,"shouldDisplayMessage":true,"hasContent":true}],"afterStages":[{"name":"tearDown","time":{"start":1668597987270,"stop":1668597987270,"duration":0},"description":"","status":"passed","steps":[],"attachments":[],"parameters":[],"stepsCount":0,"attachmentsCount":0,"shouldDisplayMessage":false,"hasContent":false}],"labels":[{"name":"package","value":"org.mytests.tests.example.JDIPerformanceTests"},{"name":"testClass","value":"org.mytests.tests.example.JDIPerformanceTests"},{"name":"testMethod","value":"hugeTableValidateTest"},{"name":"parentSuite","value":"JDI-Light Performance"},{"name":"suite","value":"Tests"},{"name":"subSuite","value":"org.mytests.tests.example.JDIPerformanceTests"},{"name":"host","value":"fv-az236-68"},{"name":"thread","value":"3656@fv-az236-68.TestNG-test=Tests-4(40)"},{"name":"framework","value":"testng"},{"name":"language","value":"java"},{"name":"resultFormat","value":"allure2"}],"parameters":[],"links":[],"hidden":false,"retry":false,"extra":{"severity":"normal","retries":[],"categories":[],"history":{"statistic":{"failed":0,"broken":0,"skipped":61,"passed":1,"unknown":0,"total":62},"items":[{"uid":"c4a216947db8056a","reportUrl":"https://jdi-templates.github.io/jdi-light-browserstack/13//#testresult/c4a216947db8056a","status":"skipped","statusDetails":"\nCan't get WebDriver: chrome","time":{"start":1668597848978,"stop":1668597848978,"duration":0}},{"uid":"4044ce7e11353a55","reportUrl":"https://jdi-templates.github.io/jdi-light-browserstack/13//#testresult/4044ce7e11353a55","status":"skipped","statusDetails":"\nCan't get WebDriver: chrome","time":{"start":1668597697343,"stop":1668597697344,"duration":1}},{"uid":"63a4bdaef517f33a","reportUrl":"https://jdi-templates.github.io/jdi-light-browserstack/13//#testresult/63a4bdaef517f33a","status":"skipped","statusDetails":"\nCan't get WebDriver: chrome","time":{"start":1668597552105,"stop":1668597552105,"duration":0}},{"uid":"c0d2b555c5862a29","reportUrl":"https://jdi-templates.github.io/jdi-light-browserstack/12//#testresult/c0d2b555c5862a29","status":"skipped","statusDetails":"\nCan't get WebDriver: chrome","time":{"start":1668597479828,"stop":1668597479828,"duration":0}},{"uid":"893953395f0ca7a9","reportUrl":"https://jdi-templates.github.io/jdi-light-browserstack/13//#testresult/893953395f0ca7a9","status":"skipped","statusDetails":"\nCan't get WebDriver: chrome","time":{"start":1668597427751,"stop":1668597427751,"duration":0}},{"uid":"d52a1de9ee3c810c","reportUrl":"https://jdi-templates.github.io/jdi-light-browserstack/12//#testresult/d52a1de9ee3c810c","status":"skipped","statusDetails":"\nCan't get WebDriver: chrome","time":{"start":1668597399949,"stop":1668597399949,"duration":0}},{"uid":"aa802087d21d1d79","reportUrl":"https://jdi-templates.github.io/jdi-light-browserstack/13//#testresult/aa802087d21d1d79","status":"skipped","statusDetails":"\nCan't get WebDriver: chrome","time":{"start":1668597308573,"stop":1668597308573,"duration":0}},{"uid":"cd1c5eaf4da14cec","reportUrl":"https://jdi-templates.github.io/jdi-light-browserstack/12//#testresult/cd1c5eaf4da14cec","status":"skipped","statusDetails":"\nCan't get WebDriver: chrome","time":{"start":1668597280726,"stop":1668597280726,"duration":0}},{"uid":"fe28ceea4825a2d6","reportUrl":"https://jdi-templates.github.io/jdi-light-browserstack/13//#testresult/fe28ceea4825a2d6","status":"skipped","statusDetails":"\nCan't get WebDriver: chrome","time":{"start":1668597170134,"stop":1668597170134,"duration":0}},{"uid":"516465090f902445","reportUrl":"https://jdi-templates.github.io/jdi-light-browserstack/13//#testresult/516465090f902445","status":"skipped","statusDetails":"\nCan't get WebDriver: chrome","time":{"start":1668597037122,"stop":1668597037122,"duration":0}},{"uid":"86be3c19dd004f4f","reportUrl":"https://jdi-templates.github.io/jdi-light-browserstack/12//#testresult/86be3c19dd004f4f","status":"skipped","statusDetails":"\nCan't get WebDriver: chrome","time":{"start":1668596949416,"stop":1668596949416,"duration":0}},{"uid":"72a845c84861b2a","reportUrl":"https://jdi-templates.github.io/jdi-light-browserstack/12//#testresult/72a845c84861b2a","status":"skipped","statusDetails":"\nCan't get WebDriver: chrome","time":{"start":1668596827291,"stop":1668596827291,"duration":0}},{"uid":"35f79c7b1cf7ba36","reportUrl":"https://jdi-templates.github.io/jdi-light-browserstack/12//#testresult/35f79c7b1cf7ba36","status":"skipped","statusDetails":"\nCan't get WebDriver: chrome","time":{"start":1668596704498,"stop":1668596704498,"duration":0}},{"uid":"29be98a225cd0459","reportUrl":"https://jdi-templates.github.io/jdi-light-browserstack/9//#testresult/29be98a225cd0459","status":"skipped","statusDetails":"\nCan't get WebDriver: chrome","time":{"start":1668593122339,"stop":1668593122339,"duration":0}},{"uid":"49e74c80c43c0011","reportUrl":"https://jdi-templates.github.io/jdi-light-browserstack/9//#testresult/49e74c80c43c0011","status":"skipped","statusDetails":"\nCan't get WebDriver: chrome","time":{"start":1668593016838,"stop":1668593016838,"duration":0}},{"uid":"64b79aae161a03a9","reportUrl":"https://jdi-templates.github.io/jdi-light-browserstack/9//#testresult/64b79aae161a03a9","status":"skipped","statusDetails":"\nCan't get WebDriver: chrome","time":{"start":1668592897682,"stop":1668592897682,"duration":0}},{"uid":"ab9d8a4c4e545273","reportUrl":"https://jdi-templates.github.io/jdi-light-browserstack/9//#testresult/ab9d8a4c4e545273","status":"skipped","statusDetails":"\nCan't get WebDriver: chrome","time":{"start":1668592776541,"stop":1668592776541,"duration":0}},{"uid":"c40f53b713b3f893","reportUrl":"https://jdi-templates.github.io/jdi-light-browserstack/9//#testresult/c40f53b713b3f893","status":"skipped","statusDetails":"\nCan't get WebDriver: chrome","time":{"start":1668592658879,"stop":1668592658879,"duration":0}},{"uid":"daa889853c3c3956","reportUrl":"https://jdi-templates.github.io/jdi-light-browserstack/9//#testresult/daa889853c3c3956","status":"skipped","statusDetails":"\nCan't get WebDriver: chrome","time":{"start":1668592551390,"stop":1668592551391,"duration":1}},{"uid":"9630153f14736f60","reportUrl":"https://jdi-templates.github.io/jdi-light-browserstack/9//#testresult/9630153f14736f60","status":"skipped","statusDetails":"\nCan't get WebDriver: chrome","time":{"start":1668592443213,"stop":1668592443213,"duration":0}}]},"tags":[]},"source":"d910e0599f7868e0.json","parameterValues":[]}