{"uid":"dad9f8320607f25d","name":"exactMatcherTest","fullName":"org.mytests.tests.example.DataTableTests.exactMatcherTest","historyId":"cfd427881319d77d940491fc01afc045","time":{"start":1668597308627,"stop":1668597308627,"duration":0},"status":"skipped","statusMessage":"\nCan't get WebDriver: chrome","statusTrace":"java.lang.RuntimeException: \nCan't get WebDriver: chrome\n\tat com.epam.jdi.light.common.Exceptions.exception(Exceptions.java:35)\n\tat com.epam.jdi.light.driver.WebDriverFactory.getDriver(WebDriverFactory.java:216)\n\tat com.epam.jdi.light.elements.common.WindowsManager.setWindowName(WindowsManager.java:87)\n\tat com.epam.jdi.light.elements.common.WindowsManager.openSiteTab(WindowsManager.java:51)\n\tat com.epam.jdi.light.elements.composite.WebPage.openSite(WebPage.java:153)\n\tat org.mytests.tests.TestsInit.setUp(TestsInit.java:18)\n\tat java.base/jdk.internal.reflect.NativeMethodAccessorImpl.invoke0(Native Method)\n\tat java.base/jdk.internal.reflect.NativeMethodAccessorImpl.invoke(NativeMethodAccessorImpl.java:62)\n\tat java.base/jdk.internal.reflect.DelegatingMethodAccessorImpl.invoke(DelegatingMethodAccessorImpl.java:43)\n\tat java.base/java.lang.reflect.Method.invoke(Method.java:564)\n\tat org.testng.internal.MethodInvocationHelper.invokeMethod(MethodInvocationHelper.java:124)\n\tat org.testng.internal.MethodInvocationHelper.invokeMethodConsideringTimeout(MethodInvocationHelper.java:59)\n\tat org.testng.internal.Invoker.invokeConfigurationMethod(Invoker.java:458)\n\tat org.testng.internal.Invoker.invokeConfigurations(Invoker.java:222)\n\tat org.testng.internal.Invoker.invokeConfigurations(Invoker.java:142)\n\tat org.testng.SuiteRunner.privateRun(SuiteRunner.java:401)\n\tat org.testng.SuiteRunner.run(SuiteRunner.java:364)\n\tat org.testng.SuiteRunnerWorker.runSuite(SuiteRunnerWorker.java:52)\n\tat org.testng.SuiteRunnerWorker.run(SuiteRunnerWorker.java:84)\n\tat org.testng.TestNG.runSuitesSequentially(TestNG.java:1208)\n\tat org.testng.TestNG.runSuitesLocally(TestNG.java:1137)\n\tat org.testng.TestNG.runSuites(TestNG.java:1049)\n\tat org.testng.TestNG.run(TestNG.java:1017)\n\tat org.apache.maven.surefire.testng.TestNGExecutor.run(TestNGExecutor.java:324)\n\tat org.apache.maven.surefire.testng.TestNGXmlTestSuite.execute(TestNGXmlTestSuite.java:74)\n\tat org.apache.maven.surefire.testng.TestNGProvider.invoke(TestNGProvider.java:123)\n\tat org.apache.maven.surefire.booter.ForkedBooter.runSuitesInProcess(ForkedBooter.java:456)\n\tat org.apache.maven.surefire.booter.ForkedBooter.execute(ForkedBooter.java:169)\n\tat org.apache.maven.surefire.booter.ForkedBooter.run(ForkedBooter.java:595)\n\tat org.apache.maven.surefire.booter.ForkedBooter.main(ForkedBooter.java:581)\nCaused by: java.lang.RuntimeException: \nCan't get WebDriver: chrome\n\tat com.epam.jdi.light.common.Exceptions.exception(Exceptions.java:35)\n\tat com.epam.jdi.light.driver.WebDriverFactory.getDriver(WebDriverFactory.java:224)\n\tat com.epam.jdi.light.driver.WebDriverFactory.getDriver(WebDriverFactory.java:214)\n\t... 28 more\nCaused by: java.lang.RuntimeException: java.lang.RuntimeException: \nFailed to run downloaded driver CHROME:X64:105.0.5195.52. Please check that your browser and driver are compatible or use local driver with 'drivers.folder' property in test.properties'.\nDriverPath: /home/runner/.cache/selenium/chromedriver/linux64/107.0.5304.62/chromedriver\n\tat com.jdiai.tools.func.JFunc1.execute(JFunc1.java:21)\n\tat com.epam.jdi.light.driver.WebDriverFactory.getDriver(WebDriverFactory.java:222)\n\t... 29 more\nCaused by: java.lang.RuntimeException: \nFailed to run downloaded driver CHROME:X64:105.0.5195.52. Please check that your browser and driver are compatible or use local driver with 'drivers.folder' property in test.properties'.\nDriverPath: /home/runner/.cache/selenium/chromedriver/linux64/107.0.5304.62/chromedriver\n\tat com.epam.jdi.light.common.Exceptions.exception(Exceptions.java:35)\n\tat com.epam.jdi.light.driver.WebDriverFactory.getDriverException(WebDriverFactory.java:143)\n\tat com.epam.jdi.light.driver.WebDriverFactory.getDriverByName(WebDriverFactory.java:127)\n\tat com.jdiai.tools.func.JFunc1.execute(JFunc1.java:19)\n\t... 30 more\nCaused by: java.lang.RuntimeException: \nCan't run and register new driver 'chrome'\n\tat com.epam.jdi.light.common.Exceptions.exception(Exceptions.java:35)\n\tat com.epam.jdi.light.driver.WebDriverFactory.registerNewDriver(WebDriverFactory.java:90)\n\tat com.epam.jdi.light.driver.WebDriverFactory.getDriverFromName(WebDriverFactory.java:158)\n\tat com.epam.jdi.light.driver.WebDriverFactory.getDriverByName(WebDriverFactory.java:125)\n\t... 31 more\nCaused by: java.lang.RuntimeException: \nFailed to get valid driver 'chrome'\n\tat com.epam.jdi.light.common.Exceptions.runtimeException(Exceptions.java:17)\n\tat com.epam.jdi.light.driver.WebDriverFactory.getValidDriver(WebDriverFactory.java:113)\n\tat com.epam.jdi.light.driver.WebDriverFactory.registerNewDriver(WebDriverFactory.java:85)\n\t... 33 more\n","flaky":false,"newFailed":false,"newBroken":false,"newPassed":false,"retriesCount":0,"retriesStatusChange":false,"beforeStages":[{"name":"setUp","time":{"start":1668597288729,"stop":1668597308330,"duration":19601},"description":"","status":"broken","statusMessage":"\nCan't get WebDriver: chrome","statusTrace":"java.lang.RuntimeException: \nCan't get WebDriver: chrome\n\tat com.epam.jdi.light.common.Exceptions.exception(Exceptions.java:35)\n\tat com.epam.jdi.light.driver.WebDriverFactory.getDriver(WebDriverFactory.java:216)\n\tat com.epam.jdi.light.elements.common.WindowsManager.setWindowName(WindowsManager.java:87)\n\tat com.epam.jdi.light.elements.common.WindowsManager.openSiteTab(WindowsManager.java:51)\n\tat com.epam.jdi.light.elements.composite.WebPage.openSite(WebPage.java:153)\n\tat org.mytests.tests.TestsInit.setUp(TestsInit.java:18)\n\tat java.base/jdk.internal.reflect.NativeMethodAccessorImpl.invoke0(Native Method)\n\tat java.base/jdk.internal.reflect.NativeMethodAccessorImpl.invoke(NativeMethodAccessorImpl.java:62)\n\tat java.base/jdk.internal.reflect.DelegatingMethodAccessorImpl.invoke(DelegatingMethodAccessorImpl.java:43)\n\tat java.base/java.lang.reflect.Method.invoke(Method.java:564)\n\tat org.testng.internal.MethodInvocationHelper.invokeMethod(MethodInvocationHelper.java:124)\n\tat org.testng.internal.MethodInvocationHelper.invokeMethodConsideringTimeout(MethodInvocationHelper.java:59)\n\tat org.testng.internal.Invoker.invokeConfigurationMethod(Invoker.java:458)\n\tat org.testng.internal.Invoker.invokeConfigurations(Invoker.java:222)\n\tat org.testng.internal.Invoker.invokeConfigurations(Invoker.java:142)\n\tat org.testng.SuiteRunner.privateRun(SuiteRunner.java:401)\n\tat org.testng.SuiteRunner.run(SuiteRunner.java:364)\n\tat org.testng.SuiteRunnerWorker.runSuite(SuiteRunnerWorker.java:52)\n\tat org.testng.SuiteRunnerWorker.run(SuiteRunnerWorker.java:84)\n\tat org.testng.TestNG.runSuitesSequentially(TestNG.java:1208)\n\tat org.testng.TestNG.runSuitesLocally(TestNG.java:1137)\n\tat org.testng.TestNG.runSuites(TestNG.java:1049)\n\tat org.testng.TestNG.run(TestNG.java:1017)\n\tat org.apache.maven.surefire.testng.TestNGExecutor.run(TestNGExecutor.java:324)\n\tat org.apache.maven.surefire.testng.TestNGXmlTestSuite.execute(TestNGXmlTestSuite.java:74)\n\tat org.apache.maven.surefire.testng.TestNGProvider.invoke(TestNGProvider.java:123)\n\tat org.apache.maven.surefire.booter.ForkedBooter.runSuitesInProcess(ForkedBooter.java:456)\n\tat org.apache.maven.surefire.booter.ForkedBooter.execute(ForkedBooter.java:169)\n\tat org.apache.maven.surefire.booter.ForkedBooter.run(ForkedBooter.java:595)\n\tat org.apache.maven.surefire.booter.ForkedBooter.main(ForkedBooter.java:581)\nCaused by: java.lang.RuntimeException: \nCan't get WebDriver: chrome\n\tat com.epam.jdi.light.common.Exceptions.exception(Exceptions.java:35)\n\tat com.epam.jdi.light.driver.WebDriverFactory.getDriver(WebDriverFactory.java:224)\n\tat com.epam.jdi.light.driver.WebDriverFactory.getDriver(WebDriverFactory.java:214)\n\t... 28 more\nCaused by: java.lang.RuntimeException: java.lang.RuntimeException: \nFailed to run downloaded driver CHROME:X64:105.0.5195.52. Please check that your browser and driver are compatible or use local driver with 'drivers.folder' property in test.properties'.\nDriverPath: /home/runner/.cache/selenium/chromedriver/linux64/107.0.5304.62/chromedriver\n\tat com.jdiai.tools.func.JFunc1.execute(JFunc1.java:21)\n\tat com.epam.jdi.light.driver.WebDriverFactory.getDriver(WebDriverFactory.java:222)\n\t... 29 more\nCaused by: java.lang.RuntimeException: \nFailed to run downloaded driver CHROME:X64:105.0.5195.52. Please check that your browser and driver are compatible or use local driver with 'drivers.folder' property in test.properties'.\nDriverPath: /home/runner/.cache/selenium/chromedriver/linux64/107.0.5304.62/chromedriver\n\tat com.epam.jdi.light.common.Exceptions.exception(Exceptions.java:35)\n\tat com.epam.jdi.light.driver.WebDriverFactory.getDriverException(WebDriverFactory.java:143)\n\tat com.epam.jdi.light.driver.WebDriverFactory.getDriverByName(WebDriverFactory.java:127)\n\tat com.jdiai.tools.func.JFunc1.execute(JFunc1.java:19)\n\t... 30 more\nCaused by: java.lang.RuntimeException: \nCan't run and register new driver 'chrome'\n\tat com.epam.jdi.light.common.Exceptions.exception(Exceptions.java:35)\n\tat com.epam.jdi.light.driver.WebDriverFactory.registerNewDriver(WebDriverFactory.java:90)\n\tat com.epam.jdi.light.driver.WebDriverFactory.getDriverFromName(WebDriverFactory.java:158)\n\tat com.epam.jdi.light.driver.WebDriverFactory.getDriverByName(WebDriverFactory.java:125)\n\t... 31 more\nCaused by: java.lang.RuntimeException: \nFailed to get valid driver 'chrome'\n\tat com.epam.jdi.light.common.Exceptions.runtimeException(Exceptions.java:17)\n\tat com.epam.jdi.light.driver.WebDriverFactory.getValidDriver(WebDriverFactory.java:113)\n\tat com.epam.jdi.light.driver.WebDriverFactory.registerNewDriver(WebDriverFactory.java:85)\n\t... 33 more\n","steps":[],"attachments":[],"parameters":[],"stepsCount":0,"attachmentsCount":0,"shouldDisplayMessage":true,"hasContent":true}],"afterStages":[{"name":"tearDown","time":{"start":1668597308669,"stop":1668597308669,"duration":0},"description":"","status":"passed","steps":[],"attachments":[],"parameters":[],"stepsCount":0,"attachmentsCount":0,"shouldDisplayMessage":false,"hasContent":false}],"labels":[{"name":"package","value":"org.mytests.tests.example.DataTableTests"},{"name":"testClass","value":"org.mytests.tests.example.DataTableTests"},{"name":"testMethod","value":"exactMatcherTest"},{"name":"parentSuite","value":"JDI-Light Performance"},{"name":"suite","value":"Tests"},{"name":"subSuite","value":"org.mytests.tests.example.DataTableTests"},{"name":"host","value":"fv-az291-501"},{"name":"thread","value":"3461@fv-az291-501.TestNG-test=Tests-2(37)"},{"name":"framework","value":"testng"},{"name":"language","value":"java"},{"name":"resultFormat","value":"allure2"}],"parameters":[],"links":[],"hidden":false,"retry":false,"extra":{"severity":"normal","retries":[],"categories":[],"history":{"statistic":{"failed":0,"broken":0,"skipped":54,"passed":1,"unknown":0,"total":55},"items":[{"uid":"f02edc4d40d31e21","reportUrl":"https://jdi-templates.github.io/jdi-light-browserstack/12//#testresult/f02edc4d40d31e21","status":"skipped","statusDetails":"\nCan't get WebDriver: chrome","time":{"start":1668597280760,"stop":1668597280760,"duration":0}},{"uid":"c9905c534f44b217","reportUrl":"https://jdi-templates.github.io/jdi-light-browserstack/13//#testresult/c9905c534f44b217","status":"skipped","statusDetails":"\nCan't get WebDriver: chrome","time":{"start":1668597170181,"stop":1668597170181,"duration":0}},{"uid":"4435d3e1af60ba30","reportUrl":"https://jdi-templates.github.io/jdi-light-browserstack/13//#testresult/4435d3e1af60ba30","status":"skipped","statusDetails":"\nCan't get WebDriver: chrome","time":{"start":1668597037200,"stop":1668597037200,"duration":0}},{"uid":"e053f6f0654a814f","reportUrl":"https://jdi-templates.github.io/jdi-light-browserstack/12//#testresult/e053f6f0654a814f","status":"skipped","statusDetails":"\nCan't get WebDriver: chrome","time":{"start":1668596949464,"stop":1668596949464,"duration":0}},{"uid":"31bad43208fd7640","reportUrl":"https://jdi-templates.github.io/jdi-light-browserstack/12//#testresult/31bad43208fd7640","status":"skipped","statusDetails":"\nCan't get WebDriver: chrome","time":{"start":1668596827361,"stop":1668596827361,"duration":0}},{"uid":"b415a53c17c08561","reportUrl":"https://jdi-templates.github.io/jdi-light-browserstack/12//#testresult/b415a53c17c08561","status":"skipped","statusDetails":"\nCan't get WebDriver: chrome","time":{"start":1668596704545,"stop":1668596704545,"duration":0}},{"uid":"74844b578ef41bae","reportUrl":"https://jdi-templates.github.io/jdi-light-browserstack/9//#testresult/74844b578ef41bae","status":"skipped","statusDetails":"\nCan't get WebDriver: chrome","time":{"start":1668593122355,"stop":1668593122355,"duration":0}},{"uid":"48ca3dfa8a950255","reportUrl":"https://jdi-templates.github.io/jdi-light-browserstack/9//#testresult/48ca3dfa8a950255","status":"skipped","statusDetails":"\nCan't get WebDriver: chrome","time":{"start":1668593016886,"stop":1668593016886,"duration":0}},{"uid":"508d32bf07c43b9f","reportUrl":"https://jdi-templates.github.io/jdi-light-browserstack/9//#testresult/508d32bf07c43b9f","status":"skipped","statusDetails":"\nCan't get WebDriver: chrome","time":{"start":1668592897741,"stop":1668592897741,"duration":0}},{"uid":"ac51e34d7ac5f52b","reportUrl":"https://jdi-templates.github.io/jdi-light-browserstack/9//#testresult/ac51e34d7ac5f52b","status":"skipped","statusDetails":"\nCan't get WebDriver: chrome","time":{"start":1668592776594,"stop":1668592776594,"duration":0}},{"uid":"6cc736376563dfa9","reportUrl":"https://jdi-templates.github.io/jdi-light-browserstack/9//#testresult/6cc736376563dfa9","status":"skipped","statusDetails":"\nCan't get WebDriver: chrome","time":{"start":1668592658925,"stop":1668592658925,"duration":0}},{"uid":"ffad4306401423e6","reportUrl":"https://jdi-templates.github.io/jdi-light-browserstack/9//#testresult/ffad4306401423e6","status":"skipped","statusDetails":"\nCan't get WebDriver: chrome","time":{"start":1668592551463,"stop":1668592551463,"duration":0}},{"uid":"80d386fc4a7e12e","reportUrl":"https://jdi-templates.github.io/jdi-light-browserstack/9//#testresult/80d386fc4a7e12e","status":"skipped","statusDetails":"\nCan't get WebDriver: chrome","time":{"start":1668592443261,"stop":1668592443263,"duration":2}},{"uid":"1b27fe4c610c5ad5","reportUrl":"https://jdi-templates.github.io/jdi-light-browserstack/8//#testresult/1b27fe4c610c5ad5","status":"skipped","statusDetails":"\nCan't get WebDriver: chrome","time":{"start":1668592425476,"stop":1668592425476,"duration":0}},{"uid":"2baf7d4f0322a68f","reportUrl":"https://jdi-templates.github.io/jdi-light-browserstack/9//#testresult/2baf7d4f0322a68f","status":"skipped","statusDetails":"\nCan't get WebDriver: chrome","time":{"start":1668592330615,"stop":1668592330615,"duration":0}},{"uid":"701a43c1810c5f18","reportUrl":"https://jdi-templates.github.io/jdi-light-browserstack/8//#testresult/701a43c1810c5f18","status":"skipped","statusDetails":"\nCan't get WebDriver: chrome","time":{"start":1668592306802,"stop":1668592306802,"duration":0}},{"uid":"c7502e5d8fa981cb","reportUrl":"https://jdi-templates.github.io/jdi-light-browserstack/8//#testresult/c7502e5d8fa981cb","status":"skipped","statusDetails":"\nCan't get WebDriver: chrome","time":{"start":1668592191348,"stop":1668592191348,"duration":0}},{"uid":"bebb4941e0838a1f","reportUrl":"https://jdi-templates.github.io/jdi-light-browserstack/8//#testresult/bebb4941e0838a1f","status":"skipped","statusDetails":"\nCan't get WebDriver: chrome","time":{"start":1668592075871,"stop":1668592075871,"duration":0}},{"uid":"95d7cf9cb6ddeb2e","reportUrl":"https://jdi-templates.github.io/jdi-light-browserstack/8//#testresult/95d7cf9cb6ddeb2e","status":"skipped","statusDetails":"\nCan't get WebDriver: chrome","time":{"start":1668591965522,"stop":1668591965522,"duration":0}},{"uid":"f9ebb520ecc12dbf","reportUrl":"https://jdi-templates.github.io/jdi-light-browserstack/8//#testresult/f9ebb520ecc12dbf","status":"skipped","statusDetails":"\nCan't get WebDriver: chrome","time":{"start":1668591851839,"stop":1668591851839,"duration":0}}]},"tags":[]},"source":"dad9f8320607f25d.json","parameterValues":[]}