{"uid":"db3613af408b29b0","name":"rowTableMatcherSingleTest","fullName":"org.mytests.tests.example.DataTableTests.rowTableMatcherSingleTest","historyId":"a52aad8cd0f215e97afd46cabf45ae25","time":{"start":1668597037229,"stop":1668597037229,"duration":0},"status":"skipped","statusMessage":"\nCan't get WebDriver: chrome","statusTrace":"java.lang.RuntimeException: \nCan't get WebDriver: chrome\n\tat com.epam.jdi.light.common.Exceptions.exception(Exceptions.java:35)\n\tat com.epam.jdi.light.driver.WebDriverFactory.getDriver(WebDriverFactory.java:216)\n\tat com.epam.jdi.light.elements.common.WindowsManager.setWindowName(WindowsManager.java:87)\n\tat com.epam.jdi.light.elements.common.WindowsManager.openSiteTab(WindowsManager.java:51)\n\tat com.epam.jdi.light.elements.composite.WebPage.openSite(WebPage.java:153)\n\tat org.mytests.tests.TestsInit.setUp(TestsInit.java:18)\n\tat sun.reflect.NativeMethodAccessorImpl.invoke0(Native Method)\n\tat sun.reflect.NativeMethodAccessorImpl.invoke(NativeMethodAccessorImpl.java:62)\n\tat sun.reflect.DelegatingMethodAccessorImpl.invoke(DelegatingMethodAccessorImpl.java:43)\n\tat java.lang.reflect.Method.invoke(Method.java:498)\n\tat org.testng.internal.MethodInvocationHelper.invokeMethod(MethodInvocationHelper.java:124)\n\tat org.testng.internal.MethodInvocationHelper.invokeMethodConsideringTimeout(MethodInvocationHelper.java:59)\n\tat org.testng.internal.Invoker.invokeConfigurationMethod(Invoker.java:458)\n\tat org.testng.internal.Invoker.invokeConfigurations(Invoker.java:222)\n\tat org.testng.internal.Invoker.invokeConfigurations(Invoker.java:142)\n\tat org.testng.SuiteRunner.privateRun(SuiteRunner.java:401)\n\tat org.testng.SuiteRunner.run(SuiteRunner.java:364)\n\tat org.testng.SuiteRunnerWorker.runSuite(SuiteRunnerWorker.java:52)\n\tat org.testng.SuiteRunnerWorker.run(SuiteRunnerWorker.java:84)\n\tat org.testng.TestNG.runSuitesSequentially(TestNG.java:1208)\n\tat org.testng.TestNG.runSuitesLocally(TestNG.java:1137)\n\tat org.testng.TestNG.runSuites(TestNG.java:1049)\n\tat org.testng.TestNG.run(TestNG.java:1017)\n\tat org.apache.maven.surefire.testng.TestNGExecutor.run(TestNGExecutor.java:324)\n\tat org.apache.maven.surefire.testng.TestNGXmlTestSuite.execute(TestNGXmlTestSuite.java:74)\n\tat org.apache.maven.surefire.testng.TestNGProvider.invoke(TestNGProvider.java:123)\n\tat org.apache.maven.surefire.booter.ForkedBooter.runSuitesInProcess(ForkedBooter.java:456)\n\tat org.apache.maven.surefire.booter.ForkedBooter.execute(ForkedBooter.java:169)\n\tat org.apache.maven.surefire.booter.ForkedBooter.run(ForkedBooter.java:595)\n\tat org.apache.maven.surefire.booter.ForkedBooter.main(ForkedBooter.java:581)\nCaused by: java.lang.RuntimeException: \nCan't get WebDriver: chrome\n\tat com.epam.jdi.light.common.Exceptions.exception(Exceptions.java:35)\n\tat com.epam.jdi.light.driver.WebDriverFactory.getDriver(WebDriverFactory.java:224)\n\tat com.epam.jdi.light.driver.WebDriverFactory.getDriver(WebDriverFactory.java:214)\n\t... 28 more\nCaused by: java.lang.RuntimeException: java.lang.RuntimeException: \nFailed to run downloaded driver CHROME:X64:105.0.5195.52. Please check that your browser and driver are compatible or use local driver with 'drivers.folder' property in test.properties'.\nDriverPath: /home/runner/.cache/selenium/chromedriver/linux64/107.0.5304.62/chromedriver\n\tat com.jdiai.tools.func.JFunc1.execute(JFunc1.java:21)\n\tat com.epam.jdi.light.driver.WebDriverFactory.getDriver(WebDriverFactory.java:222)\n\t... 29 more\nCaused by: java.lang.RuntimeException: \nFailed to run downloaded driver CHROME:X64:105.0.5195.52. Please check that your browser and driver are compatible or use local driver with 'drivers.folder' property in test.properties'.\nDriverPath: /home/runner/.cache/selenium/chromedriver/linux64/107.0.5304.62/chromedriver\n\tat com.epam.jdi.light.common.Exceptions.exception(Exceptions.java:35)\n\tat com.epam.jdi.light.driver.WebDriverFactory.getDriverException(WebDriverFactory.java:143)\n\tat com.epam.jdi.light.driver.WebDriverFactory.getDriverByName(WebDriverFactory.java:127)\n\tat com.jdiai.tools.func.JFunc1.execute(JFunc1.java:19)\n\t... 30 more\nCaused by: java.lang.RuntimeException: \nCan't run and register new driver 'chrome'\n\tat com.epam.jdi.light.common.Exceptions.exception(Exceptions.java:35)\n\tat com.epam.jdi.light.driver.WebDriverFactory.registerNewDriver(WebDriverFactory.java:90)\n\tat com.epam.jdi.light.driver.WebDriverFactory.getDriverFromName(WebDriverFactory.java:158)\n\tat com.epam.jdi.light.driver.WebDriverFactory.getDriverByName(WebDriverFactory.java:125)\n\t... 31 more\nCaused by: java.lang.RuntimeException: \nFailed to get valid driver 'chrome'\n\tat com.epam.jdi.light.common.Exceptions.runtimeException(Exceptions.java:17)\n\tat com.epam.jdi.light.driver.WebDriverFactory.getValidDriver(WebDriverFactory.java:113)\n\tat com.epam.jdi.light.driver.WebDriverFactory.registerNewDriver(WebDriverFactory.java:85)\n\t... 33 more\n","flaky":false,"newFailed":false,"newBroken":false,"newPassed":false,"retriesCount":0,"retriesStatusChange":false,"beforeStages":[{"name":"setUp","time":{"start":1668597014814,"stop":1668597036806,"duration":21992},"description":"","status":"broken","statusMessage":"\nCan't get WebDriver: chrome","statusTrace":"java.lang.RuntimeException: \nCan't get WebDriver: chrome\n\tat com.epam.jdi.light.common.Exceptions.exception(Exceptions.java:35)\n\tat com.epam.jdi.light.driver.WebDriverFactory.getDriver(WebDriverFactory.java:216)\n\tat com.epam.jdi.light.elements.common.WindowsManager.setWindowName(WindowsManager.java:87)\n\tat com.epam.jdi.light.elements.common.WindowsManager.openSiteTab(WindowsManager.java:51)\n\tat com.epam.jdi.light.elements.composite.WebPage.openSite(WebPage.java:153)\n\tat org.mytests.tests.TestsInit.setUp(TestsInit.java:18)\n\tat sun.reflect.NativeMethodAccessorImpl.invoke0(Native Method)\n\tat sun.reflect.NativeMethodAccessorImpl.invoke(NativeMethodAccessorImpl.java:62)\n\tat sun.reflect.DelegatingMethodAccessorImpl.invoke(DelegatingMethodAccessorImpl.java:43)\n\tat java.lang.reflect.Method.invoke(Method.java:498)\n\tat org.testng.internal.MethodInvocationHelper.invokeMethod(MethodInvocationHelper.java:124)\n\tat org.testng.internal.MethodInvocationHelper.invokeMethodConsideringTimeout(MethodInvocationHelper.java:59)\n\tat org.testng.internal.Invoker.invokeConfigurationMethod(Invoker.java:458)\n\tat org.testng.internal.Invoker.invokeConfigurations(Invoker.java:222)\n\tat org.testng.internal.Invoker.invokeConfigurations(Invoker.java:142)\n\tat org.testng.SuiteRunner.privateRun(SuiteRunner.java:401)\n\tat org.testng.SuiteRunner.run(SuiteRunner.java:364)\n\tat org.testng.SuiteRunnerWorker.runSuite(SuiteRunnerWorker.java:52)\n\tat org.testng.SuiteRunnerWorker.run(SuiteRunnerWorker.java:84)\n\tat org.testng.TestNG.runSuitesSequentially(TestNG.java:1208)\n\tat org.testng.TestNG.runSuitesLocally(TestNG.java:1137)\n\tat org.testng.TestNG.runSuites(TestNG.java:1049)\n\tat org.testng.TestNG.run(TestNG.java:1017)\n\tat org.apache.maven.surefire.testng.TestNGExecutor.run(TestNGExecutor.java:324)\n\tat org.apache.maven.surefire.testng.TestNGXmlTestSuite.execute(TestNGXmlTestSuite.java:74)\n\tat org.apache.maven.surefire.testng.TestNGProvider.invoke(TestNGProvider.java:123)\n\tat org.apache.maven.surefire.booter.ForkedBooter.runSuitesInProcess(ForkedBooter.java:456)\n\tat org.apache.maven.surefire.booter.ForkedBooter.execute(ForkedBooter.java:169)\n\tat org.apache.maven.surefire.booter.ForkedBooter.run(ForkedBooter.java:595)\n\tat org.apache.maven.surefire.booter.ForkedBooter.main(ForkedBooter.java:581)\nCaused by: java.lang.RuntimeException: \nCan't get WebDriver: chrome\n\tat com.epam.jdi.light.common.Exceptions.exception(Exceptions.java:35)\n\tat com.epam.jdi.light.driver.WebDriverFactory.getDriver(WebDriverFactory.java:224)\n\tat com.epam.jdi.light.driver.WebDriverFactory.getDriver(WebDriverFactory.java:214)\n\t... 28 more\nCaused by: java.lang.RuntimeException: java.lang.RuntimeException: \nFailed to run downloaded driver CHROME:X64:105.0.5195.52. Please check that your browser and driver are compatible or use local driver with 'drivers.folder' property in test.properties'.\nDriverPath: /home/runner/.cache/selenium/chromedriver/linux64/107.0.5304.62/chromedriver\n\tat com.jdiai.tools.func.JFunc1.execute(JFunc1.java:21)\n\tat com.epam.jdi.light.driver.WebDriverFactory.getDriver(WebDriverFactory.java:222)\n\t... 29 more\nCaused by: java.lang.RuntimeException: \nFailed to run downloaded driver CHROME:X64:105.0.5195.52. Please check that your browser and driver are compatible or use local driver with 'drivers.folder' property in test.properties'.\nDriverPath: /home/runner/.cache/selenium/chromedriver/linux64/107.0.5304.62/chromedriver\n\tat com.epam.jdi.light.common.Exceptions.exception(Exceptions.java:35)\n\tat com.epam.jdi.light.driver.WebDriverFactory.getDriverException(WebDriverFactory.java:143)\n\tat com.epam.jdi.light.driver.WebDriverFactory.getDriverByName(WebDriverFactory.java:127)\n\tat com.jdiai.tools.func.JFunc1.execute(JFunc1.java:19)\n\t... 30 more\nCaused by: java.lang.RuntimeException: \nCan't run and register new driver 'chrome'\n\tat com.epam.jdi.light.common.Exceptions.exception(Exceptions.java:35)\n\tat com.epam.jdi.light.driver.WebDriverFactory.registerNewDriver(WebDriverFactory.java:90)\n\tat com.epam.jdi.light.driver.WebDriverFactory.getDriverFromName(WebDriverFactory.java:158)\n\tat com.epam.jdi.light.driver.WebDriverFactory.getDriverByName(WebDriverFactory.java:125)\n\t... 31 more\nCaused by: java.lang.RuntimeException: \nFailed to get valid driver 'chrome'\n\tat com.epam.jdi.light.common.Exceptions.runtimeException(Exceptions.java:17)\n\tat com.epam.jdi.light.driver.WebDriverFactory.getValidDriver(WebDriverFactory.java:113)\n\tat com.epam.jdi.light.driver.WebDriverFactory.registerNewDriver(WebDriverFactory.java:85)\n\t... 33 more\n","steps":[],"attachments":[],"parameters":[],"stepsCount":0,"attachmentsCount":0,"shouldDisplayMessage":true,"hasContent":true}],"afterStages":[{"name":"tearDown","time":{"start":1668597037259,"stop":1668597037259,"duration":0},"description":"","status":"passed","steps":[],"attachments":[],"parameters":[],"stepsCount":0,"attachmentsCount":0,"shouldDisplayMessage":false,"hasContent":false}],"labels":[{"name":"package","value":"org.mytests.tests.example.DataTableTests"},{"name":"testClass","value":"org.mytests.tests.example.DataTableTests"},{"name":"testMethod","value":"rowTableMatcherSingleTest"},{"name":"parentSuite","value":"JDI-Light Performance"},{"name":"suite","value":"Tests"},{"name":"subSuite","value":"org.mytests.tests.example.DataTableTests"},{"name":"host","value":"fv-az342-666"},{"name":"thread","value":"3703@fv-az342-666.TestNG-test=Tests-2(36)"},{"name":"framework","value":"testng"},{"name":"language","value":"java"},{"name":"resultFormat","value":"allure2"}],"parameters":[],"links":[],"hidden":false,"retry":false,"extra":{"severity":"normal","retries":[],"categories":[],"history":{"statistic":{"failed":0,"broken":0,"skipped":51,"passed":1,"unknown":0,"total":52},"items":[{"uid":"f4271968f693c77d","reportUrl":"https://jdi-templates.github.io/jdi-light-browserstack/12//#testresult/f4271968f693c77d","status":"skipped","statusDetails":"\nCan't get WebDriver: chrome","time":{"start":1668596949498,"stop":1668596949498,"duration":0}},{"uid":"dc34e961f6793a9c","reportUrl":"https://jdi-templates.github.io/jdi-light-browserstack/12//#testresult/dc34e961f6793a9c","status":"skipped","statusDetails":"\nCan't get WebDriver: chrome","time":{"start":1668596827393,"stop":1668596827393,"duration":0}},{"uid":"f06c51c34bef418f","reportUrl":"https://jdi-templates.github.io/jdi-light-browserstack/12//#testresult/f06c51c34bef418f","status":"skipped","statusDetails":"\nCan't get WebDriver: chrome","time":{"start":1668596704578,"stop":1668596704578,"duration":0}},{"uid":"f155f6bdcb65e4ac","reportUrl":"https://jdi-templates.github.io/jdi-light-browserstack/9//#testresult/f155f6bdcb65e4ac","status":"skipped","statusDetails":"\nCan't get WebDriver: chrome","time":{"start":1668593122395,"stop":1668593122395,"duration":0}},{"uid":"6f7b348bcad6c306","reportUrl":"https://jdi-templates.github.io/jdi-light-browserstack/9//#testresult/6f7b348bcad6c306","status":"skipped","statusDetails":"\nCan't get WebDriver: chrome","time":{"start":1668593016906,"stop":1668593016906,"duration":0}},{"uid":"5ad324646f9f341a","reportUrl":"https://jdi-templates.github.io/jdi-light-browserstack/9//#testresult/5ad324646f9f341a","status":"skipped","statusDetails":"\nCan't get WebDriver: chrome","time":{"start":1668592897757,"stop":1668592897757,"duration":0}},{"uid":"5d3c338b6707607e","reportUrl":"https://jdi-templates.github.io/jdi-light-browserstack/9//#testresult/5d3c338b6707607e","status":"skipped","statusDetails":"\nCan't get WebDriver: chrome","time":{"start":1668592776650,"stop":1668592776650,"duration":0}},{"uid":"6537ba64afdbed22","reportUrl":"https://jdi-templates.github.io/jdi-light-browserstack/9//#testresult/6537ba64afdbed22","status":"skipped","statusDetails":"\nCan't get WebDriver: chrome","time":{"start":1668592658950,"stop":1668592658950,"duration":0}},{"uid":"586f24956aacf572","reportUrl":"https://jdi-templates.github.io/jdi-light-browserstack/9//#testresult/586f24956aacf572","status":"skipped","statusDetails":"\nCan't get WebDriver: chrome","time":{"start":1668592551481,"stop":1668592551481,"duration":0}},{"uid":"bd0ab186509e5a2f","reportUrl":"https://jdi-templates.github.io/jdi-light-browserstack/9//#testresult/bd0ab186509e5a2f","status":"skipped","statusDetails":"\nCan't get WebDriver: chrome","time":{"start":1668592443299,"stop":1668592443301,"duration":2}},{"uid":"b8b7ffbd543aa2d5","reportUrl":"https://jdi-templates.github.io/jdi-light-browserstack/8//#testresult/b8b7ffbd543aa2d5","status":"skipped","statusDetails":"\nCan't get WebDriver: chrome","time":{"start":1668592425523,"stop":1668592425523,"duration":0}},{"uid":"d214989b34189378","reportUrl":"https://jdi-templates.github.io/jdi-light-browserstack/9//#testresult/d214989b34189378","status":"skipped","statusDetails":"\nCan't get WebDriver: chrome","time":{"start":1668592330646,"stop":1668592330646,"duration":0}},{"uid":"cf36e755af9c0b7f","reportUrl":"https://jdi-templates.github.io/jdi-light-browserstack/8//#testresult/cf36e755af9c0b7f","status":"skipped","statusDetails":"\nCan't get WebDriver: chrome","time":{"start":1668592306825,"stop":1668592306825,"duration":0}},{"uid":"acb54295ae2994f5","reportUrl":"https://jdi-templates.github.io/jdi-light-browserstack/8//#testresult/acb54295ae2994f5","status":"skipped","statusDetails":"\nCan't get WebDriver: chrome","time":{"start":1668592191407,"stop":1668592191407,"duration":0}},{"uid":"d63994dc1bab0149","reportUrl":"https://jdi-templates.github.io/jdi-light-browserstack/8//#testresult/d63994dc1bab0149","status":"skipped","statusDetails":"\nCan't get WebDriver: chrome","time":{"start":1668592075897,"stop":1668592075897,"duration":0}},{"uid":"6349f61a64c9362e","reportUrl":"https://jdi-templates.github.io/jdi-light-browserstack/8//#testresult/6349f61a64c9362e","status":"skipped","statusDetails":"\nCan't get WebDriver: chrome","time":{"start":1668591965585,"stop":1668591965585,"duration":0}},{"uid":"d7c129b513d35d73","reportUrl":"https://jdi-templates.github.io/jdi-light-browserstack/8//#testresult/d7c129b513d35d73","status":"skipped","statusDetails":"\nCan't get WebDriver: chrome","time":{"start":1668591851869,"stop":1668591851869,"duration":0}},{"uid":"e86ce819be6f16e4","reportUrl":"https://jdi-templates.github.io/jdi-light-browserstack/8//#testresult/e86ce819be6f16e4","status":"skipped","statusDetails":"\nCan't get WebDriver: chrome","time":{"start":1668591736936,"stop":1668591736936,"duration":0}},{"uid":"d4f60eefe2981b04","reportUrl":"https://jdi-templates.github.io/jdi-light-browserstack/8//#testresult/d4f60eefe2981b04","status":"skipped","statusDetails":"\nCan't get WebDriver: chrome","time":{"start":1668591640018,"stop":1668591640018,"duration":0}},{"uid":"39038da5b74d1dbc","reportUrl":"https://jdi-templates.github.io/jdi-light-browserstack/7//#testresult/39038da5b74d1dbc","status":"skipped","statusDetails":"\nCan't get WebDriver: firefox","time":{"start":1668417319470,"stop":1668417319470,"duration":0}}]},"tags":[]},"source":"db3613af408b29b0.json","parameterValues":[]}