{"uid":"20172711545e702c","name":"allDataFilterTest","fullName":"org.mytests.tests.example.DataTableTests.allDataFilterTest","historyId":"c1d5701b1e53e074097d642dcf48de5a","time":{"start":1668592897651,"stop":1668592897651,"duration":0},"status":"skipped","statusMessage":"\nCan't get WebDriver: chrome","statusTrace":"java.lang.RuntimeException: \nCan't get WebDriver: chrome\n\tat com.epam.jdi.light.common.Exceptions.exception(Exceptions.java:35)\n\tat com.epam.jdi.light.driver.WebDriverFactory.getDriver(WebDriverFactory.java:216)\n\tat com.epam.jdi.light.elements.common.WindowsManager.setWindowName(WindowsManager.java:87)\n\tat com.epam.jdi.light.elements.common.WindowsManager.openSiteTab(WindowsManager.java:51)\n\tat com.epam.jdi.light.elements.composite.WebPage.openSite(WebPage.java:153)\n\tat org.mytests.tests.TestsInit.setUp(TestsInit.java:18)\n\tat java.base/jdk.internal.reflect.NativeMethodAccessorImpl.invoke0(Native Method)\n\tat java.base/jdk.internal.reflect.NativeMethodAccessorImpl.invoke(NativeMethodAccessorImpl.java:62)\n\tat java.base/jdk.internal.reflect.DelegatingMethodAccessorImpl.invoke(DelegatingMethodAccessorImpl.java:43)\n\tat java.base/java.lang.reflect.Method.invoke(Method.java:567)\n\tat org.testng.internal.MethodInvocationHelper.invokeMethod(MethodInvocationHelper.java:124)\n\tat org.testng.internal.MethodInvocationHelper.invokeMethodConsideringTimeout(MethodInvocationHelper.java:59)\n\tat org.testng.internal.Invoker.invokeConfigurationMethod(Invoker.java:458)\n\tat org.testng.internal.Invoker.invokeConfigurations(Invoker.java:222)\n\tat org.testng.internal.Invoker.invokeConfigurations(Invoker.java:142)\n\tat org.testng.SuiteRunner.privateRun(SuiteRunner.java:401)\n\tat org.testng.SuiteRunner.run(SuiteRunner.java:364)\n\tat org.testng.SuiteRunnerWorker.runSuite(SuiteRunnerWorker.java:52)\n\tat org.testng.SuiteRunnerWorker.run(SuiteRunnerWorker.java:84)\n\tat org.testng.TestNG.runSuitesSequentially(TestNG.java:1208)\n\tat org.testng.TestNG.runSuitesLocally(TestNG.java:1137)\n\tat org.testng.TestNG.runSuites(TestNG.java:1049)\n\tat org.testng.TestNG.run(TestNG.java:1017)\n\tat org.apache.maven.surefire.testng.TestNGExecutor.run(TestNGExecutor.java:324)\n\tat org.apache.maven.surefire.testng.TestNGXmlTestSuite.execute(TestNGXmlTestSuite.java:74)\n\tat org.apache.maven.surefire.testng.TestNGProvider.invoke(TestNGProvider.java:123)\n\tat org.apache.maven.surefire.booter.ForkedBooter.runSuitesInProcess(ForkedBooter.java:456)\n\tat org.apache.maven.surefire.booter.ForkedBooter.execute(ForkedBooter.java:169)\n\tat org.apache.maven.surefire.booter.ForkedBooter.run(ForkedBooter.java:595)\n\tat org.apache.maven.surefire.booter.ForkedBooter.main(ForkedBooter.java:581)\nCaused by: java.lang.RuntimeException: \nCan't get WebDriver: chrome\n\tat com.epam.jdi.light.common.Exceptions.exception(Exceptions.java:35)\n\tat com.epam.jdi.light.driver.WebDriverFactory.getDriver(WebDriverFactory.java:224)\n\tat com.epam.jdi.light.driver.WebDriverFactory.getDriver(WebDriverFactory.java:214)\n\t... 28 more\nCaused by: java.lang.RuntimeException: java.lang.RuntimeException: \nFailed to run downloaded driver CHROME:X64:105.0.5195.52. Please check that your browser and driver are compatible or use local driver with 'drivers.folder' property in test.properties'.\nDriverPath: /home/runner/.cache/selenium/chromedriver/linux64/107.0.5304.62/chromedriver\n\tat com.jdiai.tools.func.JFunc1.execute(JFunc1.java:21)\n\tat com.epam.jdi.light.driver.WebDriverFactory.getDriver(WebDriverFactory.java:222)\n\t... 29 more\nCaused by: java.lang.RuntimeException: \nFailed to run downloaded driver CHROME:X64:105.0.5195.52. Please check that your browser and driver are compatible or use local driver with 'drivers.folder' property in test.properties'.\nDriverPath: /home/runner/.cache/selenium/chromedriver/linux64/107.0.5304.62/chromedriver\n\tat com.epam.jdi.light.common.Exceptions.exception(Exceptions.java:35)\n\tat com.epam.jdi.light.driver.WebDriverFactory.getDriverException(WebDriverFactory.java:143)\n\tat com.epam.jdi.light.driver.WebDriverFactory.getDriverByName(WebDriverFactory.java:127)\n\tat com.jdiai.tools.func.JFunc1.execute(JFunc1.java:19)\n\t... 30 more\nCaused by: java.lang.RuntimeException: \nCan't run and register new driver 'chrome'\n\tat com.epam.jdi.light.common.Exceptions.exception(Exceptions.java:35)\n\tat com.epam.jdi.light.driver.WebDriverFactory.registerNewDriver(WebDriverFactory.java:90)\n\tat com.epam.jdi.light.driver.WebDriverFactory.getDriverFromName(WebDriverFactory.java:158)\n\tat com.epam.jdi.light.driver.WebDriverFactory.getDriverByName(WebDriverFactory.java:125)\n\t... 31 more\nCaused by: java.lang.RuntimeException: \nFailed to get valid driver 'chrome'\n\tat com.epam.jdi.light.common.Exceptions.runtimeException(Exceptions.java:17)\n\tat com.epam.jdi.light.driver.WebDriverFactory.getValidDriver(WebDriverFactory.java:113)\n\tat com.epam.jdi.light.driver.WebDriverFactory.registerNewDriver(WebDriverFactory.java:85)\n\t... 33 more\n","flaky":false,"newFailed":false,"newBroken":false,"newPassed":false,"retriesCount":0,"retriesStatusChange":false,"beforeStages":[{"name":"setUp","time":{"start":1668592890779,"stop":1668592897487,"duration":6708},"description":"","status":"broken","statusMessage":"\nCan't get WebDriver: chrome","statusTrace":"java.lang.RuntimeException: \nCan't get WebDriver: chrome\n\tat com.epam.jdi.light.common.Exceptions.exception(Exceptions.java:35)\n\tat com.epam.jdi.light.driver.WebDriverFactory.getDriver(WebDriverFactory.java:216)\n\tat com.epam.jdi.light.elements.common.WindowsManager.setWindowName(WindowsManager.java:87)\n\tat com.epam.jdi.light.elements.common.WindowsManager.openSiteTab(WindowsManager.java:51)\n\tat com.epam.jdi.light.elements.composite.WebPage.openSite(WebPage.java:153)\n\tat org.mytests.tests.TestsInit.setUp(TestsInit.java:18)\n\tat java.base/jdk.internal.reflect.NativeMethodAccessorImpl.invoke0(Native Method)\n\tat java.base/jdk.internal.reflect.NativeMethodAccessorImpl.invoke(NativeMethodAccessorImpl.java:62)\n\tat java.base/jdk.internal.reflect.DelegatingMethodAccessorImpl.invoke(DelegatingMethodAccessorImpl.java:43)\n\tat java.base/java.lang.reflect.Method.invoke(Method.java:567)\n\tat org.testng.internal.MethodInvocationHelper.invokeMethod(MethodInvocationHelper.java:124)\n\tat org.testng.internal.MethodInvocationHelper.invokeMethodConsideringTimeout(MethodInvocationHelper.java:59)\n\tat org.testng.internal.Invoker.invokeConfigurationMethod(Invoker.java:458)\n\tat org.testng.internal.Invoker.invokeConfigurations(Invoker.java:222)\n\tat org.testng.internal.Invoker.invokeConfigurations(Invoker.java:142)\n\tat org.testng.SuiteRunner.privateRun(SuiteRunner.java:401)\n\tat org.testng.SuiteRunner.run(SuiteRunner.java:364)\n\tat org.testng.SuiteRunnerWorker.runSuite(SuiteRunnerWorker.java:52)\n\tat org.testng.SuiteRunnerWorker.run(SuiteRunnerWorker.java:84)\n\tat org.testng.TestNG.runSuitesSequentially(TestNG.java:1208)\n\tat org.testng.TestNG.runSuitesLocally(TestNG.java:1137)\n\tat org.testng.TestNG.runSuites(TestNG.java:1049)\n\tat org.testng.TestNG.run(TestNG.java:1017)\n\tat org.apache.maven.surefire.testng.TestNGExecutor.run(TestNGExecutor.java:324)\n\tat org.apache.maven.surefire.testng.TestNGXmlTestSuite.execute(TestNGXmlTestSuite.java:74)\n\tat org.apache.maven.surefire.testng.TestNGProvider.invoke(TestNGProvider.java:123)\n\tat org.apache.maven.surefire.booter.ForkedBooter.runSuitesInProcess(ForkedBooter.java:456)\n\tat org.apache.maven.surefire.booter.ForkedBooter.execute(ForkedBooter.java:169)\n\tat org.apache.maven.surefire.booter.ForkedBooter.run(ForkedBooter.java:595)\n\tat org.apache.maven.surefire.booter.ForkedBooter.main(ForkedBooter.java:581)\nCaused by: java.lang.RuntimeException: \nCan't get WebDriver: chrome\n\tat com.epam.jdi.light.common.Exceptions.exception(Exceptions.java:35)\n\tat com.epam.jdi.light.driver.WebDriverFactory.getDriver(WebDriverFactory.java:224)\n\tat com.epam.jdi.light.driver.WebDriverFactory.getDriver(WebDriverFactory.java:214)\n\t... 28 more\nCaused by: java.lang.RuntimeException: java.lang.RuntimeException: \nFailed to run downloaded driver CHROME:X64:105.0.5195.52. Please check that your browser and driver are compatible or use local driver with 'drivers.folder' property in test.properties'.\nDriverPath: /home/runner/.cache/selenium/chromedriver/linux64/107.0.5304.62/chromedriver\n\tat com.jdiai.tools.func.JFunc1.execute(JFunc1.java:21)\n\tat com.epam.jdi.light.driver.WebDriverFactory.getDriver(WebDriverFactory.java:222)\n\t... 29 more\nCaused by: java.lang.RuntimeException: \nFailed to run downloaded driver CHROME:X64:105.0.5195.52. Please check that your browser and driver are compatible or use local driver with 'drivers.folder' property in test.properties'.\nDriverPath: /home/runner/.cache/selenium/chromedriver/linux64/107.0.5304.62/chromedriver\n\tat com.epam.jdi.light.common.Exceptions.exception(Exceptions.java:35)\n\tat com.epam.jdi.light.driver.WebDriverFactory.getDriverException(WebDriverFactory.java:143)\n\tat com.epam.jdi.light.driver.WebDriverFactory.getDriverByName(WebDriverFactory.java:127)\n\tat com.jdiai.tools.func.JFunc1.execute(JFunc1.java:19)\n\t... 30 more\nCaused by: java.lang.RuntimeException: \nCan't run and register new driver 'chrome'\n\tat com.epam.jdi.light.common.Exceptions.exception(Exceptions.java:35)\n\tat com.epam.jdi.light.driver.WebDriverFactory.registerNewDriver(WebDriverFactory.java:90)\n\tat com.epam.jdi.light.driver.WebDriverFactory.getDriverFromName(WebDriverFactory.java:158)\n\tat com.epam.jdi.light.driver.WebDriverFactory.getDriverByName(WebDriverFactory.java:125)\n\t... 31 more\nCaused by: java.lang.RuntimeException: \nFailed to get valid driver 'chrome'\n\tat com.epam.jdi.light.common.Exceptions.runtimeException(Exceptions.java:17)\n\tat com.epam.jdi.light.driver.WebDriverFactory.getValidDriver(WebDriverFactory.java:113)\n\tat com.epam.jdi.light.driver.WebDriverFactory.registerNewDriver(WebDriverFactory.java:85)\n\t... 33 more\n","steps":[],"attachments":[],"parameters":[],"stepsCount":0,"attachmentsCount":0,"shouldDisplayMessage":true,"hasContent":true}],"afterStages":[{"name":"tearDown","time":{"start":1668592897772,"stop":1668592897772,"duration":0},"description":"","status":"passed","steps":[],"attachments":[],"parameters":[],"stepsCount":0,"attachmentsCount":0,"shouldDisplayMessage":false,"hasContent":false}],"labels":[{"name":"package","value":"org.mytests.tests.example.DataTableTests"},{"name":"testClass","value":"org.mytests.tests.example.DataTableTests"},{"name":"testMethod","value":"allDataFilterTest"},{"name":"parentSuite","value":"JDI-Light Performance"},{"name":"suite","value":"Tests"},{"name":"subSuite","value":"org.mytests.tests.example.DataTableTests"},{"name":"host","value":"fv-az20-419"},{"name":"thread","value":"3472@fv-az20-419.TestNG-test=Tests-2(36)"},{"name":"framework","value":"testng"},{"name":"language","value":"java"},{"name":"resultFormat","value":"allure2"}],"parameters":[],"links":[],"hidden":false,"retry":false,"extra":{"severity":"normal","retries":[],"categories":[],"history":{"statistic":{"failed":0,"broken":0,"skipped":45,"passed":1,"unknown":0,"total":46},"items":[{"uid":"5a0e504970d6c8c2","reportUrl":"https://jdi-templates.github.io/jdi-light-browserstack/9//#testresult/5a0e504970d6c8c2","status":"skipped","statusDetails":"\nCan't get WebDriver: chrome","time":{"start":1668592776504,"stop":1668592776507,"duration":3}},{"uid":"1e3dfac3405342ba","reportUrl":"https://jdi-templates.github.io/jdi-light-browserstack/9//#testresult/1e3dfac3405342ba","status":"skipped","statusDetails":"\nCan't get WebDriver: chrome","time":{"start":1668592658850,"stop":1668592658855,"duration":5}},{"uid":"9f9009fae0d055d9","reportUrl":"https://jdi-templates.github.io/jdi-light-browserstack/9//#testresult/9f9009fae0d055d9","status":"skipped","statusDetails":"\nCan't get WebDriver: chrome","time":{"start":1668592551376,"stop":1668592551376,"duration":0}},{"uid":"ae30605f24981d68","reportUrl":"https://jdi-templates.github.io/jdi-light-browserstack/9//#testresult/ae30605f24981d68","status":"skipped","statusDetails":"\nCan't get WebDriver: chrome","time":{"start":1668592443201,"stop":1668592443201,"duration":0}},{"uid":"3ff5eabc0afcc2bd","reportUrl":"https://jdi-templates.github.io/jdi-light-browserstack/8//#testresult/3ff5eabc0afcc2bd","status":"skipped","statusDetails":"\nCan't get WebDriver: chrome","time":{"start":1668592425391,"stop":1668592425392,"duration":1}},{"uid":"fa30481cf8a519f9","reportUrl":"https://jdi-templates.github.io/jdi-light-browserstack/9//#testresult/fa30481cf8a519f9","status":"skipped","statusDetails":"\nCan't get WebDriver: chrome","time":{"start":1668592330556,"stop":1668592330556,"duration":0}},{"uid":"916fc4ef3563b914","reportUrl":"https://jdi-templates.github.io/jdi-light-browserstack/8//#testresult/916fc4ef3563b914","status":"skipped","statusDetails":"\nCan't get WebDriver: chrome","time":{"start":1668592306705,"stop":1668592306705,"duration":0}},{"uid":"36f7f0051ab6145f","reportUrl":"https://jdi-templates.github.io/jdi-light-browserstack/8//#testresult/36f7f0051ab6145f","status":"skipped","statusDetails":"\nCan't get WebDriver: chrome","time":{"start":1668592191245,"stop":1668592191245,"duration":0}},{"uid":"3fc1812ec0a78205","reportUrl":"https://jdi-templates.github.io/jdi-light-browserstack/8//#testresult/3fc1812ec0a78205","status":"skipped","statusDetails":"\nCan't get WebDriver: chrome","time":{"start":1668592075778,"stop":1668592075781,"duration":3}},{"uid":"182ad1cc2e87ed2d","reportUrl":"https://jdi-templates.github.io/jdi-light-browserstack/8//#testresult/182ad1cc2e87ed2d","status":"skipped","statusDetails":"\nCan't get WebDriver: chrome","time":{"start":1668591965478,"stop":1668591965478,"duration":0}},{"uid":"5deb40afae5f269e","reportUrl":"https://jdi-templates.github.io/jdi-light-browserstack/8//#testresult/5deb40afae5f269e","status":"skipped","statusDetails":"\nCan't get WebDriver: chrome","time":{"start":1668591851704,"stop":1668591851704,"duration":0}},{"uid":"d4a704667f7e3205","reportUrl":"https://jdi-templates.github.io/jdi-light-browserstack/8//#testresult/d4a704667f7e3205","status":"skipped","statusDetails":"\nCan't get WebDriver: chrome","time":{"start":1668591736833,"stop":1668591736833,"duration":0}},{"uid":"55d389dc3da7fb80","reportUrl":"https://jdi-templates.github.io/jdi-light-browserstack/8//#testresult/55d389dc3da7fb80","status":"skipped","statusDetails":"\nCan't get WebDriver: chrome","time":{"start":1668591639918,"stop":1668591639919,"duration":1}},{"uid":"b71b663866c878a0","reportUrl":"https://jdi-templates.github.io/jdi-light-browserstack/7//#testresult/b71b663866c878a0","status":"skipped","statusDetails":"\nCan't get WebDriver: firefox","time":{"start":1668417319375,"stop":1668417319375,"duration":0}},{"uid":"7f8082282a773218","reportUrl":"https://jdi-templates.github.io/jdi-light-browserstack/7//#testresult/7f8082282a773218","status":"skipped","statusDetails":"\nCan't get WebDriver: firefox","time":{"start":1668417216334,"stop":1668417216334,"duration":0}},{"uid":"4f408153e76ed52c","reportUrl":"https://jdi-templates.github.io/jdi-light-browserstack/7//#testresult/4f408153e76ed52c","status":"skipped","statusDetails":"\nCan't get WebDriver: firefox","time":{"start":1668417116824,"stop":1668417116825,"duration":1}},{"uid":"6c8286732d027bd5","reportUrl":"https://jdi-templates.github.io/jdi-light-browserstack/7//#testresult/6c8286732d027bd5","status":"skipped","statusDetails":"\nCan't get WebDriver: firefox","time":{"start":1668417005478,"stop":1668417005478,"duration":0}},{"uid":"a56f4371bde83419","reportUrl":"https://jdi-templates.github.io/jdi-light-browserstack/7//#testresult/a56f4371bde83419","status":"skipped","statusDetails":"\nCan't get WebDriver: firefox","time":{"start":1668416878358,"stop":1668416878358,"duration":0}},{"uid":"bb50de6ee6646821","reportUrl":"https://jdi-templates.github.io/jdi-light-browserstack/7//#testresult/bb50de6ee6646821","status":"skipped","statusDetails":"\nCan't get WebDriver: firefox","time":{"start":1668416760639,"stop":1668416760639,"duration":0}},{"uid":"ebae828fe69be530","reportUrl":"https://jdi-templates.github.io/jdi-light-browserstack/7//#testresult/ebae828fe69be530","status":"skipped","statusDetails":"\nCan't get WebDriver: firefox","time":{"start":1668416656633,"stop":1668416656634,"duration":1}}]},"tags":[]},"source":"20172711545e702c.json","parameterValues":[]}