{"uid":"25dc137622e35749","name":"rowDataMatcherTest","fullName":"org.mytests.tests.example.DataTableTests.rowDataMatcherTest","historyId":"a0b4b3d3cd19a97a3acd5d0bbe8929d1","time":{"start":1668593016897,"stop":1668593016897,"duration":0},"status":"skipped","statusMessage":"\nCan't get WebDriver: chrome","statusTrace":"java.lang.RuntimeException: \nCan't get WebDriver: chrome\n\tat com.epam.jdi.light.common.Exceptions.exception(Exceptions.java:35)\n\tat com.epam.jdi.light.driver.WebDriverFactory.getDriver(WebDriverFactory.java:216)\n\tat com.epam.jdi.light.elements.common.WindowsManager.setWindowName(WindowsManager.java:87)\n\tat com.epam.jdi.light.elements.common.WindowsManager.openSiteTab(WindowsManager.java:51)\n\tat com.epam.jdi.light.elements.composite.WebPage.openSite(WebPage.java:153)\n\tat org.mytests.tests.TestsInit.setUp(TestsInit.java:18)\n\tat java.base/jdk.internal.reflect.NativeMethodAccessorImpl.invoke0(Native Method)\n\tat java.base/jdk.internal.reflect.NativeMethodAccessorImpl.invoke(NativeMethodAccessorImpl.java:62)\n\tat java.base/jdk.internal.reflect.DelegatingMethodAccessorImpl.invoke(DelegatingMethodAccessorImpl.java:43)\n\tat java.base/java.lang.reflect.Method.invoke(Method.java:564)\n\tat org.testng.internal.MethodInvocationHelper.invokeMethod(MethodInvocationHelper.java:124)\n\tat org.testng.internal.MethodInvocationHelper.invokeMethodConsideringTimeout(MethodInvocationHelper.java:59)\n\tat org.testng.internal.Invoker.invokeConfigurationMethod(Invoker.java:458)\n\tat org.testng.internal.Invoker.invokeConfigurations(Invoker.java:222)\n\tat org.testng.internal.Invoker.invokeConfigurations(Invoker.java:142)\n\tat org.testng.SuiteRunner.privateRun(SuiteRunner.java:401)\n\tat org.testng.SuiteRunner.run(SuiteRunner.java:364)\n\tat org.testng.SuiteRunnerWorker.runSuite(SuiteRunnerWorker.java:52)\n\tat org.testng.SuiteRunnerWorker.run(SuiteRunnerWorker.java:84)\n\tat org.testng.TestNG.runSuitesSequentially(TestNG.java:1208)\n\tat org.testng.TestNG.runSuitesLocally(TestNG.java:1137)\n\tat org.testng.TestNG.runSuites(TestNG.java:1049)\n\tat org.testng.TestNG.run(TestNG.java:1017)\n\tat org.apache.maven.surefire.testng.TestNGExecutor.run(TestNGExecutor.java:324)\n\tat org.apache.maven.surefire.testng.TestNGXmlTestSuite.execute(TestNGXmlTestSuite.java:74)\n\tat org.apache.maven.surefire.testng.TestNGProvider.invoke(TestNGProvider.java:123)\n\tat org.apache.maven.surefire.booter.ForkedBooter.runSuitesInProcess(ForkedBooter.java:456)\n\tat org.apache.maven.surefire.booter.ForkedBooter.execute(ForkedBooter.java:169)\n\tat org.apache.maven.surefire.booter.ForkedBooter.run(ForkedBooter.java:595)\n\tat org.apache.maven.surefire.booter.ForkedBooter.main(ForkedBooter.java:581)\nCaused by: java.lang.RuntimeException: \nCan't get WebDriver: chrome\n\tat com.epam.jdi.light.common.Exceptions.exception(Exceptions.java:35)\n\tat com.epam.jdi.light.driver.WebDriverFactory.getDriver(WebDriverFactory.java:224)\n\tat com.epam.jdi.light.driver.WebDriverFactory.getDriver(WebDriverFactory.java:214)\n\t... 28 more\nCaused by: java.lang.RuntimeException: java.lang.RuntimeException: \nFailed to run downloaded driver CHROME:X64:105.0.5195.52. Please check that your browser and driver are compatible or use local driver with 'drivers.folder' property in test.properties'.\nDriverPath: /home/runner/.cache/selenium/chromedriver/linux64/107.0.5304.62/chromedriver\n\tat com.jdiai.tools.func.JFunc1.execute(JFunc1.java:21)\n\tat com.epam.jdi.light.driver.WebDriverFactory.getDriver(WebDriverFactory.java:222)\n\t... 29 more\nCaused by: java.lang.RuntimeException: \nFailed to run downloaded driver CHROME:X64:105.0.5195.52. Please check that your browser and driver are compatible or use local driver with 'drivers.folder' property in test.properties'.\nDriverPath: /home/runner/.cache/selenium/chromedriver/linux64/107.0.5304.62/chromedriver\n\tat com.epam.jdi.light.common.Exceptions.exception(Exceptions.java:35)\n\tat com.epam.jdi.light.driver.WebDriverFactory.getDriverException(WebDriverFactory.java:143)\n\tat com.epam.jdi.light.driver.WebDriverFactory.getDriverByName(WebDriverFactory.java:127)\n\tat com.jdiai.tools.func.JFunc1.execute(JFunc1.java:19)\n\t... 30 more\nCaused by: java.lang.RuntimeException: \nCan't run and register new driver 'chrome'\n\tat com.epam.jdi.light.common.Exceptions.exception(Exceptions.java:35)\n\tat com.epam.jdi.light.driver.WebDriverFactory.registerNewDriver(WebDriverFactory.java:90)\n\tat com.epam.jdi.light.driver.WebDriverFactory.getDriverFromName(WebDriverFactory.java:158)\n\tat com.epam.jdi.light.driver.WebDriverFactory.getDriverByName(WebDriverFactory.java:125)\n\t... 31 more\nCaused by: java.lang.RuntimeException: \nFailed to get valid driver 'chrome'\n\tat com.epam.jdi.light.common.Exceptions.runtimeException(Exceptions.java:17)\n\tat com.epam.jdi.light.driver.WebDriverFactory.getValidDriver(WebDriverFactory.java:113)\n\tat com.epam.jdi.light.driver.WebDriverFactory.registerNewDriver(WebDriverFactory.java:85)\n\t... 33 more\n","flaky":false,"newFailed":false,"newBroken":false,"newPassed":false,"retriesCount":0,"retriesStatusChange":false,"beforeStages":[{"name":"setUp","time":{"start":1668593009026,"stop":1668593016620,"duration":7594},"description":"","status":"broken","statusMessage":"\nCan't get WebDriver: chrome","statusTrace":"java.lang.RuntimeException: \nCan't get WebDriver: chrome\n\tat com.epam.jdi.light.common.Exceptions.exception(Exceptions.java:35)\n\tat com.epam.jdi.light.driver.WebDriverFactory.getDriver(WebDriverFactory.java:216)\n\tat com.epam.jdi.light.elements.common.WindowsManager.setWindowName(WindowsManager.java:87)\n\tat com.epam.jdi.light.elements.common.WindowsManager.openSiteTab(WindowsManager.java:51)\n\tat com.epam.jdi.light.elements.composite.WebPage.openSite(WebPage.java:153)\n\tat org.mytests.tests.TestsInit.setUp(TestsInit.java:18)\n\tat java.base/jdk.internal.reflect.NativeMethodAccessorImpl.invoke0(Native Method)\n\tat java.base/jdk.internal.reflect.NativeMethodAccessorImpl.invoke(NativeMethodAccessorImpl.java:62)\n\tat java.base/jdk.internal.reflect.DelegatingMethodAccessorImpl.invoke(DelegatingMethodAccessorImpl.java:43)\n\tat java.base/java.lang.reflect.Method.invoke(Method.java:564)\n\tat org.testng.internal.MethodInvocationHelper.invokeMethod(MethodInvocationHelper.java:124)\n\tat org.testng.internal.MethodInvocationHelper.invokeMethodConsideringTimeout(MethodInvocationHelper.java:59)\n\tat org.testng.internal.Invoker.invokeConfigurationMethod(Invoker.java:458)\n\tat org.testng.internal.Invoker.invokeConfigurations(Invoker.java:222)\n\tat org.testng.internal.Invoker.invokeConfigurations(Invoker.java:142)\n\tat org.testng.SuiteRunner.privateRun(SuiteRunner.java:401)\n\tat org.testng.SuiteRunner.run(SuiteRunner.java:364)\n\tat org.testng.SuiteRunnerWorker.runSuite(SuiteRunnerWorker.java:52)\n\tat org.testng.SuiteRunnerWorker.run(SuiteRunnerWorker.java:84)\n\tat org.testng.TestNG.runSuitesSequentially(TestNG.java:1208)\n\tat org.testng.TestNG.runSuitesLocally(TestNG.java:1137)\n\tat org.testng.TestNG.runSuites(TestNG.java:1049)\n\tat org.testng.TestNG.run(TestNG.java:1017)\n\tat org.apache.maven.surefire.testng.TestNGExecutor.run(TestNGExecutor.java:324)\n\tat org.apache.maven.surefire.testng.TestNGXmlTestSuite.execute(TestNGXmlTestSuite.java:74)\n\tat org.apache.maven.surefire.testng.TestNGProvider.invoke(TestNGProvider.java:123)\n\tat org.apache.maven.surefire.booter.ForkedBooter.runSuitesInProcess(ForkedBooter.java:456)\n\tat org.apache.maven.surefire.booter.ForkedBooter.execute(ForkedBooter.java:169)\n\tat org.apache.maven.surefire.booter.ForkedBooter.run(ForkedBooter.java:595)\n\tat org.apache.maven.surefire.booter.ForkedBooter.main(ForkedBooter.java:581)\nCaused by: java.lang.RuntimeException: \nCan't get WebDriver: chrome\n\tat com.epam.jdi.light.common.Exceptions.exception(Exceptions.java:35)\n\tat com.epam.jdi.light.driver.WebDriverFactory.getDriver(WebDriverFactory.java:224)\n\tat com.epam.jdi.light.driver.WebDriverFactory.getDriver(WebDriverFactory.java:214)\n\t... 28 more\nCaused by: java.lang.RuntimeException: java.lang.RuntimeException: \nFailed to run downloaded driver CHROME:X64:105.0.5195.52. Please check that your browser and driver are compatible or use local driver with 'drivers.folder' property in test.properties'.\nDriverPath: /home/runner/.cache/selenium/chromedriver/linux64/107.0.5304.62/chromedriver\n\tat com.jdiai.tools.func.JFunc1.execute(JFunc1.java:21)\n\tat com.epam.jdi.light.driver.WebDriverFactory.getDriver(WebDriverFactory.java:222)\n\t... 29 more\nCaused by: java.lang.RuntimeException: \nFailed to run downloaded driver CHROME:X64:105.0.5195.52. Please check that your browser and driver are compatible or use local driver with 'drivers.folder' property in test.properties'.\nDriverPath: /home/runner/.cache/selenium/chromedriver/linux64/107.0.5304.62/chromedriver\n\tat com.epam.jdi.light.common.Exceptions.exception(Exceptions.java:35)\n\tat com.epam.jdi.light.driver.WebDriverFactory.getDriverException(WebDriverFactory.java:143)\n\tat com.epam.jdi.light.driver.WebDriverFactory.getDriverByName(WebDriverFactory.java:127)\n\tat com.jdiai.tools.func.JFunc1.execute(JFunc1.java:19)\n\t... 30 more\nCaused by: java.lang.RuntimeException: \nCan't run and register new driver 'chrome'\n\tat com.epam.jdi.light.common.Exceptions.exception(Exceptions.java:35)\n\tat com.epam.jdi.light.driver.WebDriverFactory.registerNewDriver(WebDriverFactory.java:90)\n\tat com.epam.jdi.light.driver.WebDriverFactory.getDriverFromName(WebDriverFactory.java:158)\n\tat com.epam.jdi.light.driver.WebDriverFactory.getDriverByName(WebDriverFactory.java:125)\n\t... 31 more\nCaused by: java.lang.RuntimeException: \nFailed to get valid driver 'chrome'\n\tat com.epam.jdi.light.common.Exceptions.runtimeException(Exceptions.java:17)\n\tat com.epam.jdi.light.driver.WebDriverFactory.getValidDriver(WebDriverFactory.java:113)\n\tat com.epam.jdi.light.driver.WebDriverFactory.registerNewDriver(WebDriverFactory.java:85)\n\t... 33 more\n","steps":[],"attachments":[],"parameters":[],"stepsCount":0,"attachmentsCount":0,"shouldDisplayMessage":true,"hasContent":true}],"afterStages":[{"name":"tearDown","time":{"start":1668593016932,"stop":1668593016932,"duration":0},"description":"","status":"passed","steps":[],"attachments":[],"parameters":[],"stepsCount":0,"attachmentsCount":0,"shouldDisplayMessage":false,"hasContent":false}],"labels":[{"name":"package","value":"org.mytests.tests.example.DataTableTests"},{"name":"testClass","value":"org.mytests.tests.example.DataTableTests"},{"name":"testMethod","value":"rowDataMatcherTest"},{"name":"parentSuite","value":"JDI-Light Performance"},{"name":"suite","value":"Tests"},{"name":"subSuite","value":"org.mytests.tests.example.DataTableTests"},{"name":"host","value":"fv-az207-839"},{"name":"thread","value":"3487@fv-az207-839.TestNG-test=Tests-2(37)"},{"name":"framework","value":"testng"},{"name":"language","value":"java"},{"name":"resultFormat","value":"allure2"}],"parameters":[],"links":[],"hidden":false,"retry":false,"extra":{"severity":"normal","retries":[],"categories":[],"history":{"statistic":{"failed":0,"broken":0,"skipped":46,"passed":1,"unknown":0,"total":47},"items":[{"uid":"609cbaf15afbc86d","reportUrl":"https://jdi-templates.github.io/jdi-light-browserstack/9//#testresult/609cbaf15afbc86d","status":"skipped","statusDetails":"\nCan't get WebDriver: chrome","time":{"start":1668592897753,"stop":1668592897754,"duration":1}},{"uid":"1a37c8b6a136d211","reportUrl":"https://jdi-templates.github.io/jdi-light-browserstack/9//#testresult/1a37c8b6a136d211","status":"skipped","statusDetails":"\nCan't get WebDriver: chrome","time":{"start":1668592776625,"stop":1668592776625,"duration":0}},{"uid":"f1ed7a2564f0a701","reportUrl":"https://jdi-templates.github.io/jdi-light-browserstack/9//#testresult/f1ed7a2564f0a701","status":"skipped","statusDetails":"\nCan't get WebDriver: chrome","time":{"start":1668592658941,"stop":1668592658941,"duration":0}},{"uid":"b0837c9a3f791a4f","reportUrl":"https://jdi-templates.github.io/jdi-light-browserstack/9//#testresult/b0837c9a3f791a4f","status":"skipped","statusDetails":"\nCan't get WebDriver: chrome","time":{"start":1668592551476,"stop":1668592551476,"duration":0}},{"uid":"f163bf530cb9d1eb","reportUrl":"https://jdi-templates.github.io/jdi-light-browserstack/9//#testresult/f163bf530cb9d1eb","status":"skipped","statusDetails":"\nCan't get WebDriver: chrome","time":{"start":1668592443286,"stop":1668592443286,"duration":0}},{"uid":"b411202e3bbbebea","reportUrl":"https://jdi-templates.github.io/jdi-light-browserstack/8//#testresult/b411202e3bbbebea","status":"skipped","statusDetails":"\nCan't get WebDriver: chrome","time":{"start":1668592425500,"stop":1668592425500,"duration":0}},{"uid":"3f961b0eacf41785","reportUrl":"https://jdi-templates.github.io/jdi-light-browserstack/9//#testresult/3f961b0eacf41785","status":"skipped","statusDetails":"\nCan't get WebDriver: chrome","time":{"start":1668592330627,"stop":1668592330627,"duration":0}},{"uid":"fbd18a8e3fbfc500","reportUrl":"https://jdi-templates.github.io/jdi-light-browserstack/8//#testresult/fbd18a8e3fbfc500","status":"skipped","statusDetails":"\nCan't get WebDriver: chrome","time":{"start":1668592306816,"stop":1668592306817,"duration":1}},{"uid":"f5ddc54c264a48be","reportUrl":"https://jdi-templates.github.io/jdi-light-browserstack/8//#testresult/f5ddc54c264a48be","status":"skipped","statusDetails":"\nCan't get WebDriver: chrome","time":{"start":1668592191391,"stop":1668592191391,"duration":0}},{"uid":"78537c49ca6450f1","reportUrl":"https://jdi-templates.github.io/jdi-light-browserstack/8//#testresult/78537c49ca6450f1","status":"skipped","statusDetails":"\nCan't get WebDriver: chrome","time":{"start":1668592075887,"stop":1668592075887,"duration":0}},{"uid":"7de97366a3e3847d","reportUrl":"https://jdi-templates.github.io/jdi-light-browserstack/8//#testresult/7de97366a3e3847d","status":"skipped","statusDetails":"\nCan't get WebDriver: chrome","time":{"start":1668591965563,"stop":1668591965563,"duration":0}},{"uid":"73515ecdf9563af","reportUrl":"https://jdi-templates.github.io/jdi-light-browserstack/8//#testresult/73515ecdf9563af","status":"skipped","statusDetails":"\nCan't get WebDriver: chrome","time":{"start":1668591851860,"stop":1668591851861,"duration":1}},{"uid":"c3084fe22da6626a","reportUrl":"https://jdi-templates.github.io/jdi-light-browserstack/8//#testresult/c3084fe22da6626a","status":"skipped","statusDetails":"\nCan't get WebDriver: chrome","time":{"start":1668591736930,"stop":1668591736931,"duration":1}},{"uid":"8119780863cd09ec","reportUrl":"https://jdi-templates.github.io/jdi-light-browserstack/8//#testresult/8119780863cd09ec","status":"skipped","statusDetails":"\nCan't get WebDriver: chrome","time":{"start":1668591640009,"stop":1668591640009,"duration":0}},{"uid":"fbe958f75244a06e","reportUrl":"https://jdi-templates.github.io/jdi-light-browserstack/7//#testresult/fbe958f75244a06e","status":"skipped","statusDetails":"\nCan't get WebDriver: firefox","time":{"start":1668417319461,"stop":1668417319461,"duration":0}},{"uid":"54539e321b3d6e80","reportUrl":"https://jdi-templates.github.io/jdi-light-browserstack/7//#testresult/54539e321b3d6e80","status":"skipped","statusDetails":"\nCan't get WebDriver: firefox","time":{"start":1668417216398,"stop":1668417216398,"duration":0}},{"uid":"1ff7f5fca494f4c4","reportUrl":"https://jdi-templates.github.io/jdi-light-browserstack/7//#testresult/1ff7f5fca494f4c4","status":"skipped","statusDetails":"\nCan't get WebDriver: firefox","time":{"start":1668417116898,"stop":1668417116898,"duration":0}},{"uid":"e56e421659bc2e75","reportUrl":"https://jdi-templates.github.io/jdi-light-browserstack/7//#testresult/e56e421659bc2e75","status":"skipped","statusDetails":"\nCan't get WebDriver: firefox","time":{"start":1668417005590,"stop":1668417005590,"duration":0}},{"uid":"a120e2dbd0dc5185","reportUrl":"https://jdi-templates.github.io/jdi-light-browserstack/7//#testresult/a120e2dbd0dc5185","status":"skipped","statusDetails":"\nCan't get WebDriver: firefox","time":{"start":1668416878483,"stop":1668416878483,"duration":0}},{"uid":"ffbed54d12427b22","reportUrl":"https://jdi-templates.github.io/jdi-light-browserstack/7//#testresult/ffbed54d12427b22","status":"skipped","statusDetails":"\nCan't get WebDriver: firefox","time":{"start":1668416760731,"stop":1668416760731,"duration":0}}]},"tags":[]},"source":"25dc137622e35749.json","parameterValues":[]}