{"uid":"291a88219f321c03","name":"loginTest","fullName":"org.mytests.tests.example.FormTests.loginTest","historyId":"e60f2a844977a19fb6080bfba934739e","time":{"start":1668592330570,"stop":1668592330570,"duration":0},"status":"skipped","statusMessage":"\nCan't get WebDriver: chrome","statusTrace":"java.lang.RuntimeException: \nCan't get WebDriver: chrome\n\tat com.epam.jdi.light.common.Exceptions.exception(Exceptions.java:35)\n\tat com.epam.jdi.light.driver.WebDriverFactory.getDriver(WebDriverFactory.java:216)\n\tat com.epam.jdi.light.elements.common.WindowsManager.setWindowName(WindowsManager.java:87)\n\tat com.epam.jdi.light.elements.common.WindowsManager.openSiteTab(WindowsManager.java:51)\n\tat com.epam.jdi.light.elements.composite.WebPage.openSite(WebPage.java:153)\n\tat org.mytests.tests.TestsInit.setUp(TestsInit.java:18)\n\tat sun.reflect.NativeMethodAccessorImpl.invoke0(Native Method)\n\tat sun.reflect.NativeMethodAccessorImpl.invoke(NativeMethodAccessorImpl.java:62)\n\tat sun.reflect.DelegatingMethodAccessorImpl.invoke(DelegatingMethodAccessorImpl.java:43)\n\tat java.lang.reflect.Method.invoke(Method.java:498)\n\tat org.testng.internal.MethodInvocationHelper.invokeMethod(MethodInvocationHelper.java:124)\n\tat org.testng.internal.MethodInvocationHelper.invokeMethodConsideringTimeout(MethodInvocationHelper.java:59)\n\tat org.testng.internal.Invoker.invokeConfigurationMethod(Invoker.java:458)\n\tat org.testng.internal.Invoker.invokeConfigurations(Invoker.java:222)\n\tat org.testng.internal.Invoker.invokeConfigurations(Invoker.java:142)\n\tat org.testng.SuiteRunner.privateRun(SuiteRunner.java:401)\n\tat org.testng.SuiteRunner.run(SuiteRunner.java:364)\n\tat org.testng.SuiteRunnerWorker.runSuite(SuiteRunnerWorker.java:52)\n\tat org.testng.SuiteRunnerWorker.run(SuiteRunnerWorker.java:84)\n\tat org.testng.TestNG.runSuitesSequentially(TestNG.java:1208)\n\tat org.testng.TestNG.runSuitesLocally(TestNG.java:1137)\n\tat org.testng.TestNG.runSuites(TestNG.java:1049)\n\tat org.testng.TestNG.run(TestNG.java:1017)\n\tat org.apache.maven.surefire.testng.TestNGExecutor.run(TestNGExecutor.java:324)\n\tat org.apache.maven.surefire.testng.TestNGXmlTestSuite.execute(TestNGXmlTestSuite.java:74)\n\tat org.apache.maven.surefire.testng.TestNGProvider.invoke(TestNGProvider.java:123)\n\tat org.apache.maven.surefire.booter.ForkedBooter.runSuitesInProcess(ForkedBooter.java:456)\n\tat org.apache.maven.surefire.booter.ForkedBooter.execute(ForkedBooter.java:169)\n\tat org.apache.maven.surefire.booter.ForkedBooter.run(ForkedBooter.java:595)\n\tat org.apache.maven.surefire.booter.ForkedBooter.main(ForkedBooter.java:581)\nCaused by: java.lang.RuntimeException: \nCan't get WebDriver: chrome\n\tat com.epam.jdi.light.common.Exceptions.exception(Exceptions.java:35)\n\tat com.epam.jdi.light.driver.WebDriverFactory.getDriver(WebDriverFactory.java:224)\n\tat com.epam.jdi.light.driver.WebDriverFactory.getDriver(WebDriverFactory.java:214)\n\t... 28 more\nCaused by: java.lang.RuntimeException: java.lang.RuntimeException: \nFailed to run downloaded driver CHROME:X64:105.0.5195.52. Please check that your browser and driver are compatible or use local driver with 'drivers.folder' property in test.properties'.\nDriverPath: /home/runner/.cache/selenium/chromedriver/linux64/107.0.5304.62/chromedriver\n\tat com.jdiai.tools.func.JFunc1.execute(JFunc1.java:21)\n\tat com.epam.jdi.light.driver.WebDriverFactory.getDriver(WebDriverFactory.java:222)\n\t... 29 more\nCaused by: java.lang.RuntimeException: \nFailed to run downloaded driver CHROME:X64:105.0.5195.52. Please check that your browser and driver are compatible or use local driver with 'drivers.folder' property in test.properties'.\nDriverPath: /home/runner/.cache/selenium/chromedriver/linux64/107.0.5304.62/chromedriver\n\tat com.epam.jdi.light.common.Exceptions.exception(Exceptions.java:35)\n\tat com.epam.jdi.light.driver.WebDriverFactory.getDriverException(WebDriverFactory.java:143)\n\tat com.epam.jdi.light.driver.WebDriverFactory.getDriverByName(WebDriverFactory.java:127)\n\tat com.jdiai.tools.func.JFunc1.execute(JFunc1.java:19)\n\t... 30 more\nCaused by: java.lang.RuntimeException: \nCan't run and register new driver 'chrome'\n\tat com.epam.jdi.light.common.Exceptions.exception(Exceptions.java:35)\n\tat com.epam.jdi.light.driver.WebDriverFactory.registerNewDriver(WebDriverFactory.java:90)\n\tat com.epam.jdi.light.driver.WebDriverFactory.getDriverFromName(WebDriverFactory.java:158)\n\tat com.epam.jdi.light.driver.WebDriverFactory.getDriverByName(WebDriverFactory.java:125)\n\t... 31 more\nCaused by: java.lang.RuntimeException: \nFailed to get valid driver 'chrome'\n\tat com.epam.jdi.light.common.Exceptions.runtimeException(Exceptions.java:17)\n\tat com.epam.jdi.light.driver.WebDriverFactory.getValidDriver(WebDriverFactory.java:113)\n\tat com.epam.jdi.light.driver.WebDriverFactory.registerNewDriver(WebDriverFactory.java:85)\n\t... 33 more\n","flaky":false,"newFailed":false,"newBroken":false,"newPassed":false,"retriesCount":0,"retriesStatusChange":false,"beforeStages":[{"name":"setUp","time":{"start":1668592323402,"stop":1668592330315,"duration":6913},"description":"","status":"broken","statusMessage":"\nCan't get WebDriver: chrome","statusTrace":"java.lang.RuntimeException: \nCan't get WebDriver: chrome\n\tat com.epam.jdi.light.common.Exceptions.exception(Exceptions.java:35)\n\tat com.epam.jdi.light.driver.WebDriverFactory.getDriver(WebDriverFactory.java:216)\n\tat com.epam.jdi.light.elements.common.WindowsManager.setWindowName(WindowsManager.java:87)\n\tat com.epam.jdi.light.elements.common.WindowsManager.openSiteTab(WindowsManager.java:51)\n\tat com.epam.jdi.light.elements.composite.WebPage.openSite(WebPage.java:153)\n\tat org.mytests.tests.TestsInit.setUp(TestsInit.java:18)\n\tat sun.reflect.NativeMethodAccessorImpl.invoke0(Native Method)\n\tat sun.reflect.NativeMethodAccessorImpl.invoke(NativeMethodAccessorImpl.java:62)\n\tat sun.reflect.DelegatingMethodAccessorImpl.invoke(DelegatingMethodAccessorImpl.java:43)\n\tat java.lang.reflect.Method.invoke(Method.java:498)\n\tat org.testng.internal.MethodInvocationHelper.invokeMethod(MethodInvocationHelper.java:124)\n\tat org.testng.internal.MethodInvocationHelper.invokeMethodConsideringTimeout(MethodInvocationHelper.java:59)\n\tat org.testng.internal.Invoker.invokeConfigurationMethod(Invoker.java:458)\n\tat org.testng.internal.Invoker.invokeConfigurations(Invoker.java:222)\n\tat org.testng.internal.Invoker.invokeConfigurations(Invoker.java:142)\n\tat org.testng.SuiteRunner.privateRun(SuiteRunner.java:401)\n\tat org.testng.SuiteRunner.run(SuiteRunner.java:364)\n\tat org.testng.SuiteRunnerWorker.runSuite(SuiteRunnerWorker.java:52)\n\tat org.testng.SuiteRunnerWorker.run(SuiteRunnerWorker.java:84)\n\tat org.testng.TestNG.runSuitesSequentially(TestNG.java:1208)\n\tat org.testng.TestNG.runSuitesLocally(TestNG.java:1137)\n\tat org.testng.TestNG.runSuites(TestNG.java:1049)\n\tat org.testng.TestNG.run(TestNG.java:1017)\n\tat org.apache.maven.surefire.testng.TestNGExecutor.run(TestNGExecutor.java:324)\n\tat org.apache.maven.surefire.testng.TestNGXmlTestSuite.execute(TestNGXmlTestSuite.java:74)\n\tat org.apache.maven.surefire.testng.TestNGProvider.invoke(TestNGProvider.java:123)\n\tat org.apache.maven.surefire.booter.ForkedBooter.runSuitesInProcess(ForkedBooter.java:456)\n\tat org.apache.maven.surefire.booter.ForkedBooter.execute(ForkedBooter.java:169)\n\tat org.apache.maven.surefire.booter.ForkedBooter.run(ForkedBooter.java:595)\n\tat org.apache.maven.surefire.booter.ForkedBooter.main(ForkedBooter.java:581)\nCaused by: java.lang.RuntimeException: \nCan't get WebDriver: chrome\n\tat com.epam.jdi.light.common.Exceptions.exception(Exceptions.java:35)\n\tat com.epam.jdi.light.driver.WebDriverFactory.getDriver(WebDriverFactory.java:224)\n\tat com.epam.jdi.light.driver.WebDriverFactory.getDriver(WebDriverFactory.java:214)\n\t... 28 more\nCaused by: java.lang.RuntimeException: java.lang.RuntimeException: \nFailed to run downloaded driver CHROME:X64:105.0.5195.52. Please check that your browser and driver are compatible or use local driver with 'drivers.folder' property in test.properties'.\nDriverPath: /home/runner/.cache/selenium/chromedriver/linux64/107.0.5304.62/chromedriver\n\tat com.jdiai.tools.func.JFunc1.execute(JFunc1.java:21)\n\tat com.epam.jdi.light.driver.WebDriverFactory.getDriver(WebDriverFactory.java:222)\n\t... 29 more\nCaused by: java.lang.RuntimeException: \nFailed to run downloaded driver CHROME:X64:105.0.5195.52. Please check that your browser and driver are compatible or use local driver with 'drivers.folder' property in test.properties'.\nDriverPath: /home/runner/.cache/selenium/chromedriver/linux64/107.0.5304.62/chromedriver\n\tat com.epam.jdi.light.common.Exceptions.exception(Exceptions.java:35)\n\tat com.epam.jdi.light.driver.WebDriverFactory.getDriverException(WebDriverFactory.java:143)\n\tat com.epam.jdi.light.driver.WebDriverFactory.getDriverByName(WebDriverFactory.java:127)\n\tat com.jdiai.tools.func.JFunc1.execute(JFunc1.java:19)\n\t... 30 more\nCaused by: java.lang.RuntimeException: \nCan't run and register new driver 'chrome'\n\tat com.epam.jdi.light.common.Exceptions.exception(Exceptions.java:35)\n\tat com.epam.jdi.light.driver.WebDriverFactory.registerNewDriver(WebDriverFactory.java:90)\n\tat com.epam.jdi.light.driver.WebDriverFactory.getDriverFromName(WebDriverFactory.java:158)\n\tat com.epam.jdi.light.driver.WebDriverFactory.getDriverByName(WebDriverFactory.java:125)\n\t... 31 more\nCaused by: java.lang.RuntimeException: \nFailed to get valid driver 'chrome'\n\tat com.epam.jdi.light.common.Exceptions.runtimeException(Exceptions.java:17)\n\tat com.epam.jdi.light.driver.WebDriverFactory.getValidDriver(WebDriverFactory.java:113)\n\tat com.epam.jdi.light.driver.WebDriverFactory.registerNewDriver(WebDriverFactory.java:85)\n\t... 33 more\n","steps":[],"attachments":[],"parameters":[],"stepsCount":0,"attachmentsCount":0,"shouldDisplayMessage":true,"hasContent":true}],"afterStages":[{"name":"tearDown","time":{"start":1668592330590,"stop":1668592330590,"duration":0},"description":"","status":"passed","steps":[],"attachments":[],"parameters":[],"stepsCount":0,"attachmentsCount":0,"shouldDisplayMessage":false,"hasContent":false}],"labels":[{"name":"package","value":"org.mytests.tests.example.FormTests"},{"name":"testClass","value":"org.mytests.tests.example.FormTests"},{"name":"testMethod","value":"loginTest"},{"name":"parentSuite","value":"JDI-Light Performance"},{"name":"suite","value":"Tests"},{"name":"subSuite","value":"org.mytests.tests.example.FormTests"},{"name":"host","value":"fv-az358-677"},{"name":"thread","value":"3441@fv-az358-677.TestNG-test=Tests-3(35)"},{"name":"framework","value":"testng"},{"name":"language","value":"java"},{"name":"resultFormat","value":"allure2"}],"parameters":[],"links":[],"hidden":false,"retry":false,"extra":{"severity":"normal","retries":[],"categories":[],"history":{"statistic":{"failed":0,"broken":0,"skipped":39,"passed":1,"unknown":0,"total":40},"items":[{"uid":"231c787c0214d6f4","reportUrl":"https://jdi-templates.github.io/jdi-light-browserstack/8//#testresult/231c787c0214d6f4","status":"skipped","statusDetails":"\nCan't get WebDriver: chrome","time":{"start":1668592306761,"stop":1668592306761,"duration":0}},{"uid":"b57c0ac63089053d","reportUrl":"https://jdi-templates.github.io/jdi-light-browserstack/8//#testresult/b57c0ac63089053d","status":"skipped","statusDetails":"\nCan't get WebDriver: chrome","time":{"start":1668592191267,"stop":1668592191267,"duration":0}},{"uid":"a8ef6dc2204605bd","reportUrl":"https://jdi-templates.github.io/jdi-light-browserstack/8//#testresult/a8ef6dc2204605bd","status":"skipped","statusDetails":"\nCan't get WebDriver: chrome","time":{"start":1668592075825,"stop":1668592075825,"duration":0}},{"uid":"9cf8c89e95492adc","reportUrl":"https://jdi-templates.github.io/jdi-light-browserstack/8//#testresult/9cf8c89e95492adc","status":"skipped","statusDetails":"\nCan't get WebDriver: chrome","time":{"start":1668591965548,"stop":1668591965548,"duration":0}},{"uid":"790f43bbbce3ac79","reportUrl":"https://jdi-templates.github.io/jdi-light-browserstack/8//#testresult/790f43bbbce3ac79","status":"skipped","statusDetails":"\nCan't get WebDriver: chrome","time":{"start":1668591851790,"stop":1668591851790,"duration":0}},{"uid":"75a45c999ef2e14d","reportUrl":"https://jdi-templates.github.io/jdi-light-browserstack/8//#testresult/75a45c999ef2e14d","status":"skipped","statusDetails":"\nCan't get WebDriver: chrome","time":{"start":1668591736848,"stop":1668591736848,"duration":0}},{"uid":"94c29aaa46f904dd","reportUrl":"https://jdi-templates.github.io/jdi-light-browserstack/8//#testresult/94c29aaa46f904dd","status":"skipped","statusDetails":"\nCan't get WebDriver: chrome","time":{"start":1668591639911,"stop":1668591639914,"duration":3}},{"uid":"14abebb9f97dd87e","reportUrl":"https://jdi-templates.github.io/jdi-light-browserstack/7//#testresult/14abebb9f97dd87e","status":"skipped","statusDetails":"\nCan't get WebDriver: firefox","time":{"start":1668417319402,"stop":1668417319403,"duration":1}},{"uid":"b273991ac5f6b381","reportUrl":"https://jdi-templates.github.io/jdi-light-browserstack/7//#testresult/b273991ac5f6b381","status":"skipped","statusDetails":"\nCan't get WebDriver: firefox","time":{"start":1668417216344,"stop":1668417216345,"duration":1}},{"uid":"54dba0cd017eb795","reportUrl":"https://jdi-templates.github.io/jdi-light-browserstack/7//#testresult/54dba0cd017eb795","status":"skipped","statusDetails":"\nCan't get WebDriver: firefox","time":{"start":1668417116883,"stop":1668417116884,"duration":1}},{"uid":"33dc361775e0b933","reportUrl":"https://jdi-templates.github.io/jdi-light-browserstack/7//#testresult/33dc361775e0b933","status":"skipped","statusDetails":"\nCan't get WebDriver: firefox","time":{"start":1668417005521,"stop":1668417005521,"duration":0}},{"uid":"58e5f4b4e5f934ac","reportUrl":"https://jdi-templates.github.io/jdi-light-browserstack/7//#testresult/58e5f4b4e5f934ac","status":"skipped","statusDetails":"\nCan't get WebDriver: firefox","time":{"start":1668416878405,"stop":1668416878405,"duration":0}},{"uid":"341ef30905eb9ac3","reportUrl":"https://jdi-templates.github.io/jdi-light-browserstack/7//#testresult/341ef30905eb9ac3","status":"skipped","statusDetails":"\nCan't get WebDriver: firefox","time":{"start":1668416760700,"stop":1668416760700,"duration":0}},{"uid":"5ee22da36b49519b","reportUrl":"https://jdi-templates.github.io/jdi-light-browserstack/7//#testresult/5ee22da36b49519b","status":"skipped","statusDetails":"\nCan't get WebDriver: firefox","time":{"start":1668416656647,"stop":1668416656647,"duration":0}},{"uid":"d9761960788e76bb","reportUrl":"https://jdi-templates.github.io/jdi-light-browserstack/6//#testresult/d9761960788e76bb","status":"skipped","statusDetails":"\nCan't get WebDriver: firefox","time":{"start":1667992195648,"stop":1667992195648,"duration":0}},{"uid":"b315c753e9f7d153","reportUrl":"https://jdi-templates.github.io/jdi-light-browserstack/6//#testresult/b315c753e9f7d153","status":"skipped","statusDetails":"\nCan't get WebDriver: firefox","time":{"start":1667992079342,"stop":1667992079342,"duration":0}},{"uid":"998b98800fb8827a","reportUrl":"https://jdi-templates.github.io/jdi-light-browserstack/6//#testresult/998b98800fb8827a","status":"skipped","statusDetails":"\nCan't get WebDriver: firefox","time":{"start":1667991973630,"stop":1667991973630,"duration":0}},{"uid":"63c7c9463ca989a2","reportUrl":"https://jdi-templates.github.io/jdi-light-browserstack/6//#testresult/63c7c9463ca989a2","status":"skipped","statusDetails":"\nCan't get WebDriver: firefox","time":{"start":1667991873183,"stop":1667991873184,"duration":1}},{"uid":"8939617ee8f58b3d","reportUrl":"https://jdi-templates.github.io/jdi-light-browserstack/6//#testresult/8939617ee8f58b3d","status":"skipped","statusDetails":"\nCan't get WebDriver: firefox","time":{"start":1667991759119,"stop":1667991759119,"duration":0}},{"uid":"978299d26b240b43","reportUrl":"https://jdi-templates.github.io/jdi-light-browserstack/6//#testresult/978299d26b240b43","status":"skipped","statusDetails":"\nCan't get WebDriver: firefox","time":{"start":1667991671582,"stop":1667991671582,"duration":0}}]},"tags":[]},"source":"291a88219f321c03.json","parameterValues":[]}