{"uid":"3f037032c3e01eb7","name":"valueTest","fullName":"org.mytests.tests.example.DataTableTests.valueTest","historyId":"6520e44b29d01909cf6c6f2a3dc20718","time":{"start":1668592776680,"stop":1668592776680,"duration":0},"status":"skipped","statusMessage":"\nCan't get WebDriver: chrome","statusTrace":"java.lang.RuntimeException: \nCan't get WebDriver: chrome\n\tat com.epam.jdi.light.common.Exceptions.exception(Exceptions.java:35)\n\tat com.epam.jdi.light.driver.WebDriverFactory.getDriver(WebDriverFactory.java:216)\n\tat com.epam.jdi.light.elements.common.WindowsManager.setWindowName(WindowsManager.java:87)\n\tat com.epam.jdi.light.elements.common.WindowsManager.openSiteTab(WindowsManager.java:51)\n\tat com.epam.jdi.light.elements.composite.WebPage.openSite(WebPage.java:153)\n\tat org.mytests.tests.TestsInit.setUp(TestsInit.java:18)\n\tat java.base/jdk.internal.reflect.NativeMethodAccessorImpl.invoke0(Native Method)\n\tat java.base/jdk.internal.reflect.NativeMethodAccessorImpl.invoke(NativeMethodAccessorImpl.java:62)\n\tat java.base/jdk.internal.reflect.DelegatingMethodAccessorImpl.invoke(DelegatingMethodAccessorImpl.java:43)\n\tat java.base/java.lang.reflect.Method.invoke(Method.java:567)\n\tat org.testng.internal.MethodInvocationHelper.invokeMethod(MethodInvocationHelper.java:124)\n\tat org.testng.internal.MethodInvocationHelper.invokeMethodConsideringTimeout(MethodInvocationHelper.java:59)\n\tat org.testng.internal.Invoker.invokeConfigurationMethod(Invoker.java:458)\n\tat org.testng.internal.Invoker.invokeConfigurations(Invoker.java:222)\n\tat org.testng.internal.Invoker.invokeConfigurations(Invoker.java:142)\n\tat org.testng.SuiteRunner.privateRun(SuiteRunner.java:401)\n\tat org.testng.SuiteRunner.run(SuiteRunner.java:364)\n\tat org.testng.SuiteRunnerWorker.runSuite(SuiteRunnerWorker.java:52)\n\tat org.testng.SuiteRunnerWorker.run(SuiteRunnerWorker.java:84)\n\tat org.testng.TestNG.runSuitesSequentially(TestNG.java:1208)\n\tat org.testng.TestNG.runSuitesLocally(TestNG.java:1137)\n\tat org.testng.TestNG.runSuites(TestNG.java:1049)\n\tat org.testng.TestNG.run(TestNG.java:1017)\n\tat org.apache.maven.surefire.testng.TestNGExecutor.run(TestNGExecutor.java:324)\n\tat org.apache.maven.surefire.testng.TestNGXmlTestSuite.execute(TestNGXmlTestSuite.java:74)\n\tat org.apache.maven.surefire.testng.TestNGProvider.invoke(TestNGProvider.java:123)\n\tat org.apache.maven.surefire.booter.ForkedBooter.runSuitesInProcess(ForkedBooter.java:456)\n\tat org.apache.maven.surefire.booter.ForkedBooter.execute(ForkedBooter.java:169)\n\tat org.apache.maven.surefire.booter.ForkedBooter.run(ForkedBooter.java:595)\n\tat org.apache.maven.surefire.booter.ForkedBooter.main(ForkedBooter.java:581)\nCaused by: java.lang.RuntimeException: \nCan't get WebDriver: chrome\n\tat com.epam.jdi.light.common.Exceptions.exception(Exceptions.java:35)\n\tat com.epam.jdi.light.driver.WebDriverFactory.getDriver(WebDriverFactory.java:224)\n\tat com.epam.jdi.light.driver.WebDriverFactory.getDriver(WebDriverFactory.java:214)\n\t... 28 more\nCaused by: java.lang.RuntimeException: java.lang.RuntimeException: \nFailed to run downloaded driver CHROME:X64:105.0.5195.52. Please check that your browser and driver are compatible or use local driver with 'drivers.folder' property in test.properties'.\nDriverPath: /home/runner/.cache/selenium/chromedriver/linux64/107.0.5304.62/chromedriver\n\tat com.jdiai.tools.func.JFunc1.execute(JFunc1.java:21)\n\tat com.epam.jdi.light.driver.WebDriverFactory.getDriver(WebDriverFactory.java:222)\n\t... 29 more\nCaused by: java.lang.RuntimeException: \nFailed to run downloaded driver CHROME:X64:105.0.5195.52. Please check that your browser and driver are compatible or use local driver with 'drivers.folder' property in test.properties'.\nDriverPath: /home/runner/.cache/selenium/chromedriver/linux64/107.0.5304.62/chromedriver\n\tat com.epam.jdi.light.common.Exceptions.exception(Exceptions.java:35)\n\tat com.epam.jdi.light.driver.WebDriverFactory.getDriverException(WebDriverFactory.java:143)\n\tat com.epam.jdi.light.driver.WebDriverFactory.getDriverByName(WebDriverFactory.java:127)\n\tat com.jdiai.tools.func.JFunc1.execute(JFunc1.java:19)\n\t... 30 more\nCaused by: java.lang.RuntimeException: \nCan't run and register new driver 'chrome'\n\tat com.epam.jdi.light.common.Exceptions.exception(Exceptions.java:35)\n\tat com.epam.jdi.light.driver.WebDriverFactory.registerNewDriver(WebDriverFactory.java:90)\n\tat com.epam.jdi.light.driver.WebDriverFactory.getDriverFromName(WebDriverFactory.java:158)\n\tat com.epam.jdi.light.driver.WebDriverFactory.getDriverByName(WebDriverFactory.java:125)\n\t... 31 more\nCaused by: java.lang.RuntimeException: \nFailed to get valid driver 'chrome'\n\tat com.epam.jdi.light.common.Exceptions.runtimeException(Exceptions.java:17)\n\tat com.epam.jdi.light.driver.WebDriverFactory.getValidDriver(WebDriverFactory.java:113)\n\tat com.epam.jdi.light.driver.WebDriverFactory.registerNewDriver(WebDriverFactory.java:85)\n\t... 33 more\n","flaky":false,"newFailed":false,"newBroken":false,"newPassed":false,"retriesCount":0,"retriesStatusChange":false,"beforeStages":[{"name":"setUp","time":{"start":1668592768021,"stop":1668592776265,"duration":8244},"description":"","status":"broken","statusMessage":"\nCan't get WebDriver: chrome","statusTrace":"java.lang.RuntimeException: \nCan't get WebDriver: chrome\n\tat com.epam.jdi.light.common.Exceptions.exception(Exceptions.java:35)\n\tat com.epam.jdi.light.driver.WebDriverFactory.getDriver(WebDriverFactory.java:216)\n\tat com.epam.jdi.light.elements.common.WindowsManager.setWindowName(WindowsManager.java:87)\n\tat com.epam.jdi.light.elements.common.WindowsManager.openSiteTab(WindowsManager.java:51)\n\tat com.epam.jdi.light.elements.composite.WebPage.openSite(WebPage.java:153)\n\tat org.mytests.tests.TestsInit.setUp(TestsInit.java:18)\n\tat java.base/jdk.internal.reflect.NativeMethodAccessorImpl.invoke0(Native Method)\n\tat java.base/jdk.internal.reflect.NativeMethodAccessorImpl.invoke(NativeMethodAccessorImpl.java:62)\n\tat java.base/jdk.internal.reflect.DelegatingMethodAccessorImpl.invoke(DelegatingMethodAccessorImpl.java:43)\n\tat java.base/java.lang.reflect.Method.invoke(Method.java:567)\n\tat org.testng.internal.MethodInvocationHelper.invokeMethod(MethodInvocationHelper.java:124)\n\tat org.testng.internal.MethodInvocationHelper.invokeMethodConsideringTimeout(MethodInvocationHelper.java:59)\n\tat org.testng.internal.Invoker.invokeConfigurationMethod(Invoker.java:458)\n\tat org.testng.internal.Invoker.invokeConfigurations(Invoker.java:222)\n\tat org.testng.internal.Invoker.invokeConfigurations(Invoker.java:142)\n\tat org.testng.SuiteRunner.privateRun(SuiteRunner.java:401)\n\tat org.testng.SuiteRunner.run(SuiteRunner.java:364)\n\tat org.testng.SuiteRunnerWorker.runSuite(SuiteRunnerWorker.java:52)\n\tat org.testng.SuiteRunnerWorker.run(SuiteRunnerWorker.java:84)\n\tat org.testng.TestNG.runSuitesSequentially(TestNG.java:1208)\n\tat org.testng.TestNG.runSuitesLocally(TestNG.java:1137)\n\tat org.testng.TestNG.runSuites(TestNG.java:1049)\n\tat org.testng.TestNG.run(TestNG.java:1017)\n\tat org.apache.maven.surefire.testng.TestNGExecutor.run(TestNGExecutor.java:324)\n\tat org.apache.maven.surefire.testng.TestNGXmlTestSuite.execute(TestNGXmlTestSuite.java:74)\n\tat org.apache.maven.surefire.testng.TestNGProvider.invoke(TestNGProvider.java:123)\n\tat org.apache.maven.surefire.booter.ForkedBooter.runSuitesInProcess(ForkedBooter.java:456)\n\tat org.apache.maven.surefire.booter.ForkedBooter.execute(ForkedBooter.java:169)\n\tat org.apache.maven.surefire.booter.ForkedBooter.run(ForkedBooter.java:595)\n\tat org.apache.maven.surefire.booter.ForkedBooter.main(ForkedBooter.java:581)\nCaused by: java.lang.RuntimeException: \nCan't get WebDriver: chrome\n\tat com.epam.jdi.light.common.Exceptions.exception(Exceptions.java:35)\n\tat com.epam.jdi.light.driver.WebDriverFactory.getDriver(WebDriverFactory.java:224)\n\tat com.epam.jdi.light.driver.WebDriverFactory.getDriver(WebDriverFactory.java:214)\n\t... 28 more\nCaused by: java.lang.RuntimeException: java.lang.RuntimeException: \nFailed to run downloaded driver CHROME:X64:105.0.5195.52. Please check that your browser and driver are compatible or use local driver with 'drivers.folder' property in test.properties'.\nDriverPath: /home/runner/.cache/selenium/chromedriver/linux64/107.0.5304.62/chromedriver\n\tat com.jdiai.tools.func.JFunc1.execute(JFunc1.java:21)\n\tat com.epam.jdi.light.driver.WebDriverFactory.getDriver(WebDriverFactory.java:222)\n\t... 29 more\nCaused by: java.lang.RuntimeException: \nFailed to run downloaded driver CHROME:X64:105.0.5195.52. Please check that your browser and driver are compatible or use local driver with 'drivers.folder' property in test.properties'.\nDriverPath: /home/runner/.cache/selenium/chromedriver/linux64/107.0.5304.62/chromedriver\n\tat com.epam.jdi.light.common.Exceptions.exception(Exceptions.java:35)\n\tat com.epam.jdi.light.driver.WebDriverFactory.getDriverException(WebDriverFactory.java:143)\n\tat com.epam.jdi.light.driver.WebDriverFactory.getDriverByName(WebDriverFactory.java:127)\n\tat com.jdiai.tools.func.JFunc1.execute(JFunc1.java:19)\n\t... 30 more\nCaused by: java.lang.RuntimeException: \nCan't run and register new driver 'chrome'\n\tat com.epam.jdi.light.common.Exceptions.exception(Exceptions.java:35)\n\tat com.epam.jdi.light.driver.WebDriverFactory.registerNewDriver(WebDriverFactory.java:90)\n\tat com.epam.jdi.light.driver.WebDriverFactory.getDriverFromName(WebDriverFactory.java:158)\n\tat com.epam.jdi.light.driver.WebDriverFactory.getDriverByName(WebDriverFactory.java:125)\n\t... 31 more\nCaused by: java.lang.RuntimeException: \nFailed to get valid driver 'chrome'\n\tat com.epam.jdi.light.common.Exceptions.runtimeException(Exceptions.java:17)\n\tat com.epam.jdi.light.driver.WebDriverFactory.getValidDriver(WebDriverFactory.java:113)\n\tat com.epam.jdi.light.driver.WebDriverFactory.registerNewDriver(WebDriverFactory.java:85)\n\t... 33 more\n","steps":[],"attachments":[],"parameters":[],"stepsCount":0,"attachmentsCount":0,"shouldDisplayMessage":true,"hasContent":true}],"afterStages":[{"name":"tearDown","time":{"start":1668592776688,"stop":1668592776688,"duration":0},"description":"","status":"passed","steps":[],"attachments":[],"parameters":[],"stepsCount":0,"attachmentsCount":0,"shouldDisplayMessage":false,"hasContent":false}],"labels":[{"name":"package","value":"org.mytests.tests.example.DataTableTests"},{"name":"testClass","value":"org.mytests.tests.example.DataTableTests"},{"name":"testMethod","value":"valueTest"},{"name":"parentSuite","value":"JDI-Light Performance"},{"name":"suite","value":"Tests"},{"name":"subSuite","value":"org.mytests.tests.example.DataTableTests"},{"name":"host","value":"fv-az458-738"},{"name":"thread","value":"3501@fv-az458-738.TestNG-test=Tests-2(36)"},{"name":"framework","value":"testng"},{"name":"language","value":"java"},{"name":"resultFormat","value":"allure2"}],"parameters":[],"links":[],"hidden":false,"retry":false,"extra":{"severity":"normal","retries":[],"categories":[],"history":{"statistic":{"failed":0,"broken":0,"skipped":44,"passed":1,"unknown":0,"total":45},"items":[{"uid":"5a06b77f9e520aa4","reportUrl":"https://jdi-templates.github.io/jdi-light-browserstack/9//#testresult/5a06b77f9e520aa4","status":"skipped","statusDetails":"\nCan't get WebDriver: chrome","time":{"start":1668592658964,"stop":1668592658964,"duration":0}},{"uid":"9b22dcfeb95caf53","reportUrl":"https://jdi-templates.github.io/jdi-light-browserstack/9//#testresult/9b22dcfeb95caf53","status":"skipped","statusDetails":"\nCan't get WebDriver: chrome","time":{"start":1668592551494,"stop":1668592551494,"duration":0}},{"uid":"e1f1ae4f8002f163","reportUrl":"https://jdi-templates.github.io/jdi-light-browserstack/9//#testresult/e1f1ae4f8002f163","status":"skipped","statusDetails":"\nCan't get WebDriver: chrome","time":{"start":1668592443330,"stop":1668592443330,"duration":0}},{"uid":"fd2a747f5e501d97","reportUrl":"https://jdi-templates.github.io/jdi-light-browserstack/8//#testresult/fd2a747f5e501d97","status":"skipped","statusDetails":"\nCan't get WebDriver: chrome","time":{"start":1668592425556,"stop":1668592425556,"duration":0}},{"uid":"db79cc3688b369c8","reportUrl":"https://jdi-templates.github.io/jdi-light-browserstack/9//#testresult/db79cc3688b369c8","status":"skipped","statusDetails":"\nCan't get WebDriver: chrome","time":{"start":1668592330672,"stop":1668592330673,"duration":1}},{"uid":"b70be0fc85e25b2d","reportUrl":"https://jdi-templates.github.io/jdi-light-browserstack/8//#testresult/b70be0fc85e25b2d","status":"skipped","statusDetails":"\nCan't get WebDriver: chrome","time":{"start":1668592306858,"stop":1668592306858,"duration":0}},{"uid":"ff98dc5e5495707e","reportUrl":"https://jdi-templates.github.io/jdi-light-browserstack/8//#testresult/ff98dc5e5495707e","status":"skipped","statusDetails":"\nCan't get WebDriver: chrome","time":{"start":1668592191436,"stop":1668592191436,"duration":0}},{"uid":"111c47d32e31b3f9","reportUrl":"https://jdi-templates.github.io/jdi-light-browserstack/8//#testresult/111c47d32e31b3f9","status":"skipped","statusDetails":"\nCan't get WebDriver: chrome","time":{"start":1668592075917,"stop":1668592075917,"duration":0}},{"uid":"74d3ad526f15c7d9","reportUrl":"https://jdi-templates.github.io/jdi-light-browserstack/8//#testresult/74d3ad526f15c7d9","status":"skipped","statusDetails":"\nCan't get WebDriver: chrome","time":{"start":1668591965617,"stop":1668591965617,"duration":0}},{"uid":"56e4f06a753cd7ae","reportUrl":"https://jdi-templates.github.io/jdi-light-browserstack/8//#testresult/56e4f06a753cd7ae","status":"skipped","statusDetails":"\nCan't get WebDriver: chrome","time":{"start":1668591851891,"stop":1668591851892,"duration":1}},{"uid":"9d82170de4d4c01e","reportUrl":"https://jdi-templates.github.io/jdi-light-browserstack/8//#testresult/9d82170de4d4c01e","status":"skipped","statusDetails":"\nCan't get WebDriver: chrome","time":{"start":1668591736967,"stop":1668591736968,"duration":1}},{"uid":"7f4d61bb5e37b280","reportUrl":"https://jdi-templates.github.io/jdi-light-browserstack/8//#testresult/7f4d61bb5e37b280","status":"skipped","statusDetails":"\nCan't get WebDriver: chrome","time":{"start":1668591640043,"stop":1668591640043,"duration":0}},{"uid":"7c058f81ec0ee7aa","reportUrl":"https://jdi-templates.github.io/jdi-light-browserstack/7//#testresult/7c058f81ec0ee7aa","status":"skipped","statusDetails":"\nCan't get WebDriver: firefox","time":{"start":1668417319491,"stop":1668417319491,"duration":0}},{"uid":"aaf022c4855c72d4","reportUrl":"https://jdi-templates.github.io/jdi-light-browserstack/7//#testresult/aaf022c4855c72d4","status":"skipped","statusDetails":"\nCan't get WebDriver: firefox","time":{"start":1668417216445,"stop":1668417216445,"duration":0}},{"uid":"a46c867e910fa5b0","reportUrl":"https://jdi-templates.github.io/jdi-light-browserstack/7//#testresult/a46c867e910fa5b0","status":"skipped","statusDetails":"\nCan't get WebDriver: firefox","time":{"start":1668417116915,"stop":1668417116915,"duration":0}},{"uid":"b6442e26cad1607","reportUrl":"https://jdi-templates.github.io/jdi-light-browserstack/7//#testresult/b6442e26cad1607","status":"skipped","statusDetails":"\nCan't get WebDriver: firefox","time":{"start":1668417005640,"stop":1668417005640,"duration":0}},{"uid":"698f917f6bd34df5","reportUrl":"https://jdi-templates.github.io/jdi-light-browserstack/7//#testresult/698f917f6bd34df5","status":"skipped","statusDetails":"\nCan't get WebDriver: firefox","time":{"start":1668416878516,"stop":1668416878516,"duration":0}},{"uid":"7fcd4d2d4165b79d","reportUrl":"https://jdi-templates.github.io/jdi-light-browserstack/7//#testresult/7fcd4d2d4165b79d","status":"skipped","statusDetails":"\nCan't get WebDriver: firefox","time":{"start":1668416760755,"stop":1668416760755,"duration":0}},{"uid":"ef3b4d38967745b0","reportUrl":"https://jdi-templates.github.io/jdi-light-browserstack/7//#testresult/ef3b4d38967745b0","status":"skipped","statusDetails":"\nCan't get WebDriver: firefox","time":{"start":1668416656811,"stop":1668416656811,"duration":0}},{"uid":"76ed4755e58d099c","reportUrl":"https://jdi-templates.github.io/jdi-light-browserstack/6//#testresult/76ed4755e58d099c","status":"skipped","statusDetails":"\nCan't get WebDriver: firefox","time":{"start":1667992195722,"stop":1667992195723,"duration":1}}]},"tags":[]},"source":"3f037032c3e01eb7.json","parameterValues":[]}