{"uid":"4790078c720e1890","name":"commonMatchersTest","fullName":"org.mytests.tests.example.DataTableTests.commonMatchersTest","historyId":"7f4130822e0f961467498a7c408d96a8","time":{"start":1668592897690,"stop":1668592897690,"duration":0},"status":"skipped","statusMessage":"\nCan't get WebDriver: chrome","statusTrace":"java.lang.RuntimeException: \nCan't get WebDriver: chrome\n\tat com.epam.jdi.light.common.Exceptions.exception(Exceptions.java:35)\n\tat com.epam.jdi.light.driver.WebDriverFactory.getDriver(WebDriverFactory.java:216)\n\tat com.epam.jdi.light.elements.common.WindowsManager.setWindowName(WindowsManager.java:87)\n\tat com.epam.jdi.light.elements.common.WindowsManager.openSiteTab(WindowsManager.java:51)\n\tat com.epam.jdi.light.elements.composite.WebPage.openSite(WebPage.java:153)\n\tat org.mytests.tests.TestsInit.setUp(TestsInit.java:18)\n\tat java.base/jdk.internal.reflect.NativeMethodAccessorImpl.invoke0(Native Method)\n\tat java.base/jdk.internal.reflect.NativeMethodAccessorImpl.invoke(NativeMethodAccessorImpl.java:62)\n\tat java.base/jdk.internal.reflect.DelegatingMethodAccessorImpl.invoke(DelegatingMethodAccessorImpl.java:43)\n\tat java.base/java.lang.reflect.Method.invoke(Method.java:567)\n\tat org.testng.internal.MethodInvocationHelper.invokeMethod(MethodInvocationHelper.java:124)\n\tat org.testng.internal.MethodInvocationHelper.invokeMethodConsideringTimeout(MethodInvocationHelper.java:59)\n\tat org.testng.internal.Invoker.invokeConfigurationMethod(Invoker.java:458)\n\tat org.testng.internal.Invoker.invokeConfigurations(Invoker.java:222)\n\tat org.testng.internal.Invoker.invokeConfigurations(Invoker.java:142)\n\tat org.testng.SuiteRunner.privateRun(SuiteRunner.java:401)\n\tat org.testng.SuiteRunner.run(SuiteRunner.java:364)\n\tat org.testng.SuiteRunnerWorker.runSuite(SuiteRunnerWorker.java:52)\n\tat org.testng.SuiteRunnerWorker.run(SuiteRunnerWorker.java:84)\n\tat org.testng.TestNG.runSuitesSequentially(TestNG.java:1208)\n\tat org.testng.TestNG.runSuitesLocally(TestNG.java:1137)\n\tat org.testng.TestNG.runSuites(TestNG.java:1049)\n\tat org.testng.TestNG.run(TestNG.java:1017)\n\tat org.apache.maven.surefire.testng.TestNGExecutor.run(TestNGExecutor.java:324)\n\tat org.apache.maven.surefire.testng.TestNGXmlTestSuite.execute(TestNGXmlTestSuite.java:74)\n\tat org.apache.maven.surefire.testng.TestNGProvider.invoke(TestNGProvider.java:123)\n\tat org.apache.maven.surefire.booter.ForkedBooter.runSuitesInProcess(ForkedBooter.java:456)\n\tat org.apache.maven.surefire.booter.ForkedBooter.execute(ForkedBooter.java:169)\n\tat org.apache.maven.surefire.booter.ForkedBooter.run(ForkedBooter.java:595)\n\tat org.apache.maven.surefire.booter.ForkedBooter.main(ForkedBooter.java:581)\nCaused by: java.lang.RuntimeException: \nCan't get WebDriver: chrome\n\tat com.epam.jdi.light.common.Exceptions.exception(Exceptions.java:35)\n\tat com.epam.jdi.light.driver.WebDriverFactory.getDriver(WebDriverFactory.java:224)\n\tat com.epam.jdi.light.driver.WebDriverFactory.getDriver(WebDriverFactory.java:214)\n\t... 28 more\nCaused by: java.lang.RuntimeException: java.lang.RuntimeException: \nFailed to run downloaded driver CHROME:X64:105.0.5195.52. Please check that your browser and driver are compatible or use local driver with 'drivers.folder' property in test.properties'.\nDriverPath: /home/runner/.cache/selenium/chromedriver/linux64/107.0.5304.62/chromedriver\n\tat com.jdiai.tools.func.JFunc1.execute(JFunc1.java:21)\n\tat com.epam.jdi.light.driver.WebDriverFactory.getDriver(WebDriverFactory.java:222)\n\t... 29 more\nCaused by: java.lang.RuntimeException: \nFailed to run downloaded driver CHROME:X64:105.0.5195.52. Please check that your browser and driver are compatible or use local driver with 'drivers.folder' property in test.properties'.\nDriverPath: /home/runner/.cache/selenium/chromedriver/linux64/107.0.5304.62/chromedriver\n\tat com.epam.jdi.light.common.Exceptions.exception(Exceptions.java:35)\n\tat com.epam.jdi.light.driver.WebDriverFactory.getDriverException(WebDriverFactory.java:143)\n\tat com.epam.jdi.light.driver.WebDriverFactory.getDriverByName(WebDriverFactory.java:127)\n\tat com.jdiai.tools.func.JFunc1.execute(JFunc1.java:19)\n\t... 30 more\nCaused by: java.lang.RuntimeException: \nCan't run and register new driver 'chrome'\n\tat com.epam.jdi.light.common.Exceptions.exception(Exceptions.java:35)\n\tat com.epam.jdi.light.driver.WebDriverFactory.registerNewDriver(WebDriverFactory.java:90)\n\tat com.epam.jdi.light.driver.WebDriverFactory.getDriverFromName(WebDriverFactory.java:158)\n\tat com.epam.jdi.light.driver.WebDriverFactory.getDriverByName(WebDriverFactory.java:125)\n\t... 31 more\nCaused by: java.lang.RuntimeException: \nFailed to get valid driver 'chrome'\n\tat com.epam.jdi.light.common.Exceptions.runtimeException(Exceptions.java:17)\n\tat com.epam.jdi.light.driver.WebDriverFactory.getValidDriver(WebDriverFactory.java:113)\n\tat com.epam.jdi.light.driver.WebDriverFactory.registerNewDriver(WebDriverFactory.java:85)\n\t... 33 more\n","flaky":false,"newFailed":false,"newBroken":false,"newPassed":false,"retriesCount":0,"retriesStatusChange":false,"beforeStages":[{"name":"setUp","time":{"start":1668592890779,"stop":1668592897487,"duration":6708},"description":"","status":"broken","statusMessage":"\nCan't get WebDriver: chrome","statusTrace":"java.lang.RuntimeException: \nCan't get WebDriver: chrome\n\tat com.epam.jdi.light.common.Exceptions.exception(Exceptions.java:35)\n\tat com.epam.jdi.light.driver.WebDriverFactory.getDriver(WebDriverFactory.java:216)\n\tat com.epam.jdi.light.elements.common.WindowsManager.setWindowName(WindowsManager.java:87)\n\tat com.epam.jdi.light.elements.common.WindowsManager.openSiteTab(WindowsManager.java:51)\n\tat com.epam.jdi.light.elements.composite.WebPage.openSite(WebPage.java:153)\n\tat org.mytests.tests.TestsInit.setUp(TestsInit.java:18)\n\tat java.base/jdk.internal.reflect.NativeMethodAccessorImpl.invoke0(Native Method)\n\tat java.base/jdk.internal.reflect.NativeMethodAccessorImpl.invoke(NativeMethodAccessorImpl.java:62)\n\tat java.base/jdk.internal.reflect.DelegatingMethodAccessorImpl.invoke(DelegatingMethodAccessorImpl.java:43)\n\tat java.base/java.lang.reflect.Method.invoke(Method.java:567)\n\tat org.testng.internal.MethodInvocationHelper.invokeMethod(MethodInvocationHelper.java:124)\n\tat org.testng.internal.MethodInvocationHelper.invokeMethodConsideringTimeout(MethodInvocationHelper.java:59)\n\tat org.testng.internal.Invoker.invokeConfigurationMethod(Invoker.java:458)\n\tat org.testng.internal.Invoker.invokeConfigurations(Invoker.java:222)\n\tat org.testng.internal.Invoker.invokeConfigurations(Invoker.java:142)\n\tat org.testng.SuiteRunner.privateRun(SuiteRunner.java:401)\n\tat org.testng.SuiteRunner.run(SuiteRunner.java:364)\n\tat org.testng.SuiteRunnerWorker.runSuite(SuiteRunnerWorker.java:52)\n\tat org.testng.SuiteRunnerWorker.run(SuiteRunnerWorker.java:84)\n\tat org.testng.TestNG.runSuitesSequentially(TestNG.java:1208)\n\tat org.testng.TestNG.runSuitesLocally(TestNG.java:1137)\n\tat org.testng.TestNG.runSuites(TestNG.java:1049)\n\tat org.testng.TestNG.run(TestNG.java:1017)\n\tat org.apache.maven.surefire.testng.TestNGExecutor.run(TestNGExecutor.java:324)\n\tat org.apache.maven.surefire.testng.TestNGXmlTestSuite.execute(TestNGXmlTestSuite.java:74)\n\tat org.apache.maven.surefire.testng.TestNGProvider.invoke(TestNGProvider.java:123)\n\tat org.apache.maven.surefire.booter.ForkedBooter.runSuitesInProcess(ForkedBooter.java:456)\n\tat org.apache.maven.surefire.booter.ForkedBooter.execute(ForkedBooter.java:169)\n\tat org.apache.maven.surefire.booter.ForkedBooter.run(ForkedBooter.java:595)\n\tat org.apache.maven.surefire.booter.ForkedBooter.main(ForkedBooter.java:581)\nCaused by: java.lang.RuntimeException: \nCan't get WebDriver: chrome\n\tat com.epam.jdi.light.common.Exceptions.exception(Exceptions.java:35)\n\tat com.epam.jdi.light.driver.WebDriverFactory.getDriver(WebDriverFactory.java:224)\n\tat com.epam.jdi.light.driver.WebDriverFactory.getDriver(WebDriverFactory.java:214)\n\t... 28 more\nCaused by: java.lang.RuntimeException: java.lang.RuntimeException: \nFailed to run downloaded driver CHROME:X64:105.0.5195.52. Please check that your browser and driver are compatible or use local driver with 'drivers.folder' property in test.properties'.\nDriverPath: /home/runner/.cache/selenium/chromedriver/linux64/107.0.5304.62/chromedriver\n\tat com.jdiai.tools.func.JFunc1.execute(JFunc1.java:21)\n\tat com.epam.jdi.light.driver.WebDriverFactory.getDriver(WebDriverFactory.java:222)\n\t... 29 more\nCaused by: java.lang.RuntimeException: \nFailed to run downloaded driver CHROME:X64:105.0.5195.52. Please check that your browser and driver are compatible or use local driver with 'drivers.folder' property in test.properties'.\nDriverPath: /home/runner/.cache/selenium/chromedriver/linux64/107.0.5304.62/chromedriver\n\tat com.epam.jdi.light.common.Exceptions.exception(Exceptions.java:35)\n\tat com.epam.jdi.light.driver.WebDriverFactory.getDriverException(WebDriverFactory.java:143)\n\tat com.epam.jdi.light.driver.WebDriverFactory.getDriverByName(WebDriverFactory.java:127)\n\tat com.jdiai.tools.func.JFunc1.execute(JFunc1.java:19)\n\t... 30 more\nCaused by: java.lang.RuntimeException: \nCan't run and register new driver 'chrome'\n\tat com.epam.jdi.light.common.Exceptions.exception(Exceptions.java:35)\n\tat com.epam.jdi.light.driver.WebDriverFactory.registerNewDriver(WebDriverFactory.java:90)\n\tat com.epam.jdi.light.driver.WebDriverFactory.getDriverFromName(WebDriverFactory.java:158)\n\tat com.epam.jdi.light.driver.WebDriverFactory.getDriverByName(WebDriverFactory.java:125)\n\t... 31 more\nCaused by: java.lang.RuntimeException: \nFailed to get valid driver 'chrome'\n\tat com.epam.jdi.light.common.Exceptions.runtimeException(Exceptions.java:17)\n\tat com.epam.jdi.light.driver.WebDriverFactory.getValidDriver(WebDriverFactory.java:113)\n\tat com.epam.jdi.light.driver.WebDriverFactory.registerNewDriver(WebDriverFactory.java:85)\n\t... 33 more\n","steps":[],"attachments":[],"parameters":[],"stepsCount":0,"attachmentsCount":0,"shouldDisplayMessage":true,"hasContent":true}],"afterStages":[{"name":"tearDown","time":{"start":1668592897772,"stop":1668592897772,"duration":0},"description":"","status":"passed","steps":[],"attachments":[],"parameters":[],"stepsCount":0,"attachmentsCount":0,"shouldDisplayMessage":false,"hasContent":false}],"labels":[{"name":"package","value":"org.mytests.tests.example.DataTableTests"},{"name":"testClass","value":"org.mytests.tests.example.DataTableTests"},{"name":"testMethod","value":"commonMatchersTest"},{"name":"parentSuite","value":"JDI-Light Performance"},{"name":"suite","value":"Tests"},{"name":"subSuite","value":"org.mytests.tests.example.DataTableTests"},{"name":"host","value":"fv-az20-419"},{"name":"thread","value":"3472@fv-az20-419.TestNG-test=Tests-2(36)"},{"name":"framework","value":"testng"},{"name":"language","value":"java"},{"name":"resultFormat","value":"allure2"}],"parameters":[],"links":[],"hidden":false,"retry":false,"extra":{"severity":"normal","retries":[],"categories":[],"history":{"statistic":{"failed":0,"broken":0,"skipped":45,"passed":1,"unknown":0,"total":46},"items":[{"uid":"7e8b3c8105ef31ce","reportUrl":"https://jdi-templates.github.io/jdi-light-browserstack/9//#testresult/7e8b3c8105ef31ce","status":"skipped","statusDetails":"\nCan't get WebDriver: chrome","time":{"start":1668592776528,"stop":1668592776529,"duration":1}},{"uid":"b2b39d423c1a49dd","reportUrl":"https://jdi-templates.github.io/jdi-light-browserstack/9//#testresult/b2b39d423c1a49dd","status":"skipped","statusDetails":"\nCan't get WebDriver: chrome","time":{"start":1668592658875,"stop":1668592658875,"duration":0}},{"uid":"fa7b9f59afc2e45b","reportUrl":"https://jdi-templates.github.io/jdi-light-browserstack/9//#testresult/fa7b9f59afc2e45b","status":"skipped","statusDetails":"\nCan't get WebDriver: chrome","time":{"start":1668592551411,"stop":1668592551412,"duration":1}},{"uid":"96372d7045e4bba2","reportUrl":"https://jdi-templates.github.io/jdi-light-browserstack/9//#testresult/96372d7045e4bba2","status":"skipped","statusDetails":"\nCan't get WebDriver: chrome","time":{"start":1668592443221,"stop":1668592443221,"duration":0}},{"uid":"146da05648a9ddd5","reportUrl":"https://jdi-templates.github.io/jdi-light-browserstack/8//#testresult/146da05648a9ddd5","status":"skipped","statusDetails":"\nCan't get WebDriver: chrome","time":{"start":1668592425417,"stop":1668592425417,"duration":0}},{"uid":"fe59540deacfa40e","reportUrl":"https://jdi-templates.github.io/jdi-light-browserstack/9//#testresult/fe59540deacfa40e","status":"skipped","statusDetails":"\nCan't get WebDriver: chrome","time":{"start":1668592330569,"stop":1668592330569,"duration":0}},{"uid":"f563b41bca4453d7","reportUrl":"https://jdi-templates.github.io/jdi-light-browserstack/8//#testresult/f563b41bca4453d7","status":"skipped","statusDetails":"\nCan't get WebDriver: chrome","time":{"start":1668592306743,"stop":1668592306743,"duration":0}},{"uid":"1c550fb8e35ac99","reportUrl":"https://jdi-templates.github.io/jdi-light-browserstack/8//#testresult/1c550fb8e35ac99","status":"skipped","statusDetails":"\nCan't get WebDriver: chrome","time":{"start":1668592191283,"stop":1668592191283,"duration":0}},{"uid":"856732b6266d2c2b","reportUrl":"https://jdi-templates.github.io/jdi-light-browserstack/8//#testresult/856732b6266d2c2b","status":"skipped","statusDetails":"\nCan't get WebDriver: chrome","time":{"start":1668592075813,"stop":1668592075813,"duration":0}},{"uid":"a4165ccb3c3d697e","reportUrl":"https://jdi-templates.github.io/jdi-light-browserstack/8//#testresult/a4165ccb3c3d697e","status":"skipped","statusDetails":"\nCan't get WebDriver: chrome","time":{"start":1668591965498,"stop":1668591965498,"duration":0}},{"uid":"d5b580b98a546d17","reportUrl":"https://jdi-templates.github.io/jdi-light-browserstack/8//#testresult/d5b580b98a546d17","status":"skipped","statusDetails":"\nCan't get WebDriver: chrome","time":{"start":1668591851781,"stop":1668591851781,"duration":0}},{"uid":"49d3ac1f6d69b44a","reportUrl":"https://jdi-templates.github.io/jdi-light-browserstack/8//#testresult/49d3ac1f6d69b44a","status":"skipped","statusDetails":"\nCan't get WebDriver: chrome","time":{"start":1668591736850,"stop":1668591736850,"duration":0}},{"uid":"eef09dc276e0015f","reportUrl":"https://jdi-templates.github.io/jdi-light-browserstack/8//#testresult/eef09dc276e0015f","status":"skipped","statusDetails":"\nCan't get WebDriver: chrome","time":{"start":1668591639959,"stop":1668591639959,"duration":0}},{"uid":"663e019d085b2b99","reportUrl":"https://jdi-templates.github.io/jdi-light-browserstack/7//#testresult/663e019d085b2b99","status":"skipped","statusDetails":"\nCan't get WebDriver: firefox","time":{"start":1668417319404,"stop":1668417319404,"duration":0}},{"uid":"d7becea7dddb8b48","reportUrl":"https://jdi-templates.github.io/jdi-light-browserstack/7//#testresult/d7becea7dddb8b48","status":"skipped","statusDetails":"\nCan't get WebDriver: firefox","time":{"start":1668417216355,"stop":1668417216356,"duration":1}},{"uid":"82b8b3dfdcb6c225","reportUrl":"https://jdi-templates.github.io/jdi-light-browserstack/7//#testresult/82b8b3dfdcb6c225","status":"skipped","statusDetails":"\nCan't get WebDriver: firefox","time":{"start":1668417116838,"stop":1668417116839,"duration":1}},{"uid":"ee8f851213d57804","reportUrl":"https://jdi-templates.github.io/jdi-light-browserstack/7//#testresult/ee8f851213d57804","status":"skipped","statusDetails":"\nCan't get WebDriver: firefox","time":{"start":1668417005504,"stop":1668417005505,"duration":1}},{"uid":"ea370e935446c24f","reportUrl":"https://jdi-templates.github.io/jdi-light-browserstack/7//#testresult/ea370e935446c24f","status":"skipped","statusDetails":"\nCan't get WebDriver: firefox","time":{"start":1668416878400,"stop":1668416878400,"duration":0}},{"uid":"679cc91336f6dbb6","reportUrl":"https://jdi-templates.github.io/jdi-light-browserstack/7//#testresult/679cc91336f6dbb6","status":"skipped","statusDetails":"\nCan't get WebDriver: firefox","time":{"start":1668416760661,"stop":1668416760662,"duration":1}},{"uid":"918c278e420e276b","reportUrl":"https://jdi-templates.github.io/jdi-light-browserstack/7//#testresult/918c278e420e276b","status":"skipped","statusDetails":"\nCan't get WebDriver: firefox","time":{"start":1668416656690,"stop":1668416656691,"duration":1}}]},"tags":[]},"source":"4790078c720e1890.json","parameterValues":[]}