{"uid":"75e84004785b25","name":"rowTableMatcherTest","fullName":"org.mytests.tests.example.DataTableTests.rowTableMatcherTest","historyId":"bb947bc8ee51b944124430fb61cb9fb1","time":{"start":1668593122396,"stop":1668593122396,"duration":0},"status":"skipped","statusMessage":"\nCan't get WebDriver: chrome","statusTrace":"java.lang.RuntimeException: \nCan't get WebDriver: chrome\n\tat com.epam.jdi.light.common.Exceptions.exception(Exceptions.java:35)\n\tat com.epam.jdi.light.driver.WebDriverFactory.getDriver(WebDriverFactory.java:216)\n\tat com.epam.jdi.light.elements.common.WindowsManager.setWindowName(WindowsManager.java:87)\n\tat com.epam.jdi.light.elements.common.WindowsManager.openSiteTab(WindowsManager.java:51)\n\tat com.epam.jdi.light.elements.composite.WebPage.openSite(WebPage.java:153)\n\tat org.mytests.tests.TestsInit.setUp(TestsInit.java:18)\n\tat java.base/jdk.internal.reflect.NativeMethodAccessorImpl.invoke0(Native Method)\n\tat java.base/jdk.internal.reflect.NativeMethodAccessorImpl.invoke(NativeMethodAccessorImpl.java:64)\n\tat java.base/jdk.internal.reflect.DelegatingMethodAccessorImpl.invoke(DelegatingMethodAccessorImpl.java:43)\n\tat java.base/java.lang.reflect.Method.invoke(Method.java:564)\n\tat org.testng.internal.MethodInvocationHelper.invokeMethod(MethodInvocationHelper.java:124)\n\tat org.testng.internal.MethodInvocationHelper.invokeMethodConsideringTimeout(MethodInvocationHelper.java:59)\n\tat org.testng.internal.Invoker.invokeConfigurationMethod(Invoker.java:458)\n\tat org.testng.internal.Invoker.invokeConfigurations(Invoker.java:222)\n\tat org.testng.internal.Invoker.invokeConfigurations(Invoker.java:142)\n\tat org.testng.SuiteRunner.privateRun(SuiteRunner.java:401)\n\tat org.testng.SuiteRunner.run(SuiteRunner.java:364)\n\tat org.testng.SuiteRunnerWorker.runSuite(SuiteRunnerWorker.java:52)\n\tat org.testng.SuiteRunnerWorker.run(SuiteRunnerWorker.java:84)\n\tat org.testng.TestNG.runSuitesSequentially(TestNG.java:1208)\n\tat org.testng.TestNG.runSuitesLocally(TestNG.java:1137)\n\tat org.testng.TestNG.runSuites(TestNG.java:1049)\n\tat org.testng.TestNG.run(TestNG.java:1017)\n\tat org.apache.maven.surefire.testng.TestNGExecutor.run(TestNGExecutor.java:324)\n\tat org.apache.maven.surefire.testng.TestNGXmlTestSuite.execute(TestNGXmlTestSuite.java:74)\n\tat org.apache.maven.surefire.testng.TestNGProvider.invoke(TestNGProvider.java:123)\n\tat org.apache.maven.surefire.booter.ForkedBooter.runSuitesInProcess(ForkedBooter.java:456)\n\tat org.apache.maven.surefire.booter.ForkedBooter.execute(ForkedBooter.java:169)\n\tat org.apache.maven.surefire.booter.ForkedBooter.run(ForkedBooter.java:595)\n\tat org.apache.maven.surefire.booter.ForkedBooter.main(ForkedBooter.java:581)\nCaused by: java.lang.RuntimeException: \nCan't get WebDriver: chrome\n\tat com.epam.jdi.light.common.Exceptions.exception(Exceptions.java:35)\n\tat com.epam.jdi.light.driver.WebDriverFactory.getDriver(WebDriverFactory.java:224)\n\tat com.epam.jdi.light.driver.WebDriverFactory.getDriver(WebDriverFactory.java:214)\n\t... 28 more\nCaused by: java.lang.RuntimeException: java.lang.RuntimeException: \nFailed to run downloaded driver CHROME:X64:105.0.5195.52. Please check that your browser and driver are compatible or use local driver with 'drivers.folder' property in test.properties'.\nDriverPath: /home/runner/.cache/selenium/chromedriver/linux64/107.0.5304.62/chromedriver\n\tat com.jdiai.tools.func.JFunc1.execute(JFunc1.java:21)\n\tat com.epam.jdi.light.driver.WebDriverFactory.getDriver(WebDriverFactory.java:222)\n\t... 29 more\nCaused by: java.lang.RuntimeException: \nFailed to run downloaded driver CHROME:X64:105.0.5195.52. Please check that your browser and driver are compatible or use local driver with 'drivers.folder' property in test.properties'.\nDriverPath: /home/runner/.cache/selenium/chromedriver/linux64/107.0.5304.62/chromedriver\n\tat com.epam.jdi.light.common.Exceptions.exception(Exceptions.java:35)\n\tat com.epam.jdi.light.driver.WebDriverFactory.getDriverException(WebDriverFactory.java:143)\n\tat com.epam.jdi.light.driver.WebDriverFactory.getDriverByName(WebDriverFactory.java:127)\n\tat com.jdiai.tools.func.JFunc1.execute(JFunc1.java:19)\n\t... 30 more\nCaused by: java.lang.RuntimeException: \nCan't run and register new driver 'chrome'\n\tat com.epam.jdi.light.common.Exceptions.exception(Exceptions.java:35)\n\tat com.epam.jdi.light.driver.WebDriverFactory.registerNewDriver(WebDriverFactory.java:90)\n\tat com.epam.jdi.light.driver.WebDriverFactory.getDriverFromName(WebDriverFactory.java:158)\n\tat com.epam.jdi.light.driver.WebDriverFactory.getDriverByName(WebDriverFactory.java:125)\n\t... 31 more\nCaused by: java.lang.RuntimeException: \nFailed to get valid driver 'chrome'\n\tat com.epam.jdi.light.common.Exceptions.runtimeException(Exceptions.java:17)\n\tat com.epam.jdi.light.driver.WebDriverFactory.getValidDriver(WebDriverFactory.java:113)\n\tat com.epam.jdi.light.driver.WebDriverFactory.registerNewDriver(WebDriverFactory.java:85)\n\t... 33 more\n","flaky":false,"newFailed":false,"newBroken":false,"newPassed":false,"retriesCount":0,"retriesStatusChange":false,"beforeStages":[{"name":"setUp","time":{"start":1668593115289,"stop":1668593122175,"duration":6886},"description":"","status":"broken","statusMessage":"\nCan't get WebDriver: chrome","statusTrace":"java.lang.RuntimeException: \nCan't get WebDriver: chrome\n\tat com.epam.jdi.light.common.Exceptions.exception(Exceptions.java:35)\n\tat com.epam.jdi.light.driver.WebDriverFactory.getDriver(WebDriverFactory.java:216)\n\tat com.epam.jdi.light.elements.common.WindowsManager.setWindowName(WindowsManager.java:87)\n\tat com.epam.jdi.light.elements.common.WindowsManager.openSiteTab(WindowsManager.java:51)\n\tat com.epam.jdi.light.elements.composite.WebPage.openSite(WebPage.java:153)\n\tat org.mytests.tests.TestsInit.setUp(TestsInit.java:18)\n\tat java.base/jdk.internal.reflect.NativeMethodAccessorImpl.invoke0(Native Method)\n\tat java.base/jdk.internal.reflect.NativeMethodAccessorImpl.invoke(NativeMethodAccessorImpl.java:64)\n\tat java.base/jdk.internal.reflect.DelegatingMethodAccessorImpl.invoke(DelegatingMethodAccessorImpl.java:43)\n\tat java.base/java.lang.reflect.Method.invoke(Method.java:564)\n\tat org.testng.internal.MethodInvocationHelper.invokeMethod(MethodInvocationHelper.java:124)\n\tat org.testng.internal.MethodInvocationHelper.invokeMethodConsideringTimeout(MethodInvocationHelper.java:59)\n\tat org.testng.internal.Invoker.invokeConfigurationMethod(Invoker.java:458)\n\tat org.testng.internal.Invoker.invokeConfigurations(Invoker.java:222)\n\tat org.testng.internal.Invoker.invokeConfigurations(Invoker.java:142)\n\tat org.testng.SuiteRunner.privateRun(SuiteRunner.java:401)\n\tat org.testng.SuiteRunner.run(SuiteRunner.java:364)\n\tat org.testng.SuiteRunnerWorker.runSuite(SuiteRunnerWorker.java:52)\n\tat org.testng.SuiteRunnerWorker.run(SuiteRunnerWorker.java:84)\n\tat org.testng.TestNG.runSuitesSequentially(TestNG.java:1208)\n\tat org.testng.TestNG.runSuitesLocally(TestNG.java:1137)\n\tat org.testng.TestNG.runSuites(TestNG.java:1049)\n\tat org.testng.TestNG.run(TestNG.java:1017)\n\tat org.apache.maven.surefire.testng.TestNGExecutor.run(TestNGExecutor.java:324)\n\tat org.apache.maven.surefire.testng.TestNGXmlTestSuite.execute(TestNGXmlTestSuite.java:74)\n\tat org.apache.maven.surefire.testng.TestNGProvider.invoke(TestNGProvider.java:123)\n\tat org.apache.maven.surefire.booter.ForkedBooter.runSuitesInProcess(ForkedBooter.java:456)\n\tat org.apache.maven.surefire.booter.ForkedBooter.execute(ForkedBooter.java:169)\n\tat org.apache.maven.surefire.booter.ForkedBooter.run(ForkedBooter.java:595)\n\tat org.apache.maven.surefire.booter.ForkedBooter.main(ForkedBooter.java:581)\nCaused by: java.lang.RuntimeException: \nCan't get WebDriver: chrome\n\tat com.epam.jdi.light.common.Exceptions.exception(Exceptions.java:35)\n\tat com.epam.jdi.light.driver.WebDriverFactory.getDriver(WebDriverFactory.java:224)\n\tat com.epam.jdi.light.driver.WebDriverFactory.getDriver(WebDriverFactory.java:214)\n\t... 28 more\nCaused by: java.lang.RuntimeException: java.lang.RuntimeException: \nFailed to run downloaded driver CHROME:X64:105.0.5195.52. Please check that your browser and driver are compatible or use local driver with 'drivers.folder' property in test.properties'.\nDriverPath: /home/runner/.cache/selenium/chromedriver/linux64/107.0.5304.62/chromedriver\n\tat com.jdiai.tools.func.JFunc1.execute(JFunc1.java:21)\n\tat com.epam.jdi.light.driver.WebDriverFactory.getDriver(WebDriverFactory.java:222)\n\t... 29 more\nCaused by: java.lang.RuntimeException: \nFailed to run downloaded driver CHROME:X64:105.0.5195.52. Please check that your browser and driver are compatible or use local driver with 'drivers.folder' property in test.properties'.\nDriverPath: /home/runner/.cache/selenium/chromedriver/linux64/107.0.5304.62/chromedriver\n\tat com.epam.jdi.light.common.Exceptions.exception(Exceptions.java:35)\n\tat com.epam.jdi.light.driver.WebDriverFactory.getDriverException(WebDriverFactory.java:143)\n\tat com.epam.jdi.light.driver.WebDriverFactory.getDriverByName(WebDriverFactory.java:127)\n\tat com.jdiai.tools.func.JFunc1.execute(JFunc1.java:19)\n\t... 30 more\nCaused by: java.lang.RuntimeException: \nCan't run and register new driver 'chrome'\n\tat com.epam.jdi.light.common.Exceptions.exception(Exceptions.java:35)\n\tat com.epam.jdi.light.driver.WebDriverFactory.registerNewDriver(WebDriverFactory.java:90)\n\tat com.epam.jdi.light.driver.WebDriverFactory.getDriverFromName(WebDriverFactory.java:158)\n\tat com.epam.jdi.light.driver.WebDriverFactory.getDriverByName(WebDriverFactory.java:125)\n\t... 31 more\nCaused by: java.lang.RuntimeException: \nFailed to get valid driver 'chrome'\n\tat com.epam.jdi.light.common.Exceptions.runtimeException(Exceptions.java:17)\n\tat com.epam.jdi.light.driver.WebDriverFactory.getValidDriver(WebDriverFactory.java:113)\n\tat com.epam.jdi.light.driver.WebDriverFactory.registerNewDriver(WebDriverFactory.java:85)\n\t... 33 more\n","steps":[],"attachments":[],"parameters":[],"shouldDisplayMessage":true,"hasContent":true,"stepsCount":0,"attachmentsCount":0}],"afterStages":[{"name":"tearDown","time":{"start":1668593122416,"stop":1668593122416,"duration":0},"description":"","status":"passed","steps":[],"attachments":[],"parameters":[],"shouldDisplayMessage":false,"hasContent":false,"stepsCount":0,"attachmentsCount":0}],"labels":[{"name":"package","value":"org.mytests.tests.example.DataTableTests"},{"name":"testClass","value":"org.mytests.tests.example.DataTableTests"},{"name":"testMethod","value":"rowTableMatcherTest"},{"name":"parentSuite","value":"JDI-Light Performance"},{"name":"suite","value":"Tests"},{"name":"subSuite","value":"org.mytests.tests.example.DataTableTests"},{"name":"host","value":"fv-az488-782"},{"name":"thread","value":"3666@fv-az488-782.TestNG-test=Tests-2(37)"},{"name":"framework","value":"testng"},{"name":"language","value":"java"},{"name":"resultFormat","value":"allure2"}],"parameters":[],"links":[],"hidden":false,"retry":false,"extra":{"severity":"normal","retries":[],"categories":[],"history":{"statistic":{"failed":0,"broken":0,"skipped":47,"passed":1,"unknown":0,"total":48},"items":[{"uid":"b2229013cae94361","reportUrl":"https://jdi-templates.github.io/jdi-light-browserstack/9//#testresult/b2229013cae94361","status":"skipped","statusDetails":"\nCan't get WebDriver: chrome","time":{"start":1668593016910,"stop":1668593016910,"duration":0}},{"uid":"2e7c5232f37b22eb","reportUrl":"https://jdi-templates.github.io/jdi-light-browserstack/9//#testresult/2e7c5232f37b22eb","status":"skipped","statusDetails":"\nCan't get WebDriver: chrome","time":{"start":1668592897761,"stop":1668592897761,"duration":0}},{"uid":"cc4ff5c2499b1a02","reportUrl":"https://jdi-templates.github.io/jdi-light-browserstack/9//#testresult/cc4ff5c2499b1a02","status":"skipped","statusDetails":"\nCan't get WebDriver: chrome","time":{"start":1668592776653,"stop":1668592776653,"duration":0}},{"uid":"481800a763b2d8cd","reportUrl":"https://jdi-templates.github.io/jdi-light-browserstack/9//#testresult/481800a763b2d8cd","status":"skipped","statusDetails":"\nCan't get WebDriver: chrome","time":{"start":1668592658953,"stop":1668592658953,"duration":0}},{"uid":"2182764c0165ceef","reportUrl":"https://jdi-templates.github.io/jdi-light-browserstack/9//#testresult/2182764c0165ceef","status":"skipped","statusDetails":"\nCan't get WebDriver: chrome","time":{"start":1668592551483,"stop":1668592551483,"duration":0}},{"uid":"2165328f6eaf96c3","reportUrl":"https://jdi-templates.github.io/jdi-light-browserstack/9//#testresult/2165328f6eaf96c3","status":"skipped","statusDetails":"\nCan't get WebDriver: chrome","time":{"start":1668592443310,"stop":1668592443310,"duration":0}},{"uid":"92542e5205ebba4f","reportUrl":"https://jdi-templates.github.io/jdi-light-browserstack/8//#testresult/92542e5205ebba4f","status":"skipped","statusDetails":"\nCan't get WebDriver: chrome","time":{"start":1668592425528,"stop":1668592425528,"duration":0}},{"uid":"eafa5e743bcea045","reportUrl":"https://jdi-templates.github.io/jdi-light-browserstack/9//#testresult/eafa5e743bcea045","status":"skipped","statusDetails":"\nCan't get WebDriver: chrome","time":{"start":1668592330651,"stop":1668592330651,"duration":0}},{"uid":"5ad64ebfd8db620a","reportUrl":"https://jdi-templates.github.io/jdi-light-browserstack/8//#testresult/5ad64ebfd8db620a","status":"skipped","statusDetails":"\nCan't get WebDriver: chrome","time":{"start":1668592306829,"stop":1668592306829,"duration":0}},{"uid":"8dc9549b7653a42d","reportUrl":"https://jdi-templates.github.io/jdi-light-browserstack/8//#testresult/8dc9549b7653a42d","status":"skipped","statusDetails":"\nCan't get WebDriver: chrome","time":{"start":1668592191413,"stop":1668592191413,"duration":0}},{"uid":"e8c755923754a4f","reportUrl":"https://jdi-templates.github.io/jdi-light-browserstack/8//#testresult/e8c755923754a4f","status":"skipped","statusDetails":"\nCan't get WebDriver: chrome","time":{"start":1668592075901,"stop":1668592075901,"duration":0}},{"uid":"cc96b9b95645fec6","reportUrl":"https://jdi-templates.github.io/jdi-light-browserstack/8//#testresult/cc96b9b95645fec6","status":"skipped","statusDetails":"\nCan't get WebDriver: chrome","time":{"start":1668591965591,"stop":1668591965593,"duration":2}},{"uid":"519a50e6e40bfd6f","reportUrl":"https://jdi-templates.github.io/jdi-light-browserstack/8//#testresult/519a50e6e40bfd6f","status":"skipped","statusDetails":"\nCan't get WebDriver: chrome","time":{"start":1668591851874,"stop":1668591851874,"duration":0}},{"uid":"c3acb2e78b17aa18","reportUrl":"https://jdi-templates.github.io/jdi-light-browserstack/8//#testresult/c3acb2e78b17aa18","status":"skipped","statusDetails":"\nCan't get WebDriver: chrome","time":{"start":1668591736940,"stop":1668591736942,"duration":2}},{"uid":"54767e3f207dee69","reportUrl":"https://jdi-templates.github.io/jdi-light-browserstack/8//#testresult/54767e3f207dee69","status":"skipped","statusDetails":"\nCan't get WebDriver: chrome","time":{"start":1668591640024,"stop":1668591640024,"duration":0}},{"uid":"8cb1fc7275bd1b3b","reportUrl":"https://jdi-templates.github.io/jdi-light-browserstack/7//#testresult/8cb1fc7275bd1b3b","status":"skipped","statusDetails":"\nCan't get WebDriver: firefox","time":{"start":1668417319474,"stop":1668417319474,"duration":0}},{"uid":"3a962bc1e6d9d30a","reportUrl":"https://jdi-templates.github.io/jdi-light-browserstack/7//#testresult/3a962bc1e6d9d30a","status":"skipped","statusDetails":"\nCan't get WebDriver: firefox","time":{"start":1668417216420,"stop":1668417216420,"duration":0}},{"uid":"a349bb91f4b17dfe","reportUrl":"https://jdi-templates.github.io/jdi-light-browserstack/7//#testresult/a349bb91f4b17dfe","status":"skipped","statusDetails":"\nCan't get WebDriver: firefox","time":{"start":1668417116905,"stop":1668417116905,"duration":0}},{"uid":"7f3e275006f46291","reportUrl":"https://jdi-templates.github.io/jdi-light-browserstack/7//#testresult/7f3e275006f46291","status":"skipped","statusDetails":"\nCan't get WebDriver: firefox","time":{"start":1668417005609,"stop":1668417005612,"duration":3}},{"uid":"83a8a12e2ee1c98c","reportUrl":"https://jdi-templates.github.io/jdi-light-browserstack/7//#testresult/83a8a12e2ee1c98c","status":"skipped","statusDetails":"\nCan't get WebDriver: firefox","time":{"start":1668416878501,"stop":1668416878501,"duration":0}}]},"tags":[]},"source":"75e84004785b25.json","parameterValues":[]}