{"uid":"796845f18a76f4d","name":"rowDataExactMatcherTest","fullName":"org.mytests.tests.example.DataTableTests.rowDataExactMatcherTest","historyId":"7324e1d62c9999b6b64cd8c4aae0d421","time":{"start":1668592551473,"stop":1668592551473,"duration":0},"status":"skipped","statusMessage":"\nCan't get WebDriver: chrome","statusTrace":"java.lang.RuntimeException: \nCan't get WebDriver: chrome\n\tat com.epam.jdi.light.common.Exceptions.exception(Exceptions.java:35)\n\tat com.epam.jdi.light.driver.WebDriverFactory.getDriver(WebDriverFactory.java:216)\n\tat com.epam.jdi.light.elements.common.WindowsManager.setWindowName(WindowsManager.java:87)\n\tat com.epam.jdi.light.elements.common.WindowsManager.openSiteTab(WindowsManager.java:51)\n\tat com.epam.jdi.light.elements.composite.WebPage.openSite(WebPage.java:153)\n\tat org.mytests.tests.TestsInit.setUp(TestsInit.java:18)\n\tat java.base/jdk.internal.reflect.NativeMethodAccessorImpl.invoke0(Native Method)\n\tat java.base/jdk.internal.reflect.NativeMethodAccessorImpl.invoke(NativeMethodAccessorImpl.java:62)\n\tat java.base/jdk.internal.reflect.DelegatingMethodAccessorImpl.invoke(DelegatingMethodAccessorImpl.java:43)\n\tat java.base/java.lang.reflect.Method.invoke(Method.java:564)\n\tat org.testng.internal.MethodInvocationHelper.invokeMethod(MethodInvocationHelper.java:124)\n\tat org.testng.internal.MethodInvocationHelper.invokeMethodConsideringTimeout(MethodInvocationHelper.java:59)\n\tat org.testng.internal.Invoker.invokeConfigurationMethod(Invoker.java:458)\n\tat org.testng.internal.Invoker.invokeConfigurations(Invoker.java:222)\n\tat org.testng.internal.Invoker.invokeConfigurations(Invoker.java:142)\n\tat org.testng.SuiteRunner.privateRun(SuiteRunner.java:401)\n\tat org.testng.SuiteRunner.run(SuiteRunner.java:364)\n\tat org.testng.SuiteRunnerWorker.runSuite(SuiteRunnerWorker.java:52)\n\tat org.testng.SuiteRunnerWorker.run(SuiteRunnerWorker.java:84)\n\tat org.testng.TestNG.runSuitesSequentially(TestNG.java:1208)\n\tat org.testng.TestNG.runSuitesLocally(TestNG.java:1137)\n\tat org.testng.TestNG.runSuites(TestNG.java:1049)\n\tat org.testng.TestNG.run(TestNG.java:1017)\n\tat org.apache.maven.surefire.testng.TestNGExecutor.run(TestNGExecutor.java:324)\n\tat org.apache.maven.surefire.testng.TestNGXmlTestSuite.execute(TestNGXmlTestSuite.java:74)\n\tat org.apache.maven.surefire.testng.TestNGProvider.invoke(TestNGProvider.java:123)\n\tat org.apache.maven.surefire.booter.ForkedBooter.runSuitesInProcess(ForkedBooter.java:456)\n\tat org.apache.maven.surefire.booter.ForkedBooter.execute(ForkedBooter.java:169)\n\tat org.apache.maven.surefire.booter.ForkedBooter.run(ForkedBooter.java:595)\n\tat org.apache.maven.surefire.booter.ForkedBooter.main(ForkedBooter.java:581)\nCaused by: java.lang.RuntimeException: \nCan't get WebDriver: chrome\n\tat com.epam.jdi.light.common.Exceptions.exception(Exceptions.java:35)\n\tat com.epam.jdi.light.driver.WebDriverFactory.getDriver(WebDriverFactory.java:224)\n\tat com.epam.jdi.light.driver.WebDriverFactory.getDriver(WebDriverFactory.java:214)\n\t... 28 more\nCaused by: java.lang.RuntimeException: java.lang.RuntimeException: \nFailed to run downloaded driver CHROME:X64:105.0.5195.52. Please check that your browser and driver are compatible or use local driver with 'drivers.folder' property in test.properties'.\nDriverPath: /home/runner/.cache/selenium/chromedriver/linux64/107.0.5304.62/chromedriver\n\tat com.jdiai.tools.func.JFunc1.execute(JFunc1.java:21)\n\tat com.epam.jdi.light.driver.WebDriverFactory.getDriver(WebDriverFactory.java:222)\n\t... 29 more\nCaused by: java.lang.RuntimeException: \nFailed to run downloaded driver CHROME:X64:105.0.5195.52. Please check that your browser and driver are compatible or use local driver with 'drivers.folder' property in test.properties'.\nDriverPath: /home/runner/.cache/selenium/chromedriver/linux64/107.0.5304.62/chromedriver\n\tat com.epam.jdi.light.common.Exceptions.exception(Exceptions.java:35)\n\tat com.epam.jdi.light.driver.WebDriverFactory.getDriverException(WebDriverFactory.java:143)\n\tat com.epam.jdi.light.driver.WebDriverFactory.getDriverByName(WebDriverFactory.java:127)\n\tat com.jdiai.tools.func.JFunc1.execute(JFunc1.java:19)\n\t... 30 more\nCaused by: java.lang.RuntimeException: \nCan't run and register new driver 'chrome'\n\tat com.epam.jdi.light.common.Exceptions.exception(Exceptions.java:35)\n\tat com.epam.jdi.light.driver.WebDriverFactory.registerNewDriver(WebDriverFactory.java:90)\n\tat com.epam.jdi.light.driver.WebDriverFactory.getDriverFromName(WebDriverFactory.java:158)\n\tat com.epam.jdi.light.driver.WebDriverFactory.getDriverByName(WebDriverFactory.java:125)\n\t... 31 more\nCaused by: java.lang.RuntimeException: \nFailed to get valid driver 'chrome'\n\tat com.epam.jdi.light.common.Exceptions.runtimeException(Exceptions.java:17)\n\tat com.epam.jdi.light.driver.WebDriverFactory.getValidDriver(WebDriverFactory.java:113)\n\tat com.epam.jdi.light.driver.WebDriverFactory.registerNewDriver(WebDriverFactory.java:85)\n\t... 33 more\n","flaky":false,"newFailed":false,"newBroken":false,"newPassed":false,"retriesCount":0,"retriesStatusChange":false,"beforeStages":[{"name":"setUp","time":{"start":1668592544549,"stop":1668592551197,"duration":6648},"description":"","status":"broken","statusMessage":"\nCan't get WebDriver: chrome","statusTrace":"java.lang.RuntimeException: \nCan't get WebDriver: chrome\n\tat com.epam.jdi.light.common.Exceptions.exception(Exceptions.java:35)\n\tat com.epam.jdi.light.driver.WebDriverFactory.getDriver(WebDriverFactory.java:216)\n\tat com.epam.jdi.light.elements.common.WindowsManager.setWindowName(WindowsManager.java:87)\n\tat com.epam.jdi.light.elements.common.WindowsManager.openSiteTab(WindowsManager.java:51)\n\tat com.epam.jdi.light.elements.composite.WebPage.openSite(WebPage.java:153)\n\tat org.mytests.tests.TestsInit.setUp(TestsInit.java:18)\n\tat java.base/jdk.internal.reflect.NativeMethodAccessorImpl.invoke0(Native Method)\n\tat java.base/jdk.internal.reflect.NativeMethodAccessorImpl.invoke(NativeMethodAccessorImpl.java:62)\n\tat java.base/jdk.internal.reflect.DelegatingMethodAccessorImpl.invoke(DelegatingMethodAccessorImpl.java:43)\n\tat java.base/java.lang.reflect.Method.invoke(Method.java:564)\n\tat org.testng.internal.MethodInvocationHelper.invokeMethod(MethodInvocationHelper.java:124)\n\tat org.testng.internal.MethodInvocationHelper.invokeMethodConsideringTimeout(MethodInvocationHelper.java:59)\n\tat org.testng.internal.Invoker.invokeConfigurationMethod(Invoker.java:458)\n\tat org.testng.internal.Invoker.invokeConfigurations(Invoker.java:222)\n\tat org.testng.internal.Invoker.invokeConfigurations(Invoker.java:142)\n\tat org.testng.SuiteRunner.privateRun(SuiteRunner.java:401)\n\tat org.testng.SuiteRunner.run(SuiteRunner.java:364)\n\tat org.testng.SuiteRunnerWorker.runSuite(SuiteRunnerWorker.java:52)\n\tat org.testng.SuiteRunnerWorker.run(SuiteRunnerWorker.java:84)\n\tat org.testng.TestNG.runSuitesSequentially(TestNG.java:1208)\n\tat org.testng.TestNG.runSuitesLocally(TestNG.java:1137)\n\tat org.testng.TestNG.runSuites(TestNG.java:1049)\n\tat org.testng.TestNG.run(TestNG.java:1017)\n\tat org.apache.maven.surefire.testng.TestNGExecutor.run(TestNGExecutor.java:324)\n\tat org.apache.maven.surefire.testng.TestNGXmlTestSuite.execute(TestNGXmlTestSuite.java:74)\n\tat org.apache.maven.surefire.testng.TestNGProvider.invoke(TestNGProvider.java:123)\n\tat org.apache.maven.surefire.booter.ForkedBooter.runSuitesInProcess(ForkedBooter.java:456)\n\tat org.apache.maven.surefire.booter.ForkedBooter.execute(ForkedBooter.java:169)\n\tat org.apache.maven.surefire.booter.ForkedBooter.run(ForkedBooter.java:595)\n\tat org.apache.maven.surefire.booter.ForkedBooter.main(ForkedBooter.java:581)\nCaused by: java.lang.RuntimeException: \nCan't get WebDriver: chrome\n\tat com.epam.jdi.light.common.Exceptions.exception(Exceptions.java:35)\n\tat com.epam.jdi.light.driver.WebDriverFactory.getDriver(WebDriverFactory.java:224)\n\tat com.epam.jdi.light.driver.WebDriverFactory.getDriver(WebDriverFactory.java:214)\n\t... 28 more\nCaused by: java.lang.RuntimeException: java.lang.RuntimeException: \nFailed to run downloaded driver CHROME:X64:105.0.5195.52. Please check that your browser and driver are compatible or use local driver with 'drivers.folder' property in test.properties'.\nDriverPath: /home/runner/.cache/selenium/chromedriver/linux64/107.0.5304.62/chromedriver\n\tat com.jdiai.tools.func.JFunc1.execute(JFunc1.java:21)\n\tat com.epam.jdi.light.driver.WebDriverFactory.getDriver(WebDriverFactory.java:222)\n\t... 29 more\nCaused by: java.lang.RuntimeException: \nFailed to run downloaded driver CHROME:X64:105.0.5195.52. Please check that your browser and driver are compatible or use local driver with 'drivers.folder' property in test.properties'.\nDriverPath: /home/runner/.cache/selenium/chromedriver/linux64/107.0.5304.62/chromedriver\n\tat com.epam.jdi.light.common.Exceptions.exception(Exceptions.java:35)\n\tat com.epam.jdi.light.driver.WebDriverFactory.getDriverException(WebDriverFactory.java:143)\n\tat com.epam.jdi.light.driver.WebDriverFactory.getDriverByName(WebDriverFactory.java:127)\n\tat com.jdiai.tools.func.JFunc1.execute(JFunc1.java:19)\n\t... 30 more\nCaused by: java.lang.RuntimeException: \nCan't run and register new driver 'chrome'\n\tat com.epam.jdi.light.common.Exceptions.exception(Exceptions.java:35)\n\tat com.epam.jdi.light.driver.WebDriverFactory.registerNewDriver(WebDriverFactory.java:90)\n\tat com.epam.jdi.light.driver.WebDriverFactory.getDriverFromName(WebDriverFactory.java:158)\n\tat com.epam.jdi.light.driver.WebDriverFactory.getDriverByName(WebDriverFactory.java:125)\n\t... 31 more\nCaused by: java.lang.RuntimeException: \nFailed to get valid driver 'chrome'\n\tat com.epam.jdi.light.common.Exceptions.runtimeException(Exceptions.java:17)\n\tat com.epam.jdi.light.driver.WebDriverFactory.getValidDriver(WebDriverFactory.java:113)\n\tat com.epam.jdi.light.driver.WebDriverFactory.registerNewDriver(WebDriverFactory.java:85)\n\t... 33 more\n","steps":[],"attachments":[],"parameters":[],"stepsCount":0,"attachmentsCount":0,"shouldDisplayMessage":true,"hasContent":true}],"afterStages":[{"name":"tearDown","time":{"start":1668592551495,"stop":1668592551495,"duration":0},"description":"","status":"passed","steps":[],"attachments":[],"parameters":[],"stepsCount":0,"attachmentsCount":0,"shouldDisplayMessage":false,"hasContent":false}],"labels":[{"name":"package","value":"org.mytests.tests.example.DataTableTests"},{"name":"testClass","value":"org.mytests.tests.example.DataTableTests"},{"name":"testMethod","value":"rowDataExactMatcherTest"},{"name":"parentSuite","value":"JDI-Light Performance"},{"name":"suite","value":"Tests"},{"name":"subSuite","value":"org.mytests.tests.example.DataTableTests"},{"name":"host","value":"fv-az212-851"},{"name":"thread","value":"3563@fv-az212-851.TestNG-test=Tests-2(36)"},{"name":"framework","value":"testng"},{"name":"language","value":"java"},{"name":"resultFormat","value":"allure2"}],"parameters":[],"links":[],"hidden":false,"retry":false,"extra":{"severity":"normal","retries":[],"categories":[],"history":{"statistic":{"failed":0,"broken":0,"skipped":42,"passed":1,"unknown":0,"total":43},"items":[{"uid":"4cbce1de667f7ac9","reportUrl":"https://jdi-templates.github.io/jdi-light-browserstack/9//#testresult/4cbce1de667f7ac9","status":"skipped","statusDetails":"\nCan't get WebDriver: chrome","time":{"start":1668592443282,"stop":1668592443282,"duration":0}},{"uid":"7b8ed50c6f87420c","reportUrl":"https://jdi-templates.github.io/jdi-light-browserstack/8//#testresult/7b8ed50c6f87420c","status":"skipped","statusDetails":"\nCan't get WebDriver: chrome","time":{"start":1668592425494,"stop":1668592425495,"duration":1}},{"uid":"d3085320d0882bb","reportUrl":"https://jdi-templates.github.io/jdi-light-browserstack/9//#testresult/d3085320d0882bb","status":"skipped","statusDetails":"\nCan't get WebDriver: chrome","time":{"start":1668592330623,"stop":1668592330623,"duration":0}},{"uid":"154bf31603bfb826","reportUrl":"https://jdi-templates.github.io/jdi-light-browserstack/8//#testresult/154bf31603bfb826","status":"skipped","statusDetails":"\nCan't get WebDriver: chrome","time":{"start":1668592306813,"stop":1668592306813,"duration":0}},{"uid":"3c7311a89fe19e49","reportUrl":"https://jdi-templates.github.io/jdi-light-browserstack/8//#testresult/3c7311a89fe19e49","status":"skipped","statusDetails":"\nCan't get WebDriver: chrome","time":{"start":1668592191382,"stop":1668592191382,"duration":0}},{"uid":"2a768ad578bb93c5","reportUrl":"https://jdi-templates.github.io/jdi-light-browserstack/8//#testresult/2a768ad578bb93c5","status":"skipped","statusDetails":"\nCan't get WebDriver: chrome","time":{"start":1668592075883,"stop":1668592075883,"duration":0}},{"uid":"cfc2786baa02548d","reportUrl":"https://jdi-templates.github.io/jdi-light-browserstack/8//#testresult/cfc2786baa02548d","status":"skipped","statusDetails":"\nCan't get WebDriver: chrome","time":{"start":1668591965560,"stop":1668591965560,"duration":0}},{"uid":"6781eb2baeb32625","reportUrl":"https://jdi-templates.github.io/jdi-light-browserstack/8//#testresult/6781eb2baeb32625","status":"skipped","statusDetails":"\nCan't get WebDriver: chrome","time":{"start":1668591851856,"stop":1668591851856,"duration":0}},{"uid":"6657d971cc13d8","reportUrl":"https://jdi-templates.github.io/jdi-light-browserstack/8//#testresult/6657d971cc13d8","status":"skipped","statusDetails":"\nCan't get WebDriver: chrome","time":{"start":1668591736920,"stop":1668591736920,"duration":0}},{"uid":"3e3ff7dd88e8db5b","reportUrl":"https://jdi-templates.github.io/jdi-light-browserstack/8//#testresult/3e3ff7dd88e8db5b","status":"skipped","statusDetails":"\nCan't get WebDriver: chrome","time":{"start":1668591640005,"stop":1668591640005,"duration":0}},{"uid":"596e25800dc1e8ec","reportUrl":"https://jdi-templates.github.io/jdi-light-browserstack/7//#testresult/596e25800dc1e8ec","status":"skipped","statusDetails":"\nCan't get WebDriver: firefox","time":{"start":1668417319458,"stop":1668417319458,"duration":0}},{"uid":"9b609519519aafb5","reportUrl":"https://jdi-templates.github.io/jdi-light-browserstack/7//#testresult/9b609519519aafb5","status":"skipped","statusDetails":"\nCan't get WebDriver: firefox","time":{"start":1668417216391,"stop":1668417216391,"duration":0}},{"uid":"8d4128a160d4f770","reportUrl":"https://jdi-templates.github.io/jdi-light-browserstack/7//#testresult/8d4128a160d4f770","status":"skipped","statusDetails":"\nCan't get WebDriver: firefox","time":{"start":1668417116895,"stop":1668417116895,"duration":0}},{"uid":"9fec4c3325b55816","reportUrl":"https://jdi-templates.github.io/jdi-light-browserstack/7//#testresult/9fec4c3325b55816","status":"skipped","statusDetails":"\nCan't get WebDriver: firefox","time":{"start":1668417005583,"stop":1668417005583,"duration":0}},{"uid":"5bee1dbd5a01ba4","reportUrl":"https://jdi-templates.github.io/jdi-light-browserstack/7//#testresult/5bee1dbd5a01ba4","status":"skipped","statusDetails":"\nCan't get WebDriver: firefox","time":{"start":1668416878480,"stop":1668416878480,"duration":0}},{"uid":"700dd3ed9e97f3d9","reportUrl":"https://jdi-templates.github.io/jdi-light-browserstack/7//#testresult/700dd3ed9e97f3d9","status":"skipped","statusDetails":"\nCan't get WebDriver: firefox","time":{"start":1668416760727,"stop":1668416760727,"duration":0}},{"uid":"e6be28d9dc95ad3d","reportUrl":"https://jdi-templates.github.io/jdi-light-browserstack/7//#testresult/e6be28d9dc95ad3d","status":"skipped","statusDetails":"\nCan't get WebDriver: firefox","time":{"start":1668416656752,"stop":1668416656752,"duration":0}},{"uid":"e66ac70c603ee873","reportUrl":"https://jdi-templates.github.io/jdi-light-browserstack/6//#testresult/e66ac70c603ee873","status":"skipped","statusDetails":"\nCan't get WebDriver: firefox","time":{"start":1667992195678,"stop":1667992195678,"duration":0}},{"uid":"ebc7bdaf329b8dd","reportUrl":"https://jdi-templates.github.io/jdi-light-browserstack/6//#testresult/ebc7bdaf329b8dd","status":"skipped","statusDetails":"\nCan't get WebDriver: firefox","time":{"start":1667992079387,"stop":1667992079388,"duration":1}},{"uid":"b4cf9c723fd657e","reportUrl":"https://jdi-templates.github.io/jdi-light-browserstack/6//#testresult/b4cf9c723fd657e","status":"skipped","statusDetails":"\nCan't get WebDriver: firefox","time":{"start":1667991973689,"stop":1667991973691,"duration":2}}]},"tags":[]},"source":"796845f18a76f4d.json","parameterValues":[]}