{"uid":"8a97df10d6301a15","name":"atLeastTest","fullName":"org.mytests.tests.example.DataTableTests.atLeastTest","historyId":"95735215fbd2c04557ce6bb7b005aeae","time":{"start":1668593016855,"stop":1668593016855,"duration":0},"status":"skipped","statusMessage":"\nCan't get WebDriver: chrome","statusTrace":"java.lang.RuntimeException: \nCan't get WebDriver: chrome\n\tat com.epam.jdi.light.common.Exceptions.exception(Exceptions.java:35)\n\tat com.epam.jdi.light.driver.WebDriverFactory.getDriver(WebDriverFactory.java:216)\n\tat com.epam.jdi.light.elements.common.WindowsManager.setWindowName(WindowsManager.java:87)\n\tat com.epam.jdi.light.elements.common.WindowsManager.openSiteTab(WindowsManager.java:51)\n\tat com.epam.jdi.light.elements.composite.WebPage.openSite(WebPage.java:153)\n\tat org.mytests.tests.TestsInit.setUp(TestsInit.java:18)\n\tat java.base/jdk.internal.reflect.NativeMethodAccessorImpl.invoke0(Native Method)\n\tat java.base/jdk.internal.reflect.NativeMethodAccessorImpl.invoke(NativeMethodAccessorImpl.java:62)\n\tat java.base/jdk.internal.reflect.DelegatingMethodAccessorImpl.invoke(DelegatingMethodAccessorImpl.java:43)\n\tat java.base/java.lang.reflect.Method.invoke(Method.java:564)\n\tat org.testng.internal.MethodInvocationHelper.invokeMethod(MethodInvocationHelper.java:124)\n\tat org.testng.internal.MethodInvocationHelper.invokeMethodConsideringTimeout(MethodInvocationHelper.java:59)\n\tat org.testng.internal.Invoker.invokeConfigurationMethod(Invoker.java:458)\n\tat org.testng.internal.Invoker.invokeConfigurations(Invoker.java:222)\n\tat org.testng.internal.Invoker.invokeConfigurations(Invoker.java:142)\n\tat org.testng.SuiteRunner.privateRun(SuiteRunner.java:401)\n\tat org.testng.SuiteRunner.run(SuiteRunner.java:364)\n\tat org.testng.SuiteRunnerWorker.runSuite(SuiteRunnerWorker.java:52)\n\tat org.testng.SuiteRunnerWorker.run(SuiteRunnerWorker.java:84)\n\tat org.testng.TestNG.runSuitesSequentially(TestNG.java:1208)\n\tat org.testng.TestNG.runSuitesLocally(TestNG.java:1137)\n\tat org.testng.TestNG.runSuites(TestNG.java:1049)\n\tat org.testng.TestNG.run(TestNG.java:1017)\n\tat org.apache.maven.surefire.testng.TestNGExecutor.run(TestNGExecutor.java:324)\n\tat org.apache.maven.surefire.testng.TestNGXmlTestSuite.execute(TestNGXmlTestSuite.java:74)\n\tat org.apache.maven.surefire.testng.TestNGProvider.invoke(TestNGProvider.java:123)\n\tat org.apache.maven.surefire.booter.ForkedBooter.runSuitesInProcess(ForkedBooter.java:456)\n\tat org.apache.maven.surefire.booter.ForkedBooter.execute(ForkedBooter.java:169)\n\tat org.apache.maven.surefire.booter.ForkedBooter.run(ForkedBooter.java:595)\n\tat org.apache.maven.surefire.booter.ForkedBooter.main(ForkedBooter.java:581)\nCaused by: java.lang.RuntimeException: \nCan't get WebDriver: chrome\n\tat com.epam.jdi.light.common.Exceptions.exception(Exceptions.java:35)\n\tat com.epam.jdi.light.driver.WebDriverFactory.getDriver(WebDriverFactory.java:224)\n\tat com.epam.jdi.light.driver.WebDriverFactory.getDriver(WebDriverFactory.java:214)\n\t... 28 more\nCaused by: java.lang.RuntimeException: java.lang.RuntimeException: \nFailed to run downloaded driver CHROME:X64:105.0.5195.52. Please check that your browser and driver are compatible or use local driver with 'drivers.folder' property in test.properties'.\nDriverPath: /home/runner/.cache/selenium/chromedriver/linux64/107.0.5304.62/chromedriver\n\tat com.jdiai.tools.func.JFunc1.execute(JFunc1.java:21)\n\tat com.epam.jdi.light.driver.WebDriverFactory.getDriver(WebDriverFactory.java:222)\n\t... 29 more\nCaused by: java.lang.RuntimeException: \nFailed to run downloaded driver CHROME:X64:105.0.5195.52. Please check that your browser and driver are compatible or use local driver with 'drivers.folder' property in test.properties'.\nDriverPath: /home/runner/.cache/selenium/chromedriver/linux64/107.0.5304.62/chromedriver\n\tat com.epam.jdi.light.common.Exceptions.exception(Exceptions.java:35)\n\tat com.epam.jdi.light.driver.WebDriverFactory.getDriverException(WebDriverFactory.java:143)\n\tat com.epam.jdi.light.driver.WebDriverFactory.getDriverByName(WebDriverFactory.java:127)\n\tat com.jdiai.tools.func.JFunc1.execute(JFunc1.java:19)\n\t... 30 more\nCaused by: java.lang.RuntimeException: \nCan't run and register new driver 'chrome'\n\tat com.epam.jdi.light.common.Exceptions.exception(Exceptions.java:35)\n\tat com.epam.jdi.light.driver.WebDriverFactory.registerNewDriver(WebDriverFactory.java:90)\n\tat com.epam.jdi.light.driver.WebDriverFactory.getDriverFromName(WebDriverFactory.java:158)\n\tat com.epam.jdi.light.driver.WebDriverFactory.getDriverByName(WebDriverFactory.java:125)\n\t... 31 more\nCaused by: java.lang.RuntimeException: \nFailed to get valid driver 'chrome'\n\tat com.epam.jdi.light.common.Exceptions.runtimeException(Exceptions.java:17)\n\tat com.epam.jdi.light.driver.WebDriverFactory.getValidDriver(WebDriverFactory.java:113)\n\tat com.epam.jdi.light.driver.WebDriverFactory.registerNewDriver(WebDriverFactory.java:85)\n\t... 33 more\n","flaky":false,"newFailed":false,"newBroken":false,"newPassed":false,"retriesCount":0,"retriesStatusChange":false,"beforeStages":[{"name":"setUp","time":{"start":1668593009026,"stop":1668593016620,"duration":7594},"description":"","status":"broken","statusMessage":"\nCan't get WebDriver: chrome","statusTrace":"java.lang.RuntimeException: \nCan't get WebDriver: chrome\n\tat com.epam.jdi.light.common.Exceptions.exception(Exceptions.java:35)\n\tat com.epam.jdi.light.driver.WebDriverFactory.getDriver(WebDriverFactory.java:216)\n\tat com.epam.jdi.light.elements.common.WindowsManager.setWindowName(WindowsManager.java:87)\n\tat com.epam.jdi.light.elements.common.WindowsManager.openSiteTab(WindowsManager.java:51)\n\tat com.epam.jdi.light.elements.composite.WebPage.openSite(WebPage.java:153)\n\tat org.mytests.tests.TestsInit.setUp(TestsInit.java:18)\n\tat java.base/jdk.internal.reflect.NativeMethodAccessorImpl.invoke0(Native Method)\n\tat java.base/jdk.internal.reflect.NativeMethodAccessorImpl.invoke(NativeMethodAccessorImpl.java:62)\n\tat java.base/jdk.internal.reflect.DelegatingMethodAccessorImpl.invoke(DelegatingMethodAccessorImpl.java:43)\n\tat java.base/java.lang.reflect.Method.invoke(Method.java:564)\n\tat org.testng.internal.MethodInvocationHelper.invokeMethod(MethodInvocationHelper.java:124)\n\tat org.testng.internal.MethodInvocationHelper.invokeMethodConsideringTimeout(MethodInvocationHelper.java:59)\n\tat org.testng.internal.Invoker.invokeConfigurationMethod(Invoker.java:458)\n\tat org.testng.internal.Invoker.invokeConfigurations(Invoker.java:222)\n\tat org.testng.internal.Invoker.invokeConfigurations(Invoker.java:142)\n\tat org.testng.SuiteRunner.privateRun(SuiteRunner.java:401)\n\tat org.testng.SuiteRunner.run(SuiteRunner.java:364)\n\tat org.testng.SuiteRunnerWorker.runSuite(SuiteRunnerWorker.java:52)\n\tat org.testng.SuiteRunnerWorker.run(SuiteRunnerWorker.java:84)\n\tat org.testng.TestNG.runSuitesSequentially(TestNG.java:1208)\n\tat org.testng.TestNG.runSuitesLocally(TestNG.java:1137)\n\tat org.testng.TestNG.runSuites(TestNG.java:1049)\n\tat org.testng.TestNG.run(TestNG.java:1017)\n\tat org.apache.maven.surefire.testng.TestNGExecutor.run(TestNGExecutor.java:324)\n\tat org.apache.maven.surefire.testng.TestNGXmlTestSuite.execute(TestNGXmlTestSuite.java:74)\n\tat org.apache.maven.surefire.testng.TestNGProvider.invoke(TestNGProvider.java:123)\n\tat org.apache.maven.surefire.booter.ForkedBooter.runSuitesInProcess(ForkedBooter.java:456)\n\tat org.apache.maven.surefire.booter.ForkedBooter.execute(ForkedBooter.java:169)\n\tat org.apache.maven.surefire.booter.ForkedBooter.run(ForkedBooter.java:595)\n\tat org.apache.maven.surefire.booter.ForkedBooter.main(ForkedBooter.java:581)\nCaused by: java.lang.RuntimeException: \nCan't get WebDriver: chrome\n\tat com.epam.jdi.light.common.Exceptions.exception(Exceptions.java:35)\n\tat com.epam.jdi.light.driver.WebDriverFactory.getDriver(WebDriverFactory.java:224)\n\tat com.epam.jdi.light.driver.WebDriverFactory.getDriver(WebDriverFactory.java:214)\n\t... 28 more\nCaused by: java.lang.RuntimeException: java.lang.RuntimeException: \nFailed to run downloaded driver CHROME:X64:105.0.5195.52. Please check that your browser and driver are compatible or use local driver with 'drivers.folder' property in test.properties'.\nDriverPath: /home/runner/.cache/selenium/chromedriver/linux64/107.0.5304.62/chromedriver\n\tat com.jdiai.tools.func.JFunc1.execute(JFunc1.java:21)\n\tat com.epam.jdi.light.driver.WebDriverFactory.getDriver(WebDriverFactory.java:222)\n\t... 29 more\nCaused by: java.lang.RuntimeException: \nFailed to run downloaded driver CHROME:X64:105.0.5195.52. Please check that your browser and driver are compatible or use local driver with 'drivers.folder' property in test.properties'.\nDriverPath: /home/runner/.cache/selenium/chromedriver/linux64/107.0.5304.62/chromedriver\n\tat com.epam.jdi.light.common.Exceptions.exception(Exceptions.java:35)\n\tat com.epam.jdi.light.driver.WebDriverFactory.getDriverException(WebDriverFactory.java:143)\n\tat com.epam.jdi.light.driver.WebDriverFactory.getDriverByName(WebDriverFactory.java:127)\n\tat com.jdiai.tools.func.JFunc1.execute(JFunc1.java:19)\n\t... 30 more\nCaused by: java.lang.RuntimeException: \nCan't run and register new driver 'chrome'\n\tat com.epam.jdi.light.common.Exceptions.exception(Exceptions.java:35)\n\tat com.epam.jdi.light.driver.WebDriverFactory.registerNewDriver(WebDriverFactory.java:90)\n\tat com.epam.jdi.light.driver.WebDriverFactory.getDriverFromName(WebDriverFactory.java:158)\n\tat com.epam.jdi.light.driver.WebDriverFactory.getDriverByName(WebDriverFactory.java:125)\n\t... 31 more\nCaused by: java.lang.RuntimeException: \nFailed to get valid driver 'chrome'\n\tat com.epam.jdi.light.common.Exceptions.runtimeException(Exceptions.java:17)\n\tat com.epam.jdi.light.driver.WebDriverFactory.getValidDriver(WebDriverFactory.java:113)\n\tat com.epam.jdi.light.driver.WebDriverFactory.registerNewDriver(WebDriverFactory.java:85)\n\t... 33 more\n","steps":[],"attachments":[],"parameters":[],"stepsCount":0,"attachmentsCount":0,"shouldDisplayMessage":true,"hasContent":true}],"afterStages":[{"name":"tearDown","time":{"start":1668593016932,"stop":1668593016932,"duration":0},"description":"","status":"passed","steps":[],"attachments":[],"parameters":[],"stepsCount":0,"attachmentsCount":0,"shouldDisplayMessage":false,"hasContent":false}],"labels":[{"name":"package","value":"org.mytests.tests.example.DataTableTests"},{"name":"testClass","value":"org.mytests.tests.example.DataTableTests"},{"name":"testMethod","value":"atLeastTest"},{"name":"parentSuite","value":"JDI-Light Performance"},{"name":"suite","value":"Tests"},{"name":"subSuite","value":"org.mytests.tests.example.DataTableTests"},{"name":"host","value":"fv-az207-839"},{"name":"thread","value":"3487@fv-az207-839.TestNG-test=Tests-2(37)"},{"name":"framework","value":"testng"},{"name":"language","value":"java"},{"name":"resultFormat","value":"allure2"}],"parameters":[],"links":[],"hidden":false,"retry":false,"extra":{"severity":"normal","retries":[],"categories":[],"history":{"statistic":{"failed":0,"broken":0,"skipped":46,"passed":1,"unknown":0,"total":47},"items":[{"uid":"d7f84df40a75f48d","reportUrl":"https://jdi-templates.github.io/jdi-light-browserstack/9//#testresult/d7f84df40a75f48d","status":"skipped","statusDetails":"\nCan't get WebDriver: chrome","time":{"start":1668592897687,"stop":1668592897687,"duration":0}},{"uid":"cbda21de2894e9d4","reportUrl":"https://jdi-templates.github.io/jdi-light-browserstack/9//#testresult/cbda21de2894e9d4","status":"skipped","statusDetails":"\nCan't get WebDriver: chrome","time":{"start":1668592776525,"stop":1668592776526,"duration":1}},{"uid":"b6f05621a31ad48","reportUrl":"https://jdi-templates.github.io/jdi-light-browserstack/9//#testresult/b6f05621a31ad48","status":"skipped","statusDetails":"\nCan't get WebDriver: chrome","time":{"start":1668592658872,"stop":1668592658873,"duration":1}},{"uid":"b737be9e1fb5823b","reportUrl":"https://jdi-templates.github.io/jdi-light-browserstack/9//#testresult/b737be9e1fb5823b","status":"skipped","statusDetails":"\nCan't get WebDriver: chrome","time":{"start":1668592551393,"stop":1668592551393,"duration":0}},{"uid":"143db6e02dc5682f","reportUrl":"https://jdi-templates.github.io/jdi-light-browserstack/9//#testresult/143db6e02dc5682f","status":"skipped","statusDetails":"\nCan't get WebDriver: chrome","time":{"start":1668592443210,"stop":1668592443210,"duration":0}},{"uid":"e910ea119fcf95b9","reportUrl":"https://jdi-templates.github.io/jdi-light-browserstack/8//#testresult/e910ea119fcf95b9","status":"skipped","statusDetails":"\nCan't get WebDriver: chrome","time":{"start":1668592425403,"stop":1668592425403,"duration":0}},{"uid":"369c6f913d17e556","reportUrl":"https://jdi-templates.github.io/jdi-light-browserstack/9//#testresult/369c6f913d17e556","status":"skipped","statusDetails":"\nCan't get WebDriver: chrome","time":{"start":1668592330567,"stop":1668592330567,"duration":0}},{"uid":"acabfbf40c9fdf68","reportUrl":"https://jdi-templates.github.io/jdi-light-browserstack/8//#testresult/acabfbf40c9fdf68","status":"skipped","statusDetails":"\nCan't get WebDriver: chrome","time":{"start":1668592306725,"stop":1668592306725,"duration":0}},{"uid":"67da51a8ccc3c7b1","reportUrl":"https://jdi-templates.github.io/jdi-light-browserstack/8//#testresult/67da51a8ccc3c7b1","status":"skipped","statusDetails":"\nCan't get WebDriver: chrome","time":{"start":1668592191264,"stop":1668592191264,"duration":0}},{"uid":"256a4281cbddc3ce","reportUrl":"https://jdi-templates.github.io/jdi-light-browserstack/8//#testresult/256a4281cbddc3ce","status":"skipped","statusDetails":"\nCan't get WebDriver: chrome","time":{"start":1668592075802,"stop":1668592075802,"duration":0}},{"uid":"aaed839acc1c9314","reportUrl":"https://jdi-templates.github.io/jdi-light-browserstack/8//#testresult/aaed839acc1c9314","status":"skipped","statusDetails":"\nCan't get WebDriver: chrome","time":{"start":1668591965490,"stop":1668591965490,"duration":0}},{"uid":"bcde7c6bd12c7598","reportUrl":"https://jdi-templates.github.io/jdi-light-browserstack/8//#testresult/bcde7c6bd12c7598","status":"skipped","statusDetails":"\nCan't get WebDriver: chrome","time":{"start":1668591851779,"stop":1668591851779,"duration":0}},{"uid":"721a533294c52fa6","reportUrl":"https://jdi-templates.github.io/jdi-light-browserstack/8//#testresult/721a533294c52fa6","status":"skipped","statusDetails":"\nCan't get WebDriver: chrome","time":{"start":1668591736842,"stop":1668591736842,"duration":0}},{"uid":"f5094f732fbd2219","reportUrl":"https://jdi-templates.github.io/jdi-light-browserstack/8//#testresult/f5094f732fbd2219","status":"skipped","statusDetails":"\nCan't get WebDriver: chrome","time":{"start":1668591639937,"stop":1668591639937,"duration":0}},{"uid":"abaa8dd01dedb3ff","reportUrl":"https://jdi-templates.github.io/jdi-light-browserstack/7//#testresult/abaa8dd01dedb3ff","status":"skipped","statusDetails":"\nCan't get WebDriver: firefox","time":{"start":1668417319399,"stop":1668417319399,"duration":0}},{"uid":"bd133dc2c99a0571","reportUrl":"https://jdi-templates.github.io/jdi-light-browserstack/7//#testresult/bd133dc2c99a0571","status":"skipped","statusDetails":"\nCan't get WebDriver: firefox","time":{"start":1668417216353,"stop":1668417216353,"duration":0}},{"uid":"890ed80ac67da5bd","reportUrl":"https://jdi-templates.github.io/jdi-light-browserstack/7//#testresult/890ed80ac67da5bd","status":"skipped","statusDetails":"\nCan't get WebDriver: firefox","time":{"start":1668417116835,"stop":1668417116835,"duration":0}},{"uid":"e48d25eb0746c9dd","reportUrl":"https://jdi-templates.github.io/jdi-light-browserstack/7//#testresult/e48d25eb0746c9dd","status":"skipped","statusDetails":"\nCan't get WebDriver: firefox","time":{"start":1668417005497,"stop":1668417005497,"duration":0}},{"uid":"5978574df76e71db","reportUrl":"https://jdi-templates.github.io/jdi-light-browserstack/7//#testresult/5978574df76e71db","status":"skipped","statusDetails":"\nCan't get WebDriver: firefox","time":{"start":1668416878382,"stop":1668416878382,"duration":0}},{"uid":"5fe3511830c73124","reportUrl":"https://jdi-templates.github.io/jdi-light-browserstack/7//#testresult/5fe3511830c73124","status":"skipped","statusDetails":"\nCan't get WebDriver: firefox","time":{"start":1668416760648,"stop":1668416760648,"duration":0}}]},"tags":[]},"source":"8a97df10d6301a15.json","parameterValues":[]}