{"uid":"9945739e30924b6","name":"longTextTest","fullName":"org.mytests.tests.example.JDIPerformanceTests.longTextTest","historyId":"e4524b4af6345b1def1ead58cb2dc0a5","time":{"start":1668593122351,"stop":1668593122351,"duration":0},"status":"skipped","statusMessage":"\nCan't get WebDriver: chrome","statusTrace":"java.lang.RuntimeException: \nCan't get WebDriver: chrome\n\tat com.epam.jdi.light.common.Exceptions.exception(Exceptions.java:35)\n\tat com.epam.jdi.light.driver.WebDriverFactory.getDriver(WebDriverFactory.java:216)\n\tat com.epam.jdi.light.elements.common.WindowsManager.setWindowName(WindowsManager.java:87)\n\tat com.epam.jdi.light.elements.common.WindowsManager.openSiteTab(WindowsManager.java:51)\n\tat com.epam.jdi.light.elements.composite.WebPage.openSite(WebPage.java:153)\n\tat org.mytests.tests.TestsInit.setUp(TestsInit.java:18)\n\tat java.base/jdk.internal.reflect.NativeMethodAccessorImpl.invoke0(Native Method)\n\tat java.base/jdk.internal.reflect.NativeMethodAccessorImpl.invoke(NativeMethodAccessorImpl.java:64)\n\tat java.base/jdk.internal.reflect.DelegatingMethodAccessorImpl.invoke(DelegatingMethodAccessorImpl.java:43)\n\tat java.base/java.lang.reflect.Method.invoke(Method.java:564)\n\tat org.testng.internal.MethodInvocationHelper.invokeMethod(MethodInvocationHelper.java:124)\n\tat org.testng.internal.MethodInvocationHelper.invokeMethodConsideringTimeout(MethodInvocationHelper.java:59)\n\tat org.testng.internal.Invoker.invokeConfigurationMethod(Invoker.java:458)\n\tat org.testng.internal.Invoker.invokeConfigurations(Invoker.java:222)\n\tat org.testng.internal.Invoker.invokeConfigurations(Invoker.java:142)\n\tat org.testng.SuiteRunner.privateRun(SuiteRunner.java:401)\n\tat org.testng.SuiteRunner.run(SuiteRunner.java:364)\n\tat org.testng.SuiteRunnerWorker.runSuite(SuiteRunnerWorker.java:52)\n\tat org.testng.SuiteRunnerWorker.run(SuiteRunnerWorker.java:84)\n\tat org.testng.TestNG.runSuitesSequentially(TestNG.java:1208)\n\tat org.testng.TestNG.runSuitesLocally(TestNG.java:1137)\n\tat org.testng.TestNG.runSuites(TestNG.java:1049)\n\tat org.testng.TestNG.run(TestNG.java:1017)\n\tat org.apache.maven.surefire.testng.TestNGExecutor.run(TestNGExecutor.java:324)\n\tat org.apache.maven.surefire.testng.TestNGXmlTestSuite.execute(TestNGXmlTestSuite.java:74)\n\tat org.apache.maven.surefire.testng.TestNGProvider.invoke(TestNGProvider.java:123)\n\tat org.apache.maven.surefire.booter.ForkedBooter.runSuitesInProcess(ForkedBooter.java:456)\n\tat org.apache.maven.surefire.booter.ForkedBooter.execute(ForkedBooter.java:169)\n\tat org.apache.maven.surefire.booter.ForkedBooter.run(ForkedBooter.java:595)\n\tat org.apache.maven.surefire.booter.ForkedBooter.main(ForkedBooter.java:581)\nCaused by: java.lang.RuntimeException: \nCan't get WebDriver: chrome\n\tat com.epam.jdi.light.common.Exceptions.exception(Exceptions.java:35)\n\tat com.epam.jdi.light.driver.WebDriverFactory.getDriver(WebDriverFactory.java:224)\n\tat com.epam.jdi.light.driver.WebDriverFactory.getDriver(WebDriverFactory.java:214)\n\t... 28 more\nCaused by: java.lang.RuntimeException: java.lang.RuntimeException: \nFailed to run downloaded driver CHROME:X64:105.0.5195.52. Please check that your browser and driver are compatible or use local driver with 'drivers.folder' property in test.properties'.\nDriverPath: /home/runner/.cache/selenium/chromedriver/linux64/107.0.5304.62/chromedriver\n\tat com.jdiai.tools.func.JFunc1.execute(JFunc1.java:21)\n\tat com.epam.jdi.light.driver.WebDriverFactory.getDriver(WebDriverFactory.java:222)\n\t... 29 more\nCaused by: java.lang.RuntimeException: \nFailed to run downloaded driver CHROME:X64:105.0.5195.52. Please check that your browser and driver are compatible or use local driver with 'drivers.folder' property in test.properties'.\nDriverPath: /home/runner/.cache/selenium/chromedriver/linux64/107.0.5304.62/chromedriver\n\tat com.epam.jdi.light.common.Exceptions.exception(Exceptions.java:35)\n\tat com.epam.jdi.light.driver.WebDriverFactory.getDriverException(WebDriverFactory.java:143)\n\tat com.epam.jdi.light.driver.WebDriverFactory.getDriverByName(WebDriverFactory.java:127)\n\tat com.jdiai.tools.func.JFunc1.execute(JFunc1.java:19)\n\t... 30 more\nCaused by: java.lang.RuntimeException: \nCan't run and register new driver 'chrome'\n\tat com.epam.jdi.light.common.Exceptions.exception(Exceptions.java:35)\n\tat com.epam.jdi.light.driver.WebDriverFactory.registerNewDriver(WebDriverFactory.java:90)\n\tat com.epam.jdi.light.driver.WebDriverFactory.getDriverFromName(WebDriverFactory.java:158)\n\tat com.epam.jdi.light.driver.WebDriverFactory.getDriverByName(WebDriverFactory.java:125)\n\t... 31 more\nCaused by: java.lang.RuntimeException: \nFailed to get valid driver 'chrome'\n\tat com.epam.jdi.light.common.Exceptions.runtimeException(Exceptions.java:17)\n\tat com.epam.jdi.light.driver.WebDriverFactory.getValidDriver(WebDriverFactory.java:113)\n\tat com.epam.jdi.light.driver.WebDriverFactory.registerNewDriver(WebDriverFactory.java:85)\n\t... 33 more\n","flaky":false,"newFailed":false,"newBroken":false,"newPassed":false,"retriesCount":0,"retriesStatusChange":false,"beforeStages":[{"name":"setUp","time":{"start":1668593115289,"stop":1668593122175,"duration":6886},"description":"","status":"broken","statusMessage":"\nCan't get WebDriver: chrome","statusTrace":"java.lang.RuntimeException: \nCan't get WebDriver: chrome\n\tat com.epam.jdi.light.common.Exceptions.exception(Exceptions.java:35)\n\tat com.epam.jdi.light.driver.WebDriverFactory.getDriver(WebDriverFactory.java:216)\n\tat com.epam.jdi.light.elements.common.WindowsManager.setWindowName(WindowsManager.java:87)\n\tat com.epam.jdi.light.elements.common.WindowsManager.openSiteTab(WindowsManager.java:51)\n\tat com.epam.jdi.light.elements.composite.WebPage.openSite(WebPage.java:153)\n\tat org.mytests.tests.TestsInit.setUp(TestsInit.java:18)\n\tat java.base/jdk.internal.reflect.NativeMethodAccessorImpl.invoke0(Native Method)\n\tat java.base/jdk.internal.reflect.NativeMethodAccessorImpl.invoke(NativeMethodAccessorImpl.java:64)\n\tat java.base/jdk.internal.reflect.DelegatingMethodAccessorImpl.invoke(DelegatingMethodAccessorImpl.java:43)\n\tat java.base/java.lang.reflect.Method.invoke(Method.java:564)\n\tat org.testng.internal.MethodInvocationHelper.invokeMethod(MethodInvocationHelper.java:124)\n\tat org.testng.internal.MethodInvocationHelper.invokeMethodConsideringTimeout(MethodInvocationHelper.java:59)\n\tat org.testng.internal.Invoker.invokeConfigurationMethod(Invoker.java:458)\n\tat org.testng.internal.Invoker.invokeConfigurations(Invoker.java:222)\n\tat org.testng.internal.Invoker.invokeConfigurations(Invoker.java:142)\n\tat org.testng.SuiteRunner.privateRun(SuiteRunner.java:401)\n\tat org.testng.SuiteRunner.run(SuiteRunner.java:364)\n\tat org.testng.SuiteRunnerWorker.runSuite(SuiteRunnerWorker.java:52)\n\tat org.testng.SuiteRunnerWorker.run(SuiteRunnerWorker.java:84)\n\tat org.testng.TestNG.runSuitesSequentially(TestNG.java:1208)\n\tat org.testng.TestNG.runSuitesLocally(TestNG.java:1137)\n\tat org.testng.TestNG.runSuites(TestNG.java:1049)\n\tat org.testng.TestNG.run(TestNG.java:1017)\n\tat org.apache.maven.surefire.testng.TestNGExecutor.run(TestNGExecutor.java:324)\n\tat org.apache.maven.surefire.testng.TestNGXmlTestSuite.execute(TestNGXmlTestSuite.java:74)\n\tat org.apache.maven.surefire.testng.TestNGProvider.invoke(TestNGProvider.java:123)\n\tat org.apache.maven.surefire.booter.ForkedBooter.runSuitesInProcess(ForkedBooter.java:456)\n\tat org.apache.maven.surefire.booter.ForkedBooter.execute(ForkedBooter.java:169)\n\tat org.apache.maven.surefire.booter.ForkedBooter.run(ForkedBooter.java:595)\n\tat org.apache.maven.surefire.booter.ForkedBooter.main(ForkedBooter.java:581)\nCaused by: java.lang.RuntimeException: \nCan't get WebDriver: chrome\n\tat com.epam.jdi.light.common.Exceptions.exception(Exceptions.java:35)\n\tat com.epam.jdi.light.driver.WebDriverFactory.getDriver(WebDriverFactory.java:224)\n\tat com.epam.jdi.light.driver.WebDriverFactory.getDriver(WebDriverFactory.java:214)\n\t... 28 more\nCaused by: java.lang.RuntimeException: java.lang.RuntimeException: \nFailed to run downloaded driver CHROME:X64:105.0.5195.52. Please check that your browser and driver are compatible or use local driver with 'drivers.folder' property in test.properties'.\nDriverPath: /home/runner/.cache/selenium/chromedriver/linux64/107.0.5304.62/chromedriver\n\tat com.jdiai.tools.func.JFunc1.execute(JFunc1.java:21)\n\tat com.epam.jdi.light.driver.WebDriverFactory.getDriver(WebDriverFactory.java:222)\n\t... 29 more\nCaused by: java.lang.RuntimeException: \nFailed to run downloaded driver CHROME:X64:105.0.5195.52. Please check that your browser and driver are compatible or use local driver with 'drivers.folder' property in test.properties'.\nDriverPath: /home/runner/.cache/selenium/chromedriver/linux64/107.0.5304.62/chromedriver\n\tat com.epam.jdi.light.common.Exceptions.exception(Exceptions.java:35)\n\tat com.epam.jdi.light.driver.WebDriverFactory.getDriverException(WebDriverFactory.java:143)\n\tat com.epam.jdi.light.driver.WebDriverFactory.getDriverByName(WebDriverFactory.java:127)\n\tat com.jdiai.tools.func.JFunc1.execute(JFunc1.java:19)\n\t... 30 more\nCaused by: java.lang.RuntimeException: \nCan't run and register new driver 'chrome'\n\tat com.epam.jdi.light.common.Exceptions.exception(Exceptions.java:35)\n\tat com.epam.jdi.light.driver.WebDriverFactory.registerNewDriver(WebDriverFactory.java:90)\n\tat com.epam.jdi.light.driver.WebDriverFactory.getDriverFromName(WebDriverFactory.java:158)\n\tat com.epam.jdi.light.driver.WebDriverFactory.getDriverByName(WebDriverFactory.java:125)\n\t... 31 more\nCaused by: java.lang.RuntimeException: \nFailed to get valid driver 'chrome'\n\tat com.epam.jdi.light.common.Exceptions.runtimeException(Exceptions.java:17)\n\tat com.epam.jdi.light.driver.WebDriverFactory.getValidDriver(WebDriverFactory.java:113)\n\tat com.epam.jdi.light.driver.WebDriverFactory.registerNewDriver(WebDriverFactory.java:85)\n\t... 33 more\n","steps":[],"attachments":[],"parameters":[],"shouldDisplayMessage":true,"hasContent":true,"stepsCount":0,"attachmentsCount":0}],"afterStages":[{"name":"tearDown","time":{"start":1668593122362,"stop":1668593122362,"duration":0},"description":"","status":"passed","steps":[],"attachments":[],"parameters":[],"shouldDisplayMessage":false,"hasContent":false,"stepsCount":0,"attachmentsCount":0}],"labels":[{"name":"package","value":"org.mytests.tests.example.JDIPerformanceTests"},{"name":"testClass","value":"org.mytests.tests.example.JDIPerformanceTests"},{"name":"testMethod","value":"longTextTest"},{"name":"parentSuite","value":"JDI-Light Performance"},{"name":"suite","value":"Tests"},{"name":"subSuite","value":"org.mytests.tests.example.JDIPerformanceTests"},{"name":"host","value":"fv-az488-782"},{"name":"thread","value":"3666@fv-az488-782.TestNG-test=Tests-4(39)"},{"name":"framework","value":"testng"},{"name":"language","value":"java"},{"name":"resultFormat","value":"allure2"}],"parameters":[],"links":[],"hidden":false,"retry":false,"extra":{"severity":"normal","retries":[],"categories":[],"history":{"statistic":{"failed":0,"broken":0,"skipped":47,"passed":1,"unknown":0,"total":48},"items":[{"uid":"64a1e8a62cdcdfc0","reportUrl":"https://jdi-templates.github.io/jdi-light-browserstack/9//#testresult/64a1e8a62cdcdfc0","status":"skipped","statusDetails":"\nCan't get WebDriver: chrome","time":{"start":1668593016848,"stop":1668593016848,"duration":0}},{"uid":"eab061456d012cd6","reportUrl":"https://jdi-templates.github.io/jdi-light-browserstack/9//#testresult/eab061456d012cd6","status":"skipped","statusDetails":"\nCan't get WebDriver: chrome","time":{"start":1668592897705,"stop":1668592897706,"duration":1}},{"uid":"30cc44764fbd6f48","reportUrl":"https://jdi-templates.github.io/jdi-light-browserstack/9//#testresult/30cc44764fbd6f48","status":"skipped","statusDetails":"\nCan't get WebDriver: chrome","time":{"start":1668592776558,"stop":1668592776558,"duration":0}},{"uid":"5c45af63b498882d","reportUrl":"https://jdi-templates.github.io/jdi-light-browserstack/9//#testresult/5c45af63b498882d","status":"skipped","statusDetails":"\nCan't get WebDriver: chrome","time":{"start":1668592658889,"stop":1668592658889,"duration":0}},{"uid":"c33224b7fccdaa76","reportUrl":"https://jdi-templates.github.io/jdi-light-browserstack/9//#testresult/c33224b7fccdaa76","status":"skipped","statusDetails":"\nCan't get WebDriver: chrome","time":{"start":1668592551402,"stop":1668592551402,"duration":0}},{"uid":"d2c38ebb97cb2ec2","reportUrl":"https://jdi-templates.github.io/jdi-light-browserstack/9//#testresult/d2c38ebb97cb2ec2","status":"skipped","statusDetails":"\nCan't get WebDriver: chrome","time":{"start":1668592443234,"stop":1668592443234,"duration":0}},{"uid":"e906c21960ac176b","reportUrl":"https://jdi-templates.github.io/jdi-light-browserstack/8//#testresult/e906c21960ac176b","status":"skipped","statusDetails":"\nCan't get WebDriver: chrome","time":{"start":1668592425459,"stop":1668592425459,"duration":0}},{"uid":"9a1ff7bcf2a890","reportUrl":"https://jdi-templates.github.io/jdi-light-browserstack/9//#testresult/9a1ff7bcf2a890","status":"skipped","statusDetails":"\nCan't get WebDriver: chrome","time":{"start":1668592330599,"stop":1668592330599,"duration":0}},{"uid":"a752b09755349f94","reportUrl":"https://jdi-templates.github.io/jdi-light-browserstack/8//#testresult/a752b09755349f94","status":"skipped","statusDetails":"\nCan't get WebDriver: chrome","time":{"start":1668592306757,"stop":1668592306757,"duration":0}},{"uid":"de8072e6dbe1359e","reportUrl":"https://jdi-templates.github.io/jdi-light-browserstack/8//#testresult/de8072e6dbe1359e","status":"skipped","statusDetails":"\nCan't get WebDriver: chrome","time":{"start":1668592191305,"stop":1668592191305,"duration":0}},{"uid":"a1fc22d8190ed7ce","reportUrl":"https://jdi-templates.github.io/jdi-light-browserstack/8//#testresult/a1fc22d8190ed7ce","status":"skipped","statusDetails":"\nCan't get WebDriver: chrome","time":{"start":1668592075838,"stop":1668592075838,"duration":0}},{"uid":"64d51928e157c0bf","reportUrl":"https://jdi-templates.github.io/jdi-light-browserstack/8//#testresult/64d51928e157c0bf","status":"skipped","statusDetails":"\nCan't get WebDriver: chrome","time":{"start":1668591965531,"stop":1668591965531,"duration":0}},{"uid":"f43878200c66a1d2","reportUrl":"https://jdi-templates.github.io/jdi-light-browserstack/8//#testresult/f43878200c66a1d2","status":"skipped","statusDetails":"\nCan't get WebDriver: chrome","time":{"start":1668591851802,"stop":1668591851802,"duration":0}},{"uid":"218a3fdb8e186a60","reportUrl":"https://jdi-templates.github.io/jdi-light-browserstack/8//#testresult/218a3fdb8e186a60","status":"skipped","statusDetails":"\nCan't get WebDriver: chrome","time":{"start":1668591736871,"stop":1668591736871,"duration":0}},{"uid":"72064dce94ceb800","reportUrl":"https://jdi-templates.github.io/jdi-light-browserstack/8//#testresult/72064dce94ceb800","status":"skipped","statusDetails":"\nCan't get WebDriver: chrome","time":{"start":1668591639958,"stop":1668591639958,"duration":0}},{"uid":"560f2553d212f5b0","reportUrl":"https://jdi-templates.github.io/jdi-light-browserstack/7//#testresult/560f2553d212f5b0","status":"skipped","statusDetails":"\nCan't get WebDriver: firefox","time":{"start":1668417319432,"stop":1668417319432,"duration":0}},{"uid":"e3195298deb75e30","reportUrl":"https://jdi-templates.github.io/jdi-light-browserstack/7//#testresult/e3195298deb75e30","status":"skipped","statusDetails":"\nCan't get WebDriver: firefox","time":{"start":1668417216366,"stop":1668417216366,"duration":0}},{"uid":"dfac4a7c1201cfad","reportUrl":"https://jdi-templates.github.io/jdi-light-browserstack/7//#testresult/dfac4a7c1201cfad","status":"skipped","statusDetails":"\nCan't get WebDriver: firefox","time":{"start":1668417116847,"stop":1668417116847,"duration":0}},{"uid":"84ea64c38ae8b5bb","reportUrl":"https://jdi-templates.github.io/jdi-light-browserstack/7//#testresult/84ea64c38ae8b5bb","status":"skipped","statusDetails":"\nCan't get WebDriver: firefox","time":{"start":1668417005532,"stop":1668417005532,"duration":0}},{"uid":"d8f742f7c323292b","reportUrl":"https://jdi-templates.github.io/jdi-light-browserstack/7//#testresult/d8f742f7c323292b","status":"skipped","statusDetails":"\nCan't get WebDriver: firefox","time":{"start":1668416878402,"stop":1668416878402,"duration":0}}]},"tags":[]},"source":"9945739e30924b6.json","parameterValues":[]}