{"uid":"e0bcba86868aca64","name":"rowsAllTest","fullName":"org.mytests.tests.example.DataTableTests.rowsAllTest","historyId":"8de70ce094d0395b1c90cda45532d713","time":{"start":1668592776662,"stop":1668592776662,"duration":0},"status":"skipped","statusMessage":"\nCan't get WebDriver: chrome","statusTrace":"java.lang.RuntimeException: \nCan't get WebDriver: chrome\n\tat com.epam.jdi.light.common.Exceptions.exception(Exceptions.java:35)\n\tat com.epam.jdi.light.driver.WebDriverFactory.getDriver(WebDriverFactory.java:216)\n\tat com.epam.jdi.light.elements.common.WindowsManager.setWindowName(WindowsManager.java:87)\n\tat com.epam.jdi.light.elements.common.WindowsManager.openSiteTab(WindowsManager.java:51)\n\tat com.epam.jdi.light.elements.composite.WebPage.openSite(WebPage.java:153)\n\tat org.mytests.tests.TestsInit.setUp(TestsInit.java:18)\n\tat java.base/jdk.internal.reflect.NativeMethodAccessorImpl.invoke0(Native Method)\n\tat java.base/jdk.internal.reflect.NativeMethodAccessorImpl.invoke(NativeMethodAccessorImpl.java:62)\n\tat java.base/jdk.internal.reflect.DelegatingMethodAccessorImpl.invoke(DelegatingMethodAccessorImpl.java:43)\n\tat java.base/java.lang.reflect.Method.invoke(Method.java:567)\n\tat org.testng.internal.MethodInvocationHelper.invokeMethod(MethodInvocationHelper.java:124)\n\tat org.testng.internal.MethodInvocationHelper.invokeMethodConsideringTimeout(MethodInvocationHelper.java:59)\n\tat org.testng.internal.Invoker.invokeConfigurationMethod(Invoker.java:458)\n\tat org.testng.internal.Invoker.invokeConfigurations(Invoker.java:222)\n\tat org.testng.internal.Invoker.invokeConfigurations(Invoker.java:142)\n\tat org.testng.SuiteRunner.privateRun(SuiteRunner.java:401)\n\tat org.testng.SuiteRunner.run(SuiteRunner.java:364)\n\tat org.testng.SuiteRunnerWorker.runSuite(SuiteRunnerWorker.java:52)\n\tat org.testng.SuiteRunnerWorker.run(SuiteRunnerWorker.java:84)\n\tat org.testng.TestNG.runSuitesSequentially(TestNG.java:1208)\n\tat org.testng.TestNG.runSuitesLocally(TestNG.java:1137)\n\tat org.testng.TestNG.runSuites(TestNG.java:1049)\n\tat org.testng.TestNG.run(TestNG.java:1017)\n\tat org.apache.maven.surefire.testng.TestNGExecutor.run(TestNGExecutor.java:324)\n\tat org.apache.maven.surefire.testng.TestNGXmlTestSuite.execute(TestNGXmlTestSuite.java:74)\n\tat org.apache.maven.surefire.testng.TestNGProvider.invoke(TestNGProvider.java:123)\n\tat org.apache.maven.surefire.booter.ForkedBooter.runSuitesInProcess(ForkedBooter.java:456)\n\tat org.apache.maven.surefire.booter.ForkedBooter.execute(ForkedBooter.java:169)\n\tat org.apache.maven.surefire.booter.ForkedBooter.run(ForkedBooter.java:595)\n\tat org.apache.maven.surefire.booter.ForkedBooter.main(ForkedBooter.java:581)\nCaused by: java.lang.RuntimeException: \nCan't get WebDriver: chrome\n\tat com.epam.jdi.light.common.Exceptions.exception(Exceptions.java:35)\n\tat com.epam.jdi.light.driver.WebDriverFactory.getDriver(WebDriverFactory.java:224)\n\tat com.epam.jdi.light.driver.WebDriverFactory.getDriver(WebDriverFactory.java:214)\n\t... 28 more\nCaused by: java.lang.RuntimeException: java.lang.RuntimeException: \nFailed to run downloaded driver CHROME:X64:105.0.5195.52. Please check that your browser and driver are compatible or use local driver with 'drivers.folder' property in test.properties'.\nDriverPath: /home/runner/.cache/selenium/chromedriver/linux64/107.0.5304.62/chromedriver\n\tat com.jdiai.tools.func.JFunc1.execute(JFunc1.java:21)\n\tat com.epam.jdi.light.driver.WebDriverFactory.getDriver(WebDriverFactory.java:222)\n\t... 29 more\nCaused by: java.lang.RuntimeException: \nFailed to run downloaded driver CHROME:X64:105.0.5195.52. Please check that your browser and driver are compatible or use local driver with 'drivers.folder' property in test.properties'.\nDriverPath: /home/runner/.cache/selenium/chromedriver/linux64/107.0.5304.62/chromedriver\n\tat com.epam.jdi.light.common.Exceptions.exception(Exceptions.java:35)\n\tat com.epam.jdi.light.driver.WebDriverFactory.getDriverException(WebDriverFactory.java:143)\n\tat com.epam.jdi.light.driver.WebDriverFactory.getDriverByName(WebDriverFactory.java:127)\n\tat com.jdiai.tools.func.JFunc1.execute(JFunc1.java:19)\n\t... 30 more\nCaused by: java.lang.RuntimeException: \nCan't run and register new driver 'chrome'\n\tat com.epam.jdi.light.common.Exceptions.exception(Exceptions.java:35)\n\tat com.epam.jdi.light.driver.WebDriverFactory.registerNewDriver(WebDriverFactory.java:90)\n\tat com.epam.jdi.light.driver.WebDriverFactory.getDriverFromName(WebDriverFactory.java:158)\n\tat com.epam.jdi.light.driver.WebDriverFactory.getDriverByName(WebDriverFactory.java:125)\n\t... 31 more\nCaused by: java.lang.RuntimeException: \nFailed to get valid driver 'chrome'\n\tat com.epam.jdi.light.common.Exceptions.runtimeException(Exceptions.java:17)\n\tat com.epam.jdi.light.driver.WebDriverFactory.getValidDriver(WebDriverFactory.java:113)\n\tat com.epam.jdi.light.driver.WebDriverFactory.registerNewDriver(WebDriverFactory.java:85)\n\t... 33 more\n","flaky":false,"newFailed":false,"newBroken":false,"newPassed":false,"retriesCount":0,"retriesStatusChange":false,"beforeStages":[{"name":"setUp","time":{"start":1668592768021,"stop":1668592776265,"duration":8244},"description":"","status":"broken","statusMessage":"\nCan't get WebDriver: chrome","statusTrace":"java.lang.RuntimeException: \nCan't get WebDriver: chrome\n\tat com.epam.jdi.light.common.Exceptions.exception(Exceptions.java:35)\n\tat com.epam.jdi.light.driver.WebDriverFactory.getDriver(WebDriverFactory.java:216)\n\tat com.epam.jdi.light.elements.common.WindowsManager.setWindowName(WindowsManager.java:87)\n\tat com.epam.jdi.light.elements.common.WindowsManager.openSiteTab(WindowsManager.java:51)\n\tat com.epam.jdi.light.elements.composite.WebPage.openSite(WebPage.java:153)\n\tat org.mytests.tests.TestsInit.setUp(TestsInit.java:18)\n\tat java.base/jdk.internal.reflect.NativeMethodAccessorImpl.invoke0(Native Method)\n\tat java.base/jdk.internal.reflect.NativeMethodAccessorImpl.invoke(NativeMethodAccessorImpl.java:62)\n\tat java.base/jdk.internal.reflect.DelegatingMethodAccessorImpl.invoke(DelegatingMethodAccessorImpl.java:43)\n\tat java.base/java.lang.reflect.Method.invoke(Method.java:567)\n\tat org.testng.internal.MethodInvocationHelper.invokeMethod(MethodInvocationHelper.java:124)\n\tat org.testng.internal.MethodInvocationHelper.invokeMethodConsideringTimeout(MethodInvocationHelper.java:59)\n\tat org.testng.internal.Invoker.invokeConfigurationMethod(Invoker.java:458)\n\tat org.testng.internal.Invoker.invokeConfigurations(Invoker.java:222)\n\tat org.testng.internal.Invoker.invokeConfigurations(Invoker.java:142)\n\tat org.testng.SuiteRunner.privateRun(SuiteRunner.java:401)\n\tat org.testng.SuiteRunner.run(SuiteRunner.java:364)\n\tat org.testng.SuiteRunnerWorker.runSuite(SuiteRunnerWorker.java:52)\n\tat org.testng.SuiteRunnerWorker.run(SuiteRunnerWorker.java:84)\n\tat org.testng.TestNG.runSuitesSequentially(TestNG.java:1208)\n\tat org.testng.TestNG.runSuitesLocally(TestNG.java:1137)\n\tat org.testng.TestNG.runSuites(TestNG.java:1049)\n\tat org.testng.TestNG.run(TestNG.java:1017)\n\tat org.apache.maven.surefire.testng.TestNGExecutor.run(TestNGExecutor.java:324)\n\tat org.apache.maven.surefire.testng.TestNGXmlTestSuite.execute(TestNGXmlTestSuite.java:74)\n\tat org.apache.maven.surefire.testng.TestNGProvider.invoke(TestNGProvider.java:123)\n\tat org.apache.maven.surefire.booter.ForkedBooter.runSuitesInProcess(ForkedBooter.java:456)\n\tat org.apache.maven.surefire.booter.ForkedBooter.execute(ForkedBooter.java:169)\n\tat org.apache.maven.surefire.booter.ForkedBooter.run(ForkedBooter.java:595)\n\tat org.apache.maven.surefire.booter.ForkedBooter.main(ForkedBooter.java:581)\nCaused by: java.lang.RuntimeException: \nCan't get WebDriver: chrome\n\tat com.epam.jdi.light.common.Exceptions.exception(Exceptions.java:35)\n\tat com.epam.jdi.light.driver.WebDriverFactory.getDriver(WebDriverFactory.java:224)\n\tat com.epam.jdi.light.driver.WebDriverFactory.getDriver(WebDriverFactory.java:214)\n\t... 28 more\nCaused by: java.lang.RuntimeException: java.lang.RuntimeException: \nFailed to run downloaded driver CHROME:X64:105.0.5195.52. Please check that your browser and driver are compatible or use local driver with 'drivers.folder' property in test.properties'.\nDriverPath: /home/runner/.cache/selenium/chromedriver/linux64/107.0.5304.62/chromedriver\n\tat com.jdiai.tools.func.JFunc1.execute(JFunc1.java:21)\n\tat com.epam.jdi.light.driver.WebDriverFactory.getDriver(WebDriverFactory.java:222)\n\t... 29 more\nCaused by: java.lang.RuntimeException: \nFailed to run downloaded driver CHROME:X64:105.0.5195.52. Please check that your browser and driver are compatible or use local driver with 'drivers.folder' property in test.properties'.\nDriverPath: /home/runner/.cache/selenium/chromedriver/linux64/107.0.5304.62/chromedriver\n\tat com.epam.jdi.light.common.Exceptions.exception(Exceptions.java:35)\n\tat com.epam.jdi.light.driver.WebDriverFactory.getDriverException(WebDriverFactory.java:143)\n\tat com.epam.jdi.light.driver.WebDriverFactory.getDriverByName(WebDriverFactory.java:127)\n\tat com.jdiai.tools.func.JFunc1.execute(JFunc1.java:19)\n\t... 30 more\nCaused by: java.lang.RuntimeException: \nCan't run and register new driver 'chrome'\n\tat com.epam.jdi.light.common.Exceptions.exception(Exceptions.java:35)\n\tat com.epam.jdi.light.driver.WebDriverFactory.registerNewDriver(WebDriverFactory.java:90)\n\tat com.epam.jdi.light.driver.WebDriverFactory.getDriverFromName(WebDriverFactory.java:158)\n\tat com.epam.jdi.light.driver.WebDriverFactory.getDriverByName(WebDriverFactory.java:125)\n\t... 31 more\nCaused by: java.lang.RuntimeException: \nFailed to get valid driver 'chrome'\n\tat com.epam.jdi.light.common.Exceptions.runtimeException(Exceptions.java:17)\n\tat com.epam.jdi.light.driver.WebDriverFactory.getValidDriver(WebDriverFactory.java:113)\n\tat com.epam.jdi.light.driver.WebDriverFactory.registerNewDriver(WebDriverFactory.java:85)\n\t... 33 more\n","steps":[],"attachments":[],"parameters":[],"stepsCount":0,"attachmentsCount":0,"shouldDisplayMessage":true,"hasContent":true}],"afterStages":[{"name":"tearDown","time":{"start":1668592776688,"stop":1668592776688,"duration":0},"description":"","status":"passed","steps":[],"attachments":[],"parameters":[],"stepsCount":0,"attachmentsCount":0,"shouldDisplayMessage":false,"hasContent":false}],"labels":[{"name":"package","value":"org.mytests.tests.example.DataTableTests"},{"name":"testClass","value":"org.mytests.tests.example.DataTableTests"},{"name":"testMethod","value":"rowsAllTest"},{"name":"parentSuite","value":"JDI-Light Performance"},{"name":"suite","value":"Tests"},{"name":"subSuite","value":"org.mytests.tests.example.DataTableTests"},{"name":"host","value":"fv-az458-738"},{"name":"thread","value":"3501@fv-az458-738.TestNG-test=Tests-2(36)"},{"name":"framework","value":"testng"},{"name":"language","value":"java"},{"name":"resultFormat","value":"allure2"}],"parameters":[],"links":[],"hidden":false,"retry":false,"extra":{"severity":"normal","retries":[],"categories":[],"history":{"statistic":{"failed":0,"broken":0,"skipped":44,"passed":1,"unknown":0,"total":45},"items":[{"uid":"3da2cb11c19aece7","reportUrl":"https://jdi-templates.github.io/jdi-light-browserstack/9//#testresult/3da2cb11c19aece7","status":"skipped","statusDetails":"\nCan't get WebDriver: chrome","time":{"start":1668592658956,"stop":1668592658956,"duration":0}},{"uid":"1100e5dc2ea9f305","reportUrl":"https://jdi-templates.github.io/jdi-light-browserstack/9//#testresult/1100e5dc2ea9f305","status":"skipped","statusDetails":"\nCan't get WebDriver: chrome","time":{"start":1668592551486,"stop":1668592551486,"duration":0}},{"uid":"df6498643da21b9d","reportUrl":"https://jdi-templates.github.io/jdi-light-browserstack/9//#testresult/df6498643da21b9d","status":"skipped","statusDetails":"\nCan't get WebDriver: chrome","time":{"start":1668592443317,"stop":1668592443317,"duration":0}},{"uid":"d0224ec7e4f459f","reportUrl":"https://jdi-templates.github.io/jdi-light-browserstack/8//#testresult/d0224ec7e4f459f","status":"skipped","statusDetails":"\nCan't get WebDriver: chrome","time":{"start":1668592425536,"stop":1668592425536,"duration":0}},{"uid":"7e54f15e2c7365bf","reportUrl":"https://jdi-templates.github.io/jdi-light-browserstack/9//#testresult/7e54f15e2c7365bf","status":"skipped","statusDetails":"\nCan't get WebDriver: chrome","time":{"start":1668592330656,"stop":1668592330656,"duration":0}},{"uid":"5de7d1a4b6ec491c","reportUrl":"https://jdi-templates.github.io/jdi-light-browserstack/8//#testresult/5de7d1a4b6ec491c","status":"skipped","statusDetails":"\nCan't get WebDriver: chrome","time":{"start":1668592306833,"stop":1668592306833,"duration":0}},{"uid":"24cad7410f550ed9","reportUrl":"https://jdi-templates.github.io/jdi-light-browserstack/8//#testresult/24cad7410f550ed9","status":"skipped","statusDetails":"\nCan't get WebDriver: chrome","time":{"start":1668592191420,"stop":1668592191420,"duration":0}},{"uid":"ca14708e8f611dc8","reportUrl":"https://jdi-templates.github.io/jdi-light-browserstack/8//#testresult/ca14708e8f611dc8","status":"skipped","statusDetails":"\nCan't get WebDriver: chrome","time":{"start":1668592075907,"stop":1668592075907,"duration":0}},{"uid":"a3a4a7f80314f674","reportUrl":"https://jdi-templates.github.io/jdi-light-browserstack/8//#testresult/a3a4a7f80314f674","status":"skipped","statusDetails":"\nCan't get WebDriver: chrome","time":{"start":1668591965600,"stop":1668591965600,"duration":0}},{"uid":"2954a94a2c9405e1","reportUrl":"https://jdi-templates.github.io/jdi-light-browserstack/8//#testresult/2954a94a2c9405e1","status":"skipped","statusDetails":"\nCan't get WebDriver: chrome","time":{"start":1668591851879,"stop":1668591851879,"duration":0}},{"uid":"2c54a335ba5fdb4e","reportUrl":"https://jdi-templates.github.io/jdi-light-browserstack/8//#testresult/2c54a335ba5fdb4e","status":"skipped","statusDetails":"\nCan't get WebDriver: chrome","time":{"start":1668591736947,"stop":1668591736947,"duration":0}},{"uid":"df703e92dc5163b1","reportUrl":"https://jdi-templates.github.io/jdi-light-browserstack/8//#testresult/df703e92dc5163b1","status":"skipped","statusDetails":"\nCan't get WebDriver: chrome","time":{"start":1668591640030,"stop":1668591640030,"duration":0}},{"uid":"ffec9a9e0f627b26","reportUrl":"https://jdi-templates.github.io/jdi-light-browserstack/7//#testresult/ffec9a9e0f627b26","status":"skipped","statusDetails":"\nCan't get WebDriver: firefox","time":{"start":1668417319479,"stop":1668417319479,"duration":0}},{"uid":"dcfe7978689efdc","reportUrl":"https://jdi-templates.github.io/jdi-light-browserstack/7//#testresult/dcfe7978689efdc","status":"skipped","statusDetails":"\nCan't get WebDriver: firefox","time":{"start":1668417216426,"stop":1668417216427,"duration":1}},{"uid":"c86804cf3cbb328b","reportUrl":"https://jdi-templates.github.io/jdi-light-browserstack/7//#testresult/c86804cf3cbb328b","status":"skipped","statusDetails":"\nCan't get WebDriver: firefox","time":{"start":1668417116907,"stop":1668417116907,"duration":0}},{"uid":"2cded8f00fdbe95e","reportUrl":"https://jdi-templates.github.io/jdi-light-browserstack/7//#testresult/2cded8f00fdbe95e","status":"skipped","statusDetails":"\nCan't get WebDriver: firefox","time":{"start":1668417005620,"stop":1668417005620,"duration":0}},{"uid":"43eff3f5d1ebffe2","reportUrl":"https://jdi-templates.github.io/jdi-light-browserstack/7//#testresult/43eff3f5d1ebffe2","status":"skipped","statusDetails":"\nCan't get WebDriver: firefox","time":{"start":1668416878504,"stop":1668416878504,"duration":0}},{"uid":"b26cd263ca530f35","reportUrl":"https://jdi-templates.github.io/jdi-light-browserstack/7//#testresult/b26cd263ca530f35","status":"skipped","statusDetails":"\nCan't get WebDriver: firefox","time":{"start":1668416760746,"stop":1668416760746,"duration":0}},{"uid":"490b2d9fcd3e325a","reportUrl":"https://jdi-templates.github.io/jdi-light-browserstack/7//#testresult/490b2d9fcd3e325a","status":"skipped","statusDetails":"\nCan't get WebDriver: firefox","time":{"start":1668416656788,"stop":1668416656788,"duration":0}},{"uid":"ad132d3192b9b4b3","reportUrl":"https://jdi-templates.github.io/jdi-light-browserstack/6//#testresult/ad132d3192b9b4b3","status":"skipped","statusDetails":"\nCan't get WebDriver: firefox","time":{"start":1667992195711,"stop":1667992195711,"duration":0}}]},"tags":[]},"source":"e0bcba86868aca64.json","parameterValues":[]}