{"uid":"e3d0e99912764f17","name":"noRowsTest","fullName":"org.mytests.tests.example.DataTableTests.noRowsTest","historyId":"f6c5a72b92e5f310821d8e65d18312f","time":{"start":1668593122359,"stop":1668593122359,"duration":0},"status":"skipped","statusMessage":"\nCan't get WebDriver: chrome","statusTrace":"java.lang.RuntimeException: \nCan't get WebDriver: chrome\n\tat com.epam.jdi.light.common.Exceptions.exception(Exceptions.java:35)\n\tat com.epam.jdi.light.driver.WebDriverFactory.getDriver(WebDriverFactory.java:216)\n\tat com.epam.jdi.light.elements.common.WindowsManager.setWindowName(WindowsManager.java:87)\n\tat com.epam.jdi.light.elements.common.WindowsManager.openSiteTab(WindowsManager.java:51)\n\tat com.epam.jdi.light.elements.composite.WebPage.openSite(WebPage.java:153)\n\tat org.mytests.tests.TestsInit.setUp(TestsInit.java:18)\n\tat java.base/jdk.internal.reflect.NativeMethodAccessorImpl.invoke0(Native Method)\n\tat java.base/jdk.internal.reflect.NativeMethodAccessorImpl.invoke(NativeMethodAccessorImpl.java:64)\n\tat java.base/jdk.internal.reflect.DelegatingMethodAccessorImpl.invoke(DelegatingMethodAccessorImpl.java:43)\n\tat java.base/java.lang.reflect.Method.invoke(Method.java:564)\n\tat org.testng.internal.MethodInvocationHelper.invokeMethod(MethodInvocationHelper.java:124)\n\tat org.testng.internal.MethodInvocationHelper.invokeMethodConsideringTimeout(MethodInvocationHelper.java:59)\n\tat org.testng.internal.Invoker.invokeConfigurationMethod(Invoker.java:458)\n\tat org.testng.internal.Invoker.invokeConfigurations(Invoker.java:222)\n\tat org.testng.internal.Invoker.invokeConfigurations(Invoker.java:142)\n\tat org.testng.SuiteRunner.privateRun(SuiteRunner.java:401)\n\tat org.testng.SuiteRunner.run(SuiteRunner.java:364)\n\tat org.testng.SuiteRunnerWorker.runSuite(SuiteRunnerWorker.java:52)\n\tat org.testng.SuiteRunnerWorker.run(SuiteRunnerWorker.java:84)\n\tat org.testng.TestNG.runSuitesSequentially(TestNG.java:1208)\n\tat org.testng.TestNG.runSuitesLocally(TestNG.java:1137)\n\tat org.testng.TestNG.runSuites(TestNG.java:1049)\n\tat org.testng.TestNG.run(TestNG.java:1017)\n\tat org.apache.maven.surefire.testng.TestNGExecutor.run(TestNGExecutor.java:324)\n\tat org.apache.maven.surefire.testng.TestNGXmlTestSuite.execute(TestNGXmlTestSuite.java:74)\n\tat org.apache.maven.surefire.testng.TestNGProvider.invoke(TestNGProvider.java:123)\n\tat org.apache.maven.surefire.booter.ForkedBooter.runSuitesInProcess(ForkedBooter.java:456)\n\tat org.apache.maven.surefire.booter.ForkedBooter.execute(ForkedBooter.java:169)\n\tat org.apache.maven.surefire.booter.ForkedBooter.run(ForkedBooter.java:595)\n\tat org.apache.maven.surefire.booter.ForkedBooter.main(ForkedBooter.java:581)\nCaused by: java.lang.RuntimeException: \nCan't get WebDriver: chrome\n\tat com.epam.jdi.light.common.Exceptions.exception(Exceptions.java:35)\n\tat com.epam.jdi.light.driver.WebDriverFactory.getDriver(WebDriverFactory.java:224)\n\tat com.epam.jdi.light.driver.WebDriverFactory.getDriver(WebDriverFactory.java:214)\n\t... 28 more\nCaused by: java.lang.RuntimeException: java.lang.RuntimeException: \nFailed to run downloaded driver CHROME:X64:105.0.5195.52. Please check that your browser and driver are compatible or use local driver with 'drivers.folder' property in test.properties'.\nDriverPath: /home/runner/.cache/selenium/chromedriver/linux64/107.0.5304.62/chromedriver\n\tat com.jdiai.tools.func.JFunc1.execute(JFunc1.java:21)\n\tat com.epam.jdi.light.driver.WebDriverFactory.getDriver(WebDriverFactory.java:222)\n\t... 29 more\nCaused by: java.lang.RuntimeException: \nFailed to run downloaded driver CHROME:X64:105.0.5195.52. Please check that your browser and driver are compatible or use local driver with 'drivers.folder' property in test.properties'.\nDriverPath: /home/runner/.cache/selenium/chromedriver/linux64/107.0.5304.62/chromedriver\n\tat com.epam.jdi.light.common.Exceptions.exception(Exceptions.java:35)\n\tat com.epam.jdi.light.driver.WebDriverFactory.getDriverException(WebDriverFactory.java:143)\n\tat com.epam.jdi.light.driver.WebDriverFactory.getDriverByName(WebDriverFactory.java:127)\n\tat com.jdiai.tools.func.JFunc1.execute(JFunc1.java:19)\n\t... 30 more\nCaused by: java.lang.RuntimeException: \nCan't run and register new driver 'chrome'\n\tat com.epam.jdi.light.common.Exceptions.exception(Exceptions.java:35)\n\tat com.epam.jdi.light.driver.WebDriverFactory.registerNewDriver(WebDriverFactory.java:90)\n\tat com.epam.jdi.light.driver.WebDriverFactory.getDriverFromName(WebDriverFactory.java:158)\n\tat com.epam.jdi.light.driver.WebDriverFactory.getDriverByName(WebDriverFactory.java:125)\n\t... 31 more\nCaused by: java.lang.RuntimeException: \nFailed to get valid driver 'chrome'\n\tat com.epam.jdi.light.common.Exceptions.runtimeException(Exceptions.java:17)\n\tat com.epam.jdi.light.driver.WebDriverFactory.getValidDriver(WebDriverFactory.java:113)\n\tat com.epam.jdi.light.driver.WebDriverFactory.registerNewDriver(WebDriverFactory.java:85)\n\t... 33 more\n","flaky":false,"newFailed":false,"newBroken":false,"newPassed":false,"retriesCount":0,"retriesStatusChange":false,"beforeStages":[{"name":"setUp","time":{"start":1668593115289,"stop":1668593122175,"duration":6886},"description":"","status":"broken","statusMessage":"\nCan't get WebDriver: chrome","statusTrace":"java.lang.RuntimeException: \nCan't get WebDriver: chrome\n\tat com.epam.jdi.light.common.Exceptions.exception(Exceptions.java:35)\n\tat com.epam.jdi.light.driver.WebDriverFactory.getDriver(WebDriverFactory.java:216)\n\tat com.epam.jdi.light.elements.common.WindowsManager.setWindowName(WindowsManager.java:87)\n\tat com.epam.jdi.light.elements.common.WindowsManager.openSiteTab(WindowsManager.java:51)\n\tat com.epam.jdi.light.elements.composite.WebPage.openSite(WebPage.java:153)\n\tat org.mytests.tests.TestsInit.setUp(TestsInit.java:18)\n\tat java.base/jdk.internal.reflect.NativeMethodAccessorImpl.invoke0(Native Method)\n\tat java.base/jdk.internal.reflect.NativeMethodAccessorImpl.invoke(NativeMethodAccessorImpl.java:64)\n\tat java.base/jdk.internal.reflect.DelegatingMethodAccessorImpl.invoke(DelegatingMethodAccessorImpl.java:43)\n\tat java.base/java.lang.reflect.Method.invoke(Method.java:564)\n\tat org.testng.internal.MethodInvocationHelper.invokeMethod(MethodInvocationHelper.java:124)\n\tat org.testng.internal.MethodInvocationHelper.invokeMethodConsideringTimeout(MethodInvocationHelper.java:59)\n\tat org.testng.internal.Invoker.invokeConfigurationMethod(Invoker.java:458)\n\tat org.testng.internal.Invoker.invokeConfigurations(Invoker.java:222)\n\tat org.testng.internal.Invoker.invokeConfigurations(Invoker.java:142)\n\tat org.testng.SuiteRunner.privateRun(SuiteRunner.java:401)\n\tat org.testng.SuiteRunner.run(SuiteRunner.java:364)\n\tat org.testng.SuiteRunnerWorker.runSuite(SuiteRunnerWorker.java:52)\n\tat org.testng.SuiteRunnerWorker.run(SuiteRunnerWorker.java:84)\n\tat org.testng.TestNG.runSuitesSequentially(TestNG.java:1208)\n\tat org.testng.TestNG.runSuitesLocally(TestNG.java:1137)\n\tat org.testng.TestNG.runSuites(TestNG.java:1049)\n\tat org.testng.TestNG.run(TestNG.java:1017)\n\tat org.apache.maven.surefire.testng.TestNGExecutor.run(TestNGExecutor.java:324)\n\tat org.apache.maven.surefire.testng.TestNGXmlTestSuite.execute(TestNGXmlTestSuite.java:74)\n\tat org.apache.maven.surefire.testng.TestNGProvider.invoke(TestNGProvider.java:123)\n\tat org.apache.maven.surefire.booter.ForkedBooter.runSuitesInProcess(ForkedBooter.java:456)\n\tat org.apache.maven.surefire.booter.ForkedBooter.execute(ForkedBooter.java:169)\n\tat org.apache.maven.surefire.booter.ForkedBooter.run(ForkedBooter.java:595)\n\tat org.apache.maven.surefire.booter.ForkedBooter.main(ForkedBooter.java:581)\nCaused by: java.lang.RuntimeException: \nCan't get WebDriver: chrome\n\tat com.epam.jdi.light.common.Exceptions.exception(Exceptions.java:35)\n\tat com.epam.jdi.light.driver.WebDriverFactory.getDriver(WebDriverFactory.java:224)\n\tat com.epam.jdi.light.driver.WebDriverFactory.getDriver(WebDriverFactory.java:214)\n\t... 28 more\nCaused by: java.lang.RuntimeException: java.lang.RuntimeException: \nFailed to run downloaded driver CHROME:X64:105.0.5195.52. Please check that your browser and driver are compatible or use local driver with 'drivers.folder' property in test.properties'.\nDriverPath: /home/runner/.cache/selenium/chromedriver/linux64/107.0.5304.62/chromedriver\n\tat com.jdiai.tools.func.JFunc1.execute(JFunc1.java:21)\n\tat com.epam.jdi.light.driver.WebDriverFactory.getDriver(WebDriverFactory.java:222)\n\t... 29 more\nCaused by: java.lang.RuntimeException: \nFailed to run downloaded driver CHROME:X64:105.0.5195.52. Please check that your browser and driver are compatible or use local driver with 'drivers.folder' property in test.properties'.\nDriverPath: /home/runner/.cache/selenium/chromedriver/linux64/107.0.5304.62/chromedriver\n\tat com.epam.jdi.light.common.Exceptions.exception(Exceptions.java:35)\n\tat com.epam.jdi.light.driver.WebDriverFactory.getDriverException(WebDriverFactory.java:143)\n\tat com.epam.jdi.light.driver.WebDriverFactory.getDriverByName(WebDriverFactory.java:127)\n\tat com.jdiai.tools.func.JFunc1.execute(JFunc1.java:19)\n\t... 30 more\nCaused by: java.lang.RuntimeException: \nCan't run and register new driver 'chrome'\n\tat com.epam.jdi.light.common.Exceptions.exception(Exceptions.java:35)\n\tat com.epam.jdi.light.driver.WebDriverFactory.registerNewDriver(WebDriverFactory.java:90)\n\tat com.epam.jdi.light.driver.WebDriverFactory.getDriverFromName(WebDriverFactory.java:158)\n\tat com.epam.jdi.light.driver.WebDriverFactory.getDriverByName(WebDriverFactory.java:125)\n\t... 31 more\nCaused by: java.lang.RuntimeException: \nFailed to get valid driver 'chrome'\n\tat com.epam.jdi.light.common.Exceptions.runtimeException(Exceptions.java:17)\n\tat com.epam.jdi.light.driver.WebDriverFactory.getValidDriver(WebDriverFactory.java:113)\n\tat com.epam.jdi.light.driver.WebDriverFactory.registerNewDriver(WebDriverFactory.java:85)\n\t... 33 more\n","steps":[],"attachments":[],"parameters":[],"shouldDisplayMessage":true,"hasContent":true,"stepsCount":0,"attachmentsCount":0}],"afterStages":[{"name":"tearDown","time":{"start":1668593122416,"stop":1668593122416,"duration":0},"description":"","status":"passed","steps":[],"attachments":[],"parameters":[],"shouldDisplayMessage":false,"hasContent":false,"stepsCount":0,"attachmentsCount":0}],"labels":[{"name":"package","value":"org.mytests.tests.example.DataTableTests"},{"name":"testClass","value":"org.mytests.tests.example.DataTableTests"},{"name":"testMethod","value":"noRowsTest"},{"name":"parentSuite","value":"JDI-Light Performance"},{"name":"suite","value":"Tests"},{"name":"subSuite","value":"org.mytests.tests.example.DataTableTests"},{"name":"host","value":"fv-az488-782"},{"name":"thread","value":"3666@fv-az488-782.TestNG-test=Tests-2(37)"},{"name":"framework","value":"testng"},{"name":"language","value":"java"},{"name":"resultFormat","value":"allure2"}],"parameters":[],"links":[],"hidden":false,"retry":false,"extra":{"severity":"normal","retries":[],"categories":[],"history":{"statistic":{"failed":0,"broken":0,"skipped":47,"passed":1,"unknown":0,"total":48},"items":[{"uid":"5b3136fddd155106","reportUrl":"https://jdi-templates.github.io/jdi-light-browserstack/9//#testresult/5b3136fddd155106","status":"skipped","statusDetails":"\nCan't get WebDriver: chrome","time":{"start":1668593016889,"stop":1668593016889,"duration":0}},{"uid":"f55c7feffd222738","reportUrl":"https://jdi-templates.github.io/jdi-light-browserstack/9//#testresult/f55c7feffd222738","status":"skipped","statusDetails":"\nCan't get WebDriver: chrome","time":{"start":1668592897745,"stop":1668592897745,"duration":0}},{"uid":"3f82b1922127725a","reportUrl":"https://jdi-templates.github.io/jdi-light-browserstack/9//#testresult/3f82b1922127725a","status":"skipped","statusDetails":"\nCan't get WebDriver: chrome","time":{"start":1668592776600,"stop":1668592776600,"duration":0}},{"uid":"84da88ab8ea9e493","reportUrl":"https://jdi-templates.github.io/jdi-light-browserstack/9//#testresult/84da88ab8ea9e493","status":"skipped","statusDetails":"\nCan't get WebDriver: chrome","time":{"start":1668592658927,"stop":1668592658928,"duration":1}},{"uid":"90b3b67c5cbfe807","reportUrl":"https://jdi-templates.github.io/jdi-light-browserstack/9//#testresult/90b3b67c5cbfe807","status":"skipped","statusDetails":"\nCan't get WebDriver: chrome","time":{"start":1668592551466,"stop":1668592551466,"duration":0}},{"uid":"2f72d336007cc7ec","reportUrl":"https://jdi-templates.github.io/jdi-light-browserstack/9//#testresult/2f72d336007cc7ec","status":"skipped","statusDetails":"\nCan't get WebDriver: chrome","time":{"start":1668592443267,"stop":1668592443267,"duration":0}},{"uid":"4b51c28fd5547740","reportUrl":"https://jdi-templates.github.io/jdi-light-browserstack/8//#testresult/4b51c28fd5547740","status":"skipped","statusDetails":"\nCan't get WebDriver: chrome","time":{"start":1668592425481,"stop":1668592425481,"duration":0}},{"uid":"162254c1986d953c","reportUrl":"https://jdi-templates.github.io/jdi-light-browserstack/9//#testresult/162254c1986d953c","status":"skipped","statusDetails":"\nCan't get WebDriver: chrome","time":{"start":1668592330617,"stop":1668592330617,"duration":0}},{"uid":"e825bc7596fb1da0","reportUrl":"https://jdi-templates.github.io/jdi-light-browserstack/8//#testresult/e825bc7596fb1da0","status":"skipped","statusDetails":"\nCan't get WebDriver: chrome","time":{"start":1668592306806,"stop":1668592306806,"duration":0}},{"uid":"38108600505c48e2","reportUrl":"https://jdi-templates.github.io/jdi-light-browserstack/8//#testresult/38108600505c48e2","status":"skipped","statusDetails":"\nCan't get WebDriver: chrome","time":{"start":1668592191358,"stop":1668592191358,"duration":0}},{"uid":"3c8c70ce88b6b4c7","reportUrl":"https://jdi-templates.github.io/jdi-light-browserstack/8//#testresult/3c8c70ce88b6b4c7","status":"skipped","statusDetails":"\nCan't get WebDriver: chrome","time":{"start":1668592075874,"stop":1668592075874,"duration":0}},{"uid":"b6b16b03c3b73be8","reportUrl":"https://jdi-templates.github.io/jdi-light-browserstack/8//#testresult/b6b16b03c3b73be8","status":"skipped","statusDetails":"\nCan't get WebDriver: chrome","time":{"start":1668591965530,"stop":1668591965530,"duration":0}},{"uid":"14aae25321795d8e","reportUrl":"https://jdi-templates.github.io/jdi-light-browserstack/8//#testresult/14aae25321795d8e","status":"skipped","statusDetails":"\nCan't get WebDriver: chrome","time":{"start":1668591851845,"stop":1668591851846,"duration":1}},{"uid":"4203f94e2977736a","reportUrl":"https://jdi-templates.github.io/jdi-light-browserstack/8//#testresult/4203f94e2977736a","status":"skipped","statusDetails":"\nCan't get WebDriver: chrome","time":{"start":1668591736911,"stop":1668591736911,"duration":0}},{"uid":"9f2704b974ae7799","reportUrl":"https://jdi-templates.github.io/jdi-light-browserstack/8//#testresult/9f2704b974ae7799","status":"skipped","statusDetails":"\nCan't get WebDriver: chrome","time":{"start":1668591639988,"stop":1668591639988,"duration":0}},{"uid":"f76345aff1047f7f","reportUrl":"https://jdi-templates.github.io/jdi-light-browserstack/7//#testresult/f76345aff1047f7f","status":"skipped","statusDetails":"\nCan't get WebDriver: firefox","time":{"start":1668417319453,"stop":1668417319453,"duration":0}},{"uid":"bce2c03833699e9c","reportUrl":"https://jdi-templates.github.io/jdi-light-browserstack/7//#testresult/bce2c03833699e9c","status":"skipped","statusDetails":"\nCan't get WebDriver: firefox","time":{"start":1668417216386,"stop":1668417216386,"duration":0}},{"uid":"2da8c92b95855d47","reportUrl":"https://jdi-templates.github.io/jdi-light-browserstack/7//#testresult/2da8c92b95855d47","status":"skipped","statusDetails":"\nCan't get WebDriver: firefox","time":{"start":1668417116891,"stop":1668417116891,"duration":0}},{"uid":"1ef81d0d1d623ab5","reportUrl":"https://jdi-templates.github.io/jdi-light-browserstack/7//#testresult/1ef81d0d1d623ab5","status":"skipped","statusDetails":"\nCan't get WebDriver: firefox","time":{"start":1668417005565,"stop":1668417005566,"duration":1}},{"uid":"3468e4a5095f0be6","reportUrl":"https://jdi-templates.github.io/jdi-light-browserstack/7//#testresult/3468e4a5095f0be6","status":"skipped","statusDetails":"\nCan't get WebDriver: firefox","time":{"start":1668416878467,"stop":1668416878467,"duration":0}}]},"tags":[]},"source":"e3d0e99912764f17.json","parameterValues":[]}