{"uid":"ef99d4062dceda4d","name":"linesFilterTest","fullName":"org.mytests.tests.example.DataTableInteractTests.linesFilterTest","historyId":"37a8fe3a0b2d7a84344203161725e1d7","time":{"start":1668592443215,"stop":1668592443215,"duration":0},"status":"skipped","statusMessage":"\nCan't get WebDriver: chrome","statusTrace":"java.lang.RuntimeException: \nCan't get WebDriver: chrome\n\tat com.epam.jdi.light.common.Exceptions.exception(Exceptions.java:35)\n\tat com.epam.jdi.light.driver.WebDriverFactory.getDriver(WebDriverFactory.java:216)\n\tat com.epam.jdi.light.elements.common.WindowsManager.setWindowName(WindowsManager.java:87)\n\tat com.epam.jdi.light.elements.common.WindowsManager.openSiteTab(WindowsManager.java:51)\n\tat com.epam.jdi.light.elements.composite.WebPage.openSite(WebPage.java:153)\n\tat org.mytests.tests.TestsInit.setUp(TestsInit.java:18)\n\tat java.base/jdk.internal.reflect.NativeMethodAccessorImpl.invoke0(Native Method)\n\tat java.base/jdk.internal.reflect.NativeMethodAccessorImpl.invoke(NativeMethodAccessorImpl.java:62)\n\tat java.base/jdk.internal.reflect.DelegatingMethodAccessorImpl.invoke(DelegatingMethodAccessorImpl.java:43)\n\tat java.base/java.lang.reflect.Method.invoke(Method.java:564)\n\tat org.testng.internal.MethodInvocationHelper.invokeMethod(MethodInvocationHelper.java:124)\n\tat org.testng.internal.MethodInvocationHelper.invokeMethodConsideringTimeout(MethodInvocationHelper.java:59)\n\tat org.testng.internal.Invoker.invokeConfigurationMethod(Invoker.java:458)\n\tat org.testng.internal.Invoker.invokeConfigurations(Invoker.java:222)\n\tat org.testng.internal.Invoker.invokeConfigurations(Invoker.java:142)\n\tat org.testng.SuiteRunner.privateRun(SuiteRunner.java:401)\n\tat org.testng.SuiteRunner.run(SuiteRunner.java:364)\n\tat org.testng.SuiteRunnerWorker.runSuite(SuiteRunnerWorker.java:52)\n\tat org.testng.SuiteRunnerWorker.run(SuiteRunnerWorker.java:84)\n\tat org.testng.TestNG.runSuitesSequentially(TestNG.java:1208)\n\tat org.testng.TestNG.runSuitesLocally(TestNG.java:1137)\n\tat org.testng.TestNG.runSuites(TestNG.java:1049)\n\tat org.testng.TestNG.run(TestNG.java:1017)\n\tat org.apache.maven.surefire.testng.TestNGExecutor.run(TestNGExecutor.java:324)\n\tat org.apache.maven.surefire.testng.TestNGXmlTestSuite.execute(TestNGXmlTestSuite.java:74)\n\tat org.apache.maven.surefire.testng.TestNGProvider.invoke(TestNGProvider.java:123)\n\tat org.apache.maven.surefire.booter.ForkedBooter.runSuitesInProcess(ForkedBooter.java:456)\n\tat org.apache.maven.surefire.booter.ForkedBooter.execute(ForkedBooter.java:169)\n\tat org.apache.maven.surefire.booter.ForkedBooter.run(ForkedBooter.java:595)\n\tat org.apache.maven.surefire.booter.ForkedBooter.main(ForkedBooter.java:581)\nCaused by: java.lang.RuntimeException: \nCan't get WebDriver: chrome\n\tat com.epam.jdi.light.common.Exceptions.exception(Exceptions.java:35)\n\tat com.epam.jdi.light.driver.WebDriverFactory.getDriver(WebDriverFactory.java:224)\n\tat com.epam.jdi.light.driver.WebDriverFactory.getDriver(WebDriverFactory.java:214)\n\t... 28 more\nCaused by: java.lang.RuntimeException: java.lang.RuntimeException: \nFailed to run downloaded driver CHROME:X64:105.0.5195.52. Please check that your browser and driver are compatible or use local driver with 'drivers.folder' property in test.properties'.\nDriverPath: /home/runner/.cache/selenium/chromedriver/linux64/107.0.5304.62/chromedriver\n\tat com.jdiai.tools.func.JFunc1.execute(JFunc1.java:21)\n\tat com.epam.jdi.light.driver.WebDriverFactory.getDriver(WebDriverFactory.java:222)\n\t... 29 more\nCaused by: java.lang.RuntimeException: \nFailed to run downloaded driver CHROME:X64:105.0.5195.52. Please check that your browser and driver are compatible or use local driver with 'drivers.folder' property in test.properties'.\nDriverPath: /home/runner/.cache/selenium/chromedriver/linux64/107.0.5304.62/chromedriver\n\tat com.epam.jdi.light.common.Exceptions.exception(Exceptions.java:35)\n\tat com.epam.jdi.light.driver.WebDriverFactory.getDriverException(WebDriverFactory.java:143)\n\tat com.epam.jdi.light.driver.WebDriverFactory.getDriverByName(WebDriverFactory.java:127)\n\tat com.jdiai.tools.func.JFunc1.execute(JFunc1.java:19)\n\t... 30 more\nCaused by: java.lang.RuntimeException: \nCan't run and register new driver 'chrome'\n\tat com.epam.jdi.light.common.Exceptions.exception(Exceptions.java:35)\n\tat com.epam.jdi.light.driver.WebDriverFactory.registerNewDriver(WebDriverFactory.java:90)\n\tat com.epam.jdi.light.driver.WebDriverFactory.getDriverFromName(WebDriverFactory.java:158)\n\tat com.epam.jdi.light.driver.WebDriverFactory.getDriverByName(WebDriverFactory.java:125)\n\t... 31 more\nCaused by: java.lang.RuntimeException: \nFailed to get valid driver 'chrome'\n\tat com.epam.jdi.light.common.Exceptions.runtimeException(Exceptions.java:17)\n\tat com.epam.jdi.light.driver.WebDriverFactory.getValidDriver(WebDriverFactory.java:113)\n\tat com.epam.jdi.light.driver.WebDriverFactory.registerNewDriver(WebDriverFactory.java:85)\n\t... 33 more\n","flaky":false,"newFailed":false,"newBroken":false,"newPassed":false,"retriesCount":0,"retriesStatusChange":false,"beforeStages":[{"name":"setUp","time":{"start":1668592434788,"stop":1668592442895,"duration":8107},"description":"","status":"broken","statusMessage":"\nCan't get WebDriver: chrome","statusTrace":"java.lang.RuntimeException: \nCan't get WebDriver: chrome\n\tat com.epam.jdi.light.common.Exceptions.exception(Exceptions.java:35)\n\tat com.epam.jdi.light.driver.WebDriverFactory.getDriver(WebDriverFactory.java:216)\n\tat com.epam.jdi.light.elements.common.WindowsManager.setWindowName(WindowsManager.java:87)\n\tat com.epam.jdi.light.elements.common.WindowsManager.openSiteTab(WindowsManager.java:51)\n\tat com.epam.jdi.light.elements.composite.WebPage.openSite(WebPage.java:153)\n\tat org.mytests.tests.TestsInit.setUp(TestsInit.java:18)\n\tat java.base/jdk.internal.reflect.NativeMethodAccessorImpl.invoke0(Native Method)\n\tat java.base/jdk.internal.reflect.NativeMethodAccessorImpl.invoke(NativeMethodAccessorImpl.java:62)\n\tat java.base/jdk.internal.reflect.DelegatingMethodAccessorImpl.invoke(DelegatingMethodAccessorImpl.java:43)\n\tat java.base/java.lang.reflect.Method.invoke(Method.java:564)\n\tat org.testng.internal.MethodInvocationHelper.invokeMethod(MethodInvocationHelper.java:124)\n\tat org.testng.internal.MethodInvocationHelper.invokeMethodConsideringTimeout(MethodInvocationHelper.java:59)\n\tat org.testng.internal.Invoker.invokeConfigurationMethod(Invoker.java:458)\n\tat org.testng.internal.Invoker.invokeConfigurations(Invoker.java:222)\n\tat org.testng.internal.Invoker.invokeConfigurations(Invoker.java:142)\n\tat org.testng.SuiteRunner.privateRun(SuiteRunner.java:401)\n\tat org.testng.SuiteRunner.run(SuiteRunner.java:364)\n\tat org.testng.SuiteRunnerWorker.runSuite(SuiteRunnerWorker.java:52)\n\tat org.testng.SuiteRunnerWorker.run(SuiteRunnerWorker.java:84)\n\tat org.testng.TestNG.runSuitesSequentially(TestNG.java:1208)\n\tat org.testng.TestNG.runSuitesLocally(TestNG.java:1137)\n\tat org.testng.TestNG.runSuites(TestNG.java:1049)\n\tat org.testng.TestNG.run(TestNG.java:1017)\n\tat org.apache.maven.surefire.testng.TestNGExecutor.run(TestNGExecutor.java:324)\n\tat org.apache.maven.surefire.testng.TestNGXmlTestSuite.execute(TestNGXmlTestSuite.java:74)\n\tat org.apache.maven.surefire.testng.TestNGProvider.invoke(TestNGProvider.java:123)\n\tat org.apache.maven.surefire.booter.ForkedBooter.runSuitesInProcess(ForkedBooter.java:456)\n\tat org.apache.maven.surefire.booter.ForkedBooter.execute(ForkedBooter.java:169)\n\tat org.apache.maven.surefire.booter.ForkedBooter.run(ForkedBooter.java:595)\n\tat org.apache.maven.surefire.booter.ForkedBooter.main(ForkedBooter.java:581)\nCaused by: java.lang.RuntimeException: \nCan't get WebDriver: chrome\n\tat com.epam.jdi.light.common.Exceptions.exception(Exceptions.java:35)\n\tat com.epam.jdi.light.driver.WebDriverFactory.getDriver(WebDriverFactory.java:224)\n\tat com.epam.jdi.light.driver.WebDriverFactory.getDriver(WebDriverFactory.java:214)\n\t... 28 more\nCaused by: java.lang.RuntimeException: java.lang.RuntimeException: \nFailed to run downloaded driver CHROME:X64:105.0.5195.52. Please check that your browser and driver are compatible or use local driver with 'drivers.folder' property in test.properties'.\nDriverPath: /home/runner/.cache/selenium/chromedriver/linux64/107.0.5304.62/chromedriver\n\tat com.jdiai.tools.func.JFunc1.execute(JFunc1.java:21)\n\tat com.epam.jdi.light.driver.WebDriverFactory.getDriver(WebDriverFactory.java:222)\n\t... 29 more\nCaused by: java.lang.RuntimeException: \nFailed to run downloaded driver CHROME:X64:105.0.5195.52. Please check that your browser and driver are compatible or use local driver with 'drivers.folder' property in test.properties'.\nDriverPath: /home/runner/.cache/selenium/chromedriver/linux64/107.0.5304.62/chromedriver\n\tat com.epam.jdi.light.common.Exceptions.exception(Exceptions.java:35)\n\tat com.epam.jdi.light.driver.WebDriverFactory.getDriverException(WebDriverFactory.java:143)\n\tat com.epam.jdi.light.driver.WebDriverFactory.getDriverByName(WebDriverFactory.java:127)\n\tat com.jdiai.tools.func.JFunc1.execute(JFunc1.java:19)\n\t... 30 more\nCaused by: java.lang.RuntimeException: \nCan't run and register new driver 'chrome'\n\tat com.epam.jdi.light.common.Exceptions.exception(Exceptions.java:35)\n\tat com.epam.jdi.light.driver.WebDriverFactory.registerNewDriver(WebDriverFactory.java:90)\n\tat com.epam.jdi.light.driver.WebDriverFactory.getDriverFromName(WebDriverFactory.java:158)\n\tat com.epam.jdi.light.driver.WebDriverFactory.getDriverByName(WebDriverFactory.java:125)\n\t... 31 more\nCaused by: java.lang.RuntimeException: \nFailed to get valid driver 'chrome'\n\tat com.epam.jdi.light.common.Exceptions.runtimeException(Exceptions.java:17)\n\tat com.epam.jdi.light.driver.WebDriverFactory.getValidDriver(WebDriverFactory.java:113)\n\tat com.epam.jdi.light.driver.WebDriverFactory.registerNewDriver(WebDriverFactory.java:85)\n\t... 33 more\n","steps":[],"attachments":[],"parameters":[],"stepsCount":0,"attachmentsCount":0,"shouldDisplayMessage":true,"hasContent":true}],"afterStages":[{"name":"tearDown","time":{"start":1668592443224,"stop":1668592443224,"duration":0},"description":"","status":"passed","steps":[],"attachments":[],"parameters":[],"stepsCount":0,"attachmentsCount":0,"shouldDisplayMessage":false,"hasContent":false}],"labels":[{"name":"package","value":"org.mytests.tests.example.DataTableInteractTests"},{"name":"testClass","value":"org.mytests.tests.example.DataTableInteractTests"},{"name":"testMethod","value":"linesFilterTest"},{"name":"parentSuite","value":"JDI-Light Performance"},{"name":"suite","value":"Tests"},{"name":"subSuite","value":"org.mytests.tests.example.DataTableInteractTests"},{"name":"host","value":"fv-az452-833"},{"name":"thread","value":"3536@fv-az452-833.TestNG-test=Tests-1(35)"},{"name":"framework","value":"testng"},{"name":"language","value":"java"},{"name":"resultFormat","value":"allure2"}],"parameters":[],"links":[],"hidden":false,"retry":false,"extra":{"severity":"normal","retries":[],"categories":[],"history":{"statistic":{"failed":0,"broken":0,"skipped":41,"passed":1,"unknown":0,"total":42},"items":[{"uid":"8c475c30e58a5527","reportUrl":"https://jdi-templates.github.io/jdi-light-browserstack/8//#testresult/8c475c30e58a5527","status":"skipped","statusDetails":"\nCan't get WebDriver: chrome","time":{"start":1668592425459,"stop":1668592425459,"duration":0}},{"uid":"3bea47ec777d7eae","reportUrl":"https://jdi-templates.github.io/jdi-light-browserstack/9//#testresult/3bea47ec777d7eae","status":"skipped","statusDetails":"\nCan't get WebDriver: chrome","time":{"start":1668592330596,"stop":1668592330596,"duration":0}},{"uid":"dcd5bd9f3372dac2","reportUrl":"https://jdi-templates.github.io/jdi-light-browserstack/8//#testresult/dcd5bd9f3372dac2","status":"skipped","statusDetails":"\nCan't get WebDriver: chrome","time":{"start":1668592306739,"stop":1668592306749,"duration":10}},{"uid":"d8fe1880819144c8","reportUrl":"https://jdi-templates.github.io/jdi-light-browserstack/8//#testresult/d8fe1880819144c8","status":"skipped","statusDetails":"\nCan't get WebDriver: chrome","time":{"start":1668592191276,"stop":1668592191276,"duration":0}},{"uid":"ae83a52077c315e3","reportUrl":"https://jdi-templates.github.io/jdi-light-browserstack/8//#testresult/ae83a52077c315e3","status":"skipped","statusDetails":"\nCan't get WebDriver: chrome","time":{"start":1668592075830,"stop":1668592075830,"duration":0}},{"uid":"54340bd37d6b6360","reportUrl":"https://jdi-templates.github.io/jdi-light-browserstack/8//#testresult/54340bd37d6b6360","status":"skipped","statusDetails":"\nCan't get WebDriver: chrome","time":{"start":1668591965533,"stop":1668591965533,"duration":0}},{"uid":"fdc2b751f3df11c1","reportUrl":"https://jdi-templates.github.io/jdi-light-browserstack/8//#testresult/fdc2b751f3df11c1","status":"skipped","statusDetails":"\nCan't get WebDriver: chrome","time":{"start":1668591851816,"stop":1668591851816,"duration":0}},{"uid":"f9988a318ee18778","reportUrl":"https://jdi-templates.github.io/jdi-light-browserstack/8//#testresult/f9988a318ee18778","status":"skipped","statusDetails":"\nCan't get WebDriver: chrome","time":{"start":1668591736867,"stop":1668591736867,"duration":0}},{"uid":"b0d3cdb8cdc265be","reportUrl":"https://jdi-templates.github.io/jdi-light-browserstack/8//#testresult/b0d3cdb8cdc265be","status":"skipped","statusDetails":"\nCan't get WebDriver: chrome","time":{"start":1668591639959,"stop":1668591639963,"duration":4}},{"uid":"9d664c7a2bf9144","reportUrl":"https://jdi-templates.github.io/jdi-light-browserstack/7//#testresult/9d664c7a2bf9144","status":"skipped","statusDetails":"\nCan't get WebDriver: firefox","time":{"start":1668417319420,"stop":1668417319421,"duration":1}},{"uid":"ce8da419221fd8d7","reportUrl":"https://jdi-templates.github.io/jdi-light-browserstack/7//#testresult/ce8da419221fd8d7","status":"skipped","statusDetails":"\nCan't get WebDriver: firefox","time":{"start":1668417216365,"stop":1668417216365,"duration":0}},{"uid":"72c5d1a385ddfe81","reportUrl":"https://jdi-templates.github.io/jdi-light-browserstack/7//#testresult/72c5d1a385ddfe81","status":"skipped","statusDetails":"\nCan't get WebDriver: firefox","time":{"start":1668417116842,"stop":1668417116842,"duration":0}},{"uid":"2fd860d2e25497d8","reportUrl":"https://jdi-templates.github.io/jdi-light-browserstack/7//#testresult/2fd860d2e25497d8","status":"skipped","statusDetails":"\nCan't get WebDriver: firefox","time":{"start":1668417005523,"stop":1668417005524,"duration":1}},{"uid":"bcd9aed10f3bb233","reportUrl":"https://jdi-templates.github.io/jdi-light-browserstack/7//#testresult/bcd9aed10f3bb233","status":"skipped","statusDetails":"\nCan't get WebDriver: firefox","time":{"start":1668416878446,"stop":1668416878446,"duration":0}},{"uid":"58fbd46a47d8364b","reportUrl":"https://jdi-templates.github.io/jdi-light-browserstack/7//#testresult/58fbd46a47d8364b","status":"skipped","statusDetails":"\nCan't get WebDriver: firefox","time":{"start":1668416760681,"stop":1668416760681,"duration":0}},{"uid":"6014dc0eb05ead63","reportUrl":"https://jdi-templates.github.io/jdi-light-browserstack/7//#testresult/6014dc0eb05ead63","status":"skipped","statusDetails":"\nCan't get WebDriver: firefox","time":{"start":1668416656717,"stop":1668416656718,"duration":1}},{"uid":"9bd4c88a31477edc","reportUrl":"https://jdi-templates.github.io/jdi-light-browserstack/6//#testresult/9bd4c88a31477edc","status":"skipped","statusDetails":"\nCan't get WebDriver: firefox","time":{"start":1667992195646,"stop":1667992195646,"duration":0}},{"uid":"d61025332905eaa3","reportUrl":"https://jdi-templates.github.io/jdi-light-browserstack/6//#testresult/d61025332905eaa3","status":"skipped","statusDetails":"\nCan't get WebDriver: firefox","time":{"start":1667992079364,"stop":1667992079364,"duration":0}},{"uid":"a0b384cd47e17c5d","reportUrl":"https://jdi-templates.github.io/jdi-light-browserstack/6//#testresult/a0b384cd47e17c5d","status":"skipped","statusDetails":"\nCan't get WebDriver: firefox","time":{"start":1667991973656,"stop":1667991973656,"duration":0}},{"uid":"c960aebe8d3aae76","reportUrl":"https://jdi-templates.github.io/jdi-light-browserstack/6//#testresult/c960aebe8d3aae76","status":"skipped","statusDetails":"\nCan't get WebDriver: firefox","time":{"start":1667991873213,"stop":1667991873214,"duration":1}}]},"tags":[]},"source":"ef99d4062dceda4d.json","parameterValues":[]}