{"uid":"fb7c0a837649f4f5","name":"dataColumnNameTest","fullName":"org.mytests.tests.example.DataTableTests.dataColumnNameTest","historyId":"3e2b9a218fbcf29bb860c5edf8da9a9e","time":{"start":1668592776547,"stop":1668592776547,"duration":0},"status":"skipped","statusMessage":"\nCan't get WebDriver: chrome","statusTrace":"java.lang.RuntimeException: \nCan't get WebDriver: chrome\n\tat com.epam.jdi.light.common.Exceptions.exception(Exceptions.java:35)\n\tat com.epam.jdi.light.driver.WebDriverFactory.getDriver(WebDriverFactory.java:216)\n\tat com.epam.jdi.light.elements.common.WindowsManager.setWindowName(WindowsManager.java:87)\n\tat com.epam.jdi.light.elements.common.WindowsManager.openSiteTab(WindowsManager.java:51)\n\tat com.epam.jdi.light.elements.composite.WebPage.openSite(WebPage.java:153)\n\tat org.mytests.tests.TestsInit.setUp(TestsInit.java:18)\n\tat java.base/jdk.internal.reflect.NativeMethodAccessorImpl.invoke0(Native Method)\n\tat java.base/jdk.internal.reflect.NativeMethodAccessorImpl.invoke(NativeMethodAccessorImpl.java:62)\n\tat java.base/jdk.internal.reflect.DelegatingMethodAccessorImpl.invoke(DelegatingMethodAccessorImpl.java:43)\n\tat java.base/java.lang.reflect.Method.invoke(Method.java:567)\n\tat org.testng.internal.MethodInvocationHelper.invokeMethod(MethodInvocationHelper.java:124)\n\tat org.testng.internal.MethodInvocationHelper.invokeMethodConsideringTimeout(MethodInvocationHelper.java:59)\n\tat org.testng.internal.Invoker.invokeConfigurationMethod(Invoker.java:458)\n\tat org.testng.internal.Invoker.invokeConfigurations(Invoker.java:222)\n\tat org.testng.internal.Invoker.invokeConfigurations(Invoker.java:142)\n\tat org.testng.SuiteRunner.privateRun(SuiteRunner.java:401)\n\tat org.testng.SuiteRunner.run(SuiteRunner.java:364)\n\tat org.testng.SuiteRunnerWorker.runSuite(SuiteRunnerWorker.java:52)\n\tat org.testng.SuiteRunnerWorker.run(SuiteRunnerWorker.java:84)\n\tat org.testng.TestNG.runSuitesSequentially(TestNG.java:1208)\n\tat org.testng.TestNG.runSuitesLocally(TestNG.java:1137)\n\tat org.testng.TestNG.runSuites(TestNG.java:1049)\n\tat org.testng.TestNG.run(TestNG.java:1017)\n\tat org.apache.maven.surefire.testng.TestNGExecutor.run(TestNGExecutor.java:324)\n\tat org.apache.maven.surefire.testng.TestNGXmlTestSuite.execute(TestNGXmlTestSuite.java:74)\n\tat org.apache.maven.surefire.testng.TestNGProvider.invoke(TestNGProvider.java:123)\n\tat org.apache.maven.surefire.booter.ForkedBooter.runSuitesInProcess(ForkedBooter.java:456)\n\tat org.apache.maven.surefire.booter.ForkedBooter.execute(ForkedBooter.java:169)\n\tat org.apache.maven.surefire.booter.ForkedBooter.run(ForkedBooter.java:595)\n\tat org.apache.maven.surefire.booter.ForkedBooter.main(ForkedBooter.java:581)\nCaused by: java.lang.RuntimeException: \nCan't get WebDriver: chrome\n\tat com.epam.jdi.light.common.Exceptions.exception(Exceptions.java:35)\n\tat com.epam.jdi.light.driver.WebDriverFactory.getDriver(WebDriverFactory.java:224)\n\tat com.epam.jdi.light.driver.WebDriverFactory.getDriver(WebDriverFactory.java:214)\n\t... 28 more\nCaused by: java.lang.RuntimeException: java.lang.RuntimeException: \nFailed to run downloaded driver CHROME:X64:105.0.5195.52. Please check that your browser and driver are compatible or use local driver with 'drivers.folder' property in test.properties'.\nDriverPath: /home/runner/.cache/selenium/chromedriver/linux64/107.0.5304.62/chromedriver\n\tat com.jdiai.tools.func.JFunc1.execute(JFunc1.java:21)\n\tat com.epam.jdi.light.driver.WebDriverFactory.getDriver(WebDriverFactory.java:222)\n\t... 29 more\nCaused by: java.lang.RuntimeException: \nFailed to run downloaded driver CHROME:X64:105.0.5195.52. Please check that your browser and driver are compatible or use local driver with 'drivers.folder' property in test.properties'.\nDriverPath: /home/runner/.cache/selenium/chromedriver/linux64/107.0.5304.62/chromedriver\n\tat com.epam.jdi.light.common.Exceptions.exception(Exceptions.java:35)\n\tat com.epam.jdi.light.driver.WebDriverFactory.getDriverException(WebDriverFactory.java:143)\n\tat com.epam.jdi.light.driver.WebDriverFactory.getDriverByName(WebDriverFactory.java:127)\n\tat com.jdiai.tools.func.JFunc1.execute(JFunc1.java:19)\n\t... 30 more\nCaused by: java.lang.RuntimeException: \nCan't run and register new driver 'chrome'\n\tat com.epam.jdi.light.common.Exceptions.exception(Exceptions.java:35)\n\tat com.epam.jdi.light.driver.WebDriverFactory.registerNewDriver(WebDriverFactory.java:90)\n\tat com.epam.jdi.light.driver.WebDriverFactory.getDriverFromName(WebDriverFactory.java:158)\n\tat com.epam.jdi.light.driver.WebDriverFactory.getDriverByName(WebDriverFactory.java:125)\n\t... 31 more\nCaused by: java.lang.RuntimeException: \nFailed to get valid driver 'chrome'\n\tat com.epam.jdi.light.common.Exceptions.runtimeException(Exceptions.java:17)\n\tat com.epam.jdi.light.driver.WebDriverFactory.getValidDriver(WebDriverFactory.java:113)\n\tat com.epam.jdi.light.driver.WebDriverFactory.registerNewDriver(WebDriverFactory.java:85)\n\t... 33 more\n","flaky":false,"newFailed":false,"newBroken":false,"newPassed":false,"retriesCount":0,"retriesStatusChange":false,"beforeStages":[{"name":"setUp","time":{"start":1668592768021,"stop":1668592776265,"duration":8244},"description":"","status":"broken","statusMessage":"\nCan't get WebDriver: chrome","statusTrace":"java.lang.RuntimeException: \nCan't get WebDriver: chrome\n\tat com.epam.jdi.light.common.Exceptions.exception(Exceptions.java:35)\n\tat com.epam.jdi.light.driver.WebDriverFactory.getDriver(WebDriverFactory.java:216)\n\tat com.epam.jdi.light.elements.common.WindowsManager.setWindowName(WindowsManager.java:87)\n\tat com.epam.jdi.light.elements.common.WindowsManager.openSiteTab(WindowsManager.java:51)\n\tat com.epam.jdi.light.elements.composite.WebPage.openSite(WebPage.java:153)\n\tat org.mytests.tests.TestsInit.setUp(TestsInit.java:18)\n\tat java.base/jdk.internal.reflect.NativeMethodAccessorImpl.invoke0(Native Method)\n\tat java.base/jdk.internal.reflect.NativeMethodAccessorImpl.invoke(NativeMethodAccessorImpl.java:62)\n\tat java.base/jdk.internal.reflect.DelegatingMethodAccessorImpl.invoke(DelegatingMethodAccessorImpl.java:43)\n\tat java.base/java.lang.reflect.Method.invoke(Method.java:567)\n\tat org.testng.internal.MethodInvocationHelper.invokeMethod(MethodInvocationHelper.java:124)\n\tat org.testng.internal.MethodInvocationHelper.invokeMethodConsideringTimeout(MethodInvocationHelper.java:59)\n\tat org.testng.internal.Invoker.invokeConfigurationMethod(Invoker.java:458)\n\tat org.testng.internal.Invoker.invokeConfigurations(Invoker.java:222)\n\tat org.testng.internal.Invoker.invokeConfigurations(Invoker.java:142)\n\tat org.testng.SuiteRunner.privateRun(SuiteRunner.java:401)\n\tat org.testng.SuiteRunner.run(SuiteRunner.java:364)\n\tat org.testng.SuiteRunnerWorker.runSuite(SuiteRunnerWorker.java:52)\n\tat org.testng.SuiteRunnerWorker.run(SuiteRunnerWorker.java:84)\n\tat org.testng.TestNG.runSuitesSequentially(TestNG.java:1208)\n\tat org.testng.TestNG.runSuitesLocally(TestNG.java:1137)\n\tat org.testng.TestNG.runSuites(TestNG.java:1049)\n\tat org.testng.TestNG.run(TestNG.java:1017)\n\tat org.apache.maven.surefire.testng.TestNGExecutor.run(TestNGExecutor.java:324)\n\tat org.apache.maven.surefire.testng.TestNGXmlTestSuite.execute(TestNGXmlTestSuite.java:74)\n\tat org.apache.maven.surefire.testng.TestNGProvider.invoke(TestNGProvider.java:123)\n\tat org.apache.maven.surefire.booter.ForkedBooter.runSuitesInProcess(ForkedBooter.java:456)\n\tat org.apache.maven.surefire.booter.ForkedBooter.execute(ForkedBooter.java:169)\n\tat org.apache.maven.surefire.booter.ForkedBooter.run(ForkedBooter.java:595)\n\tat org.apache.maven.surefire.booter.ForkedBooter.main(ForkedBooter.java:581)\nCaused by: java.lang.RuntimeException: \nCan't get WebDriver: chrome\n\tat com.epam.jdi.light.common.Exceptions.exception(Exceptions.java:35)\n\tat com.epam.jdi.light.driver.WebDriverFactory.getDriver(WebDriverFactory.java:224)\n\tat com.epam.jdi.light.driver.WebDriverFactory.getDriver(WebDriverFactory.java:214)\n\t... 28 more\nCaused by: java.lang.RuntimeException: java.lang.RuntimeException: \nFailed to run downloaded driver CHROME:X64:105.0.5195.52. Please check that your browser and driver are compatible or use local driver with 'drivers.folder' property in test.properties'.\nDriverPath: /home/runner/.cache/selenium/chromedriver/linux64/107.0.5304.62/chromedriver\n\tat com.jdiai.tools.func.JFunc1.execute(JFunc1.java:21)\n\tat com.epam.jdi.light.driver.WebDriverFactory.getDriver(WebDriverFactory.java:222)\n\t... 29 more\nCaused by: java.lang.RuntimeException: \nFailed to run downloaded driver CHROME:X64:105.0.5195.52. Please check that your browser and driver are compatible or use local driver with 'drivers.folder' property in test.properties'.\nDriverPath: /home/runner/.cache/selenium/chromedriver/linux64/107.0.5304.62/chromedriver\n\tat com.epam.jdi.light.common.Exceptions.exception(Exceptions.java:35)\n\tat com.epam.jdi.light.driver.WebDriverFactory.getDriverException(WebDriverFactory.java:143)\n\tat com.epam.jdi.light.driver.WebDriverFactory.getDriverByName(WebDriverFactory.java:127)\n\tat com.jdiai.tools.func.JFunc1.execute(JFunc1.java:19)\n\t... 30 more\nCaused by: java.lang.RuntimeException: \nCan't run and register new driver 'chrome'\n\tat com.epam.jdi.light.common.Exceptions.exception(Exceptions.java:35)\n\tat com.epam.jdi.light.driver.WebDriverFactory.registerNewDriver(WebDriverFactory.java:90)\n\tat com.epam.jdi.light.driver.WebDriverFactory.getDriverFromName(WebDriverFactory.java:158)\n\tat com.epam.jdi.light.driver.WebDriverFactory.getDriverByName(WebDriverFactory.java:125)\n\t... 31 more\nCaused by: java.lang.RuntimeException: \nFailed to get valid driver 'chrome'\n\tat com.epam.jdi.light.common.Exceptions.runtimeException(Exceptions.java:17)\n\tat com.epam.jdi.light.driver.WebDriverFactory.getValidDriver(WebDriverFactory.java:113)\n\tat com.epam.jdi.light.driver.WebDriverFactory.registerNewDriver(WebDriverFactory.java:85)\n\t... 33 more\n","steps":[],"attachments":[],"parameters":[],"stepsCount":0,"attachmentsCount":0,"shouldDisplayMessage":true,"hasContent":true}],"afterStages":[{"name":"tearDown","time":{"start":1668592776688,"stop":1668592776688,"duration":0},"description":"","status":"passed","steps":[],"attachments":[],"parameters":[],"stepsCount":0,"attachmentsCount":0,"shouldDisplayMessage":false,"hasContent":false}],"labels":[{"name":"package","value":"org.mytests.tests.example.DataTableTests"},{"name":"testClass","value":"org.mytests.tests.example.DataTableTests"},{"name":"testMethod","value":"dataColumnNameTest"},{"name":"parentSuite","value":"JDI-Light Performance"},{"name":"suite","value":"Tests"},{"name":"subSuite","value":"org.mytests.tests.example.DataTableTests"},{"name":"host","value":"fv-az458-738"},{"name":"thread","value":"3501@fv-az458-738.TestNG-test=Tests-2(36)"},{"name":"framework","value":"testng"},{"name":"language","value":"java"},{"name":"resultFormat","value":"allure2"}],"parameters":[],"links":[],"hidden":false,"retry":false,"extra":{"severity":"normal","retries":[],"categories":[],"history":{"statistic":{"failed":0,"broken":0,"skipped":44,"passed":1,"unknown":0,"total":45},"items":[{"uid":"9567841bcd55e719","reportUrl":"https://jdi-templates.github.io/jdi-light-browserstack/9//#testresult/9567841bcd55e719","status":"skipped","statusDetails":"\nCan't get WebDriver: chrome","time":{"start":1668592658888,"stop":1668592658888,"duration":0}},{"uid":"66b688f20e45590e","reportUrl":"https://jdi-templates.github.io/jdi-light-browserstack/9//#testresult/66b688f20e45590e","status":"skipped","statusDetails":"\nCan't get WebDriver: chrome","time":{"start":1668592551424,"stop":1668592551424,"duration":0}},{"uid":"2fdc3a195f91e992","reportUrl":"https://jdi-templates.github.io/jdi-light-browserstack/9//#testresult/2fdc3a195f91e992","status":"skipped","statusDetails":"\nCan't get WebDriver: chrome","time":{"start":1668592443235,"stop":1668592443235,"duration":0}},{"uid":"bcc37c63cdd15ad2","reportUrl":"https://jdi-templates.github.io/jdi-light-browserstack/8//#testresult/bcc37c63cdd15ad2","status":"skipped","statusDetails":"\nCan't get WebDriver: chrome","time":{"start":1668592425429,"stop":1668592425429,"duration":0}},{"uid":"4b50180c9a2b07e2","reportUrl":"https://jdi-templates.github.io/jdi-light-browserstack/9//#testresult/4b50180c9a2b07e2","status":"skipped","statusDetails":"\nCan't get WebDriver: chrome","time":{"start":1668592330572,"stop":1668592330572,"duration":0}},{"uid":"fc921f385d8a4995","reportUrl":"https://jdi-templates.github.io/jdi-light-browserstack/8//#testresult/fc921f385d8a4995","status":"skipped","statusDetails":"\nCan't get WebDriver: chrome","time":{"start":1668592306756,"stop":1668592306757,"duration":1}},{"uid":"85f9398c7a1b9a1a","reportUrl":"https://jdi-templates.github.io/jdi-light-browserstack/8//#testresult/85f9398c7a1b9a1a","status":"skipped","statusDetails":"\nCan't get WebDriver: chrome","time":{"start":1668592191311,"stop":1668592191312,"duration":1}},{"uid":"78e0bd34a8bceb69","reportUrl":"https://jdi-templates.github.io/jdi-light-browserstack/8//#testresult/78e0bd34a8bceb69","status":"skipped","statusDetails":"\nCan't get WebDriver: chrome","time":{"start":1668592075835,"stop":1668592075836,"duration":1}},{"uid":"30c7d3222af1a54f","reportUrl":"https://jdi-templates.github.io/jdi-light-browserstack/8//#testresult/30c7d3222af1a54f","status":"skipped","statusDetails":"\nCan't get WebDriver: chrome","time":{"start":1668591965501,"stop":1668591965501,"duration":0}},{"uid":"346e44ef7aec41d9","reportUrl":"https://jdi-templates.github.io/jdi-light-browserstack/8//#testresult/346e44ef7aec41d9","status":"skipped","statusDetails":"\nCan't get WebDriver: chrome","time":{"start":1668591851808,"stop":1668591851808,"duration":0}},{"uid":"cf120bf59a5c3e9","reportUrl":"https://jdi-templates.github.io/jdi-light-browserstack/8//#testresult/cf120bf59a5c3e9","status":"skipped","statusDetails":"\nCan't get WebDriver: chrome","time":{"start":1668591736869,"stop":1668591736869,"duration":0}},{"uid":"cc358f7c105ebde6","reportUrl":"https://jdi-templates.github.io/jdi-light-browserstack/8//#testresult/cc358f7c105ebde6","status":"skipped","statusDetails":"\nCan't get WebDriver: chrome","time":{"start":1668591639972,"stop":1668591639972,"duration":0}},{"uid":"b7f9b1b5184e316b","reportUrl":"https://jdi-templates.github.io/jdi-light-browserstack/7//#testresult/b7f9b1b5184e316b","status":"skipped","statusDetails":"\nCan't get WebDriver: firefox","time":{"start":1668417319409,"stop":1668417319409,"duration":0}},{"uid":"1c3ce4637cbb308f","reportUrl":"https://jdi-templates.github.io/jdi-light-browserstack/7//#testresult/1c3ce4637cbb308f","status":"skipped","statusDetails":"\nCan't get WebDriver: firefox","time":{"start":1668417216369,"stop":1668417216369,"duration":0}},{"uid":"4dfab97133c7975","reportUrl":"https://jdi-templates.github.io/jdi-light-browserstack/7//#testresult/4dfab97133c7975","status":"skipped","statusDetails":"\nCan't get WebDriver: firefox","time":{"start":1668417116849,"stop":1668417116849,"duration":0}},{"uid":"4108de8c76295771","reportUrl":"https://jdi-templates.github.io/jdi-light-browserstack/7//#testresult/4108de8c76295771","status":"skipped","statusDetails":"\nCan't get WebDriver: firefox","time":{"start":1668417005522,"stop":1668417005531,"duration":9}},{"uid":"be41296ae5786bda","reportUrl":"https://jdi-templates.github.io/jdi-light-browserstack/7//#testresult/be41296ae5786bda","status":"skipped","statusDetails":"\nCan't get WebDriver: firefox","time":{"start":1668416878412,"stop":1668416878412,"duration":0}},{"uid":"fb1e98160941832d","reportUrl":"https://jdi-templates.github.io/jdi-light-browserstack/7//#testresult/fb1e98160941832d","status":"skipped","statusDetails":"\nCan't get WebDriver: firefox","time":{"start":1668416760682,"stop":1668416760683,"duration":1}},{"uid":"afab0f9c3f3ffde1","reportUrl":"https://jdi-templates.github.io/jdi-light-browserstack/7//#testresult/afab0f9c3f3ffde1","status":"skipped","statusDetails":"\nCan't get WebDriver: firefox","time":{"start":1668416656704,"stop":1668416656704,"duration":0}},{"uid":"3af8feffd28736e","reportUrl":"https://jdi-templates.github.io/jdi-light-browserstack/6//#testresult/3af8feffd28736e","status":"skipped","statusDetails":"\nCan't get WebDriver: firefox","time":{"start":1667992195650,"stop":1667992195651,"duration":1}}]},"tags":[]},"source":"fb7c0a837649f4f5.json","parameterValues":[]}