{"uid":"218a3fdb8e186a60","name":"longTextTest","fullName":"org.mytests.tests.example.JDIPerformanceTests.longTextTest","historyId":"e4524b4af6345b1def1ead58cb2dc0a5","time":{"start":1668591736871,"stop":1668591736871,"duration":0},"status":"skipped","statusMessage":"\nCan't get WebDriver: chrome","statusTrace":"java.lang.RuntimeException: \nCan't get WebDriver: chrome\n\tat com.epam.jdi.light.common.Exceptions.exception(Exceptions.java:35)\n\tat com.epam.jdi.light.driver.WebDriverFactory.getDriver(WebDriverFactory.java:216)\n\tat com.epam.jdi.light.elements.common.WindowsManager.setWindowName(WindowsManager.java:87)\n\tat com.epam.jdi.light.elements.common.WindowsManager.openSiteTab(WindowsManager.java:51)\n\tat com.epam.jdi.light.elements.composite.WebPage.openSite(WebPage.java:153)\n\tat org.mytests.tests.TestsInit.setUp(TestsInit.java:18)\n\tat java.base/jdk.internal.reflect.NativeMethodAccessorImpl.invoke0(Native Method)\n\tat java.base/jdk.internal.reflect.NativeMethodAccessorImpl.invoke(NativeMethodAccessorImpl.java:62)\n\tat java.base/jdk.internal.reflect.DelegatingMethodAccessorImpl.invoke(DelegatingMethodAccessorImpl.java:43)\n\tat java.base/java.lang.reflect.Method.invoke(Method.java:564)\n\tat org.testng.internal.MethodInvocationHelper.invokeMethod(MethodInvocationHelper.java:124)\n\tat org.testng.internal.MethodInvocationHelper.invokeMethodConsideringTimeout(MethodInvocationHelper.java:59)\n\tat org.testng.internal.Invoker.invokeConfigurationMethod(Invoker.java:458)\n\tat org.testng.internal.Invoker.invokeConfigurations(Invoker.java:222)\n\tat org.testng.internal.Invoker.invokeConfigurations(Invoker.java:142)\n\tat org.testng.SuiteRunner.privateRun(SuiteRunner.java:401)\n\tat org.testng.SuiteRunner.run(SuiteRunner.java:364)\n\tat org.testng.SuiteRunnerWorker.runSuite(SuiteRunnerWorker.java:52)\n\tat org.testng.SuiteRunnerWorker.run(SuiteRunnerWorker.java:84)\n\tat org.testng.TestNG.runSuitesSequentially(TestNG.java:1208)\n\tat org.testng.TestNG.runSuitesLocally(TestNG.java:1137)\n\tat org.testng.TestNG.runSuites(TestNG.java:1049)\n\tat org.testng.TestNG.run(TestNG.java:1017)\n\tat org.apache.maven.surefire.testng.TestNGExecutor.run(TestNGExecutor.java:283)\n\tat org.apache.maven.surefire.testng.TestNGXmlTestSuite.execute(TestNGXmlTestSuite.java:75)\n\tat org.apache.maven.surefire.testng.TestNGProvider.invoke(TestNGProvider.java:120)\n\tat org.apache.maven.surefire.booter.ForkedBooter.invokeProviderInSameClassLoader(ForkedBooter.java:384)\n\tat org.apache.maven.surefire.booter.ForkedBooter.runSuitesInProcess(ForkedBooter.java:345)\n\tat org.apache.maven.surefire.booter.ForkedBooter.execute(ForkedBooter.java:126)\n\tat org.apache.maven.surefire.booter.ForkedBooter.main(ForkedBooter.java:418)\nCaused by: java.lang.RuntimeException: \nCan't get WebDriver: chrome\n\tat com.epam.jdi.light.common.Exceptions.exception(Exceptions.java:35)\n\tat com.epam.jdi.light.driver.WebDriverFactory.getDriver(WebDriverFactory.java:224)\n\tat com.epam.jdi.light.driver.WebDriverFactory.getDriver(WebDriverFactory.java:214)\n\t... 28 more\nCaused by: java.lang.RuntimeException: java.lang.RuntimeException: \nFailed to run downloaded driver CHROME:X64:105.0.5195.52. Please check that your browser and driver are compatible or use local driver with 'drivers.folder' property in test.properties'.\nDriverPath: /home/runner/.cache/selenium/chromedriver/linux64/107.0.5304.62/chromedriver\n\tat com.jdiai.tools.func.JFunc1.execute(JFunc1.java:21)\n\tat com.epam.jdi.light.driver.WebDriverFactory.getDriver(WebDriverFactory.java:222)\n\t... 29 more\nCaused by: java.lang.RuntimeException: \nFailed to run downloaded driver CHROME:X64:105.0.5195.52. Please check that your browser and driver are compatible or use local driver with 'drivers.folder' property in test.properties'.\nDriverPath: /home/runner/.cache/selenium/chromedriver/linux64/107.0.5304.62/chromedriver\n\tat com.epam.jdi.light.common.Exceptions.exception(Exceptions.java:35)\n\tat com.epam.jdi.light.driver.WebDriverFactory.getDriverException(WebDriverFactory.java:143)\n\tat com.epam.jdi.light.driver.WebDriverFactory.getDriverByName(WebDriverFactory.java:127)\n\tat com.jdiai.tools.func.JFunc1.execute(JFunc1.java:19)\n\t... 30 more\nCaused by: java.lang.RuntimeException: \nCan't run and register new driver 'chrome'\n\tat com.epam.jdi.light.common.Exceptions.exception(Exceptions.java:35)\n\tat com.epam.jdi.light.driver.WebDriverFactory.registerNewDriver(WebDriverFactory.java:90)\n\tat com.epam.jdi.light.driver.WebDriverFactory.getDriverFromName(WebDriverFactory.java:158)\n\tat com.epam.jdi.light.driver.WebDriverFactory.getDriverByName(WebDriverFactory.java:125)\n\t... 31 more\nCaused by: java.lang.RuntimeException: \nFailed to get valid driver 'chrome'\n\tat com.epam.jdi.light.common.Exceptions.runtimeException(Exceptions.java:17)\n\tat com.epam.jdi.light.driver.WebDriverFactory.getValidDriver(WebDriverFactory.java:113)\n\tat com.epam.jdi.light.driver.WebDriverFactory.registerNewDriver(WebDriverFactory.java:85)\n\t... 33 more\n","flaky":false,"newFailed":false,"newBroken":false,"newPassed":false,"retriesCount":0,"retriesStatusChange":false,"beforeStages":[{"name":"setUp","time":{"start":1668591730596,"stop":1668591736652,"duration":6056},"description":"","status":"broken","statusMessage":"\nCan't get WebDriver: chrome","statusTrace":"java.lang.RuntimeException: \nCan't get WebDriver: chrome\n\tat com.epam.jdi.light.common.Exceptions.exception(Exceptions.java:35)\n\tat com.epam.jdi.light.driver.WebDriverFactory.getDriver(WebDriverFactory.java:216)\n\tat com.epam.jdi.light.elements.common.WindowsManager.setWindowName(WindowsManager.java:87)\n\tat com.epam.jdi.light.elements.common.WindowsManager.openSiteTab(WindowsManager.java:51)\n\tat com.epam.jdi.light.elements.composite.WebPage.openSite(WebPage.java:153)\n\tat org.mytests.tests.TestsInit.setUp(TestsInit.java:18)\n\tat java.base/jdk.internal.reflect.NativeMethodAccessorImpl.invoke0(Native Method)\n\tat java.base/jdk.internal.reflect.NativeMethodAccessorImpl.invoke(NativeMethodAccessorImpl.java:62)\n\tat java.base/jdk.internal.reflect.DelegatingMethodAccessorImpl.invoke(DelegatingMethodAccessorImpl.java:43)\n\tat java.base/java.lang.reflect.Method.invoke(Method.java:564)\n\tat org.testng.internal.MethodInvocationHelper.invokeMethod(MethodInvocationHelper.java:124)\n\tat org.testng.internal.MethodInvocationHelper.invokeMethodConsideringTimeout(MethodInvocationHelper.java:59)\n\tat org.testng.internal.Invoker.invokeConfigurationMethod(Invoker.java:458)\n\tat org.testng.internal.Invoker.invokeConfigurations(Invoker.java:222)\n\tat org.testng.internal.Invoker.invokeConfigurations(Invoker.java:142)\n\tat org.testng.SuiteRunner.privateRun(SuiteRunner.java:401)\n\tat org.testng.SuiteRunner.run(SuiteRunner.java:364)\n\tat org.testng.SuiteRunnerWorker.runSuite(SuiteRunnerWorker.java:52)\n\tat org.testng.SuiteRunnerWorker.run(SuiteRunnerWorker.java:84)\n\tat org.testng.TestNG.runSuitesSequentially(TestNG.java:1208)\n\tat org.testng.TestNG.runSuitesLocally(TestNG.java:1137)\n\tat org.testng.TestNG.runSuites(TestNG.java:1049)\n\tat org.testng.TestNG.run(TestNG.java:1017)\n\tat org.apache.maven.surefire.testng.TestNGExecutor.run(TestNGExecutor.java:283)\n\tat org.apache.maven.surefire.testng.TestNGXmlTestSuite.execute(TestNGXmlTestSuite.java:75)\n\tat org.apache.maven.surefire.testng.TestNGProvider.invoke(TestNGProvider.java:120)\n\tat org.apache.maven.surefire.booter.ForkedBooter.invokeProviderInSameClassLoader(ForkedBooter.java:384)\n\tat org.apache.maven.surefire.booter.ForkedBooter.runSuitesInProcess(ForkedBooter.java:345)\n\tat org.apache.maven.surefire.booter.ForkedBooter.execute(ForkedBooter.java:126)\n\tat org.apache.maven.surefire.booter.ForkedBooter.main(ForkedBooter.java:418)\nCaused by: java.lang.RuntimeException: \nCan't get WebDriver: chrome\n\tat com.epam.jdi.light.common.Exceptions.exception(Exceptions.java:35)\n\tat com.epam.jdi.light.driver.WebDriverFactory.getDriver(WebDriverFactory.java:224)\n\tat com.epam.jdi.light.driver.WebDriverFactory.getDriver(WebDriverFactory.java:214)\n\t... 28 more\nCaused by: java.lang.RuntimeException: java.lang.RuntimeException: \nFailed to run downloaded driver CHROME:X64:105.0.5195.52. Please check that your browser and driver are compatible or use local driver with 'drivers.folder' property in test.properties'.\nDriverPath: /home/runner/.cache/selenium/chromedriver/linux64/107.0.5304.62/chromedriver\n\tat com.jdiai.tools.func.JFunc1.execute(JFunc1.java:21)\n\tat com.epam.jdi.light.driver.WebDriverFactory.getDriver(WebDriverFactory.java:222)\n\t... 29 more\nCaused by: java.lang.RuntimeException: \nFailed to run downloaded driver CHROME:X64:105.0.5195.52. Please check that your browser and driver are compatible or use local driver with 'drivers.folder' property in test.properties'.\nDriverPath: /home/runner/.cache/selenium/chromedriver/linux64/107.0.5304.62/chromedriver\n\tat com.epam.jdi.light.common.Exceptions.exception(Exceptions.java:35)\n\tat com.epam.jdi.light.driver.WebDriverFactory.getDriverException(WebDriverFactory.java:143)\n\tat com.epam.jdi.light.driver.WebDriverFactory.getDriverByName(WebDriverFactory.java:127)\n\tat com.jdiai.tools.func.JFunc1.execute(JFunc1.java:19)\n\t... 30 more\nCaused by: java.lang.RuntimeException: \nCan't run and register new driver 'chrome'\n\tat com.epam.jdi.light.common.Exceptions.exception(Exceptions.java:35)\n\tat com.epam.jdi.light.driver.WebDriverFactory.registerNewDriver(WebDriverFactory.java:90)\n\tat com.epam.jdi.light.driver.WebDriverFactory.getDriverFromName(WebDriverFactory.java:158)\n\tat com.epam.jdi.light.driver.WebDriverFactory.getDriverByName(WebDriverFactory.java:125)\n\t... 31 more\nCaused by: java.lang.RuntimeException: \nFailed to get valid driver 'chrome'\n\tat com.epam.jdi.light.common.Exceptions.runtimeException(Exceptions.java:17)\n\tat com.epam.jdi.light.driver.WebDriverFactory.getValidDriver(WebDriverFactory.java:113)\n\tat com.epam.jdi.light.driver.WebDriverFactory.registerNewDriver(WebDriverFactory.java:85)\n\t... 33 more\n","steps":[],"attachments":[],"parameters":[],"stepsCount":0,"attachmentsCount":0,"shouldDisplayMessage":true,"hasContent":true}],"afterStages":[{"name":"tearDown","time":{"start":1668591736896,"stop":1668591736897,"duration":1},"description":"","status":"passed","steps":[],"attachments":[],"parameters":[],"stepsCount":0,"attachmentsCount":0,"shouldDisplayMessage":false,"hasContent":false}],"labels":[{"name":"package","value":"org.mytests.tests.example.JDIPerformanceTests"},{"name":"testClass","value":"org.mytests.tests.example.JDIPerformanceTests"},{"name":"testMethod","value":"longTextTest"},{"name":"parentSuite","value":"JDI-Light Performance"},{"name":"suite","value":"Tests"},{"name":"subSuite","value":"org.mytests.tests.example.JDIPerformanceTests"},{"name":"host","value":"fv-az195-414"},{"name":"thread","value":"3809@fv-az195-414.TestNG-test=Tests-4(38)"},{"name":"framework","value":"testng"},{"name":"language","value":"java"},{"name":"resultFormat","value":"allure2"}],"parameters":[],"links":[],"hidden":false,"retry":false,"extra":{"severity":"normal","retries":[],"categories":[],"history":{"statistic":{"failed":0,"broken":0,"skipped":33,"passed":1,"unknown":0,"total":34},"items":[{"uid":"72064dce94ceb800","reportUrl":"https://jdi-templates.github.io/jdi-light-browserstack/8//#testresult/72064dce94ceb800","status":"skipped","statusDetails":"\nCan't get WebDriver: chrome","time":{"start":1668591639958,"stop":1668591639958,"duration":0}},{"uid":"560f2553d212f5b0","reportUrl":"https://jdi-templates.github.io/jdi-light-browserstack/7//#testresult/560f2553d212f5b0","status":"skipped","statusDetails":"\nCan't get WebDriver: firefox","time":{"start":1668417319432,"stop":1668417319432,"duration":0}},{"uid":"e3195298deb75e30","reportUrl":"https://jdi-templates.github.io/jdi-light-browserstack/7//#testresult/e3195298deb75e30","status":"skipped","statusDetails":"\nCan't get WebDriver: firefox","time":{"start":1668417216366,"stop":1668417216366,"duration":0}},{"uid":"dfac4a7c1201cfad","reportUrl":"https://jdi-templates.github.io/jdi-light-browserstack/7//#testresult/dfac4a7c1201cfad","status":"skipped","statusDetails":"\nCan't get WebDriver: firefox","time":{"start":1668417116847,"stop":1668417116847,"duration":0}},{"uid":"84ea64c38ae8b5bb","reportUrl":"https://jdi-templates.github.io/jdi-light-browserstack/7//#testresult/84ea64c38ae8b5bb","status":"skipped","statusDetails":"\nCan't get WebDriver: firefox","time":{"start":1668417005532,"stop":1668417005532,"duration":0}},{"uid":"d8f742f7c323292b","reportUrl":"https://jdi-templates.github.io/jdi-light-browserstack/7//#testresult/d8f742f7c323292b","status":"skipped","statusDetails":"\nCan't get WebDriver: firefox","time":{"start":1668416878402,"stop":1668416878402,"duration":0}},{"uid":"9810c7f64e9510d","reportUrl":"https://jdi-templates.github.io/jdi-light-browserstack/7//#testresult/9810c7f64e9510d","status":"skipped","statusDetails":"\nCan't get WebDriver: firefox","time":{"start":1668416760682,"stop":1668416760683,"duration":1}},{"uid":"6e51858c1a30366a","reportUrl":"https://jdi-templates.github.io/jdi-light-browserstack/7//#testresult/6e51858c1a30366a","status":"skipped","statusDetails":"\nCan't get WebDriver: firefox","time":{"start":1668416656721,"stop":1668416656721,"duration":0}},{"uid":"f6409e317cb9bade","reportUrl":"https://jdi-templates.github.io/jdi-light-browserstack/6//#testresult/f6409e317cb9bade","status":"skipped","statusDetails":"\nCan't get WebDriver: firefox","time":{"start":1667992195640,"stop":1667992195640,"duration":0}},{"uid":"533f41a97b79072a","reportUrl":"https://jdi-templates.github.io/jdi-light-browserstack/6//#testresult/533f41a97b79072a","status":"skipped","statusDetails":"\nCan't get WebDriver: firefox","time":{"start":1667992079382,"stop":1667992079383,"duration":1}},{"uid":"f9075aa5ab145011","reportUrl":"https://jdi-templates.github.io/jdi-light-browserstack/6//#testresult/f9075aa5ab145011","status":"skipped","statusDetails":"\nCan't get WebDriver: firefox","time":{"start":1667991973624,"stop":1667991973624,"duration":0}},{"uid":"c76a55deb3db968f","reportUrl":"https://jdi-templates.github.io/jdi-light-browserstack/6//#testresult/c76a55deb3db968f","status":"skipped","statusDetails":"\nCan't get WebDriver: firefox","time":{"start":1667991873219,"stop":1667991873219,"duration":0}},{"uid":"c2ad4e0125101917","reportUrl":"https://jdi-templates.github.io/jdi-light-browserstack/6//#testresult/c2ad4e0125101917","status":"skipped","statusDetails":"\nCan't get WebDriver: firefox","time":{"start":1667991759102,"stop":1667991759102,"duration":0}},{"uid":"c1b859bc4b2764d2","reportUrl":"https://jdi-templates.github.io/jdi-light-browserstack/6//#testresult/c1b859bc4b2764d2","status":"skipped","statusDetails":"\nCan't get WebDriver: firefox","time":{"start":1667991671571,"stop":1667991671571,"duration":0}},{"uid":"c4a368240276f2af","reportUrl":"https://jdi-templates.github.io/jdi-light-browserstack/6//#testresult/c4a368240276f2af","status":"skipped","statusDetails":"\nCan't get WebDriver: firefox","time":{"start":1667991568974,"stop":1667991568975,"duration":1}},{"uid":"58d385191a3d6403","reportUrl":"https://jdi-templates.github.io/jdi-light-browserstack/6//#testresult/58d385191a3d6403","status":"skipped","statusDetails":"\nCan't get WebDriver: firefox","time":{"start":1667991465210,"stop":1667991465212,"duration":2}},{"uid":"2d3f185dfa66f677","reportUrl":"https://jdi-templates.github.io/jdi-light-browserstack/5//#testresult/2d3f185dfa66f677","status":"skipped","statusDetails":"\nCan't get WebDriver: firefox","time":{"start":1667986026224,"stop":1667986026224,"duration":0}},{"uid":"6855946d32ace661","reportUrl":"https://jdi-templates.github.io/jdi-light-browserstack/5//#testresult/6855946d32ace661","status":"skipped","statusDetails":"\nCan't get WebDriver: firefox","time":{"start":1667985901988,"stop":1667985901988,"duration":0}},{"uid":"945c79b5fc6de53d","reportUrl":"https://jdi-templates.github.io/jdi-light-browserstack/5//#testresult/945c79b5fc6de53d","status":"skipped","statusDetails":"\nCan't get WebDriver: firefox","time":{"start":1667985782819,"stop":1667985782819,"duration":0}},{"uid":"8b922c12e784e955","reportUrl":"https://jdi-templates.github.io/jdi-light-browserstack/5//#testresult/8b922c12e784e955","status":"skipped","statusDetails":"\nCan't get WebDriver: firefox","time":{"start":1667985662847,"stop":1667985662847,"duration":0}}]},"tags":[]},"source":"218a3fdb8e186a60.json","parameterValues":[]}