{"uid":"2c54a335ba5fdb4e","name":"rowsAllTest","fullName":"org.mytests.tests.example.DataTableTests.rowsAllTest","historyId":"8de70ce094d0395b1c90cda45532d713","time":{"start":1668591736947,"stop":1668591736947,"duration":0},"status":"skipped","statusMessage":"\nCan't get WebDriver: chrome","statusTrace":"java.lang.RuntimeException: \nCan't get WebDriver: chrome\n\tat com.epam.jdi.light.common.Exceptions.exception(Exceptions.java:35)\n\tat com.epam.jdi.light.driver.WebDriverFactory.getDriver(WebDriverFactory.java:216)\n\tat com.epam.jdi.light.elements.common.WindowsManager.setWindowName(WindowsManager.java:87)\n\tat com.epam.jdi.light.elements.common.WindowsManager.openSiteTab(WindowsManager.java:51)\n\tat com.epam.jdi.light.elements.composite.WebPage.openSite(WebPage.java:153)\n\tat org.mytests.tests.TestsInit.setUp(TestsInit.java:18)\n\tat java.base/jdk.internal.reflect.NativeMethodAccessorImpl.invoke0(Native Method)\n\tat java.base/jdk.internal.reflect.NativeMethodAccessorImpl.invoke(NativeMethodAccessorImpl.java:62)\n\tat java.base/jdk.internal.reflect.DelegatingMethodAccessorImpl.invoke(DelegatingMethodAccessorImpl.java:43)\n\tat java.base/java.lang.reflect.Method.invoke(Method.java:564)\n\tat org.testng.internal.MethodInvocationHelper.invokeMethod(MethodInvocationHelper.java:124)\n\tat org.testng.internal.MethodInvocationHelper.invokeMethodConsideringTimeout(MethodInvocationHelper.java:59)\n\tat org.testng.internal.Invoker.invokeConfigurationMethod(Invoker.java:458)\n\tat org.testng.internal.Invoker.invokeConfigurations(Invoker.java:222)\n\tat org.testng.internal.Invoker.invokeConfigurations(Invoker.java:142)\n\tat org.testng.SuiteRunner.privateRun(SuiteRunner.java:401)\n\tat org.testng.SuiteRunner.run(SuiteRunner.java:364)\n\tat org.testng.SuiteRunnerWorker.runSuite(SuiteRunnerWorker.java:52)\n\tat org.testng.SuiteRunnerWorker.run(SuiteRunnerWorker.java:84)\n\tat org.testng.TestNG.runSuitesSequentially(TestNG.java:1208)\n\tat org.testng.TestNG.runSuitesLocally(TestNG.java:1137)\n\tat org.testng.TestNG.runSuites(TestNG.java:1049)\n\tat org.testng.TestNG.run(TestNG.java:1017)\n\tat org.apache.maven.surefire.testng.TestNGExecutor.run(TestNGExecutor.java:283)\n\tat org.apache.maven.surefire.testng.TestNGXmlTestSuite.execute(TestNGXmlTestSuite.java:75)\n\tat org.apache.maven.surefire.testng.TestNGProvider.invoke(TestNGProvider.java:120)\n\tat org.apache.maven.surefire.booter.ForkedBooter.invokeProviderInSameClassLoader(ForkedBooter.java:384)\n\tat org.apache.maven.surefire.booter.ForkedBooter.runSuitesInProcess(ForkedBooter.java:345)\n\tat org.apache.maven.surefire.booter.ForkedBooter.execute(ForkedBooter.java:126)\n\tat org.apache.maven.surefire.booter.ForkedBooter.main(ForkedBooter.java:418)\nCaused by: java.lang.RuntimeException: \nCan't get WebDriver: chrome\n\tat com.epam.jdi.light.common.Exceptions.exception(Exceptions.java:35)\n\tat com.epam.jdi.light.driver.WebDriverFactory.getDriver(WebDriverFactory.java:224)\n\tat com.epam.jdi.light.driver.WebDriverFactory.getDriver(WebDriverFactory.java:214)\n\t... 28 more\nCaused by: java.lang.RuntimeException: java.lang.RuntimeException: \nFailed to run downloaded driver CHROME:X64:105.0.5195.52. Please check that your browser and driver are compatible or use local driver with 'drivers.folder' property in test.properties'.\nDriverPath: /home/runner/.cache/selenium/chromedriver/linux64/107.0.5304.62/chromedriver\n\tat com.jdiai.tools.func.JFunc1.execute(JFunc1.java:21)\n\tat com.epam.jdi.light.driver.WebDriverFactory.getDriver(WebDriverFactory.java:222)\n\t... 29 more\nCaused by: java.lang.RuntimeException: \nFailed to run downloaded driver CHROME:X64:105.0.5195.52. Please check that your browser and driver are compatible or use local driver with 'drivers.folder' property in test.properties'.\nDriverPath: /home/runner/.cache/selenium/chromedriver/linux64/107.0.5304.62/chromedriver\n\tat com.epam.jdi.light.common.Exceptions.exception(Exceptions.java:35)\n\tat com.epam.jdi.light.driver.WebDriverFactory.getDriverException(WebDriverFactory.java:143)\n\tat com.epam.jdi.light.driver.WebDriverFactory.getDriverByName(WebDriverFactory.java:127)\n\tat com.jdiai.tools.func.JFunc1.execute(JFunc1.java:19)\n\t... 30 more\nCaused by: java.lang.RuntimeException: \nCan't run and register new driver 'chrome'\n\tat com.epam.jdi.light.common.Exceptions.exception(Exceptions.java:35)\n\tat com.epam.jdi.light.driver.WebDriverFactory.registerNewDriver(WebDriverFactory.java:90)\n\tat com.epam.jdi.light.driver.WebDriverFactory.getDriverFromName(WebDriverFactory.java:158)\n\tat com.epam.jdi.light.driver.WebDriverFactory.getDriverByName(WebDriverFactory.java:125)\n\t... 31 more\nCaused by: java.lang.RuntimeException: \nFailed to get valid driver 'chrome'\n\tat com.epam.jdi.light.common.Exceptions.runtimeException(Exceptions.java:17)\n\tat com.epam.jdi.light.driver.WebDriverFactory.getValidDriver(WebDriverFactory.java:113)\n\tat com.epam.jdi.light.driver.WebDriverFactory.registerNewDriver(WebDriverFactory.java:85)\n\t... 33 more\n","flaky":false,"newFailed":false,"newBroken":false,"newPassed":false,"retriesCount":0,"retriesStatusChange":false,"beforeStages":[{"name":"setUp","time":{"start":1668591730596,"stop":1668591736652,"duration":6056},"description":"","status":"broken","statusMessage":"\nCan't get WebDriver: chrome","statusTrace":"java.lang.RuntimeException: \nCan't get WebDriver: chrome\n\tat com.epam.jdi.light.common.Exceptions.exception(Exceptions.java:35)\n\tat com.epam.jdi.light.driver.WebDriverFactory.getDriver(WebDriverFactory.java:216)\n\tat com.epam.jdi.light.elements.common.WindowsManager.setWindowName(WindowsManager.java:87)\n\tat com.epam.jdi.light.elements.common.WindowsManager.openSiteTab(WindowsManager.java:51)\n\tat com.epam.jdi.light.elements.composite.WebPage.openSite(WebPage.java:153)\n\tat org.mytests.tests.TestsInit.setUp(TestsInit.java:18)\n\tat java.base/jdk.internal.reflect.NativeMethodAccessorImpl.invoke0(Native Method)\n\tat java.base/jdk.internal.reflect.NativeMethodAccessorImpl.invoke(NativeMethodAccessorImpl.java:62)\n\tat java.base/jdk.internal.reflect.DelegatingMethodAccessorImpl.invoke(DelegatingMethodAccessorImpl.java:43)\n\tat java.base/java.lang.reflect.Method.invoke(Method.java:564)\n\tat org.testng.internal.MethodInvocationHelper.invokeMethod(MethodInvocationHelper.java:124)\n\tat org.testng.internal.MethodInvocationHelper.invokeMethodConsideringTimeout(MethodInvocationHelper.java:59)\n\tat org.testng.internal.Invoker.invokeConfigurationMethod(Invoker.java:458)\n\tat org.testng.internal.Invoker.invokeConfigurations(Invoker.java:222)\n\tat org.testng.internal.Invoker.invokeConfigurations(Invoker.java:142)\n\tat org.testng.SuiteRunner.privateRun(SuiteRunner.java:401)\n\tat org.testng.SuiteRunner.run(SuiteRunner.java:364)\n\tat org.testng.SuiteRunnerWorker.runSuite(SuiteRunnerWorker.java:52)\n\tat org.testng.SuiteRunnerWorker.run(SuiteRunnerWorker.java:84)\n\tat org.testng.TestNG.runSuitesSequentially(TestNG.java:1208)\n\tat org.testng.TestNG.runSuitesLocally(TestNG.java:1137)\n\tat org.testng.TestNG.runSuites(TestNG.java:1049)\n\tat org.testng.TestNG.run(TestNG.java:1017)\n\tat org.apache.maven.surefire.testng.TestNGExecutor.run(TestNGExecutor.java:283)\n\tat org.apache.maven.surefire.testng.TestNGXmlTestSuite.execute(TestNGXmlTestSuite.java:75)\n\tat org.apache.maven.surefire.testng.TestNGProvider.invoke(TestNGProvider.java:120)\n\tat org.apache.maven.surefire.booter.ForkedBooter.invokeProviderInSameClassLoader(ForkedBooter.java:384)\n\tat org.apache.maven.surefire.booter.ForkedBooter.runSuitesInProcess(ForkedBooter.java:345)\n\tat org.apache.maven.surefire.booter.ForkedBooter.execute(ForkedBooter.java:126)\n\tat org.apache.maven.surefire.booter.ForkedBooter.main(ForkedBooter.java:418)\nCaused by: java.lang.RuntimeException: \nCan't get WebDriver: chrome\n\tat com.epam.jdi.light.common.Exceptions.exception(Exceptions.java:35)\n\tat com.epam.jdi.light.driver.WebDriverFactory.getDriver(WebDriverFactory.java:224)\n\tat com.epam.jdi.light.driver.WebDriverFactory.getDriver(WebDriverFactory.java:214)\n\t... 28 more\nCaused by: java.lang.RuntimeException: java.lang.RuntimeException: \nFailed to run downloaded driver CHROME:X64:105.0.5195.52. Please check that your browser and driver are compatible or use local driver with 'drivers.folder' property in test.properties'.\nDriverPath: /home/runner/.cache/selenium/chromedriver/linux64/107.0.5304.62/chromedriver\n\tat com.jdiai.tools.func.JFunc1.execute(JFunc1.java:21)\n\tat com.epam.jdi.light.driver.WebDriverFactory.getDriver(WebDriverFactory.java:222)\n\t... 29 more\nCaused by: java.lang.RuntimeException: \nFailed to run downloaded driver CHROME:X64:105.0.5195.52. Please check that your browser and driver are compatible or use local driver with 'drivers.folder' property in test.properties'.\nDriverPath: /home/runner/.cache/selenium/chromedriver/linux64/107.0.5304.62/chromedriver\n\tat com.epam.jdi.light.common.Exceptions.exception(Exceptions.java:35)\n\tat com.epam.jdi.light.driver.WebDriverFactory.getDriverException(WebDriverFactory.java:143)\n\tat com.epam.jdi.light.driver.WebDriverFactory.getDriverByName(WebDriverFactory.java:127)\n\tat com.jdiai.tools.func.JFunc1.execute(JFunc1.java:19)\n\t... 30 more\nCaused by: java.lang.RuntimeException: \nCan't run and register new driver 'chrome'\n\tat com.epam.jdi.light.common.Exceptions.exception(Exceptions.java:35)\n\tat com.epam.jdi.light.driver.WebDriverFactory.registerNewDriver(WebDriverFactory.java:90)\n\tat com.epam.jdi.light.driver.WebDriverFactory.getDriverFromName(WebDriverFactory.java:158)\n\tat com.epam.jdi.light.driver.WebDriverFactory.getDriverByName(WebDriverFactory.java:125)\n\t... 31 more\nCaused by: java.lang.RuntimeException: \nFailed to get valid driver 'chrome'\n\tat com.epam.jdi.light.common.Exceptions.runtimeException(Exceptions.java:17)\n\tat com.epam.jdi.light.driver.WebDriverFactory.getValidDriver(WebDriverFactory.java:113)\n\tat com.epam.jdi.light.driver.WebDriverFactory.registerNewDriver(WebDriverFactory.java:85)\n\t... 33 more\n","steps":[],"attachments":[],"parameters":[],"stepsCount":0,"attachmentsCount":0,"shouldDisplayMessage":true,"hasContent":true}],"afterStages":[{"name":"tearDown","time":{"start":1668591736975,"stop":1668591736975,"duration":0},"description":"","status":"passed","steps":[],"attachments":[],"parameters":[],"stepsCount":0,"attachmentsCount":0,"shouldDisplayMessage":false,"hasContent":false}],"labels":[{"name":"package","value":"org.mytests.tests.example.DataTableTests"},{"name":"testClass","value":"org.mytests.tests.example.DataTableTests"},{"name":"testMethod","value":"rowsAllTest"},{"name":"parentSuite","value":"JDI-Light Performance"},{"name":"suite","value":"Tests"},{"name":"subSuite","value":"org.mytests.tests.example.DataTableTests"},{"name":"host","value":"fv-az195-414"},{"name":"thread","value":"3809@fv-az195-414.TestNG-test=Tests-2(36)"},{"name":"framework","value":"testng"},{"name":"language","value":"java"},{"name":"resultFormat","value":"allure2"}],"parameters":[],"links":[],"hidden":false,"retry":false,"extra":{"severity":"normal","retries":[],"categories":[],"history":{"statistic":{"failed":0,"broken":0,"skipped":33,"passed":1,"unknown":0,"total":34},"items":[{"uid":"df703e92dc5163b1","reportUrl":"https://jdi-templates.github.io/jdi-light-browserstack/8//#testresult/df703e92dc5163b1","status":"skipped","statusDetails":"\nCan't get WebDriver: chrome","time":{"start":1668591640030,"stop":1668591640030,"duration":0}},{"uid":"ffec9a9e0f627b26","reportUrl":"https://jdi-templates.github.io/jdi-light-browserstack/7//#testresult/ffec9a9e0f627b26","status":"skipped","statusDetails":"\nCan't get WebDriver: firefox","time":{"start":1668417319479,"stop":1668417319479,"duration":0}},{"uid":"dcfe7978689efdc","reportUrl":"https://jdi-templates.github.io/jdi-light-browserstack/7//#testresult/dcfe7978689efdc","status":"skipped","statusDetails":"\nCan't get WebDriver: firefox","time":{"start":1668417216426,"stop":1668417216427,"duration":1}},{"uid":"c86804cf3cbb328b","reportUrl":"https://jdi-templates.github.io/jdi-light-browserstack/7//#testresult/c86804cf3cbb328b","status":"skipped","statusDetails":"\nCan't get WebDriver: firefox","time":{"start":1668417116907,"stop":1668417116907,"duration":0}},{"uid":"2cded8f00fdbe95e","reportUrl":"https://jdi-templates.github.io/jdi-light-browserstack/7//#testresult/2cded8f00fdbe95e","status":"skipped","statusDetails":"\nCan't get WebDriver: firefox","time":{"start":1668417005620,"stop":1668417005620,"duration":0}},{"uid":"43eff3f5d1ebffe2","reportUrl":"https://jdi-templates.github.io/jdi-light-browserstack/7//#testresult/43eff3f5d1ebffe2","status":"skipped","statusDetails":"\nCan't get WebDriver: firefox","time":{"start":1668416878504,"stop":1668416878504,"duration":0}},{"uid":"b26cd263ca530f35","reportUrl":"https://jdi-templates.github.io/jdi-light-browserstack/7//#testresult/b26cd263ca530f35","status":"skipped","statusDetails":"\nCan't get WebDriver: firefox","time":{"start":1668416760746,"stop":1668416760746,"duration":0}},{"uid":"490b2d9fcd3e325a","reportUrl":"https://jdi-templates.github.io/jdi-light-browserstack/7//#testresult/490b2d9fcd3e325a","status":"skipped","statusDetails":"\nCan't get WebDriver: firefox","time":{"start":1668416656788,"stop":1668416656788,"duration":0}},{"uid":"ad132d3192b9b4b3","reportUrl":"https://jdi-templates.github.io/jdi-light-browserstack/6//#testresult/ad132d3192b9b4b3","status":"skipped","statusDetails":"\nCan't get WebDriver: firefox","time":{"start":1667992195711,"stop":1667992195711,"duration":0}},{"uid":"5a321a6023560d0b","reportUrl":"https://jdi-templates.github.io/jdi-light-browserstack/6//#testresult/5a321a6023560d0b","status":"skipped","statusDetails":"\nCan't get WebDriver: firefox","time":{"start":1667992079436,"stop":1667992079436,"duration":0}},{"uid":"da765bdc03ce32bd","reportUrl":"https://jdi-templates.github.io/jdi-light-browserstack/6//#testresult/da765bdc03ce32bd","status":"skipped","statusDetails":"\nCan't get WebDriver: firefox","time":{"start":1667991973716,"stop":1667991973716,"duration":0}},{"uid":"1049a0660f4e352b","reportUrl":"https://jdi-templates.github.io/jdi-light-browserstack/6//#testresult/1049a0660f4e352b","status":"skipped","statusDetails":"\nCan't get WebDriver: firefox","time":{"start":1667991873281,"stop":1667991873281,"duration":0}},{"uid":"c3131262955b5411","reportUrl":"https://jdi-templates.github.io/jdi-light-browserstack/6//#testresult/c3131262955b5411","status":"skipped","statusDetails":"\nCan't get WebDriver: firefox","time":{"start":1667991759186,"stop":1667991759186,"duration":0}},{"uid":"eea60c58c46aacb6","reportUrl":"https://jdi-templates.github.io/jdi-light-browserstack/6//#testresult/eea60c58c46aacb6","status":"skipped","statusDetails":"\nCan't get WebDriver: firefox","time":{"start":1667991671630,"stop":1667991671630,"duration":0}},{"uid":"ee73c6075e756073","reportUrl":"https://jdi-templates.github.io/jdi-light-browserstack/6//#testresult/ee73c6075e756073","status":"skipped","statusDetails":"\nCan't get WebDriver: firefox","time":{"start":1667991569052,"stop":1667991569052,"duration":0}},{"uid":"5d0569ae1ff65a66","reportUrl":"https://jdi-templates.github.io/jdi-light-browserstack/6//#testresult/5d0569ae1ff65a66","status":"skipped","statusDetails":"\nCan't get WebDriver: firefox","time":{"start":1667991465344,"stop":1667991465344,"duration":0}},{"uid":"4fc3dd0adb3ce1b4","reportUrl":"https://jdi-templates.github.io/jdi-light-browserstack/5//#testresult/4fc3dd0adb3ce1b4","status":"skipped","statusDetails":"\nCan't get WebDriver: firefox","time":{"start":1667986026322,"stop":1667986026322,"duration":0}},{"uid":"2fa19d46743237ca","reportUrl":"https://jdi-templates.github.io/jdi-light-browserstack/5//#testresult/2fa19d46743237ca","status":"skipped","statusDetails":"\nCan't get WebDriver: firefox","time":{"start":1667985902065,"stop":1667985902065,"duration":0}},{"uid":"36bb018114b53fae","reportUrl":"https://jdi-templates.github.io/jdi-light-browserstack/5//#testresult/36bb018114b53fae","status":"skipped","statusDetails":"\nCan't get WebDriver: firefox","time":{"start":1667985782902,"stop":1667985782902,"duration":0}},{"uid":"b8e470d60db22220","reportUrl":"https://jdi-templates.github.io/jdi-light-browserstack/5//#testresult/b8e470d60db22220","status":"skipped","statusDetails":"\nCan't get WebDriver: firefox","time":{"start":1667985662945,"stop":1667985662945,"duration":0}}]},"tags":[]},"source":"2c54a335ba5fdb4e.json","parameterValues":[]}