{"uid":"2d713de53021a9a","name":"lineFilterTest","fullName":"org.mytests.tests.example.DataTableInteractTests.lineFilterTest","historyId":"4d1264eda1e937710fc4d34e93e5cb1","time":{"start":1668592191262,"stop":1668592191263,"duration":1},"status":"skipped","statusMessage":"\nCan't get WebDriver: chrome","statusTrace":"java.lang.RuntimeException: \nCan't get WebDriver: chrome\n\tat com.epam.jdi.light.common.Exceptions.exception(Exceptions.java:35)\n\tat com.epam.jdi.light.driver.WebDriverFactory.getDriver(WebDriverFactory.java:216)\n\tat com.epam.jdi.light.elements.common.WindowsManager.setWindowName(WindowsManager.java:87)\n\tat com.epam.jdi.light.elements.common.WindowsManager.openSiteTab(WindowsManager.java:51)\n\tat com.epam.jdi.light.elements.composite.WebPage.openSite(WebPage.java:153)\n\tat org.mytests.tests.TestsInit.setUp(TestsInit.java:18)\n\tat java.base/jdk.internal.reflect.NativeMethodAccessorImpl.invoke0(Native Method)\n\tat java.base/jdk.internal.reflect.NativeMethodAccessorImpl.invoke(NativeMethodAccessorImpl.java:62)\n\tat java.base/jdk.internal.reflect.DelegatingMethodAccessorImpl.invoke(DelegatingMethodAccessorImpl.java:43)\n\tat java.base/java.lang.reflect.Method.invoke(Method.java:567)\n\tat org.testng.internal.MethodInvocationHelper.invokeMethod(MethodInvocationHelper.java:124)\n\tat org.testng.internal.MethodInvocationHelper.invokeMethodConsideringTimeout(MethodInvocationHelper.java:59)\n\tat org.testng.internal.Invoker.invokeConfigurationMethod(Invoker.java:458)\n\tat org.testng.internal.Invoker.invokeConfigurations(Invoker.java:222)\n\tat org.testng.internal.Invoker.invokeConfigurations(Invoker.java:142)\n\tat org.testng.SuiteRunner.privateRun(SuiteRunner.java:401)\n\tat org.testng.SuiteRunner.run(SuiteRunner.java:364)\n\tat org.testng.SuiteRunnerWorker.runSuite(SuiteRunnerWorker.java:52)\n\tat org.testng.SuiteRunnerWorker.run(SuiteRunnerWorker.java:84)\n\tat org.testng.TestNG.runSuitesSequentially(TestNG.java:1208)\n\tat org.testng.TestNG.runSuitesLocally(TestNG.java:1137)\n\tat org.testng.TestNG.runSuites(TestNG.java:1049)\n\tat org.testng.TestNG.run(TestNG.java:1017)\n\tat org.apache.maven.surefire.testng.TestNGExecutor.run(TestNGExecutor.java:283)\n\tat org.apache.maven.surefire.testng.TestNGXmlTestSuite.execute(TestNGXmlTestSuite.java:75)\n\tat org.apache.maven.surefire.testng.TestNGProvider.invoke(TestNGProvider.java:120)\n\tat org.apache.maven.surefire.booter.ForkedBooter.invokeProviderInSameClassLoader(ForkedBooter.java:384)\n\tat org.apache.maven.surefire.booter.ForkedBooter.runSuitesInProcess(ForkedBooter.java:345)\n\tat org.apache.maven.surefire.booter.ForkedBooter.execute(ForkedBooter.java:126)\n\tat org.apache.maven.surefire.booter.ForkedBooter.main(ForkedBooter.java:418)\nCaused by: java.lang.RuntimeException: \nCan't get WebDriver: chrome\n\tat com.epam.jdi.light.common.Exceptions.exception(Exceptions.java:35)\n\tat com.epam.jdi.light.driver.WebDriverFactory.getDriver(WebDriverFactory.java:224)\n\tat com.epam.jdi.light.driver.WebDriverFactory.getDriver(WebDriverFactory.java:214)\n\t... 28 more\nCaused by: java.lang.RuntimeException: java.lang.RuntimeException: \nFailed to run downloaded driver CHROME:X64:105.0.5195.52. Please check that your browser and driver are compatible or use local driver with 'drivers.folder' property in test.properties'.\nDriverPath: /home/runner/.cache/selenium/chromedriver/linux64/107.0.5304.62/chromedriver\n\tat com.jdiai.tools.func.JFunc1.execute(JFunc1.java:21)\n\tat com.epam.jdi.light.driver.WebDriverFactory.getDriver(WebDriverFactory.java:222)\n\t... 29 more\nCaused by: java.lang.RuntimeException: \nFailed to run downloaded driver CHROME:X64:105.0.5195.52. Please check that your browser and driver are compatible or use local driver with 'drivers.folder' property in test.properties'.\nDriverPath: /home/runner/.cache/selenium/chromedriver/linux64/107.0.5304.62/chromedriver\n\tat com.epam.jdi.light.common.Exceptions.exception(Exceptions.java:35)\n\tat com.epam.jdi.light.driver.WebDriverFactory.getDriverException(WebDriverFactory.java:143)\n\tat com.epam.jdi.light.driver.WebDriverFactory.getDriverByName(WebDriverFactory.java:127)\n\tat com.jdiai.tools.func.JFunc1.execute(JFunc1.java:19)\n\t... 30 more\nCaused by: java.lang.RuntimeException: \nCan't run and register new driver 'chrome'\n\tat com.epam.jdi.light.common.Exceptions.exception(Exceptions.java:35)\n\tat com.epam.jdi.light.driver.WebDriverFactory.registerNewDriver(WebDriverFactory.java:90)\n\tat com.epam.jdi.light.driver.WebDriverFactory.getDriverFromName(WebDriverFactory.java:158)\n\tat com.epam.jdi.light.driver.WebDriverFactory.getDriverByName(WebDriverFactory.java:125)\n\t... 31 more\nCaused by: java.lang.RuntimeException: \nFailed to get valid driver 'chrome'\n\tat com.epam.jdi.light.common.Exceptions.runtimeException(Exceptions.java:17)\n\tat com.epam.jdi.light.driver.WebDriverFactory.getValidDriver(WebDriverFactory.java:113)\n\tat com.epam.jdi.light.driver.WebDriverFactory.registerNewDriver(WebDriverFactory.java:85)\n\t... 33 more\n","flaky":false,"newFailed":false,"newBroken":false,"newPassed":false,"retriesCount":0,"retriesStatusChange":false,"beforeStages":[{"name":"setUp","time":{"start":1668592179506,"stop":1668592190992,"duration":11486},"description":"","status":"broken","statusMessage":"\nCan't get WebDriver: chrome","statusTrace":"java.lang.RuntimeException: \nCan't get WebDriver: chrome\n\tat com.epam.jdi.light.common.Exceptions.exception(Exceptions.java:35)\n\tat com.epam.jdi.light.driver.WebDriverFactory.getDriver(WebDriverFactory.java:216)\n\tat com.epam.jdi.light.elements.common.WindowsManager.setWindowName(WindowsManager.java:87)\n\tat com.epam.jdi.light.elements.common.WindowsManager.openSiteTab(WindowsManager.java:51)\n\tat com.epam.jdi.light.elements.composite.WebPage.openSite(WebPage.java:153)\n\tat org.mytests.tests.TestsInit.setUp(TestsInit.java:18)\n\tat java.base/jdk.internal.reflect.NativeMethodAccessorImpl.invoke0(Native Method)\n\tat java.base/jdk.internal.reflect.NativeMethodAccessorImpl.invoke(NativeMethodAccessorImpl.java:62)\n\tat java.base/jdk.internal.reflect.DelegatingMethodAccessorImpl.invoke(DelegatingMethodAccessorImpl.java:43)\n\tat java.base/java.lang.reflect.Method.invoke(Method.java:567)\n\tat org.testng.internal.MethodInvocationHelper.invokeMethod(MethodInvocationHelper.java:124)\n\tat org.testng.internal.MethodInvocationHelper.invokeMethodConsideringTimeout(MethodInvocationHelper.java:59)\n\tat org.testng.internal.Invoker.invokeConfigurationMethod(Invoker.java:458)\n\tat org.testng.internal.Invoker.invokeConfigurations(Invoker.java:222)\n\tat org.testng.internal.Invoker.invokeConfigurations(Invoker.java:142)\n\tat org.testng.SuiteRunner.privateRun(SuiteRunner.java:401)\n\tat org.testng.SuiteRunner.run(SuiteRunner.java:364)\n\tat org.testng.SuiteRunnerWorker.runSuite(SuiteRunnerWorker.java:52)\n\tat org.testng.SuiteRunnerWorker.run(SuiteRunnerWorker.java:84)\n\tat org.testng.TestNG.runSuitesSequentially(TestNG.java:1208)\n\tat org.testng.TestNG.runSuitesLocally(TestNG.java:1137)\n\tat org.testng.TestNG.runSuites(TestNG.java:1049)\n\tat org.testng.TestNG.run(TestNG.java:1017)\n\tat org.apache.maven.surefire.testng.TestNGExecutor.run(TestNGExecutor.java:283)\n\tat org.apache.maven.surefire.testng.TestNGXmlTestSuite.execute(TestNGXmlTestSuite.java:75)\n\tat org.apache.maven.surefire.testng.TestNGProvider.invoke(TestNGProvider.java:120)\n\tat org.apache.maven.surefire.booter.ForkedBooter.invokeProviderInSameClassLoader(ForkedBooter.java:384)\n\tat org.apache.maven.surefire.booter.ForkedBooter.runSuitesInProcess(ForkedBooter.java:345)\n\tat org.apache.maven.surefire.booter.ForkedBooter.execute(ForkedBooter.java:126)\n\tat org.apache.maven.surefire.booter.ForkedBooter.main(ForkedBooter.java:418)\nCaused by: java.lang.RuntimeException: \nCan't get WebDriver: chrome\n\tat com.epam.jdi.light.common.Exceptions.exception(Exceptions.java:35)\n\tat com.epam.jdi.light.driver.WebDriverFactory.getDriver(WebDriverFactory.java:224)\n\tat com.epam.jdi.light.driver.WebDriverFactory.getDriver(WebDriverFactory.java:214)\n\t... 28 more\nCaused by: java.lang.RuntimeException: java.lang.RuntimeException: \nFailed to run downloaded driver CHROME:X64:105.0.5195.52. Please check that your browser and driver are compatible or use local driver with 'drivers.folder' property in test.properties'.\nDriverPath: /home/runner/.cache/selenium/chromedriver/linux64/107.0.5304.62/chromedriver\n\tat com.jdiai.tools.func.JFunc1.execute(JFunc1.java:21)\n\tat com.epam.jdi.light.driver.WebDriverFactory.getDriver(WebDriverFactory.java:222)\n\t... 29 more\nCaused by: java.lang.RuntimeException: \nFailed to run downloaded driver CHROME:X64:105.0.5195.52. Please check that your browser and driver are compatible or use local driver with 'drivers.folder' property in test.properties'.\nDriverPath: /home/runner/.cache/selenium/chromedriver/linux64/107.0.5304.62/chromedriver\n\tat com.epam.jdi.light.common.Exceptions.exception(Exceptions.java:35)\n\tat com.epam.jdi.light.driver.WebDriverFactory.getDriverException(WebDriverFactory.java:143)\n\tat com.epam.jdi.light.driver.WebDriverFactory.getDriverByName(WebDriverFactory.java:127)\n\tat com.jdiai.tools.func.JFunc1.execute(JFunc1.java:19)\n\t... 30 more\nCaused by: java.lang.RuntimeException: \nCan't run and register new driver 'chrome'\n\tat com.epam.jdi.light.common.Exceptions.exception(Exceptions.java:35)\n\tat com.epam.jdi.light.driver.WebDriverFactory.registerNewDriver(WebDriverFactory.java:90)\n\tat com.epam.jdi.light.driver.WebDriverFactory.getDriverFromName(WebDriverFactory.java:158)\n\tat com.epam.jdi.light.driver.WebDriverFactory.getDriverByName(WebDriverFactory.java:125)\n\t... 31 more\nCaused by: java.lang.RuntimeException: \nFailed to get valid driver 'chrome'\n\tat com.epam.jdi.light.common.Exceptions.runtimeException(Exceptions.java:17)\n\tat com.epam.jdi.light.driver.WebDriverFactory.getValidDriver(WebDriverFactory.java:113)\n\tat com.epam.jdi.light.driver.WebDriverFactory.registerNewDriver(WebDriverFactory.java:85)\n\t... 33 more\n","steps":[],"attachments":[],"parameters":[],"stepsCount":0,"attachmentsCount":0,"shouldDisplayMessage":true,"hasContent":true}],"afterStages":[{"name":"tearDown","time":{"start":1668592191281,"stop":1668592191281,"duration":0},"description":"","status":"passed","steps":[],"attachments":[],"parameters":[],"stepsCount":0,"attachmentsCount":0,"shouldDisplayMessage":false,"hasContent":false}],"labels":[{"name":"package","value":"org.mytests.tests.example.DataTableInteractTests"},{"name":"testClass","value":"org.mytests.tests.example.DataTableInteractTests"},{"name":"testMethod","value":"lineFilterTest"},{"name":"parentSuite","value":"JDI-Light Performance"},{"name":"suite","value":"Tests"},{"name":"subSuite","value":"org.mytests.tests.example.DataTableInteractTests"},{"name":"host","value":"fv-az623-35"},{"name":"thread","value":"3420@fv-az623-35.TestNG-test=Tests-1(35)"},{"name":"framework","value":"testng"},{"name":"language","value":"java"},{"name":"resultFormat","value":"allure2"}],"parameters":[],"links":[],"hidden":false,"retry":false,"extra":{"severity":"normal","retries":[],"categories":[],"history":{"statistic":{"failed":0,"broken":0,"skipped":37,"passed":1,"unknown":0,"total":38},"items":[{"uid":"ff340d33c71a91b0","reportUrl":"https://jdi-templates.github.io/jdi-light-browserstack/8//#testresult/ff340d33c71a91b0","status":"skipped","statusDetails":"\nCan't get WebDriver: chrome","time":{"start":1668592075806,"stop":1668592075806,"duration":0}},{"uid":"4b3bdd92f31e1ddc","reportUrl":"https://jdi-templates.github.io/jdi-light-browserstack/8//#testresult/4b3bdd92f31e1ddc","status":"skipped","statusDetails":"\nCan't get WebDriver: chrome","time":{"start":1668591965514,"stop":1668591965515,"duration":1}},{"uid":"70f7e7cfd22db35d","reportUrl":"https://jdi-templates.github.io/jdi-light-browserstack/8//#testresult/70f7e7cfd22db35d","status":"skipped","statusDetails":"\nCan't get WebDriver: chrome","time":{"start":1668591851794,"stop":1668591851794,"duration":0}},{"uid":"eef501037f9aeee8","reportUrl":"https://jdi-templates.github.io/jdi-light-browserstack/8//#testresult/eef501037f9aeee8","status":"skipped","statusDetails":"\nCan't get WebDriver: chrome","time":{"start":1668591736854,"stop":1668591736854,"duration":0}},{"uid":"1eaa0c4548004a0e","reportUrl":"https://jdi-templates.github.io/jdi-light-browserstack/8//#testresult/1eaa0c4548004a0e","status":"skipped","statusDetails":"\nCan't get WebDriver: chrome","time":{"start":1668591639933,"stop":1668591639933,"duration":0}},{"uid":"bc5f5736b20fe819","reportUrl":"https://jdi-templates.github.io/jdi-light-browserstack/7//#testresult/bc5f5736b20fe819","status":"skipped","statusDetails":"\nCan't get WebDriver: firefox","time":{"start":1668417319394,"stop":1668417319394,"duration":0}},{"uid":"36db0d8f6a20ce44","reportUrl":"https://jdi-templates.github.io/jdi-light-browserstack/7//#testresult/36db0d8f6a20ce44","status":"skipped","statusDetails":"\nCan't get WebDriver: firefox","time":{"start":1668417216350,"stop":1668417216350,"duration":0}},{"uid":"15c741742e5b2ee7","reportUrl":"https://jdi-templates.github.io/jdi-light-browserstack/7//#testresult/15c741742e5b2ee7","status":"skipped","statusDetails":"\nCan't get WebDriver: firefox","time":{"start":1668417116837,"stop":1668417116837,"duration":0}},{"uid":"3379e6b639c631fb","reportUrl":"https://jdi-templates.github.io/jdi-light-browserstack/7//#testresult/3379e6b639c631fb","status":"skipped","statusDetails":"\nCan't get WebDriver: firefox","time":{"start":1668417005506,"stop":1668417005506,"duration":0}},{"uid":"5032d3c21a3ff6a","reportUrl":"https://jdi-templates.github.io/jdi-light-browserstack/7//#testresult/5032d3c21a3ff6a","status":"skipped","statusDetails":"\nCan't get WebDriver: firefox","time":{"start":1668416878408,"stop":1668416878408,"duration":0}},{"uid":"950cc2f881389d89","reportUrl":"https://jdi-templates.github.io/jdi-light-browserstack/7//#testresult/950cc2f881389d89","status":"skipped","statusDetails":"\nCan't get WebDriver: firefox","time":{"start":1668416760672,"stop":1668416760673,"duration":1}},{"uid":"9e02ad2ed3949d63","reportUrl":"https://jdi-templates.github.io/jdi-light-browserstack/7//#testresult/9e02ad2ed3949d63","status":"skipped","statusDetails":"\nCan't get WebDriver: firefox","time":{"start":1668416656684,"stop":1668416656684,"duration":0}},{"uid":"b9684b8a622f745","reportUrl":"https://jdi-templates.github.io/jdi-light-browserstack/6//#testresult/b9684b8a622f745","status":"skipped","statusDetails":"\nCan't get WebDriver: firefox","time":{"start":1667992195627,"stop":1667992195627,"duration":0}},{"uid":"d3858a4d7c9baac6","reportUrl":"https://jdi-templates.github.io/jdi-light-browserstack/6//#testresult/d3858a4d7c9baac6","status":"skipped","statusDetails":"\nCan't get WebDriver: firefox","time":{"start":1667992079350,"stop":1667992079351,"duration":1}},{"uid":"1f668c29f19ac2b9","reportUrl":"https://jdi-templates.github.io/jdi-light-browserstack/6//#testresult/1f668c29f19ac2b9","status":"skipped","statusDetails":"\nCan't get WebDriver: firefox","time":{"start":1667991973625,"stop":1667991973625,"duration":0}},{"uid":"145797997c83f37a","reportUrl":"https://jdi-templates.github.io/jdi-light-browserstack/6//#testresult/145797997c83f37a","status":"skipped","statusDetails":"\nCan't get WebDriver: firefox","time":{"start":1667991873186,"stop":1667991873186,"duration":0}},{"uid":"43b1081b3af70b3c","reportUrl":"https://jdi-templates.github.io/jdi-light-browserstack/6//#testresult/43b1081b3af70b3c","status":"skipped","statusDetails":"\nCan't get WebDriver: firefox","time":{"start":1667991759115,"stop":1667991759115,"duration":0}},{"uid":"a1a1f7658959974e","reportUrl":"https://jdi-templates.github.io/jdi-light-browserstack/6//#testresult/a1a1f7658959974e","status":"skipped","statusDetails":"\nCan't get WebDriver: firefox","time":{"start":1667991671552,"stop":1667991671552,"duration":0}},{"uid":"3558ec4dc2e150d2","reportUrl":"https://jdi-templates.github.io/jdi-light-browserstack/6//#testresult/3558ec4dc2e150d2","status":"skipped","statusDetails":"\nCan't get WebDriver: firefox","time":{"start":1667991568972,"stop":1667991568972,"duration":0}},{"uid":"b1f8f53d03ead5a4","reportUrl":"https://jdi-templates.github.io/jdi-light-browserstack/6//#testresult/b1f8f53d03ead5a4","status":"skipped","statusDetails":"\nCan't get WebDriver: firefox","time":{"start":1667991465251,"stop":1667991465251,"duration":0}}]},"tags":[]},"source":"2d713de53021a9a.json","parameterValues":[]}