{"uid":"2f520eba6d12e7fc","name":"fillContactFormTest","fullName":"org.mytests.tests.example.FormTests.fillContactFormTest","historyId":"8e41cf811ea4cbd476913f3a9fb7c08c","time":{"start":1668592425398,"stop":1668592425398,"duration":0},"status":"skipped","statusMessage":"\nCan't get WebDriver: chrome","statusTrace":"java.lang.RuntimeException: \nCan't get WebDriver: chrome\n\tat com.epam.jdi.light.common.Exceptions.exception(Exceptions.java:35)\n\tat com.epam.jdi.light.driver.WebDriverFactory.getDriver(WebDriverFactory.java:216)\n\tat com.epam.jdi.light.elements.common.WindowsManager.setWindowName(WindowsManager.java:87)\n\tat com.epam.jdi.light.elements.common.WindowsManager.openSiteTab(WindowsManager.java:51)\n\tat com.epam.jdi.light.elements.composite.WebPage.openSite(WebPage.java:153)\n\tat org.mytests.tests.TestsInit.setUp(TestsInit.java:18)\n\tat java.base/jdk.internal.reflect.NativeMethodAccessorImpl.invoke0(Native Method)\n\tat java.base/jdk.internal.reflect.NativeMethodAccessorImpl.invoke(NativeMethodAccessorImpl.java:64)\n\tat java.base/jdk.internal.reflect.DelegatingMethodAccessorImpl.invoke(DelegatingMethodAccessorImpl.java:43)\n\tat java.base/java.lang.reflect.Method.invoke(Method.java:564)\n\tat org.testng.internal.MethodInvocationHelper.invokeMethod(MethodInvocationHelper.java:124)\n\tat org.testng.internal.MethodInvocationHelper.invokeMethodConsideringTimeout(MethodInvocationHelper.java:59)\n\tat org.testng.internal.Invoker.invokeConfigurationMethod(Invoker.java:458)\n\tat org.testng.internal.Invoker.invokeConfigurations(Invoker.java:222)\n\tat org.testng.internal.Invoker.invokeConfigurations(Invoker.java:142)\n\tat org.testng.SuiteRunner.privateRun(SuiteRunner.java:401)\n\tat org.testng.SuiteRunner.run(SuiteRunner.java:364)\n\tat org.testng.SuiteRunnerWorker.runSuite(SuiteRunnerWorker.java:52)\n\tat org.testng.SuiteRunnerWorker.run(SuiteRunnerWorker.java:84)\n\tat org.testng.TestNG.runSuitesSequentially(TestNG.java:1208)\n\tat org.testng.TestNG.runSuitesLocally(TestNG.java:1137)\n\tat org.testng.TestNG.runSuites(TestNG.java:1049)\n\tat org.testng.TestNG.run(TestNG.java:1017)\n\tat org.apache.maven.surefire.testng.TestNGExecutor.run(TestNGExecutor.java:283)\n\tat org.apache.maven.surefire.testng.TestNGXmlTestSuite.execute(TestNGXmlTestSuite.java:75)\n\tat org.apache.maven.surefire.testng.TestNGProvider.invoke(TestNGProvider.java:120)\n\tat org.apache.maven.surefire.booter.ForkedBooter.invokeProviderInSameClassLoader(ForkedBooter.java:384)\n\tat org.apache.maven.surefire.booter.ForkedBooter.runSuitesInProcess(ForkedBooter.java:345)\n\tat org.apache.maven.surefire.booter.ForkedBooter.execute(ForkedBooter.java:126)\n\tat org.apache.maven.surefire.booter.ForkedBooter.main(ForkedBooter.java:418)\nCaused by: java.lang.RuntimeException: \nCan't get WebDriver: chrome\n\tat com.epam.jdi.light.common.Exceptions.exception(Exceptions.java:35)\n\tat com.epam.jdi.light.driver.WebDriverFactory.getDriver(WebDriverFactory.java:224)\n\tat com.epam.jdi.light.driver.WebDriverFactory.getDriver(WebDriverFactory.java:214)\n\t... 28 more\nCaused by: java.lang.RuntimeException: java.lang.RuntimeException: \nFailed to run downloaded driver CHROME:X64:105.0.5195.52. Please check that your browser and driver are compatible or use local driver with 'drivers.folder' property in test.properties'.\nDriverPath: /home/runner/.cache/selenium/chromedriver/linux64/107.0.5304.62/chromedriver\n\tat com.jdiai.tools.func.JFunc1.execute(JFunc1.java:21)\n\tat com.epam.jdi.light.driver.WebDriverFactory.getDriver(WebDriverFactory.java:222)\n\t... 29 more\nCaused by: java.lang.RuntimeException: \nFailed to run downloaded driver CHROME:X64:105.0.5195.52. Please check that your browser and driver are compatible or use local driver with 'drivers.folder' property in test.properties'.\nDriverPath: /home/runner/.cache/selenium/chromedriver/linux64/107.0.5304.62/chromedriver\n\tat com.epam.jdi.light.common.Exceptions.exception(Exceptions.java:35)\n\tat com.epam.jdi.light.driver.WebDriverFactory.getDriverException(WebDriverFactory.java:143)\n\tat com.epam.jdi.light.driver.WebDriverFactory.getDriverByName(WebDriverFactory.java:127)\n\tat com.jdiai.tools.func.JFunc1.execute(JFunc1.java:19)\n\t... 30 more\nCaused by: java.lang.RuntimeException: \nCan't run and register new driver 'chrome'\n\tat com.epam.jdi.light.common.Exceptions.exception(Exceptions.java:35)\n\tat com.epam.jdi.light.driver.WebDriverFactory.registerNewDriver(WebDriverFactory.java:90)\n\tat com.epam.jdi.light.driver.WebDriverFactory.getDriverFromName(WebDriverFactory.java:158)\n\tat com.epam.jdi.light.driver.WebDriverFactory.getDriverByName(WebDriverFactory.java:125)\n\t... 31 more\nCaused by: java.lang.RuntimeException: \nFailed to get valid driver 'chrome'\n\tat com.epam.jdi.light.common.Exceptions.runtimeException(Exceptions.java:17)\n\tat com.epam.jdi.light.driver.WebDriverFactory.getValidDriver(WebDriverFactory.java:113)\n\tat com.epam.jdi.light.driver.WebDriverFactory.registerNewDriver(WebDriverFactory.java:85)\n\t... 33 more\n","flaky":false,"newFailed":false,"newBroken":false,"newPassed":false,"retriesCount":0,"retriesStatusChange":false,"beforeStages":[{"name":"setUp","time":{"start":1668592417863,"stop":1668592425191,"duration":7328},"description":"","status":"broken","statusMessage":"\nCan't get WebDriver: chrome","statusTrace":"java.lang.RuntimeException: \nCan't get WebDriver: chrome\n\tat com.epam.jdi.light.common.Exceptions.exception(Exceptions.java:35)\n\tat com.epam.jdi.light.driver.WebDriverFactory.getDriver(WebDriverFactory.java:216)\n\tat com.epam.jdi.light.elements.common.WindowsManager.setWindowName(WindowsManager.java:87)\n\tat com.epam.jdi.light.elements.common.WindowsManager.openSiteTab(WindowsManager.java:51)\n\tat com.epam.jdi.light.elements.composite.WebPage.openSite(WebPage.java:153)\n\tat org.mytests.tests.TestsInit.setUp(TestsInit.java:18)\n\tat java.base/jdk.internal.reflect.NativeMethodAccessorImpl.invoke0(Native Method)\n\tat java.base/jdk.internal.reflect.NativeMethodAccessorImpl.invoke(NativeMethodAccessorImpl.java:64)\n\tat java.base/jdk.internal.reflect.DelegatingMethodAccessorImpl.invoke(DelegatingMethodAccessorImpl.java:43)\n\tat java.base/java.lang.reflect.Method.invoke(Method.java:564)\n\tat org.testng.internal.MethodInvocationHelper.invokeMethod(MethodInvocationHelper.java:124)\n\tat org.testng.internal.MethodInvocationHelper.invokeMethodConsideringTimeout(MethodInvocationHelper.java:59)\n\tat org.testng.internal.Invoker.invokeConfigurationMethod(Invoker.java:458)\n\tat org.testng.internal.Invoker.invokeConfigurations(Invoker.java:222)\n\tat org.testng.internal.Invoker.invokeConfigurations(Invoker.java:142)\n\tat org.testng.SuiteRunner.privateRun(SuiteRunner.java:401)\n\tat org.testng.SuiteRunner.run(SuiteRunner.java:364)\n\tat org.testng.SuiteRunnerWorker.runSuite(SuiteRunnerWorker.java:52)\n\tat org.testng.SuiteRunnerWorker.run(SuiteRunnerWorker.java:84)\n\tat org.testng.TestNG.runSuitesSequentially(TestNG.java:1208)\n\tat org.testng.TestNG.runSuitesLocally(TestNG.java:1137)\n\tat org.testng.TestNG.runSuites(TestNG.java:1049)\n\tat org.testng.TestNG.run(TestNG.java:1017)\n\tat org.apache.maven.surefire.testng.TestNGExecutor.run(TestNGExecutor.java:283)\n\tat org.apache.maven.surefire.testng.TestNGXmlTestSuite.execute(TestNGXmlTestSuite.java:75)\n\tat org.apache.maven.surefire.testng.TestNGProvider.invoke(TestNGProvider.java:120)\n\tat org.apache.maven.surefire.booter.ForkedBooter.invokeProviderInSameClassLoader(ForkedBooter.java:384)\n\tat org.apache.maven.surefire.booter.ForkedBooter.runSuitesInProcess(ForkedBooter.java:345)\n\tat org.apache.maven.surefire.booter.ForkedBooter.execute(ForkedBooter.java:126)\n\tat org.apache.maven.surefire.booter.ForkedBooter.main(ForkedBooter.java:418)\nCaused by: java.lang.RuntimeException: \nCan't get WebDriver: chrome\n\tat com.epam.jdi.light.common.Exceptions.exception(Exceptions.java:35)\n\tat com.epam.jdi.light.driver.WebDriverFactory.getDriver(WebDriverFactory.java:224)\n\tat com.epam.jdi.light.driver.WebDriverFactory.getDriver(WebDriverFactory.java:214)\n\t... 28 more\nCaused by: java.lang.RuntimeException: java.lang.RuntimeException: \nFailed to run downloaded driver CHROME:X64:105.0.5195.52. Please check that your browser and driver are compatible or use local driver with 'drivers.folder' property in test.properties'.\nDriverPath: /home/runner/.cache/selenium/chromedriver/linux64/107.0.5304.62/chromedriver\n\tat com.jdiai.tools.func.JFunc1.execute(JFunc1.java:21)\n\tat com.epam.jdi.light.driver.WebDriverFactory.getDriver(WebDriverFactory.java:222)\n\t... 29 more\nCaused by: java.lang.RuntimeException: \nFailed to run downloaded driver CHROME:X64:105.0.5195.52. Please check that your browser and driver are compatible or use local driver with 'drivers.folder' property in test.properties'.\nDriverPath: /home/runner/.cache/selenium/chromedriver/linux64/107.0.5304.62/chromedriver\n\tat com.epam.jdi.light.common.Exceptions.exception(Exceptions.java:35)\n\tat com.epam.jdi.light.driver.WebDriverFactory.getDriverException(WebDriverFactory.java:143)\n\tat com.epam.jdi.light.driver.WebDriverFactory.getDriverByName(WebDriverFactory.java:127)\n\tat com.jdiai.tools.func.JFunc1.execute(JFunc1.java:19)\n\t... 30 more\nCaused by: java.lang.RuntimeException: \nCan't run and register new driver 'chrome'\n\tat com.epam.jdi.light.common.Exceptions.exception(Exceptions.java:35)\n\tat com.epam.jdi.light.driver.WebDriverFactory.registerNewDriver(WebDriverFactory.java:90)\n\tat com.epam.jdi.light.driver.WebDriverFactory.getDriverFromName(WebDriverFactory.java:158)\n\tat com.epam.jdi.light.driver.WebDriverFactory.getDriverByName(WebDriverFactory.java:125)\n\t... 31 more\nCaused by: java.lang.RuntimeException: \nFailed to get valid driver 'chrome'\n\tat com.epam.jdi.light.common.Exceptions.runtimeException(Exceptions.java:17)\n\tat com.epam.jdi.light.driver.WebDriverFactory.getValidDriver(WebDriverFactory.java:113)\n\tat com.epam.jdi.light.driver.WebDriverFactory.registerNewDriver(WebDriverFactory.java:85)\n\t... 33 more\n","steps":[],"attachments":[],"parameters":[],"stepsCount":0,"attachmentsCount":0,"shouldDisplayMessage":true,"hasContent":true}],"afterStages":[{"name":"tearDown","time":{"start":1668592425428,"stop":1668592425429,"duration":1},"description":"","status":"passed","steps":[],"attachments":[],"parameters":[],"stepsCount":0,"attachmentsCount":0,"shouldDisplayMessage":false,"hasContent":false}],"labels":[{"name":"package","value":"org.mytests.tests.example.FormTests"},{"name":"testClass","value":"org.mytests.tests.example.FormTests"},{"name":"testMethod","value":"fillContactFormTest"},{"name":"parentSuite","value":"JDI-Light Performance"},{"name":"suite","value":"Tests"},{"name":"subSuite","value":"org.mytests.tests.example.FormTests"},{"name":"host","value":"fv-az197-121"},{"name":"thread","value":"3500@fv-az197-121.TestNG-test=Tests-3(38)"},{"name":"framework","value":"testng"},{"name":"language","value":"java"},{"name":"resultFormat","value":"allure2"}],"parameters":[],"links":[],"hidden":false,"retry":false,"extra":{"severity":"normal","retries":[],"categories":[],"history":{"statistic":{"failed":0,"broken":0,"skipped":40,"passed":1,"unknown":0,"total":41},"items":[{"uid":"f4d34c66028cb18c","reportUrl":"https://jdi-templates.github.io/jdi-light-browserstack/9//#testresult/f4d34c66028cb18c","status":"skipped","statusDetails":"\nCan't get WebDriver: chrome","time":{"start":1668592330544,"stop":1668592330546,"duration":2}},{"uid":"785ac50b747448df","reportUrl":"https://jdi-templates.github.io/jdi-light-browserstack/8//#testresult/785ac50b747448df","status":"skipped","statusDetails":"\nCan't get WebDriver: chrome","time":{"start":1668592306703,"stop":1668592306704,"duration":1}},{"uid":"a3544a55a20ec628","reportUrl":"https://jdi-templates.github.io/jdi-light-browserstack/8//#testresult/a3544a55a20ec628","status":"skipped","statusDetails":"\nCan't get WebDriver: chrome","time":{"start":1668592191236,"stop":1668592191237,"duration":1}},{"uid":"570e5c7c5ecb1c1b","reportUrl":"https://jdi-templates.github.io/jdi-light-browserstack/8//#testresult/570e5c7c5ecb1c1b","status":"skipped","statusDetails":"\nCan't get WebDriver: chrome","time":{"start":1668592075782,"stop":1668592075782,"duration":0}},{"uid":"9f8da4b30ffef7eb","reportUrl":"https://jdi-templates.github.io/jdi-light-browserstack/8//#testresult/9f8da4b30ffef7eb","status":"skipped","statusDetails":"\nCan't get WebDriver: chrome","time":{"start":1668591965477,"stop":1668591965477,"duration":0}},{"uid":"37b401d4087e0310","reportUrl":"https://jdi-templates.github.io/jdi-light-browserstack/8//#testresult/37b401d4087e0310","status":"skipped","statusDetails":"\nCan't get WebDriver: chrome","time":{"start":1668591851700,"stop":1668591851701,"duration":1}},{"uid":"59d5546ddadcf923","reportUrl":"https://jdi-templates.github.io/jdi-light-browserstack/8//#testresult/59d5546ddadcf923","status":"skipped","statusDetails":"\nCan't get WebDriver: chrome","time":{"start":1668591736819,"stop":1668591736819,"duration":0}},{"uid":"fa340b1e049a0960","reportUrl":"https://jdi-templates.github.io/jdi-light-browserstack/8//#testresult/fa340b1e049a0960","status":"skipped","statusDetails":"\nCan't get WebDriver: chrome","time":{"start":1668591639905,"stop":1668591639905,"duration":0}},{"uid":"82f793e5c8968c58","reportUrl":"https://jdi-templates.github.io/jdi-light-browserstack/7//#testresult/82f793e5c8968c58","status":"skipped","statusDetails":"\nCan't get WebDriver: firefox","time":{"start":1668417319385,"stop":1668417319385,"duration":0}},{"uid":"e062d978c849f82f","reportUrl":"https://jdi-templates.github.io/jdi-light-browserstack/7//#testresult/e062d978c849f82f","status":"skipped","statusDetails":"\nCan't get WebDriver: firefox","time":{"start":1668417216334,"stop":1668417216334,"duration":0}},{"uid":"8af7030fefdb2f8","reportUrl":"https://jdi-templates.github.io/jdi-light-browserstack/7//#testresult/8af7030fefdb2f8","status":"skipped","statusDetails":"\nCan't get WebDriver: firefox","time":{"start":1668417116825,"stop":1668417116826,"duration":1}},{"uid":"2f01fdf38fad3560","reportUrl":"https://jdi-templates.github.io/jdi-light-browserstack/7//#testresult/2f01fdf38fad3560","status":"skipped","statusDetails":"\nCan't get WebDriver: firefox","time":{"start":1668417005478,"stop":1668417005479,"duration":1}},{"uid":"dd0b94fe2fe1efbe","reportUrl":"https://jdi-templates.github.io/jdi-light-browserstack/7//#testresult/dd0b94fe2fe1efbe","status":"skipped","statusDetails":"\nCan't get WebDriver: firefox","time":{"start":1668416878361,"stop":1668416878361,"duration":0}},{"uid":"e70b07cd926ee432","reportUrl":"https://jdi-templates.github.io/jdi-light-browserstack/7//#testresult/e70b07cd926ee432","status":"skipped","statusDetails":"\nCan't get WebDriver: firefox","time":{"start":1668416760629,"stop":1668416760629,"duration":0}},{"uid":"6291456f72fa901a","reportUrl":"https://jdi-templates.github.io/jdi-light-browserstack/7//#testresult/6291456f72fa901a","status":"skipped","statusDetails":"\nCan't get WebDriver: firefox","time":{"start":1668416656625,"stop":1668416656625,"duration":0}},{"uid":"dd9479cb774f445","reportUrl":"https://jdi-templates.github.io/jdi-light-browserstack/6//#testresult/dd9479cb774f445","status":"skipped","statusDetails":"\nCan't get WebDriver: firefox","time":{"start":1667992195623,"stop":1667992195623,"duration":0}},{"uid":"fa1fa07be284df25","reportUrl":"https://jdi-templates.github.io/jdi-light-browserstack/6//#testresult/fa1fa07be284df25","status":"skipped","statusDetails":"\nCan't get WebDriver: firefox","time":{"start":1667992079314,"stop":1667992079314,"duration":0}},{"uid":"db8cdc6c27e3470e","reportUrl":"https://jdi-templates.github.io/jdi-light-browserstack/6//#testresult/db8cdc6c27e3470e","status":"skipped","statusDetails":"\nCan't get WebDriver: firefox","time":{"start":1667991973595,"stop":1667991973596,"duration":1}},{"uid":"62d6ec7091332a12","reportUrl":"https://jdi-templates.github.io/jdi-light-browserstack/6//#testresult/62d6ec7091332a12","status":"skipped","statusDetails":"\nCan't get WebDriver: firefox","time":{"start":1667991873140,"stop":1667991873141,"duration":1}},{"uid":"3bd34936cae002c","reportUrl":"https://jdi-templates.github.io/jdi-light-browserstack/6//#testresult/3bd34936cae002c","status":"skipped","statusDetails":"\nCan't get WebDriver: firefox","time":{"start":1667991759080,"stop":1667991759080,"duration":0}}]},"tags":[]},"source":"2f520eba6d12e7fc.json","parameterValues":[]}