{"uid":"3599966b97f949b5","name":"bigDropdownTest","fullName":"org.mytests.tests.example.JDIPerformanceTests.bigDropdownTest","historyId":"c4bb9e6216d2b756575eb4b1a0e8d5b3","time":{"start":1668591851703,"stop":1668591851703,"duration":0},"status":"skipped","statusMessage":"\nCan't get WebDriver: chrome","statusTrace":"java.lang.RuntimeException: \nCan't get WebDriver: chrome\n\tat com.epam.jdi.light.common.Exceptions.exception(Exceptions.java:35)\n\tat com.epam.jdi.light.driver.WebDriverFactory.getDriver(WebDriverFactory.java:216)\n\tat com.epam.jdi.light.elements.common.WindowsManager.setWindowName(WindowsManager.java:87)\n\tat com.epam.jdi.light.elements.common.WindowsManager.openSiteTab(WindowsManager.java:51)\n\tat com.epam.jdi.light.elements.composite.WebPage.openSite(WebPage.java:153)\n\tat org.mytests.tests.TestsInit.setUp(TestsInit.java:18)\n\tat java.base/jdk.internal.reflect.NativeMethodAccessorImpl.invoke0(Native Method)\n\tat java.base/jdk.internal.reflect.NativeMethodAccessorImpl.invoke(NativeMethodAccessorImpl.java:62)\n\tat java.base/jdk.internal.reflect.DelegatingMethodAccessorImpl.invoke(DelegatingMethodAccessorImpl.java:43)\n\tat java.base/java.lang.reflect.Method.invoke(Method.java:564)\n\tat org.testng.internal.MethodInvocationHelper.invokeMethod(MethodInvocationHelper.java:124)\n\tat org.testng.internal.MethodInvocationHelper.invokeMethodConsideringTimeout(MethodInvocationHelper.java:59)\n\tat org.testng.internal.Invoker.invokeConfigurationMethod(Invoker.java:458)\n\tat org.testng.internal.Invoker.invokeConfigurations(Invoker.java:222)\n\tat org.testng.internal.Invoker.invokeConfigurations(Invoker.java:142)\n\tat org.testng.SuiteRunner.privateRun(SuiteRunner.java:401)\n\tat org.testng.SuiteRunner.run(SuiteRunner.java:364)\n\tat org.testng.SuiteRunnerWorker.runSuite(SuiteRunnerWorker.java:52)\n\tat org.testng.SuiteRunnerWorker.run(SuiteRunnerWorker.java:84)\n\tat org.testng.TestNG.runSuitesSequentially(TestNG.java:1208)\n\tat org.testng.TestNG.runSuitesLocally(TestNG.java:1137)\n\tat org.testng.TestNG.runSuites(TestNG.java:1049)\n\tat org.testng.TestNG.run(TestNG.java:1017)\n\tat org.apache.maven.surefire.testng.TestNGExecutor.run(TestNGExecutor.java:283)\n\tat org.apache.maven.surefire.testng.TestNGXmlTestSuite.execute(TestNGXmlTestSuite.java:75)\n\tat org.apache.maven.surefire.testng.TestNGProvider.invoke(TestNGProvider.java:120)\n\tat org.apache.maven.surefire.booter.ForkedBooter.invokeProviderInSameClassLoader(ForkedBooter.java:384)\n\tat org.apache.maven.surefire.booter.ForkedBooter.runSuitesInProcess(ForkedBooter.java:345)\n\tat org.apache.maven.surefire.booter.ForkedBooter.execute(ForkedBooter.java:126)\n\tat org.apache.maven.surefire.booter.ForkedBooter.main(ForkedBooter.java:418)\nCaused by: java.lang.RuntimeException: \nCan't get WebDriver: chrome\n\tat com.epam.jdi.light.common.Exceptions.exception(Exceptions.java:35)\n\tat com.epam.jdi.light.driver.WebDriverFactory.getDriver(WebDriverFactory.java:224)\n\tat com.epam.jdi.light.driver.WebDriverFactory.getDriver(WebDriverFactory.java:214)\n\t... 28 more\nCaused by: java.lang.RuntimeException: java.lang.RuntimeException: \nFailed to run downloaded driver CHROME:X64:105.0.5195.52. Please check that your browser and driver are compatible or use local driver with 'drivers.folder' property in test.properties'.\nDriverPath: /home/runner/.cache/selenium/chromedriver/linux64/107.0.5304.62/chromedriver\n\tat com.jdiai.tools.func.JFunc1.execute(JFunc1.java:21)\n\tat com.epam.jdi.light.driver.WebDriverFactory.getDriver(WebDriverFactory.java:222)\n\t... 29 more\nCaused by: java.lang.RuntimeException: \nFailed to run downloaded driver CHROME:X64:105.0.5195.52. Please check that your browser and driver are compatible or use local driver with 'drivers.folder' property in test.properties'.\nDriverPath: /home/runner/.cache/selenium/chromedriver/linux64/107.0.5304.62/chromedriver\n\tat com.epam.jdi.light.common.Exceptions.exception(Exceptions.java:35)\n\tat com.epam.jdi.light.driver.WebDriverFactory.getDriverException(WebDriverFactory.java:143)\n\tat com.epam.jdi.light.driver.WebDriverFactory.getDriverByName(WebDriverFactory.java:127)\n\tat com.jdiai.tools.func.JFunc1.execute(JFunc1.java:19)\n\t... 30 more\nCaused by: java.lang.RuntimeException: \nCan't run and register new driver 'chrome'\n\tat com.epam.jdi.light.common.Exceptions.exception(Exceptions.java:35)\n\tat com.epam.jdi.light.driver.WebDriverFactory.registerNewDriver(WebDriverFactory.java:90)\n\tat com.epam.jdi.light.driver.WebDriverFactory.getDriverFromName(WebDriverFactory.java:158)\n\tat com.epam.jdi.light.driver.WebDriverFactory.getDriverByName(WebDriverFactory.java:125)\n\t... 31 more\nCaused by: java.lang.RuntimeException: \nFailed to get valid driver 'chrome'\n\tat com.epam.jdi.light.common.Exceptions.runtimeException(Exceptions.java:17)\n\tat com.epam.jdi.light.driver.WebDriverFactory.getValidDriver(WebDriverFactory.java:113)\n\tat com.epam.jdi.light.driver.WebDriverFactory.registerNewDriver(WebDriverFactory.java:85)\n\t... 33 more\n","flaky":false,"newFailed":false,"newBroken":false,"newPassed":false,"retriesCount":0,"retriesStatusChange":false,"beforeStages":[{"name":"setUp","time":{"start":1668591841919,"stop":1668591851545,"duration":9626},"description":"","status":"broken","statusMessage":"\nCan't get WebDriver: chrome","statusTrace":"java.lang.RuntimeException: \nCan't get WebDriver: chrome\n\tat com.epam.jdi.light.common.Exceptions.exception(Exceptions.java:35)\n\tat com.epam.jdi.light.driver.WebDriverFactory.getDriver(WebDriverFactory.java:216)\n\tat com.epam.jdi.light.elements.common.WindowsManager.setWindowName(WindowsManager.java:87)\n\tat com.epam.jdi.light.elements.common.WindowsManager.openSiteTab(WindowsManager.java:51)\n\tat com.epam.jdi.light.elements.composite.WebPage.openSite(WebPage.java:153)\n\tat org.mytests.tests.TestsInit.setUp(TestsInit.java:18)\n\tat java.base/jdk.internal.reflect.NativeMethodAccessorImpl.invoke0(Native Method)\n\tat java.base/jdk.internal.reflect.NativeMethodAccessorImpl.invoke(NativeMethodAccessorImpl.java:62)\n\tat java.base/jdk.internal.reflect.DelegatingMethodAccessorImpl.invoke(DelegatingMethodAccessorImpl.java:43)\n\tat java.base/java.lang.reflect.Method.invoke(Method.java:564)\n\tat org.testng.internal.MethodInvocationHelper.invokeMethod(MethodInvocationHelper.java:124)\n\tat org.testng.internal.MethodInvocationHelper.invokeMethodConsideringTimeout(MethodInvocationHelper.java:59)\n\tat org.testng.internal.Invoker.invokeConfigurationMethod(Invoker.java:458)\n\tat org.testng.internal.Invoker.invokeConfigurations(Invoker.java:222)\n\tat org.testng.internal.Invoker.invokeConfigurations(Invoker.java:142)\n\tat org.testng.SuiteRunner.privateRun(SuiteRunner.java:401)\n\tat org.testng.SuiteRunner.run(SuiteRunner.java:364)\n\tat org.testng.SuiteRunnerWorker.runSuite(SuiteRunnerWorker.java:52)\n\tat org.testng.SuiteRunnerWorker.run(SuiteRunnerWorker.java:84)\n\tat org.testng.TestNG.runSuitesSequentially(TestNG.java:1208)\n\tat org.testng.TestNG.runSuitesLocally(TestNG.java:1137)\n\tat org.testng.TestNG.runSuites(TestNG.java:1049)\n\tat org.testng.TestNG.run(TestNG.java:1017)\n\tat org.apache.maven.surefire.testng.TestNGExecutor.run(TestNGExecutor.java:283)\n\tat org.apache.maven.surefire.testng.TestNGXmlTestSuite.execute(TestNGXmlTestSuite.java:75)\n\tat org.apache.maven.surefire.testng.TestNGProvider.invoke(TestNGProvider.java:120)\n\tat org.apache.maven.surefire.booter.ForkedBooter.invokeProviderInSameClassLoader(ForkedBooter.java:384)\n\tat org.apache.maven.surefire.booter.ForkedBooter.runSuitesInProcess(ForkedBooter.java:345)\n\tat org.apache.maven.surefire.booter.ForkedBooter.execute(ForkedBooter.java:126)\n\tat org.apache.maven.surefire.booter.ForkedBooter.main(ForkedBooter.java:418)\nCaused by: java.lang.RuntimeException: \nCan't get WebDriver: chrome\n\tat com.epam.jdi.light.common.Exceptions.exception(Exceptions.java:35)\n\tat com.epam.jdi.light.driver.WebDriverFactory.getDriver(WebDriverFactory.java:224)\n\tat com.epam.jdi.light.driver.WebDriverFactory.getDriver(WebDriverFactory.java:214)\n\t... 28 more\nCaused by: java.lang.RuntimeException: java.lang.RuntimeException: \nFailed to run downloaded driver CHROME:X64:105.0.5195.52. Please check that your browser and driver are compatible or use local driver with 'drivers.folder' property in test.properties'.\nDriverPath: /home/runner/.cache/selenium/chromedriver/linux64/107.0.5304.62/chromedriver\n\tat com.jdiai.tools.func.JFunc1.execute(JFunc1.java:21)\n\tat com.epam.jdi.light.driver.WebDriverFactory.getDriver(WebDriverFactory.java:222)\n\t... 29 more\nCaused by: java.lang.RuntimeException: \nFailed to run downloaded driver CHROME:X64:105.0.5195.52. Please check that your browser and driver are compatible or use local driver with 'drivers.folder' property in test.properties'.\nDriverPath: /home/runner/.cache/selenium/chromedriver/linux64/107.0.5304.62/chromedriver\n\tat com.epam.jdi.light.common.Exceptions.exception(Exceptions.java:35)\n\tat com.epam.jdi.light.driver.WebDriverFactory.getDriverException(WebDriverFactory.java:143)\n\tat com.epam.jdi.light.driver.WebDriverFactory.getDriverByName(WebDriverFactory.java:127)\n\tat com.jdiai.tools.func.JFunc1.execute(JFunc1.java:19)\n\t... 30 more\nCaused by: java.lang.RuntimeException: \nCan't run and register new driver 'chrome'\n\tat com.epam.jdi.light.common.Exceptions.exception(Exceptions.java:35)\n\tat com.epam.jdi.light.driver.WebDriverFactory.registerNewDriver(WebDriverFactory.java:90)\n\tat com.epam.jdi.light.driver.WebDriverFactory.getDriverFromName(WebDriverFactory.java:158)\n\tat com.epam.jdi.light.driver.WebDriverFactory.getDriverByName(WebDriverFactory.java:125)\n\t... 31 more\nCaused by: java.lang.RuntimeException: \nFailed to get valid driver 'chrome'\n\tat com.epam.jdi.light.common.Exceptions.runtimeException(Exceptions.java:17)\n\tat com.epam.jdi.light.driver.WebDriverFactory.getValidDriver(WebDriverFactory.java:113)\n\tat com.epam.jdi.light.driver.WebDriverFactory.registerNewDriver(WebDriverFactory.java:85)\n\t... 33 more\n","steps":[],"attachments":[],"parameters":[],"stepsCount":0,"attachmentsCount":0,"shouldDisplayMessage":true,"hasContent":true}],"afterStages":[{"name":"tearDown","time":{"start":1668591851817,"stop":1668591851817,"duration":0},"description":"","status":"passed","steps":[],"attachments":[],"parameters":[],"stepsCount":0,"attachmentsCount":0,"shouldDisplayMessage":false,"hasContent":false}],"labels":[{"name":"package","value":"org.mytests.tests.example.JDIPerformanceTests"},{"name":"testClass","value":"org.mytests.tests.example.JDIPerformanceTests"},{"name":"testMethod","value":"bigDropdownTest"},{"name":"parentSuite","value":"JDI-Light Performance"},{"name":"suite","value":"Tests"},{"name":"subSuite","value":"org.mytests.tests.example.JDIPerformanceTests"},{"name":"host","value":"fv-az295-367"},{"name":"thread","value":"3438@fv-az295-367.TestNG-test=Tests-4(39)"},{"name":"framework","value":"testng"},{"name":"language","value":"java"},{"name":"resultFormat","value":"allure2"}],"parameters":[],"links":[],"hidden":false,"retry":false,"extra":{"severity":"normal","retries":[],"categories":[],"history":{"statistic":{"failed":0,"broken":0,"skipped":34,"passed":1,"unknown":0,"total":35},"items":[{"uid":"36cd620b95fed57f","reportUrl":"https://jdi-templates.github.io/jdi-light-browserstack/8//#testresult/36cd620b95fed57f","status":"skipped","statusDetails":"\nCan't get WebDriver: chrome","time":{"start":1668591736834,"stop":1668591736834,"duration":0}},{"uid":"dad5c408d98cf380","reportUrl":"https://jdi-templates.github.io/jdi-light-browserstack/8//#testresult/dad5c408d98cf380","status":"skipped","statusDetails":"\nCan't get WebDriver: chrome","time":{"start":1668591639912,"stop":1668591639915,"duration":3}},{"uid":"1cdf6752fc652a2d","reportUrl":"https://jdi-templates.github.io/jdi-light-browserstack/7//#testresult/1cdf6752fc652a2d","status":"skipped","statusDetails":"\nCan't get WebDriver: firefox","time":{"start":1668417319378,"stop":1668417319378,"duration":0}},{"uid":"88a2a6edaf84d2f8","reportUrl":"https://jdi-templates.github.io/jdi-light-browserstack/7//#testresult/88a2a6edaf84d2f8","status":"skipped","statusDetails":"\nCan't get WebDriver: firefox","time":{"start":1668417216336,"stop":1668417216336,"duration":0}},{"uid":"15b71d1449b29a52","reportUrl":"https://jdi-templates.github.io/jdi-light-browserstack/7//#testresult/15b71d1449b29a52","status":"skipped","statusDetails":"\nCan't get WebDriver: firefox","time":{"start":1668417116825,"stop":1668417116825,"duration":0}},{"uid":"23346fe119cf6b3c","reportUrl":"https://jdi-templates.github.io/jdi-light-browserstack/7//#testresult/23346fe119cf6b3c","status":"skipped","statusDetails":"\nCan't get WebDriver: firefox","time":{"start":1668417005479,"stop":1668417005479,"duration":0}},{"uid":"5e103405819bac13","reportUrl":"https://jdi-templates.github.io/jdi-light-browserstack/7//#testresult/5e103405819bac13","status":"skipped","statusDetails":"\nCan't get WebDriver: firefox","time":{"start":1668416878352,"stop":1668416878352,"duration":0}},{"uid":"a746610c8c666f11","reportUrl":"https://jdi-templates.github.io/jdi-light-browserstack/7//#testresult/a746610c8c666f11","status":"skipped","statusDetails":"\nCan't get WebDriver: firefox","time":{"start":1668416760632,"stop":1668416760633,"duration":1}},{"uid":"83e2bc7b21b99189","reportUrl":"https://jdi-templates.github.io/jdi-light-browserstack/7//#testresult/83e2bc7b21b99189","status":"skipped","statusDetails":"\nCan't get WebDriver: firefox","time":{"start":1668416656615,"stop":1668416656615,"duration":0}},{"uid":"47e0c265c969d197","reportUrl":"https://jdi-templates.github.io/jdi-light-browserstack/6//#testresult/47e0c265c969d197","status":"skipped","statusDetails":"\nCan't get WebDriver: firefox","time":{"start":1667992195602,"stop":1667992195602,"duration":0}},{"uid":"e998f19d8e437978","reportUrl":"https://jdi-templates.github.io/jdi-light-browserstack/6//#testresult/e998f19d8e437978","status":"skipped","statusDetails":"\nCan't get WebDriver: firefox","time":{"start":1667992079305,"stop":1667992079308,"duration":3}},{"uid":"3ece4bdc8acea7ff","reportUrl":"https://jdi-templates.github.io/jdi-light-browserstack/6//#testresult/3ece4bdc8acea7ff","status":"skipped","statusDetails":"\nCan't get WebDriver: firefox","time":{"start":1667991973583,"stop":1667991973584,"duration":1}},{"uid":"82312bea96d317a2","reportUrl":"https://jdi-templates.github.io/jdi-light-browserstack/6//#testresult/82312bea96d317a2","status":"skipped","statusDetails":"\nCan't get WebDriver: firefox","time":{"start":1667991873154,"stop":1667991873155,"duration":1}},{"uid":"e4009b2d6cf4129a","reportUrl":"https://jdi-templates.github.io/jdi-light-browserstack/6//#testresult/e4009b2d6cf4129a","status":"skipped","statusDetails":"\nCan't get WebDriver: firefox","time":{"start":1667991759084,"stop":1667991759085,"duration":1}},{"uid":"1dacb990f4583dce","reportUrl":"https://jdi-templates.github.io/jdi-light-browserstack/6//#testresult/1dacb990f4583dce","status":"skipped","statusDetails":"\nCan't get WebDriver: firefox","time":{"start":1667991671522,"stop":1667991671522,"duration":0}},{"uid":"91880b8ed3cdf0c9","reportUrl":"https://jdi-templates.github.io/jdi-light-browserstack/6//#testresult/91880b8ed3cdf0c9","status":"skipped","statusDetails":"\nCan't get WebDriver: firefox","time":{"start":1667991568946,"stop":1667991568946,"duration":0}},{"uid":"3986eb8f476dcd9","reportUrl":"https://jdi-templates.github.io/jdi-light-browserstack/6//#testresult/3986eb8f476dcd9","status":"skipped","statusDetails":"\nCan't get WebDriver: firefox","time":{"start":1667991465172,"stop":1667991465173,"duration":1}},{"uid":"13dac865d8f3c61b","reportUrl":"https://jdi-templates.github.io/jdi-light-browserstack/5//#testresult/13dac865d8f3c61b","status":"skipped","statusDetails":"\nCan't get WebDriver: firefox","time":{"start":1667986026180,"stop":1667986026180,"duration":0}},{"uid":"77c06054077aee92","reportUrl":"https://jdi-templates.github.io/jdi-light-browserstack/5//#testresult/77c06054077aee92","status":"skipped","statusDetails":"\nCan't get WebDriver: firefox","time":{"start":1667985901931,"stop":1667985901932,"duration":1}},{"uid":"f1915caf9939b1de","reportUrl":"https://jdi-templates.github.io/jdi-light-browserstack/5//#testresult/f1915caf9939b1de","status":"skipped","statusDetails":"\nCan't get WebDriver: firefox","time":{"start":1667985782771,"stop":1667985782775,"duration":4}}]},"tags":[]},"source":"3599966b97f949b5.json","parameterValues":[]}