{"uid":"4f62ecb6041953fe","name":"tableParamsTest","fullName":"org.mytests.tests.example.DataTableTests.tableParamsTest","historyId":"900700fe5631074d88345619a4d84e25","time":{"start":1668592425547,"stop":1668592425547,"duration":0},"status":"skipped","statusMessage":"\nCan't get WebDriver: chrome","statusTrace":"java.lang.RuntimeException: \nCan't get WebDriver: chrome\n\tat com.epam.jdi.light.common.Exceptions.exception(Exceptions.java:35)\n\tat com.epam.jdi.light.driver.WebDriverFactory.getDriver(WebDriverFactory.java:216)\n\tat com.epam.jdi.light.elements.common.WindowsManager.setWindowName(WindowsManager.java:87)\n\tat com.epam.jdi.light.elements.common.WindowsManager.openSiteTab(WindowsManager.java:51)\n\tat com.epam.jdi.light.elements.composite.WebPage.openSite(WebPage.java:153)\n\tat org.mytests.tests.TestsInit.setUp(TestsInit.java:18)\n\tat java.base/jdk.internal.reflect.NativeMethodAccessorImpl.invoke0(Native Method)\n\tat java.base/jdk.internal.reflect.NativeMethodAccessorImpl.invoke(NativeMethodAccessorImpl.java:64)\n\tat java.base/jdk.internal.reflect.DelegatingMethodAccessorImpl.invoke(DelegatingMethodAccessorImpl.java:43)\n\tat java.base/java.lang.reflect.Method.invoke(Method.java:564)\n\tat org.testng.internal.MethodInvocationHelper.invokeMethod(MethodInvocationHelper.java:124)\n\tat org.testng.internal.MethodInvocationHelper.invokeMethodConsideringTimeout(MethodInvocationHelper.java:59)\n\tat org.testng.internal.Invoker.invokeConfigurationMethod(Invoker.java:458)\n\tat org.testng.internal.Invoker.invokeConfigurations(Invoker.java:222)\n\tat org.testng.internal.Invoker.invokeConfigurations(Invoker.java:142)\n\tat org.testng.SuiteRunner.privateRun(SuiteRunner.java:401)\n\tat org.testng.SuiteRunner.run(SuiteRunner.java:364)\n\tat org.testng.SuiteRunnerWorker.runSuite(SuiteRunnerWorker.java:52)\n\tat org.testng.SuiteRunnerWorker.run(SuiteRunnerWorker.java:84)\n\tat org.testng.TestNG.runSuitesSequentially(TestNG.java:1208)\n\tat org.testng.TestNG.runSuitesLocally(TestNG.java:1137)\n\tat org.testng.TestNG.runSuites(TestNG.java:1049)\n\tat org.testng.TestNG.run(TestNG.java:1017)\n\tat org.apache.maven.surefire.testng.TestNGExecutor.run(TestNGExecutor.java:283)\n\tat org.apache.maven.surefire.testng.TestNGXmlTestSuite.execute(TestNGXmlTestSuite.java:75)\n\tat org.apache.maven.surefire.testng.TestNGProvider.invoke(TestNGProvider.java:120)\n\tat org.apache.maven.surefire.booter.ForkedBooter.invokeProviderInSameClassLoader(ForkedBooter.java:384)\n\tat org.apache.maven.surefire.booter.ForkedBooter.runSuitesInProcess(ForkedBooter.java:345)\n\tat org.apache.maven.surefire.booter.ForkedBooter.execute(ForkedBooter.java:126)\n\tat org.apache.maven.surefire.booter.ForkedBooter.main(ForkedBooter.java:418)\nCaused by: java.lang.RuntimeException: \nCan't get WebDriver: chrome\n\tat com.epam.jdi.light.common.Exceptions.exception(Exceptions.java:35)\n\tat com.epam.jdi.light.driver.WebDriverFactory.getDriver(WebDriverFactory.java:224)\n\tat com.epam.jdi.light.driver.WebDriverFactory.getDriver(WebDriverFactory.java:214)\n\t... 28 more\nCaused by: java.lang.RuntimeException: java.lang.RuntimeException: \nFailed to run downloaded driver CHROME:X64:105.0.5195.52. Please check that your browser and driver are compatible or use local driver with 'drivers.folder' property in test.properties'.\nDriverPath: /home/runner/.cache/selenium/chromedriver/linux64/107.0.5304.62/chromedriver\n\tat com.jdiai.tools.func.JFunc1.execute(JFunc1.java:21)\n\tat com.epam.jdi.light.driver.WebDriverFactory.getDriver(WebDriverFactory.java:222)\n\t... 29 more\nCaused by: java.lang.RuntimeException: \nFailed to run downloaded driver CHROME:X64:105.0.5195.52. Please check that your browser and driver are compatible or use local driver with 'drivers.folder' property in test.properties'.\nDriverPath: /home/runner/.cache/selenium/chromedriver/linux64/107.0.5304.62/chromedriver\n\tat com.epam.jdi.light.common.Exceptions.exception(Exceptions.java:35)\n\tat com.epam.jdi.light.driver.WebDriverFactory.getDriverException(WebDriverFactory.java:143)\n\tat com.epam.jdi.light.driver.WebDriverFactory.getDriverByName(WebDriverFactory.java:127)\n\tat com.jdiai.tools.func.JFunc1.execute(JFunc1.java:19)\n\t... 30 more\nCaused by: java.lang.RuntimeException: \nCan't run and register new driver 'chrome'\n\tat com.epam.jdi.light.common.Exceptions.exception(Exceptions.java:35)\n\tat com.epam.jdi.light.driver.WebDriverFactory.registerNewDriver(WebDriverFactory.java:90)\n\tat com.epam.jdi.light.driver.WebDriverFactory.getDriverFromName(WebDriverFactory.java:158)\n\tat com.epam.jdi.light.driver.WebDriverFactory.getDriverByName(WebDriverFactory.java:125)\n\t... 31 more\nCaused by: java.lang.RuntimeException: \nFailed to get valid driver 'chrome'\n\tat com.epam.jdi.light.common.Exceptions.runtimeException(Exceptions.java:17)\n\tat com.epam.jdi.light.driver.WebDriverFactory.getValidDriver(WebDriverFactory.java:113)\n\tat com.epam.jdi.light.driver.WebDriverFactory.registerNewDriver(WebDriverFactory.java:85)\n\t... 33 more\n","flaky":false,"newFailed":false,"newBroken":false,"newPassed":false,"retriesCount":0,"retriesStatusChange":false,"beforeStages":[{"name":"setUp","time":{"start":1668592417863,"stop":1668592425191,"duration":7328},"description":"","status":"broken","statusMessage":"\nCan't get WebDriver: chrome","statusTrace":"java.lang.RuntimeException: \nCan't get WebDriver: chrome\n\tat com.epam.jdi.light.common.Exceptions.exception(Exceptions.java:35)\n\tat com.epam.jdi.light.driver.WebDriverFactory.getDriver(WebDriverFactory.java:216)\n\tat com.epam.jdi.light.elements.common.WindowsManager.setWindowName(WindowsManager.java:87)\n\tat com.epam.jdi.light.elements.common.WindowsManager.openSiteTab(WindowsManager.java:51)\n\tat com.epam.jdi.light.elements.composite.WebPage.openSite(WebPage.java:153)\n\tat org.mytests.tests.TestsInit.setUp(TestsInit.java:18)\n\tat java.base/jdk.internal.reflect.NativeMethodAccessorImpl.invoke0(Native Method)\n\tat java.base/jdk.internal.reflect.NativeMethodAccessorImpl.invoke(NativeMethodAccessorImpl.java:64)\n\tat java.base/jdk.internal.reflect.DelegatingMethodAccessorImpl.invoke(DelegatingMethodAccessorImpl.java:43)\n\tat java.base/java.lang.reflect.Method.invoke(Method.java:564)\n\tat org.testng.internal.MethodInvocationHelper.invokeMethod(MethodInvocationHelper.java:124)\n\tat org.testng.internal.MethodInvocationHelper.invokeMethodConsideringTimeout(MethodInvocationHelper.java:59)\n\tat org.testng.internal.Invoker.invokeConfigurationMethod(Invoker.java:458)\n\tat org.testng.internal.Invoker.invokeConfigurations(Invoker.java:222)\n\tat org.testng.internal.Invoker.invokeConfigurations(Invoker.java:142)\n\tat org.testng.SuiteRunner.privateRun(SuiteRunner.java:401)\n\tat org.testng.SuiteRunner.run(SuiteRunner.java:364)\n\tat org.testng.SuiteRunnerWorker.runSuite(SuiteRunnerWorker.java:52)\n\tat org.testng.SuiteRunnerWorker.run(SuiteRunnerWorker.java:84)\n\tat org.testng.TestNG.runSuitesSequentially(TestNG.java:1208)\n\tat org.testng.TestNG.runSuitesLocally(TestNG.java:1137)\n\tat org.testng.TestNG.runSuites(TestNG.java:1049)\n\tat org.testng.TestNG.run(TestNG.java:1017)\n\tat org.apache.maven.surefire.testng.TestNGExecutor.run(TestNGExecutor.java:283)\n\tat org.apache.maven.surefire.testng.TestNGXmlTestSuite.execute(TestNGXmlTestSuite.java:75)\n\tat org.apache.maven.surefire.testng.TestNGProvider.invoke(TestNGProvider.java:120)\n\tat org.apache.maven.surefire.booter.ForkedBooter.invokeProviderInSameClassLoader(ForkedBooter.java:384)\n\tat org.apache.maven.surefire.booter.ForkedBooter.runSuitesInProcess(ForkedBooter.java:345)\n\tat org.apache.maven.surefire.booter.ForkedBooter.execute(ForkedBooter.java:126)\n\tat org.apache.maven.surefire.booter.ForkedBooter.main(ForkedBooter.java:418)\nCaused by: java.lang.RuntimeException: \nCan't get WebDriver: chrome\n\tat com.epam.jdi.light.common.Exceptions.exception(Exceptions.java:35)\n\tat com.epam.jdi.light.driver.WebDriverFactory.getDriver(WebDriverFactory.java:224)\n\tat com.epam.jdi.light.driver.WebDriverFactory.getDriver(WebDriverFactory.java:214)\n\t... 28 more\nCaused by: java.lang.RuntimeException: java.lang.RuntimeException: \nFailed to run downloaded driver CHROME:X64:105.0.5195.52. Please check that your browser and driver are compatible or use local driver with 'drivers.folder' property in test.properties'.\nDriverPath: /home/runner/.cache/selenium/chromedriver/linux64/107.0.5304.62/chromedriver\n\tat com.jdiai.tools.func.JFunc1.execute(JFunc1.java:21)\n\tat com.epam.jdi.light.driver.WebDriverFactory.getDriver(WebDriverFactory.java:222)\n\t... 29 more\nCaused by: java.lang.RuntimeException: \nFailed to run downloaded driver CHROME:X64:105.0.5195.52. Please check that your browser and driver are compatible or use local driver with 'drivers.folder' property in test.properties'.\nDriverPath: /home/runner/.cache/selenium/chromedriver/linux64/107.0.5304.62/chromedriver\n\tat com.epam.jdi.light.common.Exceptions.exception(Exceptions.java:35)\n\tat com.epam.jdi.light.driver.WebDriverFactory.getDriverException(WebDriverFactory.java:143)\n\tat com.epam.jdi.light.driver.WebDriverFactory.getDriverByName(WebDriverFactory.java:127)\n\tat com.jdiai.tools.func.JFunc1.execute(JFunc1.java:19)\n\t... 30 more\nCaused by: java.lang.RuntimeException: \nCan't run and register new driver 'chrome'\n\tat com.epam.jdi.light.common.Exceptions.exception(Exceptions.java:35)\n\tat com.epam.jdi.light.driver.WebDriverFactory.registerNewDriver(WebDriverFactory.java:90)\n\tat com.epam.jdi.light.driver.WebDriverFactory.getDriverFromName(WebDriverFactory.java:158)\n\tat com.epam.jdi.light.driver.WebDriverFactory.getDriverByName(WebDriverFactory.java:125)\n\t... 31 more\nCaused by: java.lang.RuntimeException: \nFailed to get valid driver 'chrome'\n\tat com.epam.jdi.light.common.Exceptions.runtimeException(Exceptions.java:17)\n\tat com.epam.jdi.light.driver.WebDriverFactory.getValidDriver(WebDriverFactory.java:113)\n\tat com.epam.jdi.light.driver.WebDriverFactory.registerNewDriver(WebDriverFactory.java:85)\n\t... 33 more\n","steps":[],"attachments":[],"parameters":[],"stepsCount":0,"attachmentsCount":0,"shouldDisplayMessage":true,"hasContent":true}],"afterStages":[{"name":"tearDown","time":{"start":1668592425565,"stop":1668592425565,"duration":0},"description":"","status":"passed","steps":[],"attachments":[],"parameters":[],"stepsCount":0,"attachmentsCount":0,"shouldDisplayMessage":false,"hasContent":false}],"labels":[{"name":"package","value":"org.mytests.tests.example.DataTableTests"},{"name":"testClass","value":"org.mytests.tests.example.DataTableTests"},{"name":"testMethod","value":"tableParamsTest"},{"name":"parentSuite","value":"JDI-Light Performance"},{"name":"suite","value":"Tests"},{"name":"subSuite","value":"org.mytests.tests.example.DataTableTests"},{"name":"host","value":"fv-az197-121"},{"name":"thread","value":"3500@fv-az197-121.TestNG-test=Tests-2(37)"},{"name":"framework","value":"testng"},{"name":"language","value":"java"},{"name":"resultFormat","value":"allure2"}],"parameters":[],"links":[],"hidden":false,"retry":false,"extra":{"severity":"normal","retries":[],"categories":[],"history":{"statistic":{"failed":0,"broken":0,"skipped":40,"passed":1,"unknown":0,"total":41},"items":[{"uid":"9c9ed4ebb2ea3976","reportUrl":"https://jdi-templates.github.io/jdi-light-browserstack/9//#testresult/9c9ed4ebb2ea3976","status":"skipped","statusDetails":"\nCan't get WebDriver: chrome","time":{"start":1668592330664,"stop":1668592330664,"duration":0}},{"uid":"4a44a6a283be0333","reportUrl":"https://jdi-templates.github.io/jdi-light-browserstack/8//#testresult/4a44a6a283be0333","status":"skipped","statusDetails":"\nCan't get WebDriver: chrome","time":{"start":1668592306849,"stop":1668592306849,"duration":0}},{"uid":"55725eaec7b4bbcf","reportUrl":"https://jdi-templates.github.io/jdi-light-browserstack/8//#testresult/55725eaec7b4bbcf","status":"skipped","statusDetails":"\nCan't get WebDriver: chrome","time":{"start":1668592191430,"stop":1668592191431,"duration":1}},{"uid":"9a9540ff1e178da4","reportUrl":"https://jdi-templates.github.io/jdi-light-browserstack/8//#testresult/9a9540ff1e178da4","status":"skipped","statusDetails":"\nCan't get WebDriver: chrome","time":{"start":1668592075914,"stop":1668592075914,"duration":0}},{"uid":"f6120d7dc12c5a80","reportUrl":"https://jdi-templates.github.io/jdi-light-browserstack/8//#testresult/f6120d7dc12c5a80","status":"skipped","statusDetails":"\nCan't get WebDriver: chrome","time":{"start":1668591965612,"stop":1668591965612,"duration":0}},{"uid":"92bf57f1775dd55c","reportUrl":"https://jdi-templates.github.io/jdi-light-browserstack/8//#testresult/92bf57f1775dd55c","status":"skipped","statusDetails":"\nCan't get WebDriver: chrome","time":{"start":1668591851886,"stop":1668591851886,"duration":0}},{"uid":"ebc9cb9bf175a138","reportUrl":"https://jdi-templates.github.io/jdi-light-browserstack/8//#testresult/ebc9cb9bf175a138","status":"skipped","statusDetails":"\nCan't get WebDriver: chrome","time":{"start":1668591736954,"stop":1668591736954,"duration":0}},{"uid":"65b5bfb8e235c36c","reportUrl":"https://jdi-templates.github.io/jdi-light-browserstack/8//#testresult/65b5bfb8e235c36c","status":"skipped","statusDetails":"\nCan't get WebDriver: chrome","time":{"start":1668591640038,"stop":1668591640038,"duration":0}},{"uid":"d75c8bde818b3b28","reportUrl":"https://jdi-templates.github.io/jdi-light-browserstack/7//#testresult/d75c8bde818b3b28","status":"skipped","statusDetails":"\nCan't get WebDriver: firefox","time":{"start":1668417319486,"stop":1668417319486,"duration":0}},{"uid":"bd42a2d15b9eda11","reportUrl":"https://jdi-templates.github.io/jdi-light-browserstack/7//#testresult/bd42a2d15b9eda11","status":"skipped","statusDetails":"\nCan't get WebDriver: firefox","time":{"start":1668417216439,"stop":1668417216439,"duration":0}},{"uid":"b7c1b37e42d76079","reportUrl":"https://jdi-templates.github.io/jdi-light-browserstack/7//#testresult/b7c1b37e42d76079","status":"skipped","statusDetails":"\nCan't get WebDriver: firefox","time":{"start":1668417116912,"stop":1668417116912,"duration":0}},{"uid":"312e44758293c896","reportUrl":"https://jdi-templates.github.io/jdi-light-browserstack/7//#testresult/312e44758293c896","status":"skipped","statusDetails":"\nCan't get WebDriver: firefox","time":{"start":1668417005633,"stop":1668417005634,"duration":1}},{"uid":"8d8ff8897f568094","reportUrl":"https://jdi-templates.github.io/jdi-light-browserstack/7//#testresult/8d8ff8897f568094","status":"skipped","statusDetails":"\nCan't get WebDriver: firefox","time":{"start":1668416878513,"stop":1668416878513,"duration":0}},{"uid":"440a9dea31c257da","reportUrl":"https://jdi-templates.github.io/jdi-light-browserstack/7//#testresult/440a9dea31c257da","status":"skipped","statusDetails":"\nCan't get WebDriver: firefox","time":{"start":1668416760752,"stop":1668416760752,"duration":0}},{"uid":"880985ee481b4bb5","reportUrl":"https://jdi-templates.github.io/jdi-light-browserstack/7//#testresult/880985ee481b4bb5","status":"skipped","statusDetails":"\nCan't get WebDriver: firefox","time":{"start":1668416656805,"stop":1668416656805,"duration":0}},{"uid":"b8f14852a52e7102","reportUrl":"https://jdi-templates.github.io/jdi-light-browserstack/6//#testresult/b8f14852a52e7102","status":"skipped","statusDetails":"\nCan't get WebDriver: firefox","time":{"start":1667992195718,"stop":1667992195718,"duration":0}},{"uid":"d7fe421c6547b03f","reportUrl":"https://jdi-templates.github.io/jdi-light-browserstack/6//#testresult/d7fe421c6547b03f","status":"skipped","statusDetails":"\nCan't get WebDriver: firefox","time":{"start":1667992079442,"stop":1667992079442,"duration":0}},{"uid":"65df82434cab1013","reportUrl":"https://jdi-templates.github.io/jdi-light-browserstack/6//#testresult/65df82434cab1013","status":"skipped","statusDetails":"\nCan't get WebDriver: firefox","time":{"start":1667991973724,"stop":1667991973724,"duration":0}},{"uid":"35c82b1ed71b4a9b","reportUrl":"https://jdi-templates.github.io/jdi-light-browserstack/6//#testresult/35c82b1ed71b4a9b","status":"skipped","statusDetails":"\nCan't get WebDriver: firefox","time":{"start":1667991873291,"stop":1667991873291,"duration":0}},{"uid":"9a565b908f487574","reportUrl":"https://jdi-templates.github.io/jdi-light-browserstack/6//#testresult/9a565b908f487574","status":"skipped","statusDetails":"\nCan't get WebDriver: firefox","time":{"start":1667991759195,"stop":1667991759195,"duration":0}}]},"tags":[]},"source":"4f62ecb6041953fe.json","parameterValues":[]}