{"uid":"54767e3f207dee69","name":"rowTableMatcherTest","fullName":"org.mytests.tests.example.DataTableTests.rowTableMatcherTest","historyId":"bb947bc8ee51b944124430fb61cb9fb1","time":{"start":1668591640024,"stop":1668591640024,"duration":0},"status":"skipped","statusMessage":"\nCan't get WebDriver: chrome","statusTrace":"java.lang.RuntimeException: \nCan't get WebDriver: chrome\n\tat com.epam.jdi.light.common.Exceptions.exception(Exceptions.java:35)\n\tat com.epam.jdi.light.driver.WebDriverFactory.getDriver(WebDriverFactory.java:216)\n\tat com.epam.jdi.light.elements.common.WindowsManager.setWindowName(WindowsManager.java:87)\n\tat com.epam.jdi.light.elements.common.WindowsManager.openSiteTab(WindowsManager.java:51)\n\tat com.epam.jdi.light.elements.composite.WebPage.openSite(WebPage.java:153)\n\tat org.mytests.tests.TestsInit.setUp(TestsInit.java:18)\n\tat sun.reflect.NativeMethodAccessorImpl.invoke0(Native Method)\n\tat sun.reflect.NativeMethodAccessorImpl.invoke(NativeMethodAccessorImpl.java:62)\n\tat sun.reflect.DelegatingMethodAccessorImpl.invoke(DelegatingMethodAccessorImpl.java:43)\n\tat java.lang.reflect.Method.invoke(Method.java:498)\n\tat org.testng.internal.MethodInvocationHelper.invokeMethod(MethodInvocationHelper.java:124)\n\tat org.testng.internal.MethodInvocationHelper.invokeMethodConsideringTimeout(MethodInvocationHelper.java:59)\n\tat org.testng.internal.Invoker.invokeConfigurationMethod(Invoker.java:458)\n\tat org.testng.internal.Invoker.invokeConfigurations(Invoker.java:222)\n\tat org.testng.internal.Invoker.invokeConfigurations(Invoker.java:142)\n\tat org.testng.SuiteRunner.privateRun(SuiteRunner.java:401)\n\tat org.testng.SuiteRunner.run(SuiteRunner.java:364)\n\tat org.testng.SuiteRunnerWorker.runSuite(SuiteRunnerWorker.java:52)\n\tat org.testng.SuiteRunnerWorker.run(SuiteRunnerWorker.java:84)\n\tat org.testng.TestNG.runSuitesSequentially(TestNG.java:1208)\n\tat org.testng.TestNG.runSuitesLocally(TestNG.java:1137)\n\tat org.testng.TestNG.runSuites(TestNG.java:1049)\n\tat org.testng.TestNG.run(TestNG.java:1017)\n\tat org.apache.maven.surefire.testng.TestNGExecutor.run(TestNGExecutor.java:283)\n\tat org.apache.maven.surefire.testng.TestNGXmlTestSuite.execute(TestNGXmlTestSuite.java:75)\n\tat org.apache.maven.surefire.testng.TestNGProvider.invoke(TestNGProvider.java:120)\n\tat org.apache.maven.surefire.booter.ForkedBooter.invokeProviderInSameClassLoader(ForkedBooter.java:384)\n\tat org.apache.maven.surefire.booter.ForkedBooter.runSuitesInProcess(ForkedBooter.java:345)\n\tat org.apache.maven.surefire.booter.ForkedBooter.execute(ForkedBooter.java:126)\n\tat org.apache.maven.surefire.booter.ForkedBooter.main(ForkedBooter.java:418)\nCaused by: java.lang.RuntimeException: \nCan't get WebDriver: chrome\n\tat com.epam.jdi.light.common.Exceptions.exception(Exceptions.java:35)\n\tat com.epam.jdi.light.driver.WebDriverFactory.getDriver(WebDriverFactory.java:224)\n\tat com.epam.jdi.light.driver.WebDriverFactory.getDriver(WebDriverFactory.java:214)\n\t... 28 more\nCaused by: java.lang.RuntimeException: java.lang.RuntimeException: \nFailed to run downloaded driver CHROME:X64:105.0.5195.52. Please check that your browser and driver are compatible or use local driver with 'drivers.folder' property in test.properties'.\nDriverPath: /home/runner/.cache/selenium/chromedriver/linux64/107.0.5304.62/chromedriver\n\tat com.jdiai.tools.func.JFunc1.execute(JFunc1.java:21)\n\tat com.epam.jdi.light.driver.WebDriverFactory.getDriver(WebDriverFactory.java:222)\n\t... 29 more\nCaused by: java.lang.RuntimeException: \nFailed to run downloaded driver CHROME:X64:105.0.5195.52. Please check that your browser and driver are compatible or use local driver with 'drivers.folder' property in test.properties'.\nDriverPath: /home/runner/.cache/selenium/chromedriver/linux64/107.0.5304.62/chromedriver\n\tat com.epam.jdi.light.common.Exceptions.exception(Exceptions.java:35)\n\tat com.epam.jdi.light.driver.WebDriverFactory.getDriverException(WebDriverFactory.java:143)\n\tat com.epam.jdi.light.driver.WebDriverFactory.getDriverByName(WebDriverFactory.java:127)\n\tat com.jdiai.tools.func.JFunc1.execute(JFunc1.java:19)\n\t... 30 more\nCaused by: java.lang.RuntimeException: \nCan't run and register new driver 'chrome'\n\tat com.epam.jdi.light.common.Exceptions.exception(Exceptions.java:35)\n\tat com.epam.jdi.light.driver.WebDriverFactory.registerNewDriver(WebDriverFactory.java:90)\n\tat com.epam.jdi.light.driver.WebDriverFactory.getDriverFromName(WebDriverFactory.java:158)\n\tat com.epam.jdi.light.driver.WebDriverFactory.getDriverByName(WebDriverFactory.java:125)\n\t... 31 more\nCaused by: java.lang.RuntimeException: \nFailed to get valid driver 'chrome'\n\tat com.epam.jdi.light.common.Exceptions.runtimeException(Exceptions.java:17)\n\tat com.epam.jdi.light.driver.WebDriverFactory.getValidDriver(WebDriverFactory.java:113)\n\tat com.epam.jdi.light.driver.WebDriverFactory.registerNewDriver(WebDriverFactory.java:85)\n\t... 33 more\n","flaky":false,"newFailed":false,"newBroken":false,"newPassed":false,"retriesCount":0,"retriesStatusChange":false,"beforeStages":[{"name":"setUp","time":{"start":1668591629813,"stop":1668591639718,"duration":9905},"description":"","status":"broken","statusMessage":"\nCan't get WebDriver: chrome","statusTrace":"java.lang.RuntimeException: \nCan't get WebDriver: chrome\n\tat com.epam.jdi.light.common.Exceptions.exception(Exceptions.java:35)\n\tat com.epam.jdi.light.driver.WebDriverFactory.getDriver(WebDriverFactory.java:216)\n\tat com.epam.jdi.light.elements.common.WindowsManager.setWindowName(WindowsManager.java:87)\n\tat com.epam.jdi.light.elements.common.WindowsManager.openSiteTab(WindowsManager.java:51)\n\tat com.epam.jdi.light.elements.composite.WebPage.openSite(WebPage.java:153)\n\tat org.mytests.tests.TestsInit.setUp(TestsInit.java:18)\n\tat sun.reflect.NativeMethodAccessorImpl.invoke0(Native Method)\n\tat sun.reflect.NativeMethodAccessorImpl.invoke(NativeMethodAccessorImpl.java:62)\n\tat sun.reflect.DelegatingMethodAccessorImpl.invoke(DelegatingMethodAccessorImpl.java:43)\n\tat java.lang.reflect.Method.invoke(Method.java:498)\n\tat org.testng.internal.MethodInvocationHelper.invokeMethod(MethodInvocationHelper.java:124)\n\tat org.testng.internal.MethodInvocationHelper.invokeMethodConsideringTimeout(MethodInvocationHelper.java:59)\n\tat org.testng.internal.Invoker.invokeConfigurationMethod(Invoker.java:458)\n\tat org.testng.internal.Invoker.invokeConfigurations(Invoker.java:222)\n\tat org.testng.internal.Invoker.invokeConfigurations(Invoker.java:142)\n\tat org.testng.SuiteRunner.privateRun(SuiteRunner.java:401)\n\tat org.testng.SuiteRunner.run(SuiteRunner.java:364)\n\tat org.testng.SuiteRunnerWorker.runSuite(SuiteRunnerWorker.java:52)\n\tat org.testng.SuiteRunnerWorker.run(SuiteRunnerWorker.java:84)\n\tat org.testng.TestNG.runSuitesSequentially(TestNG.java:1208)\n\tat org.testng.TestNG.runSuitesLocally(TestNG.java:1137)\n\tat org.testng.TestNG.runSuites(TestNG.java:1049)\n\tat org.testng.TestNG.run(TestNG.java:1017)\n\tat org.apache.maven.surefire.testng.TestNGExecutor.run(TestNGExecutor.java:283)\n\tat org.apache.maven.surefire.testng.TestNGXmlTestSuite.execute(TestNGXmlTestSuite.java:75)\n\tat org.apache.maven.surefire.testng.TestNGProvider.invoke(TestNGProvider.java:120)\n\tat org.apache.maven.surefire.booter.ForkedBooter.invokeProviderInSameClassLoader(ForkedBooter.java:384)\n\tat org.apache.maven.surefire.booter.ForkedBooter.runSuitesInProcess(ForkedBooter.java:345)\n\tat org.apache.maven.surefire.booter.ForkedBooter.execute(ForkedBooter.java:126)\n\tat org.apache.maven.surefire.booter.ForkedBooter.main(ForkedBooter.java:418)\nCaused by: java.lang.RuntimeException: \nCan't get WebDriver: chrome\n\tat com.epam.jdi.light.common.Exceptions.exception(Exceptions.java:35)\n\tat com.epam.jdi.light.driver.WebDriverFactory.getDriver(WebDriverFactory.java:224)\n\tat com.epam.jdi.light.driver.WebDriverFactory.getDriver(WebDriverFactory.java:214)\n\t... 28 more\nCaused by: java.lang.RuntimeException: java.lang.RuntimeException: \nFailed to run downloaded driver CHROME:X64:105.0.5195.52. Please check that your browser and driver are compatible or use local driver with 'drivers.folder' property in test.properties'.\nDriverPath: /home/runner/.cache/selenium/chromedriver/linux64/107.0.5304.62/chromedriver\n\tat com.jdiai.tools.func.JFunc1.execute(JFunc1.java:21)\n\tat com.epam.jdi.light.driver.WebDriverFactory.getDriver(WebDriverFactory.java:222)\n\t... 29 more\nCaused by: java.lang.RuntimeException: \nFailed to run downloaded driver CHROME:X64:105.0.5195.52. Please check that your browser and driver are compatible or use local driver with 'drivers.folder' property in test.properties'.\nDriverPath: /home/runner/.cache/selenium/chromedriver/linux64/107.0.5304.62/chromedriver\n\tat com.epam.jdi.light.common.Exceptions.exception(Exceptions.java:35)\n\tat com.epam.jdi.light.driver.WebDriverFactory.getDriverException(WebDriverFactory.java:143)\n\tat com.epam.jdi.light.driver.WebDriverFactory.getDriverByName(WebDriverFactory.java:127)\n\tat com.jdiai.tools.func.JFunc1.execute(JFunc1.java:19)\n\t... 30 more\nCaused by: java.lang.RuntimeException: \nCan't run and register new driver 'chrome'\n\tat com.epam.jdi.light.common.Exceptions.exception(Exceptions.java:35)\n\tat com.epam.jdi.light.driver.WebDriverFactory.registerNewDriver(WebDriverFactory.java:90)\n\tat com.epam.jdi.light.driver.WebDriverFactory.getDriverFromName(WebDriverFactory.java:158)\n\tat com.epam.jdi.light.driver.WebDriverFactory.getDriverByName(WebDriverFactory.java:125)\n\t... 31 more\nCaused by: java.lang.RuntimeException: \nFailed to get valid driver 'chrome'\n\tat com.epam.jdi.light.common.Exceptions.runtimeException(Exceptions.java:17)\n\tat com.epam.jdi.light.driver.WebDriverFactory.getValidDriver(WebDriverFactory.java:113)\n\tat com.epam.jdi.light.driver.WebDriverFactory.registerNewDriver(WebDriverFactory.java:85)\n\t... 33 more\n","steps":[],"attachments":[],"parameters":[],"stepsCount":0,"attachmentsCount":0,"shouldDisplayMessage":true,"hasContent":true}],"afterStages":[{"name":"tearDown","time":{"start":1668591640045,"stop":1668591640046,"duration":1},"description":"","status":"passed","steps":[],"attachments":[],"parameters":[],"stepsCount":0,"attachmentsCount":0,"shouldDisplayMessage":false,"hasContent":false}],"labels":[{"name":"package","value":"org.mytests.tests.example.DataTableTests"},{"name":"testClass","value":"org.mytests.tests.example.DataTableTests"},{"name":"testMethod","value":"rowTableMatcherTest"},{"name":"parentSuite","value":"JDI-Light Performance"},{"name":"suite","value":"Tests"},{"name":"subSuite","value":"org.mytests.tests.example.DataTableTests"},{"name":"host","value":"fv-az615-858"},{"name":"thread","value":"3838@fv-az615-858.TestNG-test=Tests-2(35)"},{"name":"framework","value":"testng"},{"name":"language","value":"java"},{"name":"resultFormat","value":"allure2"}],"parameters":[],"links":[],"hidden":false,"retry":false,"extra":{"severity":"normal","retries":[],"categories":[],"history":{"statistic":{"failed":0,"broken":0,"skipped":32,"passed":1,"unknown":0,"total":33},"items":[{"uid":"8cb1fc7275bd1b3b","reportUrl":"https://jdi-templates.github.io/jdi-light-browserstack/7//#testresult/8cb1fc7275bd1b3b","status":"skipped","statusDetails":"\nCan't get WebDriver: firefox","time":{"start":1668417319474,"stop":1668417319474,"duration":0}},{"uid":"3a962bc1e6d9d30a","reportUrl":"https://jdi-templates.github.io/jdi-light-browserstack/7//#testresult/3a962bc1e6d9d30a","status":"skipped","statusDetails":"\nCan't get WebDriver: firefox","time":{"start":1668417216420,"stop":1668417216420,"duration":0}},{"uid":"a349bb91f4b17dfe","reportUrl":"https://jdi-templates.github.io/jdi-light-browserstack/7//#testresult/a349bb91f4b17dfe","status":"skipped","statusDetails":"\nCan't get WebDriver: firefox","time":{"start":1668417116905,"stop":1668417116905,"duration":0}},{"uid":"7f3e275006f46291","reportUrl":"https://jdi-templates.github.io/jdi-light-browserstack/7//#testresult/7f3e275006f46291","status":"skipped","statusDetails":"\nCan't get WebDriver: firefox","time":{"start":1668417005609,"stop":1668417005612,"duration":3}},{"uid":"83a8a12e2ee1c98c","reportUrl":"https://jdi-templates.github.io/jdi-light-browserstack/7//#testresult/83a8a12e2ee1c98c","status":"skipped","statusDetails":"\nCan't get WebDriver: firefox","time":{"start":1668416878501,"stop":1668416878501,"duration":0}},{"uid":"b256c16190f727b0","reportUrl":"https://jdi-templates.github.io/jdi-light-browserstack/7//#testresult/b256c16190f727b0","status":"skipped","statusDetails":"\nCan't get WebDriver: firefox","time":{"start":1668416760743,"stop":1668416760743,"duration":0}},{"uid":"8b2a17058b8cc955","reportUrl":"https://jdi-templates.github.io/jdi-light-browserstack/7//#testresult/8b2a17058b8cc955","status":"skipped","statusDetails":"\nCan't get WebDriver: firefox","time":{"start":1668416656777,"stop":1668416656780,"duration":3}},{"uid":"d66553500dd60425","reportUrl":"https://jdi-templates.github.io/jdi-light-browserstack/6//#testresult/d66553500dd60425","status":"skipped","statusDetails":"\nCan't get WebDriver: firefox","time":{"start":1667992195706,"stop":1667992195706,"duration":0}},{"uid":"5d26d508e773545d","reportUrl":"https://jdi-templates.github.io/jdi-light-browserstack/6//#testresult/5d26d508e773545d","status":"skipped","statusDetails":"\nCan't get WebDriver: firefox","time":{"start":1667992079416,"stop":1667992079416,"duration":0}},{"uid":"420ae88532ba118c","reportUrl":"https://jdi-templates.github.io/jdi-light-browserstack/6//#testresult/420ae88532ba118c","status":"skipped","statusDetails":"\nCan't get WebDriver: firefox","time":{"start":1667991973713,"stop":1667991973713,"duration":0}},{"uid":"8f6c6179613afb88","reportUrl":"https://jdi-templates.github.io/jdi-light-browserstack/6//#testresult/8f6c6179613afb88","status":"skipped","statusDetails":"\nCan't get WebDriver: firefox","time":{"start":1667991873276,"stop":1667991873276,"duration":0}},{"uid":"b6e178faa185b2b0","reportUrl":"https://jdi-templates.github.io/jdi-light-browserstack/6//#testresult/b6e178faa185b2b0","status":"skipped","statusDetails":"\nCan't get WebDriver: firefox","time":{"start":1667991759184,"stop":1667991759184,"duration":0}},{"uid":"15ea00374f8a3e43","reportUrl":"https://jdi-templates.github.io/jdi-light-browserstack/6//#testresult/15ea00374f8a3e43","status":"skipped","statusDetails":"\nCan't get WebDriver: firefox","time":{"start":1667991671619,"stop":1667991671620,"duration":1}},{"uid":"93c2f95f01700580","reportUrl":"https://jdi-templates.github.io/jdi-light-browserstack/6//#testresult/93c2f95f01700580","status":"skipped","statusDetails":"\nCan't get WebDriver: firefox","time":{"start":1667991569048,"stop":1667991569048,"duration":0}},{"uid":"cca7b6b2d22d091b","reportUrl":"https://jdi-templates.github.io/jdi-light-browserstack/6//#testresult/cca7b6b2d22d091b","status":"skipped","statusDetails":"\nCan't get WebDriver: firefox","time":{"start":1667991465339,"stop":1667991465339,"duration":0}},{"uid":"ae89d9547da6cc9c","reportUrl":"https://jdi-templates.github.io/jdi-light-browserstack/5//#testresult/ae89d9547da6cc9c","status":"skipped","statusDetails":"\nCan't get WebDriver: firefox","time":{"start":1667986026318,"stop":1667986026318,"duration":0}},{"uid":"78ffe8fcb285b761","reportUrl":"https://jdi-templates.github.io/jdi-light-browserstack/5//#testresult/78ffe8fcb285b761","status":"skipped","statusDetails":"\nCan't get WebDriver: firefox","time":{"start":1667985902062,"stop":1667985902063,"duration":1}},{"uid":"7fafea170381d4d5","reportUrl":"https://jdi-templates.github.io/jdi-light-browserstack/5//#testresult/7fafea170381d4d5","status":"skipped","statusDetails":"\nCan't get WebDriver: firefox","time":{"start":1667985782899,"stop":1667985782899,"duration":0}},{"uid":"90731a4830ac2290","reportUrl":"https://jdi-templates.github.io/jdi-light-browserstack/5//#testresult/90731a4830ac2290","status":"skipped","statusDetails":"\nCan't get WebDriver: firefox","time":{"start":1667985662940,"stop":1667985662940,"duration":0}},{"uid":"3a1ecc452f700c87","reportUrl":"https://jdi-templates.github.io/jdi-light-browserstack/5//#testresult/3a1ecc452f700c87","status":"skipped","statusDetails":"\nCan't get WebDriver: firefox","time":{"start":1667985532552,"stop":1667985532552,"duration":0}}]},"tags":[]},"source":"54767e3f207dee69.json","parameterValues":[]}