{"uid":"5b4ddedb73252cf2","name":"dataColumnTestIndex","fullName":"org.mytests.tests.example.DataTableTests.dataColumnTestIndex","historyId":"39286a3b68e5f5299209f9e855f6d9dd","time":{"start":1668591736896,"stop":1668591736896,"duration":0},"status":"skipped","statusMessage":"\nCan't get WebDriver: chrome","statusTrace":"java.lang.RuntimeException: \nCan't get WebDriver: chrome\n\tat com.epam.jdi.light.common.Exceptions.exception(Exceptions.java:35)\n\tat com.epam.jdi.light.driver.WebDriverFactory.getDriver(WebDriverFactory.java:216)\n\tat com.epam.jdi.light.elements.common.WindowsManager.setWindowName(WindowsManager.java:87)\n\tat com.epam.jdi.light.elements.common.WindowsManager.openSiteTab(WindowsManager.java:51)\n\tat com.epam.jdi.light.elements.composite.WebPage.openSite(WebPage.java:153)\n\tat org.mytests.tests.TestsInit.setUp(TestsInit.java:18)\n\tat java.base/jdk.internal.reflect.NativeMethodAccessorImpl.invoke0(Native Method)\n\tat java.base/jdk.internal.reflect.NativeMethodAccessorImpl.invoke(NativeMethodAccessorImpl.java:62)\n\tat java.base/jdk.internal.reflect.DelegatingMethodAccessorImpl.invoke(DelegatingMethodAccessorImpl.java:43)\n\tat java.base/java.lang.reflect.Method.invoke(Method.java:564)\n\tat org.testng.internal.MethodInvocationHelper.invokeMethod(MethodInvocationHelper.java:124)\n\tat org.testng.internal.MethodInvocationHelper.invokeMethodConsideringTimeout(MethodInvocationHelper.java:59)\n\tat org.testng.internal.Invoker.invokeConfigurationMethod(Invoker.java:458)\n\tat org.testng.internal.Invoker.invokeConfigurations(Invoker.java:222)\n\tat org.testng.internal.Invoker.invokeConfigurations(Invoker.java:142)\n\tat org.testng.SuiteRunner.privateRun(SuiteRunner.java:401)\n\tat org.testng.SuiteRunner.run(SuiteRunner.java:364)\n\tat org.testng.SuiteRunnerWorker.runSuite(SuiteRunnerWorker.java:52)\n\tat org.testng.SuiteRunnerWorker.run(SuiteRunnerWorker.java:84)\n\tat org.testng.TestNG.runSuitesSequentially(TestNG.java:1208)\n\tat org.testng.TestNG.runSuitesLocally(TestNG.java:1137)\n\tat org.testng.TestNG.runSuites(TestNG.java:1049)\n\tat org.testng.TestNG.run(TestNG.java:1017)\n\tat org.apache.maven.surefire.testng.TestNGExecutor.run(TestNGExecutor.java:283)\n\tat org.apache.maven.surefire.testng.TestNGXmlTestSuite.execute(TestNGXmlTestSuite.java:75)\n\tat org.apache.maven.surefire.testng.TestNGProvider.invoke(TestNGProvider.java:120)\n\tat org.apache.maven.surefire.booter.ForkedBooter.invokeProviderInSameClassLoader(ForkedBooter.java:384)\n\tat org.apache.maven.surefire.booter.ForkedBooter.runSuitesInProcess(ForkedBooter.java:345)\n\tat org.apache.maven.surefire.booter.ForkedBooter.execute(ForkedBooter.java:126)\n\tat org.apache.maven.surefire.booter.ForkedBooter.main(ForkedBooter.java:418)\nCaused by: java.lang.RuntimeException: \nCan't get WebDriver: chrome\n\tat com.epam.jdi.light.common.Exceptions.exception(Exceptions.java:35)\n\tat com.epam.jdi.light.driver.WebDriverFactory.getDriver(WebDriverFactory.java:224)\n\tat com.epam.jdi.light.driver.WebDriverFactory.getDriver(WebDriverFactory.java:214)\n\t... 28 more\nCaused by: java.lang.RuntimeException: java.lang.RuntimeException: \nFailed to run downloaded driver CHROME:X64:105.0.5195.52. Please check that your browser and driver are compatible or use local driver with 'drivers.folder' property in test.properties'.\nDriverPath: /home/runner/.cache/selenium/chromedriver/linux64/107.0.5304.62/chromedriver\n\tat com.jdiai.tools.func.JFunc1.execute(JFunc1.java:21)\n\tat com.epam.jdi.light.driver.WebDriverFactory.getDriver(WebDriverFactory.java:222)\n\t... 29 more\nCaused by: java.lang.RuntimeException: \nFailed to run downloaded driver CHROME:X64:105.0.5195.52. Please check that your browser and driver are compatible or use local driver with 'drivers.folder' property in test.properties'.\nDriverPath: /home/runner/.cache/selenium/chromedriver/linux64/107.0.5304.62/chromedriver\n\tat com.epam.jdi.light.common.Exceptions.exception(Exceptions.java:35)\n\tat com.epam.jdi.light.driver.WebDriverFactory.getDriverException(WebDriverFactory.java:143)\n\tat com.epam.jdi.light.driver.WebDriverFactory.getDriverByName(WebDriverFactory.java:127)\n\tat com.jdiai.tools.func.JFunc1.execute(JFunc1.java:19)\n\t... 30 more\nCaused by: java.lang.RuntimeException: \nCan't run and register new driver 'chrome'\n\tat com.epam.jdi.light.common.Exceptions.exception(Exceptions.java:35)\n\tat com.epam.jdi.light.driver.WebDriverFactory.registerNewDriver(WebDriverFactory.java:90)\n\tat com.epam.jdi.light.driver.WebDriverFactory.getDriverFromName(WebDriverFactory.java:158)\n\tat com.epam.jdi.light.driver.WebDriverFactory.getDriverByName(WebDriverFactory.java:125)\n\t... 31 more\nCaused by: java.lang.RuntimeException: \nFailed to get valid driver 'chrome'\n\tat com.epam.jdi.light.common.Exceptions.runtimeException(Exceptions.java:17)\n\tat com.epam.jdi.light.driver.WebDriverFactory.getValidDriver(WebDriverFactory.java:113)\n\tat com.epam.jdi.light.driver.WebDriverFactory.registerNewDriver(WebDriverFactory.java:85)\n\t... 33 more\n","flaky":false,"newFailed":false,"newBroken":false,"newPassed":false,"retriesCount":0,"retriesStatusChange":false,"beforeStages":[{"name":"setUp","time":{"start":1668591730596,"stop":1668591736652,"duration":6056},"description":"","status":"broken","statusMessage":"\nCan't get WebDriver: chrome","statusTrace":"java.lang.RuntimeException: \nCan't get WebDriver: chrome\n\tat com.epam.jdi.light.common.Exceptions.exception(Exceptions.java:35)\n\tat com.epam.jdi.light.driver.WebDriverFactory.getDriver(WebDriverFactory.java:216)\n\tat com.epam.jdi.light.elements.common.WindowsManager.setWindowName(WindowsManager.java:87)\n\tat com.epam.jdi.light.elements.common.WindowsManager.openSiteTab(WindowsManager.java:51)\n\tat com.epam.jdi.light.elements.composite.WebPage.openSite(WebPage.java:153)\n\tat org.mytests.tests.TestsInit.setUp(TestsInit.java:18)\n\tat java.base/jdk.internal.reflect.NativeMethodAccessorImpl.invoke0(Native Method)\n\tat java.base/jdk.internal.reflect.NativeMethodAccessorImpl.invoke(NativeMethodAccessorImpl.java:62)\n\tat java.base/jdk.internal.reflect.DelegatingMethodAccessorImpl.invoke(DelegatingMethodAccessorImpl.java:43)\n\tat java.base/java.lang.reflect.Method.invoke(Method.java:564)\n\tat org.testng.internal.MethodInvocationHelper.invokeMethod(MethodInvocationHelper.java:124)\n\tat org.testng.internal.MethodInvocationHelper.invokeMethodConsideringTimeout(MethodInvocationHelper.java:59)\n\tat org.testng.internal.Invoker.invokeConfigurationMethod(Invoker.java:458)\n\tat org.testng.internal.Invoker.invokeConfigurations(Invoker.java:222)\n\tat org.testng.internal.Invoker.invokeConfigurations(Invoker.java:142)\n\tat org.testng.SuiteRunner.privateRun(SuiteRunner.java:401)\n\tat org.testng.SuiteRunner.run(SuiteRunner.java:364)\n\tat org.testng.SuiteRunnerWorker.runSuite(SuiteRunnerWorker.java:52)\n\tat org.testng.SuiteRunnerWorker.run(SuiteRunnerWorker.java:84)\n\tat org.testng.TestNG.runSuitesSequentially(TestNG.java:1208)\n\tat org.testng.TestNG.runSuitesLocally(TestNG.java:1137)\n\tat org.testng.TestNG.runSuites(TestNG.java:1049)\n\tat org.testng.TestNG.run(TestNG.java:1017)\n\tat org.apache.maven.surefire.testng.TestNGExecutor.run(TestNGExecutor.java:283)\n\tat org.apache.maven.surefire.testng.TestNGXmlTestSuite.execute(TestNGXmlTestSuite.java:75)\n\tat org.apache.maven.surefire.testng.TestNGProvider.invoke(TestNGProvider.java:120)\n\tat org.apache.maven.surefire.booter.ForkedBooter.invokeProviderInSameClassLoader(ForkedBooter.java:384)\n\tat org.apache.maven.surefire.booter.ForkedBooter.runSuitesInProcess(ForkedBooter.java:345)\n\tat org.apache.maven.surefire.booter.ForkedBooter.execute(ForkedBooter.java:126)\n\tat org.apache.maven.surefire.booter.ForkedBooter.main(ForkedBooter.java:418)\nCaused by: java.lang.RuntimeException: \nCan't get WebDriver: chrome\n\tat com.epam.jdi.light.common.Exceptions.exception(Exceptions.java:35)\n\tat com.epam.jdi.light.driver.WebDriverFactory.getDriver(WebDriverFactory.java:224)\n\tat com.epam.jdi.light.driver.WebDriverFactory.getDriver(WebDriverFactory.java:214)\n\t... 28 more\nCaused by: java.lang.RuntimeException: java.lang.RuntimeException: \nFailed to run downloaded driver CHROME:X64:105.0.5195.52. Please check that your browser and driver are compatible or use local driver with 'drivers.folder' property in test.properties'.\nDriverPath: /home/runner/.cache/selenium/chromedriver/linux64/107.0.5304.62/chromedriver\n\tat com.jdiai.tools.func.JFunc1.execute(JFunc1.java:21)\n\tat com.epam.jdi.light.driver.WebDriverFactory.getDriver(WebDriverFactory.java:222)\n\t... 29 more\nCaused by: java.lang.RuntimeException: \nFailed to run downloaded driver CHROME:X64:105.0.5195.52. Please check that your browser and driver are compatible or use local driver with 'drivers.folder' property in test.properties'.\nDriverPath: /home/runner/.cache/selenium/chromedriver/linux64/107.0.5304.62/chromedriver\n\tat com.epam.jdi.light.common.Exceptions.exception(Exceptions.java:35)\n\tat com.epam.jdi.light.driver.WebDriverFactory.getDriverException(WebDriverFactory.java:143)\n\tat com.epam.jdi.light.driver.WebDriverFactory.getDriverByName(WebDriverFactory.java:127)\n\tat com.jdiai.tools.func.JFunc1.execute(JFunc1.java:19)\n\t... 30 more\nCaused by: java.lang.RuntimeException: \nCan't run and register new driver 'chrome'\n\tat com.epam.jdi.light.common.Exceptions.exception(Exceptions.java:35)\n\tat com.epam.jdi.light.driver.WebDriverFactory.registerNewDriver(WebDriverFactory.java:90)\n\tat com.epam.jdi.light.driver.WebDriverFactory.getDriverFromName(WebDriverFactory.java:158)\n\tat com.epam.jdi.light.driver.WebDriverFactory.getDriverByName(WebDriverFactory.java:125)\n\t... 31 more\nCaused by: java.lang.RuntimeException: \nFailed to get valid driver 'chrome'\n\tat com.epam.jdi.light.common.Exceptions.runtimeException(Exceptions.java:17)\n\tat com.epam.jdi.light.driver.WebDriverFactory.getValidDriver(WebDriverFactory.java:113)\n\tat com.epam.jdi.light.driver.WebDriverFactory.registerNewDriver(WebDriverFactory.java:85)\n\t... 33 more\n","steps":[],"attachments":[],"parameters":[],"stepsCount":0,"attachmentsCount":0,"shouldDisplayMessage":true,"hasContent":true}],"afterStages":[{"name":"tearDown","time":{"start":1668591736975,"stop":1668591736975,"duration":0},"description":"","status":"passed","steps":[],"attachments":[],"parameters":[],"stepsCount":0,"attachmentsCount":0,"shouldDisplayMessage":false,"hasContent":false}],"labels":[{"name":"package","value":"org.mytests.tests.example.DataTableTests"},{"name":"testClass","value":"org.mytests.tests.example.DataTableTests"},{"name":"testMethod","value":"dataColumnTestIndex"},{"name":"parentSuite","value":"JDI-Light Performance"},{"name":"suite","value":"Tests"},{"name":"subSuite","value":"org.mytests.tests.example.DataTableTests"},{"name":"host","value":"fv-az195-414"},{"name":"thread","value":"3809@fv-az195-414.TestNG-test=Tests-2(36)"},{"name":"framework","value":"testng"},{"name":"language","value":"java"},{"name":"resultFormat","value":"allure2"}],"parameters":[],"links":[],"hidden":false,"retry":false,"extra":{"severity":"normal","retries":[],"categories":[],"history":{"statistic":{"failed":0,"broken":0,"skipped":33,"passed":1,"unknown":0,"total":34},"items":[{"uid":"925999c749c90c06","reportUrl":"https://jdi-templates.github.io/jdi-light-browserstack/8//#testresult/925999c749c90c06","status":"skipped","statusDetails":"\nCan't get WebDriver: chrome","time":{"start":1668591639975,"stop":1668591639975,"duration":0}},{"uid":"ca2997f7d547ad08","reportUrl":"https://jdi-templates.github.io/jdi-light-browserstack/7//#testresult/ca2997f7d547ad08","status":"skipped","statusDetails":"\nCan't get WebDriver: firefox","time":{"start":1668417319437,"stop":1668417319437,"duration":0}},{"uid":"48d8f086ca86d699","reportUrl":"https://jdi-templates.github.io/jdi-light-browserstack/7//#testresult/48d8f086ca86d699","status":"skipped","statusDetails":"\nCan't get WebDriver: firefox","time":{"start":1668417216371,"stop":1668417216371,"duration":0}},{"uid":"20e63d8d009ebad1","reportUrl":"https://jdi-templates.github.io/jdi-light-browserstack/7//#testresult/20e63d8d009ebad1","status":"skipped","statusDetails":"\nCan't get WebDriver: firefox","time":{"start":1668417116879,"stop":1668417116879,"duration":0}},{"uid":"4c208c9880958ad6","reportUrl":"https://jdi-templates.github.io/jdi-light-browserstack/7//#testresult/4c208c9880958ad6","status":"skipped","statusDetails":"\nCan't get WebDriver: firefox","time":{"start":1668417005546,"stop":1668417005546,"duration":0}},{"uid":"4796c06f24d06576","reportUrl":"https://jdi-templates.github.io/jdi-light-browserstack/7//#testresult/4796c06f24d06576","status":"skipped","statusDetails":"\nCan't get WebDriver: firefox","time":{"start":1668416878441,"stop":1668416878441,"duration":0}},{"uid":"dfc51657667142b8","reportUrl":"https://jdi-templates.github.io/jdi-light-browserstack/7//#testresult/dfc51657667142b8","status":"skipped","statusDetails":"\nCan't get WebDriver: firefox","time":{"start":1668416760695,"stop":1668416760695,"duration":0}},{"uid":"4f8ebbd2da29afca","reportUrl":"https://jdi-templates.github.io/jdi-light-browserstack/7//#testresult/4f8ebbd2da29afca","status":"skipped","statusDetails":"\nCan't get WebDriver: firefox","time":{"start":1668416656731,"stop":1668416656731,"duration":0}},{"uid":"656ea6d3eb95acce","reportUrl":"https://jdi-templates.github.io/jdi-light-browserstack/6//#testresult/656ea6d3eb95acce","status":"skipped","statusDetails":"\nCan't get WebDriver: firefox","time":{"start":1667992195655,"stop":1667992195655,"duration":0}},{"uid":"84cda46da0ee8bf5","reportUrl":"https://jdi-templates.github.io/jdi-light-browserstack/6//#testresult/84cda46da0ee8bf5","status":"skipped","statusDetails":"\nCan't get WebDriver: firefox","time":{"start":1667992079338,"stop":1667992079339,"duration":1}},{"uid":"44e1659e4493ef17","reportUrl":"https://jdi-templates.github.io/jdi-light-browserstack/6//#testresult/44e1659e4493ef17","status":"skipped","statusDetails":"\nCan't get WebDriver: firefox","time":{"start":1667991973653,"stop":1667991973654,"duration":1}},{"uid":"36caf67ff1423255","reportUrl":"https://jdi-templates.github.io/jdi-light-browserstack/6//#testresult/36caf67ff1423255","status":"skipped","statusDetails":"\nCan't get WebDriver: firefox","time":{"start":1667991873231,"stop":1667991873231,"duration":0}},{"uid":"15cbfa505fe1db71","reportUrl":"https://jdi-templates.github.io/jdi-light-browserstack/6//#testresult/15cbfa505fe1db71","status":"skipped","statusDetails":"\nCan't get WebDriver: firefox","time":{"start":1667991759149,"stop":1667991759150,"duration":1}},{"uid":"d28ff3dc92423f88","reportUrl":"https://jdi-templates.github.io/jdi-light-browserstack/6//#testresult/d28ff3dc92423f88","status":"skipped","statusDetails":"\nCan't get WebDriver: firefox","time":{"start":1667991671563,"stop":1667991671563,"duration":0}},{"uid":"38c4dca72e4ff346","reportUrl":"https://jdi-templates.github.io/jdi-light-browserstack/6//#testresult/38c4dca72e4ff346","status":"skipped","statusDetails":"\nCan't get WebDriver: firefox","time":{"start":1667991569006,"stop":1667991569006,"duration":0}},{"uid":"b5717c5c1804b471","reportUrl":"https://jdi-templates.github.io/jdi-light-browserstack/6//#testresult/b5717c5c1804b471","status":"skipped","statusDetails":"\nCan't get WebDriver: firefox","time":{"start":1667991465266,"stop":1667991465267,"duration":1}},{"uid":"be4a3a6ad7ea3dca","reportUrl":"https://jdi-templates.github.io/jdi-light-browserstack/5//#testresult/be4a3a6ad7ea3dca","status":"skipped","statusDetails":"\nCan't get WebDriver: firefox","time":{"start":1667986026239,"stop":1667986026239,"duration":0}},{"uid":"70e1dd4dbf814e56","reportUrl":"https://jdi-templates.github.io/jdi-light-browserstack/5//#testresult/70e1dd4dbf814e56","status":"skipped","statusDetails":"\nCan't get WebDriver: firefox","time":{"start":1667985902000,"stop":1667985902001,"duration":1}},{"uid":"e52fd707c2577675","reportUrl":"https://jdi-templates.github.io/jdi-light-browserstack/5//#testresult/e52fd707c2577675","status":"skipped","statusDetails":"\nCan't get WebDriver: firefox","time":{"start":1667985782833,"stop":1667985782833,"duration":0}},{"uid":"f0bc1793bec8f58b","reportUrl":"https://jdi-templates.github.io/jdi-light-browserstack/5//#testresult/f0bc1793bec8f58b","status":"skipped","statusDetails":"\nCan't get WebDriver: firefox","time":{"start":1667985662856,"stop":1667985662856,"duration":0}}]},"tags":[]},"source":"5b4ddedb73252cf2.json","parameterValues":[]}