{"uid":"721a533294c52fa6","name":"atLeastTest","fullName":"org.mytests.tests.example.DataTableTests.atLeastTest","historyId":"95735215fbd2c04557ce6bb7b005aeae","time":{"start":1668591736842,"stop":1668591736842,"duration":0},"status":"skipped","statusMessage":"\nCan't get WebDriver: chrome","statusTrace":"java.lang.RuntimeException: \nCan't get WebDriver: chrome\n\tat com.epam.jdi.light.common.Exceptions.exception(Exceptions.java:35)\n\tat com.epam.jdi.light.driver.WebDriverFactory.getDriver(WebDriverFactory.java:216)\n\tat com.epam.jdi.light.elements.common.WindowsManager.setWindowName(WindowsManager.java:87)\n\tat com.epam.jdi.light.elements.common.WindowsManager.openSiteTab(WindowsManager.java:51)\n\tat com.epam.jdi.light.elements.composite.WebPage.openSite(WebPage.java:153)\n\tat org.mytests.tests.TestsInit.setUp(TestsInit.java:18)\n\tat java.base/jdk.internal.reflect.NativeMethodAccessorImpl.invoke0(Native Method)\n\tat java.base/jdk.internal.reflect.NativeMethodAccessorImpl.invoke(NativeMethodAccessorImpl.java:62)\n\tat java.base/jdk.internal.reflect.DelegatingMethodAccessorImpl.invoke(DelegatingMethodAccessorImpl.java:43)\n\tat java.base/java.lang.reflect.Method.invoke(Method.java:564)\n\tat org.testng.internal.MethodInvocationHelper.invokeMethod(MethodInvocationHelper.java:124)\n\tat org.testng.internal.MethodInvocationHelper.invokeMethodConsideringTimeout(MethodInvocationHelper.java:59)\n\tat org.testng.internal.Invoker.invokeConfigurationMethod(Invoker.java:458)\n\tat org.testng.internal.Invoker.invokeConfigurations(Invoker.java:222)\n\tat org.testng.internal.Invoker.invokeConfigurations(Invoker.java:142)\n\tat org.testng.SuiteRunner.privateRun(SuiteRunner.java:401)\n\tat org.testng.SuiteRunner.run(SuiteRunner.java:364)\n\tat org.testng.SuiteRunnerWorker.runSuite(SuiteRunnerWorker.java:52)\n\tat org.testng.SuiteRunnerWorker.run(SuiteRunnerWorker.java:84)\n\tat org.testng.TestNG.runSuitesSequentially(TestNG.java:1208)\n\tat org.testng.TestNG.runSuitesLocally(TestNG.java:1137)\n\tat org.testng.TestNG.runSuites(TestNG.java:1049)\n\tat org.testng.TestNG.run(TestNG.java:1017)\n\tat org.apache.maven.surefire.testng.TestNGExecutor.run(TestNGExecutor.java:283)\n\tat org.apache.maven.surefire.testng.TestNGXmlTestSuite.execute(TestNGXmlTestSuite.java:75)\n\tat org.apache.maven.surefire.testng.TestNGProvider.invoke(TestNGProvider.java:120)\n\tat org.apache.maven.surefire.booter.ForkedBooter.invokeProviderInSameClassLoader(ForkedBooter.java:384)\n\tat org.apache.maven.surefire.booter.ForkedBooter.runSuitesInProcess(ForkedBooter.java:345)\n\tat org.apache.maven.surefire.booter.ForkedBooter.execute(ForkedBooter.java:126)\n\tat org.apache.maven.surefire.booter.ForkedBooter.main(ForkedBooter.java:418)\nCaused by: java.lang.RuntimeException: \nCan't get WebDriver: chrome\n\tat com.epam.jdi.light.common.Exceptions.exception(Exceptions.java:35)\n\tat com.epam.jdi.light.driver.WebDriverFactory.getDriver(WebDriverFactory.java:224)\n\tat com.epam.jdi.light.driver.WebDriverFactory.getDriver(WebDriverFactory.java:214)\n\t... 28 more\nCaused by: java.lang.RuntimeException: java.lang.RuntimeException: \nFailed to run downloaded driver CHROME:X64:105.0.5195.52. Please check that your browser and driver are compatible or use local driver with 'drivers.folder' property in test.properties'.\nDriverPath: /home/runner/.cache/selenium/chromedriver/linux64/107.0.5304.62/chromedriver\n\tat com.jdiai.tools.func.JFunc1.execute(JFunc1.java:21)\n\tat com.epam.jdi.light.driver.WebDriverFactory.getDriver(WebDriverFactory.java:222)\n\t... 29 more\nCaused by: java.lang.RuntimeException: \nFailed to run downloaded driver CHROME:X64:105.0.5195.52. Please check that your browser and driver are compatible or use local driver with 'drivers.folder' property in test.properties'.\nDriverPath: /home/runner/.cache/selenium/chromedriver/linux64/107.0.5304.62/chromedriver\n\tat com.epam.jdi.light.common.Exceptions.exception(Exceptions.java:35)\n\tat com.epam.jdi.light.driver.WebDriverFactory.getDriverException(WebDriverFactory.java:143)\n\tat com.epam.jdi.light.driver.WebDriverFactory.getDriverByName(WebDriverFactory.java:127)\n\tat com.jdiai.tools.func.JFunc1.execute(JFunc1.java:19)\n\t... 30 more\nCaused by: java.lang.RuntimeException: \nCan't run and register new driver 'chrome'\n\tat com.epam.jdi.light.common.Exceptions.exception(Exceptions.java:35)\n\tat com.epam.jdi.light.driver.WebDriverFactory.registerNewDriver(WebDriverFactory.java:90)\n\tat com.epam.jdi.light.driver.WebDriverFactory.getDriverFromName(WebDriverFactory.java:158)\n\tat com.epam.jdi.light.driver.WebDriverFactory.getDriverByName(WebDriverFactory.java:125)\n\t... 31 more\nCaused by: java.lang.RuntimeException: \nFailed to get valid driver 'chrome'\n\tat com.epam.jdi.light.common.Exceptions.runtimeException(Exceptions.java:17)\n\tat com.epam.jdi.light.driver.WebDriverFactory.getValidDriver(WebDriverFactory.java:113)\n\tat com.epam.jdi.light.driver.WebDriverFactory.registerNewDriver(WebDriverFactory.java:85)\n\t... 33 more\n","flaky":false,"newFailed":false,"newBroken":false,"newPassed":false,"retriesCount":0,"retriesStatusChange":false,"beforeStages":[{"name":"setUp","time":{"start":1668591730596,"stop":1668591736652,"duration":6056},"description":"","status":"broken","statusMessage":"\nCan't get WebDriver: chrome","statusTrace":"java.lang.RuntimeException: \nCan't get WebDriver: chrome\n\tat com.epam.jdi.light.common.Exceptions.exception(Exceptions.java:35)\n\tat com.epam.jdi.light.driver.WebDriverFactory.getDriver(WebDriverFactory.java:216)\n\tat com.epam.jdi.light.elements.common.WindowsManager.setWindowName(WindowsManager.java:87)\n\tat com.epam.jdi.light.elements.common.WindowsManager.openSiteTab(WindowsManager.java:51)\n\tat com.epam.jdi.light.elements.composite.WebPage.openSite(WebPage.java:153)\n\tat org.mytests.tests.TestsInit.setUp(TestsInit.java:18)\n\tat java.base/jdk.internal.reflect.NativeMethodAccessorImpl.invoke0(Native Method)\n\tat java.base/jdk.internal.reflect.NativeMethodAccessorImpl.invoke(NativeMethodAccessorImpl.java:62)\n\tat java.base/jdk.internal.reflect.DelegatingMethodAccessorImpl.invoke(DelegatingMethodAccessorImpl.java:43)\n\tat java.base/java.lang.reflect.Method.invoke(Method.java:564)\n\tat org.testng.internal.MethodInvocationHelper.invokeMethod(MethodInvocationHelper.java:124)\n\tat org.testng.internal.MethodInvocationHelper.invokeMethodConsideringTimeout(MethodInvocationHelper.java:59)\n\tat org.testng.internal.Invoker.invokeConfigurationMethod(Invoker.java:458)\n\tat org.testng.internal.Invoker.invokeConfigurations(Invoker.java:222)\n\tat org.testng.internal.Invoker.invokeConfigurations(Invoker.java:142)\n\tat org.testng.SuiteRunner.privateRun(SuiteRunner.java:401)\n\tat org.testng.SuiteRunner.run(SuiteRunner.java:364)\n\tat org.testng.SuiteRunnerWorker.runSuite(SuiteRunnerWorker.java:52)\n\tat org.testng.SuiteRunnerWorker.run(SuiteRunnerWorker.java:84)\n\tat org.testng.TestNG.runSuitesSequentially(TestNG.java:1208)\n\tat org.testng.TestNG.runSuitesLocally(TestNG.java:1137)\n\tat org.testng.TestNG.runSuites(TestNG.java:1049)\n\tat org.testng.TestNG.run(TestNG.java:1017)\n\tat org.apache.maven.surefire.testng.TestNGExecutor.run(TestNGExecutor.java:283)\n\tat org.apache.maven.surefire.testng.TestNGXmlTestSuite.execute(TestNGXmlTestSuite.java:75)\n\tat org.apache.maven.surefire.testng.TestNGProvider.invoke(TestNGProvider.java:120)\n\tat org.apache.maven.surefire.booter.ForkedBooter.invokeProviderInSameClassLoader(ForkedBooter.java:384)\n\tat org.apache.maven.surefire.booter.ForkedBooter.runSuitesInProcess(ForkedBooter.java:345)\n\tat org.apache.maven.surefire.booter.ForkedBooter.execute(ForkedBooter.java:126)\n\tat org.apache.maven.surefire.booter.ForkedBooter.main(ForkedBooter.java:418)\nCaused by: java.lang.RuntimeException: \nCan't get WebDriver: chrome\n\tat com.epam.jdi.light.common.Exceptions.exception(Exceptions.java:35)\n\tat com.epam.jdi.light.driver.WebDriverFactory.getDriver(WebDriverFactory.java:224)\n\tat com.epam.jdi.light.driver.WebDriverFactory.getDriver(WebDriverFactory.java:214)\n\t... 28 more\nCaused by: java.lang.RuntimeException: java.lang.RuntimeException: \nFailed to run downloaded driver CHROME:X64:105.0.5195.52. Please check that your browser and driver are compatible or use local driver with 'drivers.folder' property in test.properties'.\nDriverPath: /home/runner/.cache/selenium/chromedriver/linux64/107.0.5304.62/chromedriver\n\tat com.jdiai.tools.func.JFunc1.execute(JFunc1.java:21)\n\tat com.epam.jdi.light.driver.WebDriverFactory.getDriver(WebDriverFactory.java:222)\n\t... 29 more\nCaused by: java.lang.RuntimeException: \nFailed to run downloaded driver CHROME:X64:105.0.5195.52. Please check that your browser and driver are compatible or use local driver with 'drivers.folder' property in test.properties'.\nDriverPath: /home/runner/.cache/selenium/chromedriver/linux64/107.0.5304.62/chromedriver\n\tat com.epam.jdi.light.common.Exceptions.exception(Exceptions.java:35)\n\tat com.epam.jdi.light.driver.WebDriverFactory.getDriverException(WebDriverFactory.java:143)\n\tat com.epam.jdi.light.driver.WebDriverFactory.getDriverByName(WebDriverFactory.java:127)\n\tat com.jdiai.tools.func.JFunc1.execute(JFunc1.java:19)\n\t... 30 more\nCaused by: java.lang.RuntimeException: \nCan't run and register new driver 'chrome'\n\tat com.epam.jdi.light.common.Exceptions.exception(Exceptions.java:35)\n\tat com.epam.jdi.light.driver.WebDriverFactory.registerNewDriver(WebDriverFactory.java:90)\n\tat com.epam.jdi.light.driver.WebDriverFactory.getDriverFromName(WebDriverFactory.java:158)\n\tat com.epam.jdi.light.driver.WebDriverFactory.getDriverByName(WebDriverFactory.java:125)\n\t... 31 more\nCaused by: java.lang.RuntimeException: \nFailed to get valid driver 'chrome'\n\tat com.epam.jdi.light.common.Exceptions.runtimeException(Exceptions.java:17)\n\tat com.epam.jdi.light.driver.WebDriverFactory.getValidDriver(WebDriverFactory.java:113)\n\tat com.epam.jdi.light.driver.WebDriverFactory.registerNewDriver(WebDriverFactory.java:85)\n\t... 33 more\n","steps":[],"attachments":[],"parameters":[],"stepsCount":0,"attachmentsCount":0,"shouldDisplayMessage":true,"hasContent":true}],"afterStages":[{"name":"tearDown","time":{"start":1668591736975,"stop":1668591736975,"duration":0},"description":"","status":"passed","steps":[],"attachments":[],"parameters":[],"stepsCount":0,"attachmentsCount":0,"shouldDisplayMessage":false,"hasContent":false}],"labels":[{"name":"package","value":"org.mytests.tests.example.DataTableTests"},{"name":"testClass","value":"org.mytests.tests.example.DataTableTests"},{"name":"testMethod","value":"atLeastTest"},{"name":"parentSuite","value":"JDI-Light Performance"},{"name":"suite","value":"Tests"},{"name":"subSuite","value":"org.mytests.tests.example.DataTableTests"},{"name":"host","value":"fv-az195-414"},{"name":"thread","value":"3809@fv-az195-414.TestNG-test=Tests-2(36)"},{"name":"framework","value":"testng"},{"name":"language","value":"java"},{"name":"resultFormat","value":"allure2"}],"parameters":[],"links":[],"hidden":false,"retry":false,"extra":{"severity":"normal","retries":[],"categories":[],"history":{"statistic":{"failed":0,"broken":0,"skipped":33,"passed":1,"unknown":0,"total":34},"items":[{"uid":"f5094f732fbd2219","reportUrl":"https://jdi-templates.github.io/jdi-light-browserstack/8//#testresult/f5094f732fbd2219","status":"skipped","statusDetails":"\nCan't get WebDriver: chrome","time":{"start":1668591639937,"stop":1668591639937,"duration":0}},{"uid":"abaa8dd01dedb3ff","reportUrl":"https://jdi-templates.github.io/jdi-light-browserstack/7//#testresult/abaa8dd01dedb3ff","status":"skipped","statusDetails":"\nCan't get WebDriver: firefox","time":{"start":1668417319399,"stop":1668417319399,"duration":0}},{"uid":"bd133dc2c99a0571","reportUrl":"https://jdi-templates.github.io/jdi-light-browserstack/7//#testresult/bd133dc2c99a0571","status":"skipped","statusDetails":"\nCan't get WebDriver: firefox","time":{"start":1668417216353,"stop":1668417216353,"duration":0}},{"uid":"890ed80ac67da5bd","reportUrl":"https://jdi-templates.github.io/jdi-light-browserstack/7//#testresult/890ed80ac67da5bd","status":"skipped","statusDetails":"\nCan't get WebDriver: firefox","time":{"start":1668417116835,"stop":1668417116835,"duration":0}},{"uid":"e48d25eb0746c9dd","reportUrl":"https://jdi-templates.github.io/jdi-light-browserstack/7//#testresult/e48d25eb0746c9dd","status":"skipped","statusDetails":"\nCan't get WebDriver: firefox","time":{"start":1668417005497,"stop":1668417005497,"duration":0}},{"uid":"5978574df76e71db","reportUrl":"https://jdi-templates.github.io/jdi-light-browserstack/7//#testresult/5978574df76e71db","status":"skipped","statusDetails":"\nCan't get WebDriver: firefox","time":{"start":1668416878382,"stop":1668416878382,"duration":0}},{"uid":"5fe3511830c73124","reportUrl":"https://jdi-templates.github.io/jdi-light-browserstack/7//#testresult/5fe3511830c73124","status":"skipped","statusDetails":"\nCan't get WebDriver: firefox","time":{"start":1668416760648,"stop":1668416760648,"duration":0}},{"uid":"200f490101c7ca85","reportUrl":"https://jdi-templates.github.io/jdi-light-browserstack/7//#testresult/200f490101c7ca85","status":"skipped","statusDetails":"\nCan't get WebDriver: firefox","time":{"start":1668416656678,"stop":1668416656678,"duration":0}},{"uid":"c57ad07a4ceaf417","reportUrl":"https://jdi-templates.github.io/jdi-light-browserstack/6//#testresult/c57ad07a4ceaf417","status":"skipped","statusDetails":"\nCan't get WebDriver: firefox","time":{"start":1667992195620,"stop":1667992195620,"duration":0}},{"uid":"9743c0a427b69b1c","reportUrl":"https://jdi-templates.github.io/jdi-light-browserstack/6//#testresult/9743c0a427b69b1c","status":"skipped","statusDetails":"\nCan't get WebDriver: firefox","time":{"start":1667992079313,"stop":1667992079316,"duration":3}},{"uid":"b556c62ec044728e","reportUrl":"https://jdi-templates.github.io/jdi-light-browserstack/6//#testresult/b556c62ec044728e","status":"skipped","statusDetails":"\nCan't get WebDriver: firefox","time":{"start":1667991973603,"stop":1667991973603,"duration":0}},{"uid":"ca8b0597a59907c5","reportUrl":"https://jdi-templates.github.io/jdi-light-browserstack/6//#testresult/ca8b0597a59907c5","status":"skipped","statusDetails":"\nCan't get WebDriver: firefox","time":{"start":1667991873163,"stop":1667991873163,"duration":0}},{"uid":"371bcaf365b94b5b","reportUrl":"https://jdi-templates.github.io/jdi-light-browserstack/6//#testresult/371bcaf365b94b5b","status":"skipped","statusDetails":"\nCan't get WebDriver: firefox","time":{"start":1667991759112,"stop":1667991759112,"duration":0}},{"uid":"9a12fc80a5145a2c","reportUrl":"https://jdi-templates.github.io/jdi-light-browserstack/6//#testresult/9a12fc80a5145a2c","status":"skipped","statusDetails":"\nCan't get WebDriver: firefox","time":{"start":1667991671538,"stop":1667991671538,"duration":0}},{"uid":"b40c32dd8341f537","reportUrl":"https://jdi-templates.github.io/jdi-light-browserstack/6//#testresult/b40c32dd8341f537","status":"skipped","statusDetails":"\nCan't get WebDriver: firefox","time":{"start":1667991568973,"stop":1667991568973,"duration":0}},{"uid":"6a7cb44e7c95659","reportUrl":"https://jdi-templates.github.io/jdi-light-browserstack/6//#testresult/6a7cb44e7c95659","status":"skipped","statusDetails":"\nCan't get WebDriver: firefox","time":{"start":1667991465193,"stop":1667991465194,"duration":1}},{"uid":"281df3f6e9bcb61f","reportUrl":"https://jdi-templates.github.io/jdi-light-browserstack/5//#testresult/281df3f6e9bcb61f","status":"skipped","statusDetails":"\nCan't get WebDriver: firefox","time":{"start":1667986026188,"stop":1667986026189,"duration":1}},{"uid":"bcc7163fa2e71906","reportUrl":"https://jdi-templates.github.io/jdi-light-browserstack/5//#testresult/bcc7163fa2e71906","status":"skipped","statusDetails":"\nCan't get WebDriver: firefox","time":{"start":1667985901946,"stop":1667985901946,"duration":0}},{"uid":"15ecb8754288add6","reportUrl":"https://jdi-templates.github.io/jdi-light-browserstack/5//#testresult/15ecb8754288add6","status":"skipped","statusDetails":"\nCan't get WebDriver: firefox","time":{"start":1667985782793,"stop":1667985782793,"duration":0}},{"uid":"c55ad307787ba3d8","reportUrl":"https://jdi-templates.github.io/jdi-light-browserstack/5//#testresult/c55ad307787ba3d8","status":"skipped","statusDetails":"\nCan't get WebDriver: firefox","time":{"start":1667985662794,"stop":1667985662795,"duration":1}}]},"tags":[]},"source":"721a533294c52fa6.json","parameterValues":[]}