{"uid":"9f2704b974ae7799","name":"noRowsTest","fullName":"org.mytests.tests.example.DataTableTests.noRowsTest","historyId":"f6c5a72b92e5f310821d8e65d18312f","time":{"start":1668591639988,"stop":1668591639988,"duration":0},"status":"skipped","statusMessage":"\nCan't get WebDriver: chrome","statusTrace":"java.lang.RuntimeException: \nCan't get WebDriver: chrome\n\tat com.epam.jdi.light.common.Exceptions.exception(Exceptions.java:35)\n\tat com.epam.jdi.light.driver.WebDriverFactory.getDriver(WebDriverFactory.java:216)\n\tat com.epam.jdi.light.elements.common.WindowsManager.setWindowName(WindowsManager.java:87)\n\tat com.epam.jdi.light.elements.common.WindowsManager.openSiteTab(WindowsManager.java:51)\n\tat com.epam.jdi.light.elements.composite.WebPage.openSite(WebPage.java:153)\n\tat org.mytests.tests.TestsInit.setUp(TestsInit.java:18)\n\tat sun.reflect.NativeMethodAccessorImpl.invoke0(Native Method)\n\tat sun.reflect.NativeMethodAccessorImpl.invoke(NativeMethodAccessorImpl.java:62)\n\tat sun.reflect.DelegatingMethodAccessorImpl.invoke(DelegatingMethodAccessorImpl.java:43)\n\tat java.lang.reflect.Method.invoke(Method.java:498)\n\tat org.testng.internal.MethodInvocationHelper.invokeMethod(MethodInvocationHelper.java:124)\n\tat org.testng.internal.MethodInvocationHelper.invokeMethodConsideringTimeout(MethodInvocationHelper.java:59)\n\tat org.testng.internal.Invoker.invokeConfigurationMethod(Invoker.java:458)\n\tat org.testng.internal.Invoker.invokeConfigurations(Invoker.java:222)\n\tat org.testng.internal.Invoker.invokeConfigurations(Invoker.java:142)\n\tat org.testng.SuiteRunner.privateRun(SuiteRunner.java:401)\n\tat org.testng.SuiteRunner.run(SuiteRunner.java:364)\n\tat org.testng.SuiteRunnerWorker.runSuite(SuiteRunnerWorker.java:52)\n\tat org.testng.SuiteRunnerWorker.run(SuiteRunnerWorker.java:84)\n\tat org.testng.TestNG.runSuitesSequentially(TestNG.java:1208)\n\tat org.testng.TestNG.runSuitesLocally(TestNG.java:1137)\n\tat org.testng.TestNG.runSuites(TestNG.java:1049)\n\tat org.testng.TestNG.run(TestNG.java:1017)\n\tat org.apache.maven.surefire.testng.TestNGExecutor.run(TestNGExecutor.java:283)\n\tat org.apache.maven.surefire.testng.TestNGXmlTestSuite.execute(TestNGXmlTestSuite.java:75)\n\tat org.apache.maven.surefire.testng.TestNGProvider.invoke(TestNGProvider.java:120)\n\tat org.apache.maven.surefire.booter.ForkedBooter.invokeProviderInSameClassLoader(ForkedBooter.java:384)\n\tat org.apache.maven.surefire.booter.ForkedBooter.runSuitesInProcess(ForkedBooter.java:345)\n\tat org.apache.maven.surefire.booter.ForkedBooter.execute(ForkedBooter.java:126)\n\tat org.apache.maven.surefire.booter.ForkedBooter.main(ForkedBooter.java:418)\nCaused by: java.lang.RuntimeException: \nCan't get WebDriver: chrome\n\tat com.epam.jdi.light.common.Exceptions.exception(Exceptions.java:35)\n\tat com.epam.jdi.light.driver.WebDriverFactory.getDriver(WebDriverFactory.java:224)\n\tat com.epam.jdi.light.driver.WebDriverFactory.getDriver(WebDriverFactory.java:214)\n\t... 28 more\nCaused by: java.lang.RuntimeException: java.lang.RuntimeException: \nFailed to run downloaded driver CHROME:X64:105.0.5195.52. Please check that your browser and driver are compatible or use local driver with 'drivers.folder' property in test.properties'.\nDriverPath: /home/runner/.cache/selenium/chromedriver/linux64/107.0.5304.62/chromedriver\n\tat com.jdiai.tools.func.JFunc1.execute(JFunc1.java:21)\n\tat com.epam.jdi.light.driver.WebDriverFactory.getDriver(WebDriverFactory.java:222)\n\t... 29 more\nCaused by: java.lang.RuntimeException: \nFailed to run downloaded driver CHROME:X64:105.0.5195.52. Please check that your browser and driver are compatible or use local driver with 'drivers.folder' property in test.properties'.\nDriverPath: /home/runner/.cache/selenium/chromedriver/linux64/107.0.5304.62/chromedriver\n\tat com.epam.jdi.light.common.Exceptions.exception(Exceptions.java:35)\n\tat com.epam.jdi.light.driver.WebDriverFactory.getDriverException(WebDriverFactory.java:143)\n\tat com.epam.jdi.light.driver.WebDriverFactory.getDriverByName(WebDriverFactory.java:127)\n\tat com.jdiai.tools.func.JFunc1.execute(JFunc1.java:19)\n\t... 30 more\nCaused by: java.lang.RuntimeException: \nCan't run and register new driver 'chrome'\n\tat com.epam.jdi.light.common.Exceptions.exception(Exceptions.java:35)\n\tat com.epam.jdi.light.driver.WebDriverFactory.registerNewDriver(WebDriverFactory.java:90)\n\tat com.epam.jdi.light.driver.WebDriverFactory.getDriverFromName(WebDriverFactory.java:158)\n\tat com.epam.jdi.light.driver.WebDriverFactory.getDriverByName(WebDriverFactory.java:125)\n\t... 31 more\nCaused by: java.lang.RuntimeException: \nFailed to get valid driver 'chrome'\n\tat com.epam.jdi.light.common.Exceptions.runtimeException(Exceptions.java:17)\n\tat com.epam.jdi.light.driver.WebDriverFactory.getValidDriver(WebDriverFactory.java:113)\n\tat com.epam.jdi.light.driver.WebDriverFactory.registerNewDriver(WebDriverFactory.java:85)\n\t... 33 more\n","flaky":false,"newFailed":false,"newBroken":false,"newPassed":false,"retriesCount":0,"retriesStatusChange":false,"beforeStages":[{"name":"setUp","time":{"start":1668591629813,"stop":1668591639718,"duration":9905},"description":"","status":"broken","statusMessage":"\nCan't get WebDriver: chrome","statusTrace":"java.lang.RuntimeException: \nCan't get WebDriver: chrome\n\tat com.epam.jdi.light.common.Exceptions.exception(Exceptions.java:35)\n\tat com.epam.jdi.light.driver.WebDriverFactory.getDriver(WebDriverFactory.java:216)\n\tat com.epam.jdi.light.elements.common.WindowsManager.setWindowName(WindowsManager.java:87)\n\tat com.epam.jdi.light.elements.common.WindowsManager.openSiteTab(WindowsManager.java:51)\n\tat com.epam.jdi.light.elements.composite.WebPage.openSite(WebPage.java:153)\n\tat org.mytests.tests.TestsInit.setUp(TestsInit.java:18)\n\tat sun.reflect.NativeMethodAccessorImpl.invoke0(Native Method)\n\tat sun.reflect.NativeMethodAccessorImpl.invoke(NativeMethodAccessorImpl.java:62)\n\tat sun.reflect.DelegatingMethodAccessorImpl.invoke(DelegatingMethodAccessorImpl.java:43)\n\tat java.lang.reflect.Method.invoke(Method.java:498)\n\tat org.testng.internal.MethodInvocationHelper.invokeMethod(MethodInvocationHelper.java:124)\n\tat org.testng.internal.MethodInvocationHelper.invokeMethodConsideringTimeout(MethodInvocationHelper.java:59)\n\tat org.testng.internal.Invoker.invokeConfigurationMethod(Invoker.java:458)\n\tat org.testng.internal.Invoker.invokeConfigurations(Invoker.java:222)\n\tat org.testng.internal.Invoker.invokeConfigurations(Invoker.java:142)\n\tat org.testng.SuiteRunner.privateRun(SuiteRunner.java:401)\n\tat org.testng.SuiteRunner.run(SuiteRunner.java:364)\n\tat org.testng.SuiteRunnerWorker.runSuite(SuiteRunnerWorker.java:52)\n\tat org.testng.SuiteRunnerWorker.run(SuiteRunnerWorker.java:84)\n\tat org.testng.TestNG.runSuitesSequentially(TestNG.java:1208)\n\tat org.testng.TestNG.runSuitesLocally(TestNG.java:1137)\n\tat org.testng.TestNG.runSuites(TestNG.java:1049)\n\tat org.testng.TestNG.run(TestNG.java:1017)\n\tat org.apache.maven.surefire.testng.TestNGExecutor.run(TestNGExecutor.java:283)\n\tat org.apache.maven.surefire.testng.TestNGXmlTestSuite.execute(TestNGXmlTestSuite.java:75)\n\tat org.apache.maven.surefire.testng.TestNGProvider.invoke(TestNGProvider.java:120)\n\tat org.apache.maven.surefire.booter.ForkedBooter.invokeProviderInSameClassLoader(ForkedBooter.java:384)\n\tat org.apache.maven.surefire.booter.ForkedBooter.runSuitesInProcess(ForkedBooter.java:345)\n\tat org.apache.maven.surefire.booter.ForkedBooter.execute(ForkedBooter.java:126)\n\tat org.apache.maven.surefire.booter.ForkedBooter.main(ForkedBooter.java:418)\nCaused by: java.lang.RuntimeException: \nCan't get WebDriver: chrome\n\tat com.epam.jdi.light.common.Exceptions.exception(Exceptions.java:35)\n\tat com.epam.jdi.light.driver.WebDriverFactory.getDriver(WebDriverFactory.java:224)\n\tat com.epam.jdi.light.driver.WebDriverFactory.getDriver(WebDriverFactory.java:214)\n\t... 28 more\nCaused by: java.lang.RuntimeException: java.lang.RuntimeException: \nFailed to run downloaded driver CHROME:X64:105.0.5195.52. Please check that your browser and driver are compatible or use local driver with 'drivers.folder' property in test.properties'.\nDriverPath: /home/runner/.cache/selenium/chromedriver/linux64/107.0.5304.62/chromedriver\n\tat com.jdiai.tools.func.JFunc1.execute(JFunc1.java:21)\n\tat com.epam.jdi.light.driver.WebDriverFactory.getDriver(WebDriverFactory.java:222)\n\t... 29 more\nCaused by: java.lang.RuntimeException: \nFailed to run downloaded driver CHROME:X64:105.0.5195.52. Please check that your browser and driver are compatible or use local driver with 'drivers.folder' property in test.properties'.\nDriverPath: /home/runner/.cache/selenium/chromedriver/linux64/107.0.5304.62/chromedriver\n\tat com.epam.jdi.light.common.Exceptions.exception(Exceptions.java:35)\n\tat com.epam.jdi.light.driver.WebDriverFactory.getDriverException(WebDriverFactory.java:143)\n\tat com.epam.jdi.light.driver.WebDriverFactory.getDriverByName(WebDriverFactory.java:127)\n\tat com.jdiai.tools.func.JFunc1.execute(JFunc1.java:19)\n\t... 30 more\nCaused by: java.lang.RuntimeException: \nCan't run and register new driver 'chrome'\n\tat com.epam.jdi.light.common.Exceptions.exception(Exceptions.java:35)\n\tat com.epam.jdi.light.driver.WebDriverFactory.registerNewDriver(WebDriverFactory.java:90)\n\tat com.epam.jdi.light.driver.WebDriverFactory.getDriverFromName(WebDriverFactory.java:158)\n\tat com.epam.jdi.light.driver.WebDriverFactory.getDriverByName(WebDriverFactory.java:125)\n\t... 31 more\nCaused by: java.lang.RuntimeException: \nFailed to get valid driver 'chrome'\n\tat com.epam.jdi.light.common.Exceptions.runtimeException(Exceptions.java:17)\n\tat com.epam.jdi.light.driver.WebDriverFactory.getValidDriver(WebDriverFactory.java:113)\n\tat com.epam.jdi.light.driver.WebDriverFactory.registerNewDriver(WebDriverFactory.java:85)\n\t... 33 more\n","steps":[],"attachments":[],"parameters":[],"stepsCount":0,"attachmentsCount":0,"shouldDisplayMessage":true,"hasContent":true}],"afterStages":[{"name":"tearDown","time":{"start":1668591640045,"stop":1668591640046,"duration":1},"description":"","status":"passed","steps":[],"attachments":[],"parameters":[],"stepsCount":0,"attachmentsCount":0,"shouldDisplayMessage":false,"hasContent":false}],"labels":[{"name":"package","value":"org.mytests.tests.example.DataTableTests"},{"name":"testClass","value":"org.mytests.tests.example.DataTableTests"},{"name":"testMethod","value":"noRowsTest"},{"name":"parentSuite","value":"JDI-Light Performance"},{"name":"suite","value":"Tests"},{"name":"subSuite","value":"org.mytests.tests.example.DataTableTests"},{"name":"host","value":"fv-az615-858"},{"name":"thread","value":"3838@fv-az615-858.TestNG-test=Tests-2(35)"},{"name":"framework","value":"testng"},{"name":"language","value":"java"},{"name":"resultFormat","value":"allure2"}],"parameters":[],"links":[],"hidden":false,"retry":false,"extra":{"severity":"normal","retries":[],"categories":[],"history":{"statistic":{"failed":0,"broken":0,"skipped":32,"passed":1,"unknown":0,"total":33},"items":[{"uid":"f76345aff1047f7f","reportUrl":"https://jdi-templates.github.io/jdi-light-browserstack/7//#testresult/f76345aff1047f7f","status":"skipped","statusDetails":"\nCan't get WebDriver: firefox","time":{"start":1668417319453,"stop":1668417319453,"duration":0}},{"uid":"bce2c03833699e9c","reportUrl":"https://jdi-templates.github.io/jdi-light-browserstack/7//#testresult/bce2c03833699e9c","status":"skipped","statusDetails":"\nCan't get WebDriver: firefox","time":{"start":1668417216386,"stop":1668417216386,"duration":0}},{"uid":"2da8c92b95855d47","reportUrl":"https://jdi-templates.github.io/jdi-light-browserstack/7//#testresult/2da8c92b95855d47","status":"skipped","statusDetails":"\nCan't get WebDriver: firefox","time":{"start":1668417116891,"stop":1668417116891,"duration":0}},{"uid":"1ef81d0d1d623ab5","reportUrl":"https://jdi-templates.github.io/jdi-light-browserstack/7//#testresult/1ef81d0d1d623ab5","status":"skipped","statusDetails":"\nCan't get WebDriver: firefox","time":{"start":1668417005565,"stop":1668417005566,"duration":1}},{"uid":"3468e4a5095f0be6","reportUrl":"https://jdi-templates.github.io/jdi-light-browserstack/7//#testresult/3468e4a5095f0be6","status":"skipped","statusDetails":"\nCan't get WebDriver: firefox","time":{"start":1668416878467,"stop":1668416878467,"duration":0}},{"uid":"29972b716acb2db9","reportUrl":"https://jdi-templates.github.io/jdi-light-browserstack/7//#testresult/29972b716acb2db9","status":"skipped","statusDetails":"\nCan't get WebDriver: firefox","time":{"start":1668416760720,"stop":1668416760720,"duration":0}},{"uid":"6e70d11dbeb77d57","reportUrl":"https://jdi-templates.github.io/jdi-light-browserstack/7//#testresult/6e70d11dbeb77d57","status":"skipped","statusDetails":"\nCan't get WebDriver: firefox","time":{"start":1668416656744,"stop":1668416656744,"duration":0}},{"uid":"b8ce25327ac4deaa","reportUrl":"https://jdi-templates.github.io/jdi-light-browserstack/6//#testresult/b8ce25327ac4deaa","status":"skipped","statusDetails":"\nCan't get WebDriver: firefox","time":{"start":1667992195672,"stop":1667992195672,"duration":0}},{"uid":"a412ef0a8e0933e6","reportUrl":"https://jdi-templates.github.io/jdi-light-browserstack/6//#testresult/a412ef0a8e0933e6","status":"skipped","statusDetails":"\nCan't get WebDriver: firefox","time":{"start":1667992079374,"stop":1667992079374,"duration":0}},{"uid":"7b1d4821c3a00485","reportUrl":"https://jdi-templates.github.io/jdi-light-browserstack/6//#testresult/7b1d4821c3a00485","status":"skipped","statusDetails":"\nCan't get WebDriver: firefox","time":{"start":1667991973672,"stop":1667991973672,"duration":0}},{"uid":"de9349b50d13d3ce","reportUrl":"https://jdi-templates.github.io/jdi-light-browserstack/6//#testresult/de9349b50d13d3ce","status":"skipped","statusDetails":"\nCan't get WebDriver: firefox","time":{"start":1667991873245,"stop":1667991873245,"duration":0}},{"uid":"c8bf7ae0511e2705","reportUrl":"https://jdi-templates.github.io/jdi-light-browserstack/6//#testresult/c8bf7ae0511e2705","status":"skipped","statusDetails":"\nCan't get WebDriver: firefox","time":{"start":1667991759163,"stop":1667991759163,"duration":0}},{"uid":"82b19bedd2e969f4","reportUrl":"https://jdi-templates.github.io/jdi-light-browserstack/6//#testresult/82b19bedd2e969f4","status":"skipped","statusDetails":"\nCan't get WebDriver: firefox","time":{"start":1667991671588,"stop":1667991671588,"duration":0}},{"uid":"146adaf541f8bd61","reportUrl":"https://jdi-templates.github.io/jdi-light-browserstack/6//#testresult/146adaf541f8bd61","status":"skipped","statusDetails":"\nCan't get WebDriver: firefox","time":{"start":1667991569015,"stop":1667991569015,"duration":0}},{"uid":"397e61571c9d0fd","reportUrl":"https://jdi-templates.github.io/jdi-light-browserstack/6//#testresult/397e61571c9d0fd","status":"skipped","statusDetails":"\nCan't get WebDriver: firefox","time":{"start":1667991465280,"stop":1667991465280,"duration":0}},{"uid":"5b213e258b3f24b6","reportUrl":"https://jdi-templates.github.io/jdi-light-browserstack/5//#testresult/5b213e258b3f24b6","status":"skipped","statusDetails":"\nCan't get WebDriver: firefox","time":{"start":1667986026268,"stop":1667986026268,"duration":0}},{"uid":"a85464b5c452f6fa","reportUrl":"https://jdi-templates.github.io/jdi-light-browserstack/5//#testresult/a85464b5c452f6fa","status":"skipped","statusDetails":"\nCan't get WebDriver: firefox","time":{"start":1667985902022,"stop":1667985902022,"duration":0}},{"uid":"ece4c6ae10615b7c","reportUrl":"https://jdi-templates.github.io/jdi-light-browserstack/5//#testresult/ece4c6ae10615b7c","status":"skipped","statusDetails":"\nCan't get WebDriver: firefox","time":{"start":1667985782838,"stop":1667985782838,"duration":0}},{"uid":"cc24cacd0b9669fe","reportUrl":"https://jdi-templates.github.io/jdi-light-browserstack/5//#testresult/cc24cacd0b9669fe","status":"skipped","statusDetails":"\nCan't get WebDriver: firefox","time":{"start":1667985662886,"stop":1667985662886,"duration":0}},{"uid":"8a1b50b9a4db4510","reportUrl":"https://jdi-templates.github.io/jdi-light-browserstack/5//#testresult/8a1b50b9a4db4510","status":"skipped","statusDetails":"\nCan't get WebDriver: firefox","time":{"start":1667985532533,"stop":1667985532533,"duration":0}}]},"tags":[]},"source":"9f2704b974ae7799.json","parameterValues":[]}