{"uid":"a288aa1fb133fb93","name":"hugeTableSearchTest","fullName":"org.mytests.tests.example.JDIPerformanceTests.hugeTableSearchTest","historyId":"93e31f73cc9d39e058f98fba52500174","time":{"start":1668591736849,"stop":1668591736849,"duration":0},"status":"skipped","statusMessage":"\nCan't get WebDriver: chrome","statusTrace":"java.lang.RuntimeException: \nCan't get WebDriver: chrome\n\tat com.epam.jdi.light.common.Exceptions.exception(Exceptions.java:35)\n\tat com.epam.jdi.light.driver.WebDriverFactory.getDriver(WebDriverFactory.java:216)\n\tat com.epam.jdi.light.elements.common.WindowsManager.setWindowName(WindowsManager.java:87)\n\tat com.epam.jdi.light.elements.common.WindowsManager.openSiteTab(WindowsManager.java:51)\n\tat com.epam.jdi.light.elements.composite.WebPage.openSite(WebPage.java:153)\n\tat org.mytests.tests.TestsInit.setUp(TestsInit.java:18)\n\tat java.base/jdk.internal.reflect.NativeMethodAccessorImpl.invoke0(Native Method)\n\tat java.base/jdk.internal.reflect.NativeMethodAccessorImpl.invoke(NativeMethodAccessorImpl.java:62)\n\tat java.base/jdk.internal.reflect.DelegatingMethodAccessorImpl.invoke(DelegatingMethodAccessorImpl.java:43)\n\tat java.base/java.lang.reflect.Method.invoke(Method.java:564)\n\tat org.testng.internal.MethodInvocationHelper.invokeMethod(MethodInvocationHelper.java:124)\n\tat org.testng.internal.MethodInvocationHelper.invokeMethodConsideringTimeout(MethodInvocationHelper.java:59)\n\tat org.testng.internal.Invoker.invokeConfigurationMethod(Invoker.java:458)\n\tat org.testng.internal.Invoker.invokeConfigurations(Invoker.java:222)\n\tat org.testng.internal.Invoker.invokeConfigurations(Invoker.java:142)\n\tat org.testng.SuiteRunner.privateRun(SuiteRunner.java:401)\n\tat org.testng.SuiteRunner.run(SuiteRunner.java:364)\n\tat org.testng.SuiteRunnerWorker.runSuite(SuiteRunnerWorker.java:52)\n\tat org.testng.SuiteRunnerWorker.run(SuiteRunnerWorker.java:84)\n\tat org.testng.TestNG.runSuitesSequentially(TestNG.java:1208)\n\tat org.testng.TestNG.runSuitesLocally(TestNG.java:1137)\n\tat org.testng.TestNG.runSuites(TestNG.java:1049)\n\tat org.testng.TestNG.run(TestNG.java:1017)\n\tat org.apache.maven.surefire.testng.TestNGExecutor.run(TestNGExecutor.java:283)\n\tat org.apache.maven.surefire.testng.TestNGXmlTestSuite.execute(TestNGXmlTestSuite.java:75)\n\tat org.apache.maven.surefire.testng.TestNGProvider.invoke(TestNGProvider.java:120)\n\tat org.apache.maven.surefire.booter.ForkedBooter.invokeProviderInSameClassLoader(ForkedBooter.java:384)\n\tat org.apache.maven.surefire.booter.ForkedBooter.runSuitesInProcess(ForkedBooter.java:345)\n\tat org.apache.maven.surefire.booter.ForkedBooter.execute(ForkedBooter.java:126)\n\tat org.apache.maven.surefire.booter.ForkedBooter.main(ForkedBooter.java:418)\nCaused by: java.lang.RuntimeException: \nCan't get WebDriver: chrome\n\tat com.epam.jdi.light.common.Exceptions.exception(Exceptions.java:35)\n\tat com.epam.jdi.light.driver.WebDriverFactory.getDriver(WebDriverFactory.java:224)\n\tat com.epam.jdi.light.driver.WebDriverFactory.getDriver(WebDriverFactory.java:214)\n\t... 28 more\nCaused by: java.lang.RuntimeException: java.lang.RuntimeException: \nFailed to run downloaded driver CHROME:X64:105.0.5195.52. Please check that your browser and driver are compatible or use local driver with 'drivers.folder' property in test.properties'.\nDriverPath: /home/runner/.cache/selenium/chromedriver/linux64/107.0.5304.62/chromedriver\n\tat com.jdiai.tools.func.JFunc1.execute(JFunc1.java:21)\n\tat com.epam.jdi.light.driver.WebDriverFactory.getDriver(WebDriverFactory.java:222)\n\t... 29 more\nCaused by: java.lang.RuntimeException: \nFailed to run downloaded driver CHROME:X64:105.0.5195.52. Please check that your browser and driver are compatible or use local driver with 'drivers.folder' property in test.properties'.\nDriverPath: /home/runner/.cache/selenium/chromedriver/linux64/107.0.5304.62/chromedriver\n\tat com.epam.jdi.light.common.Exceptions.exception(Exceptions.java:35)\n\tat com.epam.jdi.light.driver.WebDriverFactory.getDriverException(WebDriverFactory.java:143)\n\tat com.epam.jdi.light.driver.WebDriverFactory.getDriverByName(WebDriverFactory.java:127)\n\tat com.jdiai.tools.func.JFunc1.execute(JFunc1.java:19)\n\t... 30 more\nCaused by: java.lang.RuntimeException: \nCan't run and register new driver 'chrome'\n\tat com.epam.jdi.light.common.Exceptions.exception(Exceptions.java:35)\n\tat com.epam.jdi.light.driver.WebDriverFactory.registerNewDriver(WebDriverFactory.java:90)\n\tat com.epam.jdi.light.driver.WebDriverFactory.getDriverFromName(WebDriverFactory.java:158)\n\tat com.epam.jdi.light.driver.WebDriverFactory.getDriverByName(WebDriverFactory.java:125)\n\t... 31 more\nCaused by: java.lang.RuntimeException: \nFailed to get valid driver 'chrome'\n\tat com.epam.jdi.light.common.Exceptions.runtimeException(Exceptions.java:17)\n\tat com.epam.jdi.light.driver.WebDriverFactory.getValidDriver(WebDriverFactory.java:113)\n\tat com.epam.jdi.light.driver.WebDriverFactory.registerNewDriver(WebDriverFactory.java:85)\n\t... 33 more\n","flaky":false,"newFailed":false,"newBroken":false,"newPassed":false,"retriesCount":0,"retriesStatusChange":false,"beforeStages":[{"name":"setUp","time":{"start":1668591730596,"stop":1668591736652,"duration":6056},"description":"","status":"broken","statusMessage":"\nCan't get WebDriver: chrome","statusTrace":"java.lang.RuntimeException: \nCan't get WebDriver: chrome\n\tat com.epam.jdi.light.common.Exceptions.exception(Exceptions.java:35)\n\tat com.epam.jdi.light.driver.WebDriverFactory.getDriver(WebDriverFactory.java:216)\n\tat com.epam.jdi.light.elements.common.WindowsManager.setWindowName(WindowsManager.java:87)\n\tat com.epam.jdi.light.elements.common.WindowsManager.openSiteTab(WindowsManager.java:51)\n\tat com.epam.jdi.light.elements.composite.WebPage.openSite(WebPage.java:153)\n\tat org.mytests.tests.TestsInit.setUp(TestsInit.java:18)\n\tat java.base/jdk.internal.reflect.NativeMethodAccessorImpl.invoke0(Native Method)\n\tat java.base/jdk.internal.reflect.NativeMethodAccessorImpl.invoke(NativeMethodAccessorImpl.java:62)\n\tat java.base/jdk.internal.reflect.DelegatingMethodAccessorImpl.invoke(DelegatingMethodAccessorImpl.java:43)\n\tat java.base/java.lang.reflect.Method.invoke(Method.java:564)\n\tat org.testng.internal.MethodInvocationHelper.invokeMethod(MethodInvocationHelper.java:124)\n\tat org.testng.internal.MethodInvocationHelper.invokeMethodConsideringTimeout(MethodInvocationHelper.java:59)\n\tat org.testng.internal.Invoker.invokeConfigurationMethod(Invoker.java:458)\n\tat org.testng.internal.Invoker.invokeConfigurations(Invoker.java:222)\n\tat org.testng.internal.Invoker.invokeConfigurations(Invoker.java:142)\n\tat org.testng.SuiteRunner.privateRun(SuiteRunner.java:401)\n\tat org.testng.SuiteRunner.run(SuiteRunner.java:364)\n\tat org.testng.SuiteRunnerWorker.runSuite(SuiteRunnerWorker.java:52)\n\tat org.testng.SuiteRunnerWorker.run(SuiteRunnerWorker.java:84)\n\tat org.testng.TestNG.runSuitesSequentially(TestNG.java:1208)\n\tat org.testng.TestNG.runSuitesLocally(TestNG.java:1137)\n\tat org.testng.TestNG.runSuites(TestNG.java:1049)\n\tat org.testng.TestNG.run(TestNG.java:1017)\n\tat org.apache.maven.surefire.testng.TestNGExecutor.run(TestNGExecutor.java:283)\n\tat org.apache.maven.surefire.testng.TestNGXmlTestSuite.execute(TestNGXmlTestSuite.java:75)\n\tat org.apache.maven.surefire.testng.TestNGProvider.invoke(TestNGProvider.java:120)\n\tat org.apache.maven.surefire.booter.ForkedBooter.invokeProviderInSameClassLoader(ForkedBooter.java:384)\n\tat org.apache.maven.surefire.booter.ForkedBooter.runSuitesInProcess(ForkedBooter.java:345)\n\tat org.apache.maven.surefire.booter.ForkedBooter.execute(ForkedBooter.java:126)\n\tat org.apache.maven.surefire.booter.ForkedBooter.main(ForkedBooter.java:418)\nCaused by: java.lang.RuntimeException: \nCan't get WebDriver: chrome\n\tat com.epam.jdi.light.common.Exceptions.exception(Exceptions.java:35)\n\tat com.epam.jdi.light.driver.WebDriverFactory.getDriver(WebDriverFactory.java:224)\n\tat com.epam.jdi.light.driver.WebDriverFactory.getDriver(WebDriverFactory.java:214)\n\t... 28 more\nCaused by: java.lang.RuntimeException: java.lang.RuntimeException: \nFailed to run downloaded driver CHROME:X64:105.0.5195.52. Please check that your browser and driver are compatible or use local driver with 'drivers.folder' property in test.properties'.\nDriverPath: /home/runner/.cache/selenium/chromedriver/linux64/107.0.5304.62/chromedriver\n\tat com.jdiai.tools.func.JFunc1.execute(JFunc1.java:21)\n\tat com.epam.jdi.light.driver.WebDriverFactory.getDriver(WebDriverFactory.java:222)\n\t... 29 more\nCaused by: java.lang.RuntimeException: \nFailed to run downloaded driver CHROME:X64:105.0.5195.52. Please check that your browser and driver are compatible or use local driver with 'drivers.folder' property in test.properties'.\nDriverPath: /home/runner/.cache/selenium/chromedriver/linux64/107.0.5304.62/chromedriver\n\tat com.epam.jdi.light.common.Exceptions.exception(Exceptions.java:35)\n\tat com.epam.jdi.light.driver.WebDriverFactory.getDriverException(WebDriverFactory.java:143)\n\tat com.epam.jdi.light.driver.WebDriverFactory.getDriverByName(WebDriverFactory.java:127)\n\tat com.jdiai.tools.func.JFunc1.execute(JFunc1.java:19)\n\t... 30 more\nCaused by: java.lang.RuntimeException: \nCan't run and register new driver 'chrome'\n\tat com.epam.jdi.light.common.Exceptions.exception(Exceptions.java:35)\n\tat com.epam.jdi.light.driver.WebDriverFactory.registerNewDriver(WebDriverFactory.java:90)\n\tat com.epam.jdi.light.driver.WebDriverFactory.getDriverFromName(WebDriverFactory.java:158)\n\tat com.epam.jdi.light.driver.WebDriverFactory.getDriverByName(WebDriverFactory.java:125)\n\t... 31 more\nCaused by: java.lang.RuntimeException: \nFailed to get valid driver 'chrome'\n\tat com.epam.jdi.light.common.Exceptions.runtimeException(Exceptions.java:17)\n\tat com.epam.jdi.light.driver.WebDriverFactory.getValidDriver(WebDriverFactory.java:113)\n\tat com.epam.jdi.light.driver.WebDriverFactory.registerNewDriver(WebDriverFactory.java:85)\n\t... 33 more\n","steps":[],"attachments":[],"parameters":[],"stepsCount":0,"attachmentsCount":0,"shouldDisplayMessage":true,"hasContent":true}],"afterStages":[{"name":"tearDown","time":{"start":1668591736896,"stop":1668591736897,"duration":1},"description":"","status":"passed","steps":[],"attachments":[],"parameters":[],"stepsCount":0,"attachmentsCount":0,"shouldDisplayMessage":false,"hasContent":false}],"labels":[{"name":"package","value":"org.mytests.tests.example.JDIPerformanceTests"},{"name":"testClass","value":"org.mytests.tests.example.JDIPerformanceTests"},{"name":"testMethod","value":"hugeTableSearchTest"},{"name":"parentSuite","value":"JDI-Light Performance"},{"name":"suite","value":"Tests"},{"name":"subSuite","value":"org.mytests.tests.example.JDIPerformanceTests"},{"name":"host","value":"fv-az195-414"},{"name":"thread","value":"3809@fv-az195-414.TestNG-test=Tests-4(38)"},{"name":"framework","value":"testng"},{"name":"language","value":"java"},{"name":"resultFormat","value":"allure2"}],"parameters":[],"links":[],"hidden":false,"retry":false,"extra":{"severity":"normal","retries":[],"categories":[],"history":{"statistic":{"failed":0,"broken":0,"skipped":33,"passed":1,"unknown":0,"total":34},"items":[{"uid":"81f6b563d7bb8cd4","reportUrl":"https://jdi-templates.github.io/jdi-light-browserstack/8//#testresult/81f6b563d7bb8cd4","status":"skipped","statusDetails":"\nCan't get WebDriver: chrome","time":{"start":1668591639934,"stop":1668591639934,"duration":0}},{"uid":"1160cd23f1d97c7c","reportUrl":"https://jdi-templates.github.io/jdi-light-browserstack/7//#testresult/1160cd23f1d97c7c","status":"skipped","statusDetails":"\nCan't get WebDriver: firefox","time":{"start":1668417319392,"stop":1668417319392,"duration":0}},{"uid":"18d81d07b41c5e60","reportUrl":"https://jdi-templates.github.io/jdi-light-browserstack/7//#testresult/18d81d07b41c5e60","status":"skipped","statusDetails":"\nCan't get WebDriver: firefox","time":{"start":1668417216343,"stop":1668417216343,"duration":0}},{"uid":"ed21bc861859a855","reportUrl":"https://jdi-templates.github.io/jdi-light-browserstack/7//#testresult/ed21bc861859a855","status":"skipped","statusDetails":"\nCan't get WebDriver: firefox","time":{"start":1668417116841,"stop":1668417116841,"duration":0}},{"uid":"1e360ff7715ffc4c","reportUrl":"https://jdi-templates.github.io/jdi-light-browserstack/7//#testresult/1e360ff7715ffc4c","status":"skipped","statusDetails":"\nCan't get WebDriver: firefox","time":{"start":1668417005493,"stop":1668417005500,"duration":7}},{"uid":"c6072ee178d6d3c3","reportUrl":"https://jdi-templates.github.io/jdi-light-browserstack/7//#testresult/c6072ee178d6d3c3","status":"skipped","statusDetails":"\nCan't get WebDriver: firefox","time":{"start":1668416878385,"stop":1668416878385,"duration":0}},{"uid":"99274ffe00743810","reportUrl":"https://jdi-templates.github.io/jdi-light-browserstack/7//#testresult/99274ffe00743810","status":"skipped","statusDetails":"\nCan't get WebDriver: firefox","time":{"start":1668416760646,"stop":1668416760647,"duration":1}},{"uid":"caeaafaf2c6f0c0d","reportUrl":"https://jdi-templates.github.io/jdi-light-browserstack/7//#testresult/caeaafaf2c6f0c0d","status":"skipped","statusDetails":"\nCan't get WebDriver: firefox","time":{"start":1668416656638,"stop":1668416656638,"duration":0}},{"uid":"e03b4e80e27e9351","reportUrl":"https://jdi-templates.github.io/jdi-light-browserstack/6//#testresult/e03b4e80e27e9351","status":"skipped","statusDetails":"\nCan't get WebDriver: firefox","time":{"start":1667992195611,"stop":1667992195611,"duration":0}},{"uid":"8a243f9b855b72bd","reportUrl":"https://jdi-templates.github.io/jdi-light-browserstack/6//#testresult/8a243f9b855b72bd","status":"skipped","statusDetails":"\nCan't get WebDriver: firefox","time":{"start":1667992079330,"stop":1667992079332,"duration":2}},{"uid":"34cd4c8c6cc68441","reportUrl":"https://jdi-templates.github.io/jdi-light-browserstack/6//#testresult/34cd4c8c6cc68441","status":"skipped","statusDetails":"\nCan't get WebDriver: firefox","time":{"start":1667991973595,"stop":1667991973596,"duration":1}},{"uid":"e41001a3052c1547","reportUrl":"https://jdi-templates.github.io/jdi-light-browserstack/6//#testresult/e41001a3052c1547","status":"skipped","statusDetails":"\nCan't get WebDriver: firefox","time":{"start":1667991873191,"stop":1667991873192,"duration":1}},{"uid":"c0a78d1a5956020a","reportUrl":"https://jdi-templates.github.io/jdi-light-browserstack/6//#testresult/c0a78d1a5956020a","status":"skipped","statusDetails":"\nCan't get WebDriver: firefox","time":{"start":1667991759089,"stop":1667991759089,"duration":0}},{"uid":"d775d10a309aae1c","reportUrl":"https://jdi-templates.github.io/jdi-light-browserstack/6//#testresult/d775d10a309aae1c","status":"skipped","statusDetails":"\nCan't get WebDriver: firefox","time":{"start":1667991671540,"stop":1667991671540,"duration":0}},{"uid":"b7d475b637644a98","reportUrl":"https://jdi-templates.github.io/jdi-light-browserstack/6//#testresult/b7d475b637644a98","status":"skipped","statusDetails":"\nCan't get WebDriver: firefox","time":{"start":1667991568962,"stop":1667991568962,"duration":0}},{"uid":"8dbbc9ef697c858f","reportUrl":"https://jdi-templates.github.io/jdi-light-browserstack/6//#testresult/8dbbc9ef697c858f","status":"skipped","statusDetails":"\nCan't get WebDriver: firefox","time":{"start":1667991465197,"stop":1667991465197,"duration":0}},{"uid":"dc630310c4506a08","reportUrl":"https://jdi-templates.github.io/jdi-light-browserstack/5//#testresult/dc630310c4506a08","status":"skipped","statusDetails":"\nCan't get WebDriver: firefox","time":{"start":1667986026194,"stop":1667986026195,"duration":1}},{"uid":"5d836c4ddfb48760","reportUrl":"https://jdi-templates.github.io/jdi-light-browserstack/5//#testresult/5d836c4ddfb48760","status":"skipped","statusDetails":"\nCan't get WebDriver: firefox","time":{"start":1667985901946,"stop":1667985901946,"duration":0}},{"uid":"3894491a8d3a2e63","reportUrl":"https://jdi-templates.github.io/jdi-light-browserstack/5//#testresult/3894491a8d3a2e63","status":"skipped","statusDetails":"\nCan't get WebDriver: firefox","time":{"start":1667985782802,"stop":1667985782802,"duration":0}},{"uid":"afb3da813351ccbd","reportUrl":"https://jdi-templates.github.io/jdi-light-browserstack/5//#testresult/afb3da813351ccbd","status":"skipped","statusDetails":"\nCan't get WebDriver: firefox","time":{"start":1667985662805,"stop":1667985662806,"duration":1}}]},"tags":[]},"source":"a288aa1fb133fb93.json","parameterValues":[]}