{"uid":"b910f27c443b1922","name":"tableChainTest","fullName":"org.mytests.tests.example.DataTableTests.tableChainTest","historyId":"375cf78993ad83527c9087de73de2c75","time":{"start":1668591851883,"stop":1668591851883,"duration":0},"status":"skipped","statusMessage":"\nCan't get WebDriver: chrome","statusTrace":"java.lang.RuntimeException: \nCan't get WebDriver: chrome\n\tat com.epam.jdi.light.common.Exceptions.exception(Exceptions.java:35)\n\tat com.epam.jdi.light.driver.WebDriverFactory.getDriver(WebDriverFactory.java:216)\n\tat com.epam.jdi.light.elements.common.WindowsManager.setWindowName(WindowsManager.java:87)\n\tat com.epam.jdi.light.elements.common.WindowsManager.openSiteTab(WindowsManager.java:51)\n\tat com.epam.jdi.light.elements.composite.WebPage.openSite(WebPage.java:153)\n\tat org.mytests.tests.TestsInit.setUp(TestsInit.java:18)\n\tat java.base/jdk.internal.reflect.NativeMethodAccessorImpl.invoke0(Native Method)\n\tat java.base/jdk.internal.reflect.NativeMethodAccessorImpl.invoke(NativeMethodAccessorImpl.java:62)\n\tat java.base/jdk.internal.reflect.DelegatingMethodAccessorImpl.invoke(DelegatingMethodAccessorImpl.java:43)\n\tat java.base/java.lang.reflect.Method.invoke(Method.java:564)\n\tat org.testng.internal.MethodInvocationHelper.invokeMethod(MethodInvocationHelper.java:124)\n\tat org.testng.internal.MethodInvocationHelper.invokeMethodConsideringTimeout(MethodInvocationHelper.java:59)\n\tat org.testng.internal.Invoker.invokeConfigurationMethod(Invoker.java:458)\n\tat org.testng.internal.Invoker.invokeConfigurations(Invoker.java:222)\n\tat org.testng.internal.Invoker.invokeConfigurations(Invoker.java:142)\n\tat org.testng.SuiteRunner.privateRun(SuiteRunner.java:401)\n\tat org.testng.SuiteRunner.run(SuiteRunner.java:364)\n\tat org.testng.SuiteRunnerWorker.runSuite(SuiteRunnerWorker.java:52)\n\tat org.testng.SuiteRunnerWorker.run(SuiteRunnerWorker.java:84)\n\tat org.testng.TestNG.runSuitesSequentially(TestNG.java:1208)\n\tat org.testng.TestNG.runSuitesLocally(TestNG.java:1137)\n\tat org.testng.TestNG.runSuites(TestNG.java:1049)\n\tat org.testng.TestNG.run(TestNG.java:1017)\n\tat org.apache.maven.surefire.testng.TestNGExecutor.run(TestNGExecutor.java:283)\n\tat org.apache.maven.surefire.testng.TestNGXmlTestSuite.execute(TestNGXmlTestSuite.java:75)\n\tat org.apache.maven.surefire.testng.TestNGProvider.invoke(TestNGProvider.java:120)\n\tat org.apache.maven.surefire.booter.ForkedBooter.invokeProviderInSameClassLoader(ForkedBooter.java:384)\n\tat org.apache.maven.surefire.booter.ForkedBooter.runSuitesInProcess(ForkedBooter.java:345)\n\tat org.apache.maven.surefire.booter.ForkedBooter.execute(ForkedBooter.java:126)\n\tat org.apache.maven.surefire.booter.ForkedBooter.main(ForkedBooter.java:418)\nCaused by: java.lang.RuntimeException: \nCan't get WebDriver: chrome\n\tat com.epam.jdi.light.common.Exceptions.exception(Exceptions.java:35)\n\tat com.epam.jdi.light.driver.WebDriverFactory.getDriver(WebDriverFactory.java:224)\n\tat com.epam.jdi.light.driver.WebDriverFactory.getDriver(WebDriverFactory.java:214)\n\t... 28 more\nCaused by: java.lang.RuntimeException: java.lang.RuntimeException: \nFailed to run downloaded driver CHROME:X64:105.0.5195.52. Please check that your browser and driver are compatible or use local driver with 'drivers.folder' property in test.properties'.\nDriverPath: /home/runner/.cache/selenium/chromedriver/linux64/107.0.5304.62/chromedriver\n\tat com.jdiai.tools.func.JFunc1.execute(JFunc1.java:21)\n\tat com.epam.jdi.light.driver.WebDriverFactory.getDriver(WebDriverFactory.java:222)\n\t... 29 more\nCaused by: java.lang.RuntimeException: \nFailed to run downloaded driver CHROME:X64:105.0.5195.52. Please check that your browser and driver are compatible or use local driver with 'drivers.folder' property in test.properties'.\nDriverPath: /home/runner/.cache/selenium/chromedriver/linux64/107.0.5304.62/chromedriver\n\tat com.epam.jdi.light.common.Exceptions.exception(Exceptions.java:35)\n\tat com.epam.jdi.light.driver.WebDriverFactory.getDriverException(WebDriverFactory.java:143)\n\tat com.epam.jdi.light.driver.WebDriverFactory.getDriverByName(WebDriverFactory.java:127)\n\tat com.jdiai.tools.func.JFunc1.execute(JFunc1.java:19)\n\t... 30 more\nCaused by: java.lang.RuntimeException: \nCan't run and register new driver 'chrome'\n\tat com.epam.jdi.light.common.Exceptions.exception(Exceptions.java:35)\n\tat com.epam.jdi.light.driver.WebDriverFactory.registerNewDriver(WebDriverFactory.java:90)\n\tat com.epam.jdi.light.driver.WebDriverFactory.getDriverFromName(WebDriverFactory.java:158)\n\tat com.epam.jdi.light.driver.WebDriverFactory.getDriverByName(WebDriverFactory.java:125)\n\t... 31 more\nCaused by: java.lang.RuntimeException: \nFailed to get valid driver 'chrome'\n\tat com.epam.jdi.light.common.Exceptions.runtimeException(Exceptions.java:17)\n\tat com.epam.jdi.light.driver.WebDriverFactory.getValidDriver(WebDriverFactory.java:113)\n\tat com.epam.jdi.light.driver.WebDriverFactory.registerNewDriver(WebDriverFactory.java:85)\n\t... 33 more\n","flaky":false,"newFailed":false,"newBroken":false,"newPassed":false,"retriesCount":0,"retriesStatusChange":false,"beforeStages":[{"name":"setUp","time":{"start":1668591841919,"stop":1668591851545,"duration":9626},"description":"","status":"broken","statusMessage":"\nCan't get WebDriver: chrome","statusTrace":"java.lang.RuntimeException: \nCan't get WebDriver: chrome\n\tat com.epam.jdi.light.common.Exceptions.exception(Exceptions.java:35)\n\tat com.epam.jdi.light.driver.WebDriverFactory.getDriver(WebDriverFactory.java:216)\n\tat com.epam.jdi.light.elements.common.WindowsManager.setWindowName(WindowsManager.java:87)\n\tat com.epam.jdi.light.elements.common.WindowsManager.openSiteTab(WindowsManager.java:51)\n\tat com.epam.jdi.light.elements.composite.WebPage.openSite(WebPage.java:153)\n\tat org.mytests.tests.TestsInit.setUp(TestsInit.java:18)\n\tat java.base/jdk.internal.reflect.NativeMethodAccessorImpl.invoke0(Native Method)\n\tat java.base/jdk.internal.reflect.NativeMethodAccessorImpl.invoke(NativeMethodAccessorImpl.java:62)\n\tat java.base/jdk.internal.reflect.DelegatingMethodAccessorImpl.invoke(DelegatingMethodAccessorImpl.java:43)\n\tat java.base/java.lang.reflect.Method.invoke(Method.java:564)\n\tat org.testng.internal.MethodInvocationHelper.invokeMethod(MethodInvocationHelper.java:124)\n\tat org.testng.internal.MethodInvocationHelper.invokeMethodConsideringTimeout(MethodInvocationHelper.java:59)\n\tat org.testng.internal.Invoker.invokeConfigurationMethod(Invoker.java:458)\n\tat org.testng.internal.Invoker.invokeConfigurations(Invoker.java:222)\n\tat org.testng.internal.Invoker.invokeConfigurations(Invoker.java:142)\n\tat org.testng.SuiteRunner.privateRun(SuiteRunner.java:401)\n\tat org.testng.SuiteRunner.run(SuiteRunner.java:364)\n\tat org.testng.SuiteRunnerWorker.runSuite(SuiteRunnerWorker.java:52)\n\tat org.testng.SuiteRunnerWorker.run(SuiteRunnerWorker.java:84)\n\tat org.testng.TestNG.runSuitesSequentially(TestNG.java:1208)\n\tat org.testng.TestNG.runSuitesLocally(TestNG.java:1137)\n\tat org.testng.TestNG.runSuites(TestNG.java:1049)\n\tat org.testng.TestNG.run(TestNG.java:1017)\n\tat org.apache.maven.surefire.testng.TestNGExecutor.run(TestNGExecutor.java:283)\n\tat org.apache.maven.surefire.testng.TestNGXmlTestSuite.execute(TestNGXmlTestSuite.java:75)\n\tat org.apache.maven.surefire.testng.TestNGProvider.invoke(TestNGProvider.java:120)\n\tat org.apache.maven.surefire.booter.ForkedBooter.invokeProviderInSameClassLoader(ForkedBooter.java:384)\n\tat org.apache.maven.surefire.booter.ForkedBooter.runSuitesInProcess(ForkedBooter.java:345)\n\tat org.apache.maven.surefire.booter.ForkedBooter.execute(ForkedBooter.java:126)\n\tat org.apache.maven.surefire.booter.ForkedBooter.main(ForkedBooter.java:418)\nCaused by: java.lang.RuntimeException: \nCan't get WebDriver: chrome\n\tat com.epam.jdi.light.common.Exceptions.exception(Exceptions.java:35)\n\tat com.epam.jdi.light.driver.WebDriverFactory.getDriver(WebDriverFactory.java:224)\n\tat com.epam.jdi.light.driver.WebDriverFactory.getDriver(WebDriverFactory.java:214)\n\t... 28 more\nCaused by: java.lang.RuntimeException: java.lang.RuntimeException: \nFailed to run downloaded driver CHROME:X64:105.0.5195.52. Please check that your browser and driver are compatible or use local driver with 'drivers.folder' property in test.properties'.\nDriverPath: /home/runner/.cache/selenium/chromedriver/linux64/107.0.5304.62/chromedriver\n\tat com.jdiai.tools.func.JFunc1.execute(JFunc1.java:21)\n\tat com.epam.jdi.light.driver.WebDriverFactory.getDriver(WebDriverFactory.java:222)\n\t... 29 more\nCaused by: java.lang.RuntimeException: \nFailed to run downloaded driver CHROME:X64:105.0.5195.52. Please check that your browser and driver are compatible or use local driver with 'drivers.folder' property in test.properties'.\nDriverPath: /home/runner/.cache/selenium/chromedriver/linux64/107.0.5304.62/chromedriver\n\tat com.epam.jdi.light.common.Exceptions.exception(Exceptions.java:35)\n\tat com.epam.jdi.light.driver.WebDriverFactory.getDriverException(WebDriverFactory.java:143)\n\tat com.epam.jdi.light.driver.WebDriverFactory.getDriverByName(WebDriverFactory.java:127)\n\tat com.jdiai.tools.func.JFunc1.execute(JFunc1.java:19)\n\t... 30 more\nCaused by: java.lang.RuntimeException: \nCan't run and register new driver 'chrome'\n\tat com.epam.jdi.light.common.Exceptions.exception(Exceptions.java:35)\n\tat com.epam.jdi.light.driver.WebDriverFactory.registerNewDriver(WebDriverFactory.java:90)\n\tat com.epam.jdi.light.driver.WebDriverFactory.getDriverFromName(WebDriverFactory.java:158)\n\tat com.epam.jdi.light.driver.WebDriverFactory.getDriverByName(WebDriverFactory.java:125)\n\t... 31 more\nCaused by: java.lang.RuntimeException: \nFailed to get valid driver 'chrome'\n\tat com.epam.jdi.light.common.Exceptions.runtimeException(Exceptions.java:17)\n\tat com.epam.jdi.light.driver.WebDriverFactory.getValidDriver(WebDriverFactory.java:113)\n\tat com.epam.jdi.light.driver.WebDriverFactory.registerNewDriver(WebDriverFactory.java:85)\n\t... 33 more\n","steps":[],"attachments":[],"parameters":[],"stepsCount":0,"attachmentsCount":0,"shouldDisplayMessage":true,"hasContent":true}],"afterStages":[{"name":"tearDown","time":{"start":1668591851895,"stop":1668591851895,"duration":0},"description":"","status":"passed","steps":[],"attachments":[],"parameters":[],"stepsCount":0,"attachmentsCount":0,"shouldDisplayMessage":false,"hasContent":false}],"labels":[{"name":"package","value":"org.mytests.tests.example.DataTableTests"},{"name":"testClass","value":"org.mytests.tests.example.DataTableTests"},{"name":"testMethod","value":"tableChainTest"},{"name":"parentSuite","value":"JDI-Light Performance"},{"name":"suite","value":"Tests"},{"name":"subSuite","value":"org.mytests.tests.example.DataTableTests"},{"name":"host","value":"fv-az295-367"},{"name":"thread","value":"3438@fv-az295-367.TestNG-test=Tests-2(37)"},{"name":"framework","value":"testng"},{"name":"language","value":"java"},{"name":"resultFormat","value":"allure2"}],"parameters":[],"links":[],"hidden":false,"retry":false,"extra":{"severity":"normal","retries":[],"categories":[],"history":{"statistic":{"failed":0,"broken":0,"skipped":34,"passed":1,"unknown":0,"total":35},"items":[{"uid":"fec5e0c165819e68","reportUrl":"https://jdi-templates.github.io/jdi-light-browserstack/8//#testresult/fec5e0c165819e68","status":"skipped","statusDetails":"\nCan't get WebDriver: chrome","time":{"start":1668591736950,"stop":1668591736950,"duration":0}},{"uid":"1e6972b47401b6d7","reportUrl":"https://jdi-templates.github.io/jdi-light-browserstack/8//#testresult/1e6972b47401b6d7","status":"skipped","statusDetails":"\nCan't get WebDriver: chrome","time":{"start":1668591640033,"stop":1668591640033,"duration":0}},{"uid":"34404c6738b0ad3f","reportUrl":"https://jdi-templates.github.io/jdi-light-browserstack/7//#testresult/34404c6738b0ad3f","status":"skipped","statusDetails":"\nCan't get WebDriver: firefox","time":{"start":1668417319483,"stop":1668417319483,"duration":0}},{"uid":"4dc5e38f1c523b71","reportUrl":"https://jdi-templates.github.io/jdi-light-browserstack/7//#testresult/4dc5e38f1c523b71","status":"skipped","statusDetails":"\nCan't get WebDriver: firefox","time":{"start":1668417216432,"stop":1668417216432,"duration":0}},{"uid":"67ce7dcb5472e889","reportUrl":"https://jdi-templates.github.io/jdi-light-browserstack/7//#testresult/67ce7dcb5472e889","status":"skipped","statusDetails":"\nCan't get WebDriver: firefox","time":{"start":1668417116909,"stop":1668417116910,"duration":1}},{"uid":"2b3168629c1cf4e9","reportUrl":"https://jdi-templates.github.io/jdi-light-browserstack/7//#testresult/2b3168629c1cf4e9","status":"skipped","statusDetails":"\nCan't get WebDriver: firefox","time":{"start":1668417005626,"stop":1668417005626,"duration":0}},{"uid":"da999f8685aa065d","reportUrl":"https://jdi-templates.github.io/jdi-light-browserstack/7//#testresult/da999f8685aa065d","status":"skipped","statusDetails":"\nCan't get WebDriver: firefox","time":{"start":1668416878510,"stop":1668416878511,"duration":1}},{"uid":"32abc545b397fe70","reportUrl":"https://jdi-templates.github.io/jdi-light-browserstack/7//#testresult/32abc545b397fe70","status":"skipped","statusDetails":"\nCan't get WebDriver: firefox","time":{"start":1668416760749,"stop":1668416760749,"duration":0}},{"uid":"5368d095ff2420a","reportUrl":"https://jdi-templates.github.io/jdi-light-browserstack/7//#testresult/5368d095ff2420a","status":"skipped","statusDetails":"\nCan't get WebDriver: firefox","time":{"start":1668416656796,"stop":1668416656797,"duration":1}},{"uid":"59f6db7231f54b07","reportUrl":"https://jdi-templates.github.io/jdi-light-browserstack/6//#testresult/59f6db7231f54b07","status":"skipped","statusDetails":"\nCan't get WebDriver: firefox","time":{"start":1667992195714,"stop":1667992195715,"duration":1}},{"uid":"1f3476330c2f4729","reportUrl":"https://jdi-templates.github.io/jdi-light-browserstack/6//#testresult/1f3476330c2f4729","status":"skipped","statusDetails":"\nCan't get WebDriver: firefox","time":{"start":1667992079439,"stop":1667992079439,"duration":0}},{"uid":"75f42d16b0a2b1a3","reportUrl":"https://jdi-templates.github.io/jdi-light-browserstack/6//#testresult/75f42d16b0a2b1a3","status":"skipped","statusDetails":"\nCan't get WebDriver: firefox","time":{"start":1667991973719,"stop":1667991973719,"duration":0}},{"uid":"7b048a7d20ccc4aa","reportUrl":"https://jdi-templates.github.io/jdi-light-browserstack/6//#testresult/7b048a7d20ccc4aa","status":"skipped","statusDetails":"\nCan't get WebDriver: firefox","time":{"start":1667991873285,"stop":1667991873286,"duration":1}},{"uid":"aff70302f31a80dd","reportUrl":"https://jdi-templates.github.io/jdi-light-browserstack/6//#testresult/aff70302f31a80dd","status":"skipped","statusDetails":"\nCan't get WebDriver: firefox","time":{"start":1667991759191,"stop":1667991759191,"duration":0}},{"uid":"228188c70b734a1c","reportUrl":"https://jdi-templates.github.io/jdi-light-browserstack/6//#testresult/228188c70b734a1c","status":"skipped","statusDetails":"\nCan't get WebDriver: firefox","time":{"start":1667991671635,"stop":1667991671637,"duration":2}},{"uid":"4d738ca06d845f7d","reportUrl":"https://jdi-templates.github.io/jdi-light-browserstack/6//#testresult/4d738ca06d845f7d","status":"skipped","statusDetails":"\nCan't get WebDriver: firefox","time":{"start":1667991569056,"stop":1667991569059,"duration":3}},{"uid":"339387ad623e1402","reportUrl":"https://jdi-templates.github.io/jdi-light-browserstack/6//#testresult/339387ad623e1402","status":"skipped","statusDetails":"\nCan't get WebDriver: firefox","time":{"start":1667991465357,"stop":1667991465357,"duration":0}},{"uid":"d2c63e704919e6dc","reportUrl":"https://jdi-templates.github.io/jdi-light-browserstack/5//#testresult/d2c63e704919e6dc","status":"skipped","statusDetails":"\nCan't get WebDriver: firefox","time":{"start":1667986026330,"stop":1667986026330,"duration":0}},{"uid":"1c554a1cfcadd502","reportUrl":"https://jdi-templates.github.io/jdi-light-browserstack/5//#testresult/1c554a1cfcadd502","status":"skipped","statusDetails":"\nCan't get WebDriver: firefox","time":{"start":1667985902067,"stop":1667985902067,"duration":0}},{"uid":"67922d10224ad65f","reportUrl":"https://jdi-templates.github.io/jdi-light-browserstack/5//#testresult/67922d10224ad65f","status":"skipped","statusDetails":"\nCan't get WebDriver: firefox","time":{"start":1667985782904,"stop":1667985782904,"duration":0}}]},"tags":[]},"source":"b910f27c443b1922.json","parameterValues":[]}