{"uid":"c1ef23e67109701f","name":"rowMatcherTest","fullName":"org.mytests.tests.example.DataTableTests.rowMatcherTest","historyId":"b61459c8ea7ec0c6916e085c3645c919","time":{"start":1668591640012,"stop":1668591640012,"duration":0},"status":"skipped","statusMessage":"\nCan't get WebDriver: chrome","statusTrace":"java.lang.RuntimeException: \nCan't get WebDriver: chrome\n\tat com.epam.jdi.light.common.Exceptions.exception(Exceptions.java:35)\n\tat com.epam.jdi.light.driver.WebDriverFactory.getDriver(WebDriverFactory.java:216)\n\tat com.epam.jdi.light.elements.common.WindowsManager.setWindowName(WindowsManager.java:87)\n\tat com.epam.jdi.light.elements.common.WindowsManager.openSiteTab(WindowsManager.java:51)\n\tat com.epam.jdi.light.elements.composite.WebPage.openSite(WebPage.java:153)\n\tat org.mytests.tests.TestsInit.setUp(TestsInit.java:18)\n\tat sun.reflect.NativeMethodAccessorImpl.invoke0(Native Method)\n\tat sun.reflect.NativeMethodAccessorImpl.invoke(NativeMethodAccessorImpl.java:62)\n\tat sun.reflect.DelegatingMethodAccessorImpl.invoke(DelegatingMethodAccessorImpl.java:43)\n\tat java.lang.reflect.Method.invoke(Method.java:498)\n\tat org.testng.internal.MethodInvocationHelper.invokeMethod(MethodInvocationHelper.java:124)\n\tat org.testng.internal.MethodInvocationHelper.invokeMethodConsideringTimeout(MethodInvocationHelper.java:59)\n\tat org.testng.internal.Invoker.invokeConfigurationMethod(Invoker.java:458)\n\tat org.testng.internal.Invoker.invokeConfigurations(Invoker.java:222)\n\tat org.testng.internal.Invoker.invokeConfigurations(Invoker.java:142)\n\tat org.testng.SuiteRunner.privateRun(SuiteRunner.java:401)\n\tat org.testng.SuiteRunner.run(SuiteRunner.java:364)\n\tat org.testng.SuiteRunnerWorker.runSuite(SuiteRunnerWorker.java:52)\n\tat org.testng.SuiteRunnerWorker.run(SuiteRunnerWorker.java:84)\n\tat org.testng.TestNG.runSuitesSequentially(TestNG.java:1208)\n\tat org.testng.TestNG.runSuitesLocally(TestNG.java:1137)\n\tat org.testng.TestNG.runSuites(TestNG.java:1049)\n\tat org.testng.TestNG.run(TestNG.java:1017)\n\tat org.apache.maven.surefire.testng.TestNGExecutor.run(TestNGExecutor.java:283)\n\tat org.apache.maven.surefire.testng.TestNGXmlTestSuite.execute(TestNGXmlTestSuite.java:75)\n\tat org.apache.maven.surefire.testng.TestNGProvider.invoke(TestNGProvider.java:120)\n\tat org.apache.maven.surefire.booter.ForkedBooter.invokeProviderInSameClassLoader(ForkedBooter.java:384)\n\tat org.apache.maven.surefire.booter.ForkedBooter.runSuitesInProcess(ForkedBooter.java:345)\n\tat org.apache.maven.surefire.booter.ForkedBooter.execute(ForkedBooter.java:126)\n\tat org.apache.maven.surefire.booter.ForkedBooter.main(ForkedBooter.java:418)\nCaused by: java.lang.RuntimeException: \nCan't get WebDriver: chrome\n\tat com.epam.jdi.light.common.Exceptions.exception(Exceptions.java:35)\n\tat com.epam.jdi.light.driver.WebDriverFactory.getDriver(WebDriverFactory.java:224)\n\tat com.epam.jdi.light.driver.WebDriverFactory.getDriver(WebDriverFactory.java:214)\n\t... 28 more\nCaused by: java.lang.RuntimeException: java.lang.RuntimeException: \nFailed to run downloaded driver CHROME:X64:105.0.5195.52. Please check that your browser and driver are compatible or use local driver with 'drivers.folder' property in test.properties'.\nDriverPath: /home/runner/.cache/selenium/chromedriver/linux64/107.0.5304.62/chromedriver\n\tat com.jdiai.tools.func.JFunc1.execute(JFunc1.java:21)\n\tat com.epam.jdi.light.driver.WebDriverFactory.getDriver(WebDriverFactory.java:222)\n\t... 29 more\nCaused by: java.lang.RuntimeException: \nFailed to run downloaded driver CHROME:X64:105.0.5195.52. Please check that your browser and driver are compatible or use local driver with 'drivers.folder' property in test.properties'.\nDriverPath: /home/runner/.cache/selenium/chromedriver/linux64/107.0.5304.62/chromedriver\n\tat com.epam.jdi.light.common.Exceptions.exception(Exceptions.java:35)\n\tat com.epam.jdi.light.driver.WebDriverFactory.getDriverException(WebDriverFactory.java:143)\n\tat com.epam.jdi.light.driver.WebDriverFactory.getDriverByName(WebDriverFactory.java:127)\n\tat com.jdiai.tools.func.JFunc1.execute(JFunc1.java:19)\n\t... 30 more\nCaused by: java.lang.RuntimeException: \nCan't run and register new driver 'chrome'\n\tat com.epam.jdi.light.common.Exceptions.exception(Exceptions.java:35)\n\tat com.epam.jdi.light.driver.WebDriverFactory.registerNewDriver(WebDriverFactory.java:90)\n\tat com.epam.jdi.light.driver.WebDriverFactory.getDriverFromName(WebDriverFactory.java:158)\n\tat com.epam.jdi.light.driver.WebDriverFactory.getDriverByName(WebDriverFactory.java:125)\n\t... 31 more\nCaused by: java.lang.RuntimeException: \nFailed to get valid driver 'chrome'\n\tat com.epam.jdi.light.common.Exceptions.runtimeException(Exceptions.java:17)\n\tat com.epam.jdi.light.driver.WebDriverFactory.getValidDriver(WebDriverFactory.java:113)\n\tat com.epam.jdi.light.driver.WebDriverFactory.registerNewDriver(WebDriverFactory.java:85)\n\t... 33 more\n","flaky":false,"newFailed":false,"newBroken":false,"newPassed":false,"retriesCount":0,"retriesStatusChange":false,"beforeStages":[{"name":"setUp","time":{"start":1668591629813,"stop":1668591639718,"duration":9905},"description":"","status":"broken","statusMessage":"\nCan't get WebDriver: chrome","statusTrace":"java.lang.RuntimeException: \nCan't get WebDriver: chrome\n\tat com.epam.jdi.light.common.Exceptions.exception(Exceptions.java:35)\n\tat com.epam.jdi.light.driver.WebDriverFactory.getDriver(WebDriverFactory.java:216)\n\tat com.epam.jdi.light.elements.common.WindowsManager.setWindowName(WindowsManager.java:87)\n\tat com.epam.jdi.light.elements.common.WindowsManager.openSiteTab(WindowsManager.java:51)\n\tat com.epam.jdi.light.elements.composite.WebPage.openSite(WebPage.java:153)\n\tat org.mytests.tests.TestsInit.setUp(TestsInit.java:18)\n\tat sun.reflect.NativeMethodAccessorImpl.invoke0(Native Method)\n\tat sun.reflect.NativeMethodAccessorImpl.invoke(NativeMethodAccessorImpl.java:62)\n\tat sun.reflect.DelegatingMethodAccessorImpl.invoke(DelegatingMethodAccessorImpl.java:43)\n\tat java.lang.reflect.Method.invoke(Method.java:498)\n\tat org.testng.internal.MethodInvocationHelper.invokeMethod(MethodInvocationHelper.java:124)\n\tat org.testng.internal.MethodInvocationHelper.invokeMethodConsideringTimeout(MethodInvocationHelper.java:59)\n\tat org.testng.internal.Invoker.invokeConfigurationMethod(Invoker.java:458)\n\tat org.testng.internal.Invoker.invokeConfigurations(Invoker.java:222)\n\tat org.testng.internal.Invoker.invokeConfigurations(Invoker.java:142)\n\tat org.testng.SuiteRunner.privateRun(SuiteRunner.java:401)\n\tat org.testng.SuiteRunner.run(SuiteRunner.java:364)\n\tat org.testng.SuiteRunnerWorker.runSuite(SuiteRunnerWorker.java:52)\n\tat org.testng.SuiteRunnerWorker.run(SuiteRunnerWorker.java:84)\n\tat org.testng.TestNG.runSuitesSequentially(TestNG.java:1208)\n\tat org.testng.TestNG.runSuitesLocally(TestNG.java:1137)\n\tat org.testng.TestNG.runSuites(TestNG.java:1049)\n\tat org.testng.TestNG.run(TestNG.java:1017)\n\tat org.apache.maven.surefire.testng.TestNGExecutor.run(TestNGExecutor.java:283)\n\tat org.apache.maven.surefire.testng.TestNGXmlTestSuite.execute(TestNGXmlTestSuite.java:75)\n\tat org.apache.maven.surefire.testng.TestNGProvider.invoke(TestNGProvider.java:120)\n\tat org.apache.maven.surefire.booter.ForkedBooter.invokeProviderInSameClassLoader(ForkedBooter.java:384)\n\tat org.apache.maven.surefire.booter.ForkedBooter.runSuitesInProcess(ForkedBooter.java:345)\n\tat org.apache.maven.surefire.booter.ForkedBooter.execute(ForkedBooter.java:126)\n\tat org.apache.maven.surefire.booter.ForkedBooter.main(ForkedBooter.java:418)\nCaused by: java.lang.RuntimeException: \nCan't get WebDriver: chrome\n\tat com.epam.jdi.light.common.Exceptions.exception(Exceptions.java:35)\n\tat com.epam.jdi.light.driver.WebDriverFactory.getDriver(WebDriverFactory.java:224)\n\tat com.epam.jdi.light.driver.WebDriverFactory.getDriver(WebDriverFactory.java:214)\n\t... 28 more\nCaused by: java.lang.RuntimeException: java.lang.RuntimeException: \nFailed to run downloaded driver CHROME:X64:105.0.5195.52. Please check that your browser and driver are compatible or use local driver with 'drivers.folder' property in test.properties'.\nDriverPath: /home/runner/.cache/selenium/chromedriver/linux64/107.0.5304.62/chromedriver\n\tat com.jdiai.tools.func.JFunc1.execute(JFunc1.java:21)\n\tat com.epam.jdi.light.driver.WebDriverFactory.getDriver(WebDriverFactory.java:222)\n\t... 29 more\nCaused by: java.lang.RuntimeException: \nFailed to run downloaded driver CHROME:X64:105.0.5195.52. Please check that your browser and driver are compatible or use local driver with 'drivers.folder' property in test.properties'.\nDriverPath: /home/runner/.cache/selenium/chromedriver/linux64/107.0.5304.62/chromedriver\n\tat com.epam.jdi.light.common.Exceptions.exception(Exceptions.java:35)\n\tat com.epam.jdi.light.driver.WebDriverFactory.getDriverException(WebDriverFactory.java:143)\n\tat com.epam.jdi.light.driver.WebDriverFactory.getDriverByName(WebDriverFactory.java:127)\n\tat com.jdiai.tools.func.JFunc1.execute(JFunc1.java:19)\n\t... 30 more\nCaused by: java.lang.RuntimeException: \nCan't run and register new driver 'chrome'\n\tat com.epam.jdi.light.common.Exceptions.exception(Exceptions.java:35)\n\tat com.epam.jdi.light.driver.WebDriverFactory.registerNewDriver(WebDriverFactory.java:90)\n\tat com.epam.jdi.light.driver.WebDriverFactory.getDriverFromName(WebDriverFactory.java:158)\n\tat com.epam.jdi.light.driver.WebDriverFactory.getDriverByName(WebDriverFactory.java:125)\n\t... 31 more\nCaused by: java.lang.RuntimeException: \nFailed to get valid driver 'chrome'\n\tat com.epam.jdi.light.common.Exceptions.runtimeException(Exceptions.java:17)\n\tat com.epam.jdi.light.driver.WebDriverFactory.getValidDriver(WebDriverFactory.java:113)\n\tat com.epam.jdi.light.driver.WebDriverFactory.registerNewDriver(WebDriverFactory.java:85)\n\t... 33 more\n","steps":[],"attachments":[],"parameters":[],"stepsCount":0,"attachmentsCount":0,"shouldDisplayMessage":true,"hasContent":true}],"afterStages":[{"name":"tearDown","time":{"start":1668591640045,"stop":1668591640046,"duration":1},"description":"","status":"passed","steps":[],"attachments":[],"parameters":[],"stepsCount":0,"attachmentsCount":0,"shouldDisplayMessage":false,"hasContent":false}],"labels":[{"name":"package","value":"org.mytests.tests.example.DataTableTests"},{"name":"testClass","value":"org.mytests.tests.example.DataTableTests"},{"name":"testMethod","value":"rowMatcherTest"},{"name":"parentSuite","value":"JDI-Light Performance"},{"name":"suite","value":"Tests"},{"name":"subSuite","value":"org.mytests.tests.example.DataTableTests"},{"name":"host","value":"fv-az615-858"},{"name":"thread","value":"3838@fv-az615-858.TestNG-test=Tests-2(35)"},{"name":"framework","value":"testng"},{"name":"language","value":"java"},{"name":"resultFormat","value":"allure2"}],"parameters":[],"links":[],"hidden":false,"retry":false,"extra":{"severity":"normal","retries":[],"categories":[],"history":{"statistic":{"failed":0,"broken":0,"skipped":32,"passed":1,"unknown":0,"total":33},"items":[{"uid":"8f03b363ff7a0a94","reportUrl":"https://jdi-templates.github.io/jdi-light-browserstack/7//#testresult/8f03b363ff7a0a94","status":"skipped","statusDetails":"\nCan't get WebDriver: firefox","time":{"start":1668417319466,"stop":1668417319466,"duration":0}},{"uid":"c0bf4fbee2e080bb","reportUrl":"https://jdi-templates.github.io/jdi-light-browserstack/7//#testresult/c0bf4fbee2e080bb","status":"skipped","statusDetails":"\nCan't get WebDriver: firefox","time":{"start":1668417216405,"stop":1668417216405,"duration":0}},{"uid":"af9e4c0af1e309c7","reportUrl":"https://jdi-templates.github.io/jdi-light-browserstack/7//#testresult/af9e4c0af1e309c7","status":"skipped","statusDetails":"\nCan't get WebDriver: firefox","time":{"start":1668417116900,"stop":1668417116901,"duration":1}},{"uid":"2b0fa480472af0bf","reportUrl":"https://jdi-templates.github.io/jdi-light-browserstack/7//#testresult/2b0fa480472af0bf","status":"skipped","statusDetails":"\nCan't get WebDriver: firefox","time":{"start":1668417005596,"stop":1668417005596,"duration":0}},{"uid":"cbf023936dc03bb3","reportUrl":"https://jdi-templates.github.io/jdi-light-browserstack/7//#testresult/cbf023936dc03bb3","status":"skipped","statusDetails":"\nCan't get WebDriver: firefox","time":{"start":1668416878496,"stop":1668416878496,"duration":0}},{"uid":"4d9a8a5277460d7d","reportUrl":"https://jdi-templates.github.io/jdi-light-browserstack/7//#testresult/4d9a8a5277460d7d","status":"skipped","statusDetails":"\nCan't get WebDriver: firefox","time":{"start":1668416760736,"stop":1668416760736,"duration":0}},{"uid":"aa4be58577c75676","reportUrl":"https://jdi-templates.github.io/jdi-light-browserstack/7//#testresult/aa4be58577c75676","status":"skipped","statusDetails":"\nCan't get WebDriver: firefox","time":{"start":1668416656765,"stop":1668416656765,"duration":0}},{"uid":"68462946b95f7ea2","reportUrl":"https://jdi-templates.github.io/jdi-light-browserstack/6//#testresult/68462946b95f7ea2","status":"skipped","statusDetails":"\nCan't get WebDriver: firefox","time":{"start":1667992195685,"stop":1667992195685,"duration":0}},{"uid":"caa9de1285e6d71e","reportUrl":"https://jdi-templates.github.io/jdi-light-browserstack/6//#testresult/caa9de1285e6d71e","status":"skipped","statusDetails":"\nCan't get WebDriver: firefox","time":{"start":1667992079399,"stop":1667992079399,"duration":0}},{"uid":"4295f28a2b1241a8","reportUrl":"https://jdi-templates.github.io/jdi-light-browserstack/6//#testresult/4295f28a2b1241a8","status":"skipped","statusDetails":"\nCan't get WebDriver: firefox","time":{"start":1667991973705,"stop":1667991973705,"duration":0}},{"uid":"790e93fbffbdfda5","reportUrl":"https://jdi-templates.github.io/jdi-light-browserstack/6//#testresult/790e93fbffbdfda5","status":"skipped","statusDetails":"\nCan't get WebDriver: firefox","time":{"start":1667991873260,"stop":1667991873260,"duration":0}},{"uid":"91d9db812e90d720","reportUrl":"https://jdi-templates.github.io/jdi-light-browserstack/6//#testresult/91d9db812e90d720","status":"skipped","statusDetails":"\nCan't get WebDriver: firefox","time":{"start":1667991759180,"stop":1667991759180,"duration":0}},{"uid":"ad9a7f28d9b77511","reportUrl":"https://jdi-templates.github.io/jdi-light-browserstack/6//#testresult/ad9a7f28d9b77511","status":"skipped","statusDetails":"\nCan't get WebDriver: firefox","time":{"start":1667991671601,"stop":1667991671601,"duration":0}},{"uid":"589d1f5930d2beef","reportUrl":"https://jdi-templates.github.io/jdi-light-browserstack/6//#testresult/589d1f5930d2beef","status":"skipped","statusDetails":"\nCan't get WebDriver: firefox","time":{"start":1667991569032,"stop":1667991569032,"duration":0}},{"uid":"38b45febfdb69db","reportUrl":"https://jdi-templates.github.io/jdi-light-browserstack/6//#testresult/38b45febfdb69db","status":"skipped","statusDetails":"\nCan't get WebDriver: firefox","time":{"start":1667991465314,"stop":1667991465314,"duration":0}},{"uid":"87b523f758631b43","reportUrl":"https://jdi-templates.github.io/jdi-light-browserstack/5//#testresult/87b523f758631b43","status":"skipped","statusDetails":"\nCan't get WebDriver: firefox","time":{"start":1667986026304,"stop":1667986026304,"duration":0}},{"uid":"6ee9cb9ecfac36c","reportUrl":"https://jdi-templates.github.io/jdi-light-browserstack/5//#testresult/6ee9cb9ecfac36c","status":"skipped","statusDetails":"\nCan't get WebDriver: firefox","time":{"start":1667985902048,"stop":1667985902049,"duration":1}},{"uid":"cecc839d766df973","reportUrl":"https://jdi-templates.github.io/jdi-light-browserstack/5//#testresult/cecc839d766df973","status":"skipped","statusDetails":"\nCan't get WebDriver: firefox","time":{"start":1667985782887,"stop":1667985782887,"duration":0}},{"uid":"6c8a9d43cda0a5bb","reportUrl":"https://jdi-templates.github.io/jdi-light-browserstack/5//#testresult/6c8a9d43cda0a5bb","status":"skipped","statusDetails":"\nCan't get WebDriver: firefox","time":{"start":1667985662915,"stop":1667985662915,"duration":0}},{"uid":"8271cf20342d7a22","reportUrl":"https://jdi-templates.github.io/jdi-light-browserstack/5//#testresult/8271cf20342d7a22","status":"skipped","statusDetails":"\nCan't get WebDriver: firefox","time":{"start":1667985532549,"stop":1667985532549,"duration":0}}]},"tags":[]},"source":"c1ef23e67109701f.json","parameterValues":[]}