{"uid":"c9472e0db1828872","name":"lineByNameTest","fullName":"org.mytests.tests.example.DataTableInteractTests.lineByNameTest","historyId":"6caec5ae82f95d04683c31ba8872cbbe","time":{"start":1668592425417,"stop":1668592425418,"duration":1},"status":"skipped","statusMessage":"\nCan't get WebDriver: chrome","statusTrace":"java.lang.RuntimeException: \nCan't get WebDriver: chrome\n\tat com.epam.jdi.light.common.Exceptions.exception(Exceptions.java:35)\n\tat com.epam.jdi.light.driver.WebDriverFactory.getDriver(WebDriverFactory.java:216)\n\tat com.epam.jdi.light.elements.common.WindowsManager.setWindowName(WindowsManager.java:87)\n\tat com.epam.jdi.light.elements.common.WindowsManager.openSiteTab(WindowsManager.java:51)\n\tat com.epam.jdi.light.elements.composite.WebPage.openSite(WebPage.java:153)\n\tat org.mytests.tests.TestsInit.setUp(TestsInit.java:18)\n\tat java.base/jdk.internal.reflect.NativeMethodAccessorImpl.invoke0(Native Method)\n\tat java.base/jdk.internal.reflect.NativeMethodAccessorImpl.invoke(NativeMethodAccessorImpl.java:64)\n\tat java.base/jdk.internal.reflect.DelegatingMethodAccessorImpl.invoke(DelegatingMethodAccessorImpl.java:43)\n\tat java.base/java.lang.reflect.Method.invoke(Method.java:564)\n\tat org.testng.internal.MethodInvocationHelper.invokeMethod(MethodInvocationHelper.java:124)\n\tat org.testng.internal.MethodInvocationHelper.invokeMethodConsideringTimeout(MethodInvocationHelper.java:59)\n\tat org.testng.internal.Invoker.invokeConfigurationMethod(Invoker.java:458)\n\tat org.testng.internal.Invoker.invokeConfigurations(Invoker.java:222)\n\tat org.testng.internal.Invoker.invokeConfigurations(Invoker.java:142)\n\tat org.testng.SuiteRunner.privateRun(SuiteRunner.java:401)\n\tat org.testng.SuiteRunner.run(SuiteRunner.java:364)\n\tat org.testng.SuiteRunnerWorker.runSuite(SuiteRunnerWorker.java:52)\n\tat org.testng.SuiteRunnerWorker.run(SuiteRunnerWorker.java:84)\n\tat org.testng.TestNG.runSuitesSequentially(TestNG.java:1208)\n\tat org.testng.TestNG.runSuitesLocally(TestNG.java:1137)\n\tat org.testng.TestNG.runSuites(TestNG.java:1049)\n\tat org.testng.TestNG.run(TestNG.java:1017)\n\tat org.apache.maven.surefire.testng.TestNGExecutor.run(TestNGExecutor.java:283)\n\tat org.apache.maven.surefire.testng.TestNGXmlTestSuite.execute(TestNGXmlTestSuite.java:75)\n\tat org.apache.maven.surefire.testng.TestNGProvider.invoke(TestNGProvider.java:120)\n\tat org.apache.maven.surefire.booter.ForkedBooter.invokeProviderInSameClassLoader(ForkedBooter.java:384)\n\tat org.apache.maven.surefire.booter.ForkedBooter.runSuitesInProcess(ForkedBooter.java:345)\n\tat org.apache.maven.surefire.booter.ForkedBooter.execute(ForkedBooter.java:126)\n\tat org.apache.maven.surefire.booter.ForkedBooter.main(ForkedBooter.java:418)\nCaused by: java.lang.RuntimeException: \nCan't get WebDriver: chrome\n\tat com.epam.jdi.light.common.Exceptions.exception(Exceptions.java:35)\n\tat com.epam.jdi.light.driver.WebDriverFactory.getDriver(WebDriverFactory.java:224)\n\tat com.epam.jdi.light.driver.WebDriverFactory.getDriver(WebDriverFactory.java:214)\n\t... 28 more\nCaused by: java.lang.RuntimeException: java.lang.RuntimeException: \nFailed to run downloaded driver CHROME:X64:105.0.5195.52. Please check that your browser and driver are compatible or use local driver with 'drivers.folder' property in test.properties'.\nDriverPath: /home/runner/.cache/selenium/chromedriver/linux64/107.0.5304.62/chromedriver\n\tat com.jdiai.tools.func.JFunc1.execute(JFunc1.java:21)\n\tat com.epam.jdi.light.driver.WebDriverFactory.getDriver(WebDriverFactory.java:222)\n\t... 29 more\nCaused by: java.lang.RuntimeException: \nFailed to run downloaded driver CHROME:X64:105.0.5195.52. Please check that your browser and driver are compatible or use local driver with 'drivers.folder' property in test.properties'.\nDriverPath: /home/runner/.cache/selenium/chromedriver/linux64/107.0.5304.62/chromedriver\n\tat com.epam.jdi.light.common.Exceptions.exception(Exceptions.java:35)\n\tat com.epam.jdi.light.driver.WebDriverFactory.getDriverException(WebDriverFactory.java:143)\n\tat com.epam.jdi.light.driver.WebDriverFactory.getDriverByName(WebDriverFactory.java:127)\n\tat com.jdiai.tools.func.JFunc1.execute(JFunc1.java:19)\n\t... 30 more\nCaused by: java.lang.RuntimeException: \nCan't run and register new driver 'chrome'\n\tat com.epam.jdi.light.common.Exceptions.exception(Exceptions.java:35)\n\tat com.epam.jdi.light.driver.WebDriverFactory.registerNewDriver(WebDriverFactory.java:90)\n\tat com.epam.jdi.light.driver.WebDriverFactory.getDriverFromName(WebDriverFactory.java:158)\n\tat com.epam.jdi.light.driver.WebDriverFactory.getDriverByName(WebDriverFactory.java:125)\n\t... 31 more\nCaused by: java.lang.RuntimeException: \nFailed to get valid driver 'chrome'\n\tat com.epam.jdi.light.common.Exceptions.runtimeException(Exceptions.java:17)\n\tat com.epam.jdi.light.driver.WebDriverFactory.getValidDriver(WebDriverFactory.java:113)\n\tat com.epam.jdi.light.driver.WebDriverFactory.registerNewDriver(WebDriverFactory.java:85)\n\t... 33 more\n","flaky":false,"newFailed":false,"newBroken":false,"newPassed":false,"retriesCount":0,"retriesStatusChange":false,"beforeStages":[{"name":"setUp","time":{"start":1668592417863,"stop":1668592425191,"duration":7328},"description":"","status":"broken","statusMessage":"\nCan't get WebDriver: chrome","statusTrace":"java.lang.RuntimeException: \nCan't get WebDriver: chrome\n\tat com.epam.jdi.light.common.Exceptions.exception(Exceptions.java:35)\n\tat com.epam.jdi.light.driver.WebDriverFactory.getDriver(WebDriverFactory.java:216)\n\tat com.epam.jdi.light.elements.common.WindowsManager.setWindowName(WindowsManager.java:87)\n\tat com.epam.jdi.light.elements.common.WindowsManager.openSiteTab(WindowsManager.java:51)\n\tat com.epam.jdi.light.elements.composite.WebPage.openSite(WebPage.java:153)\n\tat org.mytests.tests.TestsInit.setUp(TestsInit.java:18)\n\tat java.base/jdk.internal.reflect.NativeMethodAccessorImpl.invoke0(Native Method)\n\tat java.base/jdk.internal.reflect.NativeMethodAccessorImpl.invoke(NativeMethodAccessorImpl.java:64)\n\tat java.base/jdk.internal.reflect.DelegatingMethodAccessorImpl.invoke(DelegatingMethodAccessorImpl.java:43)\n\tat java.base/java.lang.reflect.Method.invoke(Method.java:564)\n\tat org.testng.internal.MethodInvocationHelper.invokeMethod(MethodInvocationHelper.java:124)\n\tat org.testng.internal.MethodInvocationHelper.invokeMethodConsideringTimeout(MethodInvocationHelper.java:59)\n\tat org.testng.internal.Invoker.invokeConfigurationMethod(Invoker.java:458)\n\tat org.testng.internal.Invoker.invokeConfigurations(Invoker.java:222)\n\tat org.testng.internal.Invoker.invokeConfigurations(Invoker.java:142)\n\tat org.testng.SuiteRunner.privateRun(SuiteRunner.java:401)\n\tat org.testng.SuiteRunner.run(SuiteRunner.java:364)\n\tat org.testng.SuiteRunnerWorker.runSuite(SuiteRunnerWorker.java:52)\n\tat org.testng.SuiteRunnerWorker.run(SuiteRunnerWorker.java:84)\n\tat org.testng.TestNG.runSuitesSequentially(TestNG.java:1208)\n\tat org.testng.TestNG.runSuitesLocally(TestNG.java:1137)\n\tat org.testng.TestNG.runSuites(TestNG.java:1049)\n\tat org.testng.TestNG.run(TestNG.java:1017)\n\tat org.apache.maven.surefire.testng.TestNGExecutor.run(TestNGExecutor.java:283)\n\tat org.apache.maven.surefire.testng.TestNGXmlTestSuite.execute(TestNGXmlTestSuite.java:75)\n\tat org.apache.maven.surefire.testng.TestNGProvider.invoke(TestNGProvider.java:120)\n\tat org.apache.maven.surefire.booter.ForkedBooter.invokeProviderInSameClassLoader(ForkedBooter.java:384)\n\tat org.apache.maven.surefire.booter.ForkedBooter.runSuitesInProcess(ForkedBooter.java:345)\n\tat org.apache.maven.surefire.booter.ForkedBooter.execute(ForkedBooter.java:126)\n\tat org.apache.maven.surefire.booter.ForkedBooter.main(ForkedBooter.java:418)\nCaused by: java.lang.RuntimeException: \nCan't get WebDriver: chrome\n\tat com.epam.jdi.light.common.Exceptions.exception(Exceptions.java:35)\n\tat com.epam.jdi.light.driver.WebDriverFactory.getDriver(WebDriverFactory.java:224)\n\tat com.epam.jdi.light.driver.WebDriverFactory.getDriver(WebDriverFactory.java:214)\n\t... 28 more\nCaused by: java.lang.RuntimeException: java.lang.RuntimeException: \nFailed to run downloaded driver CHROME:X64:105.0.5195.52. Please check that your browser and driver are compatible or use local driver with 'drivers.folder' property in test.properties'.\nDriverPath: /home/runner/.cache/selenium/chromedriver/linux64/107.0.5304.62/chromedriver\n\tat com.jdiai.tools.func.JFunc1.execute(JFunc1.java:21)\n\tat com.epam.jdi.light.driver.WebDriverFactory.getDriver(WebDriverFactory.java:222)\n\t... 29 more\nCaused by: java.lang.RuntimeException: \nFailed to run downloaded driver CHROME:X64:105.0.5195.52. Please check that your browser and driver are compatible or use local driver with 'drivers.folder' property in test.properties'.\nDriverPath: /home/runner/.cache/selenium/chromedriver/linux64/107.0.5304.62/chromedriver\n\tat com.epam.jdi.light.common.Exceptions.exception(Exceptions.java:35)\n\tat com.epam.jdi.light.driver.WebDriverFactory.getDriverException(WebDriverFactory.java:143)\n\tat com.epam.jdi.light.driver.WebDriverFactory.getDriverByName(WebDriverFactory.java:127)\n\tat com.jdiai.tools.func.JFunc1.execute(JFunc1.java:19)\n\t... 30 more\nCaused by: java.lang.RuntimeException: \nCan't run and register new driver 'chrome'\n\tat com.epam.jdi.light.common.Exceptions.exception(Exceptions.java:35)\n\tat com.epam.jdi.light.driver.WebDriverFactory.registerNewDriver(WebDriverFactory.java:90)\n\tat com.epam.jdi.light.driver.WebDriverFactory.getDriverFromName(WebDriverFactory.java:158)\n\tat com.epam.jdi.light.driver.WebDriverFactory.getDriverByName(WebDriverFactory.java:125)\n\t... 31 more\nCaused by: java.lang.RuntimeException: \nFailed to get valid driver 'chrome'\n\tat com.epam.jdi.light.common.Exceptions.runtimeException(Exceptions.java:17)\n\tat com.epam.jdi.light.driver.WebDriverFactory.getValidDriver(WebDriverFactory.java:113)\n\tat com.epam.jdi.light.driver.WebDriverFactory.registerNewDriver(WebDriverFactory.java:85)\n\t... 33 more\n","steps":[],"attachments":[],"parameters":[],"stepsCount":0,"attachmentsCount":0,"shouldDisplayMessage":true,"hasContent":true}],"afterStages":[{"name":"tearDown","time":{"start":1668592425473,"stop":1668592425473,"duration":0},"description":"","status":"passed","steps":[],"attachments":[],"parameters":[],"stepsCount":0,"attachmentsCount":0,"shouldDisplayMessage":false,"hasContent":false}],"labels":[{"name":"package","value":"org.mytests.tests.example.DataTableInteractTests"},{"name":"testClass","value":"org.mytests.tests.example.DataTableInteractTests"},{"name":"testMethod","value":"lineByNameTest"},{"name":"parentSuite","value":"JDI-Light Performance"},{"name":"suite","value":"Tests"},{"name":"subSuite","value":"org.mytests.tests.example.DataTableInteractTests"},{"name":"host","value":"fv-az197-121"},{"name":"thread","value":"3500@fv-az197-121.TestNG-test=Tests-1(36)"},{"name":"framework","value":"testng"},{"name":"language","value":"java"},{"name":"resultFormat","value":"allure2"}],"parameters":[],"links":[],"hidden":false,"retry":false,"extra":{"severity":"normal","retries":[],"categories":[],"history":{"statistic":{"failed":0,"broken":0,"skipped":40,"passed":1,"unknown":0,"total":41},"items":[{"uid":"5e5f6901c964daa6","reportUrl":"https://jdi-templates.github.io/jdi-light-browserstack/9//#testresult/5e5f6901c964daa6","status":"skipped","statusDetails":"\nCan't get WebDriver: chrome","time":{"start":1668592330583,"stop":1668592330583,"duration":0}},{"uid":"8bcbea4cfbdabffc","reportUrl":"https://jdi-templates.github.io/jdi-light-browserstack/8//#testresult/8bcbea4cfbdabffc","status":"skipped","statusDetails":"\nCan't get WebDriver: chrome","time":{"start":1668592306723,"stop":1668592306723,"duration":0}},{"uid":"12657f153c8810e9","reportUrl":"https://jdi-templates.github.io/jdi-light-browserstack/8//#testresult/12657f153c8810e9","status":"skipped","statusDetails":"\nCan't get WebDriver: chrome","time":{"start":1668592191252,"stop":1668592191252,"duration":0}},{"uid":"1d603fc2f06298e2","reportUrl":"https://jdi-templates.github.io/jdi-light-browserstack/8//#testresult/1d603fc2f06298e2","status":"skipped","statusDetails":"\nCan't get WebDriver: chrome","time":{"start":1668592075800,"stop":1668592075800,"duration":0}},{"uid":"e73e954ff46848d4","reportUrl":"https://jdi-templates.github.io/jdi-light-browserstack/8//#testresult/e73e954ff46848d4","status":"skipped","statusDetails":"\nCan't get WebDriver: chrome","time":{"start":1668591965495,"stop":1668591965495,"duration":0}},{"uid":"6adf2e4e705f66b3","reportUrl":"https://jdi-templates.github.io/jdi-light-browserstack/8//#testresult/6adf2e4e705f66b3","status":"skipped","statusDetails":"\nCan't get WebDriver: chrome","time":{"start":1668591851767,"stop":1668591851767,"duration":0}},{"uid":"ff5c9999d770cdf8","reportUrl":"https://jdi-templates.github.io/jdi-light-browserstack/8//#testresult/ff5c9999d770cdf8","status":"skipped","statusDetails":"\nCan't get WebDriver: chrome","time":{"start":1668591736837,"stop":1668591736838,"duration":1}},{"uid":"43433f74a30d38c9","reportUrl":"https://jdi-templates.github.io/jdi-light-browserstack/8//#testresult/43433f74a30d38c9","status":"skipped","statusDetails":"\nCan't get WebDriver: chrome","time":{"start":1668591639912,"stop":1668591639916,"duration":4}},{"uid":"4f1c5772a2f7872","reportUrl":"https://jdi-templates.github.io/jdi-light-browserstack/7//#testresult/4f1c5772a2f7872","status":"skipped","statusDetails":"\nCan't get WebDriver: firefox","time":{"start":1668417319380,"stop":1668417319381,"duration":1}},{"uid":"e6f512f3c6741d6","reportUrl":"https://jdi-templates.github.io/jdi-light-browserstack/7//#testresult/e6f512f3c6741d6","status":"skipped","statusDetails":"\nCan't get WebDriver: firefox","time":{"start":1668417216347,"stop":1668417216347,"duration":0}},{"uid":"56f95006ad6dd7e","reportUrl":"https://jdi-templates.github.io/jdi-light-browserstack/7//#testresult/56f95006ad6dd7e","status":"skipped","statusDetails":"\nCan't get WebDriver: firefox","time":{"start":1668417116835,"stop":1668417116835,"duration":0}},{"uid":"6a0e79bf6c009830","reportUrl":"https://jdi-templates.github.io/jdi-light-browserstack/7//#testresult/6a0e79bf6c009830","status":"skipped","statusDetails":"\nCan't get WebDriver: firefox","time":{"start":1668417005493,"stop":1668417005494,"duration":1}},{"uid":"4f009934f84f0d2e","reportUrl":"https://jdi-templates.github.io/jdi-light-browserstack/7//#testresult/4f009934f84f0d2e","status":"skipped","statusDetails":"\nCan't get WebDriver: firefox","time":{"start":1668416878380,"stop":1668416878380,"duration":0}},{"uid":"2229d0ed106e2372","reportUrl":"https://jdi-templates.github.io/jdi-light-browserstack/7//#testresult/2229d0ed106e2372","status":"skipped","statusDetails":"\nCan't get WebDriver: firefox","time":{"start":1668416760643,"stop":1668416760643,"duration":0}},{"uid":"648b4fdff4d0e22d","reportUrl":"https://jdi-templates.github.io/jdi-light-browserstack/7//#testresult/648b4fdff4d0e22d","status":"skipped","statusDetails":"\nCan't get WebDriver: firefox","time":{"start":1668416656661,"stop":1668416656661,"duration":0}},{"uid":"5c2d4b7334c9386e","reportUrl":"https://jdi-templates.github.io/jdi-light-browserstack/6//#testresult/5c2d4b7334c9386e","status":"skipped","statusDetails":"\nCan't get WebDriver: firefox","time":{"start":1667992195622,"stop":1667992195622,"duration":0}},{"uid":"3d5c3ea186e833b6","reportUrl":"https://jdi-templates.github.io/jdi-light-browserstack/6//#testresult/3d5c3ea186e833b6","status":"skipped","statusDetails":"\nCan't get WebDriver: firefox","time":{"start":1667992079333,"stop":1667992079333,"duration":0}},{"uid":"ce2afed4bcf84e6b","reportUrl":"https://jdi-templates.github.io/jdi-light-browserstack/6//#testresult/ce2afed4bcf84e6b","status":"skipped","statusDetails":"\nCan't get WebDriver: firefox","time":{"start":1667991973605,"stop":1667991973605,"duration":0}},{"uid":"5c932818948826af","reportUrl":"https://jdi-templates.github.io/jdi-light-browserstack/6//#testresult/5c932818948826af","status":"skipped","statusDetails":"\nCan't get WebDriver: firefox","time":{"start":1667991873151,"stop":1667991873152,"duration":1}},{"uid":"bfaaebd587ae2167","reportUrl":"https://jdi-templates.github.io/jdi-light-browserstack/6//#testresult/bfaaebd587ae2167","status":"skipped","statusDetails":"\nCan't get WebDriver: firefox","time":{"start":1667991759102,"stop":1667991759102,"duration":0}}]},"tags":[]},"source":"c9472e0db1828872.json","parameterValues":[]}