{"uid":"ca94b8d8b2925d50","name":"dataFilterTest","fullName":"org.mytests.tests.example.DataTableTests.dataFilterTest","historyId":"982a0834ce378507efa95149beee45cd","time":{"start":1668592306788,"stop":1668592306788,"duration":0},"status":"skipped","statusMessage":"\nCan't get WebDriver: chrome","statusTrace":"java.lang.RuntimeException: \nCan't get WebDriver: chrome\n\tat com.epam.jdi.light.common.Exceptions.exception(Exceptions.java:35)\n\tat com.epam.jdi.light.driver.WebDriverFactory.getDriver(WebDriverFactory.java:216)\n\tat com.epam.jdi.light.elements.common.WindowsManager.setWindowName(WindowsManager.java:87)\n\tat com.epam.jdi.light.elements.common.WindowsManager.openSiteTab(WindowsManager.java:51)\n\tat com.epam.jdi.light.elements.composite.WebPage.openSite(WebPage.java:153)\n\tat org.mytests.tests.TestsInit.setUp(TestsInit.java:18)\n\tat java.base/jdk.internal.reflect.NativeMethodAccessorImpl.invoke0(Native Method)\n\tat java.base/jdk.internal.reflect.NativeMethodAccessorImpl.invoke(NativeMethodAccessorImpl.java:62)\n\tat java.base/jdk.internal.reflect.DelegatingMethodAccessorImpl.invoke(DelegatingMethodAccessorImpl.java:43)\n\tat java.base/java.lang.reflect.Method.invoke(Method.java:564)\n\tat org.testng.internal.MethodInvocationHelper.invokeMethod(MethodInvocationHelper.java:124)\n\tat org.testng.internal.MethodInvocationHelper.invokeMethodConsideringTimeout(MethodInvocationHelper.java:59)\n\tat org.testng.internal.Invoker.invokeConfigurationMethod(Invoker.java:458)\n\tat org.testng.internal.Invoker.invokeConfigurations(Invoker.java:222)\n\tat org.testng.internal.Invoker.invokeConfigurations(Invoker.java:142)\n\tat org.testng.SuiteRunner.privateRun(SuiteRunner.java:401)\n\tat org.testng.SuiteRunner.run(SuiteRunner.java:364)\n\tat org.testng.SuiteRunnerWorker.runSuite(SuiteRunnerWorker.java:52)\n\tat org.testng.SuiteRunnerWorker.run(SuiteRunnerWorker.java:84)\n\tat org.testng.TestNG.runSuitesSequentially(TestNG.java:1208)\n\tat org.testng.TestNG.runSuitesLocally(TestNG.java:1137)\n\tat org.testng.TestNG.runSuites(TestNG.java:1049)\n\tat org.testng.TestNG.run(TestNG.java:1017)\n\tat org.apache.maven.surefire.testng.TestNGExecutor.run(TestNGExecutor.java:283)\n\tat org.apache.maven.surefire.testng.TestNGXmlTestSuite.execute(TestNGXmlTestSuite.java:75)\n\tat org.apache.maven.surefire.testng.TestNGProvider.invoke(TestNGProvider.java:120)\n\tat org.apache.maven.surefire.booter.ForkedBooter.invokeProviderInSameClassLoader(ForkedBooter.java:384)\n\tat org.apache.maven.surefire.booter.ForkedBooter.runSuitesInProcess(ForkedBooter.java:345)\n\tat org.apache.maven.surefire.booter.ForkedBooter.execute(ForkedBooter.java:126)\n\tat org.apache.maven.surefire.booter.ForkedBooter.main(ForkedBooter.java:418)\nCaused by: java.lang.RuntimeException: \nCan't get WebDriver: chrome\n\tat com.epam.jdi.light.common.Exceptions.exception(Exceptions.java:35)\n\tat com.epam.jdi.light.driver.WebDriverFactory.getDriver(WebDriverFactory.java:224)\n\tat com.epam.jdi.light.driver.WebDriverFactory.getDriver(WebDriverFactory.java:214)\n\t... 28 more\nCaused by: java.lang.RuntimeException: java.lang.RuntimeException: \nFailed to run downloaded driver CHROME:X64:105.0.5195.52. Please check that your browser and driver are compatible or use local driver with 'drivers.folder' property in test.properties'.\nDriverPath: /home/runner/.cache/selenium/chromedriver/linux64/107.0.5304.62/chromedriver\n\tat com.jdiai.tools.func.JFunc1.execute(JFunc1.java:21)\n\tat com.epam.jdi.light.driver.WebDriverFactory.getDriver(WebDriverFactory.java:222)\n\t... 29 more\nCaused by: java.lang.RuntimeException: \nFailed to run downloaded driver CHROME:X64:105.0.5195.52. Please check that your browser and driver are compatible or use local driver with 'drivers.folder' property in test.properties'.\nDriverPath: /home/runner/.cache/selenium/chromedriver/linux64/107.0.5304.62/chromedriver\n\tat com.epam.jdi.light.common.Exceptions.exception(Exceptions.java:35)\n\tat com.epam.jdi.light.driver.WebDriverFactory.getDriverException(WebDriverFactory.java:143)\n\tat com.epam.jdi.light.driver.WebDriverFactory.getDriverByName(WebDriverFactory.java:127)\n\tat com.jdiai.tools.func.JFunc1.execute(JFunc1.java:19)\n\t... 30 more\nCaused by: java.lang.RuntimeException: \nCan't run and register new driver 'chrome'\n\tat com.epam.jdi.light.common.Exceptions.exception(Exceptions.java:35)\n\tat com.epam.jdi.light.driver.WebDriverFactory.registerNewDriver(WebDriverFactory.java:90)\n\tat com.epam.jdi.light.driver.WebDriverFactory.getDriverFromName(WebDriverFactory.java:158)\n\tat com.epam.jdi.light.driver.WebDriverFactory.getDriverByName(WebDriverFactory.java:125)\n\t... 31 more\nCaused by: java.lang.RuntimeException: \nFailed to get valid driver 'chrome'\n\tat com.epam.jdi.light.common.Exceptions.runtimeException(Exceptions.java:17)\n\tat com.epam.jdi.light.driver.WebDriverFactory.getValidDriver(WebDriverFactory.java:113)\n\tat com.epam.jdi.light.driver.WebDriverFactory.registerNewDriver(WebDriverFactory.java:85)\n\t... 33 more\n","flaky":false,"newFailed":false,"newBroken":false,"newPassed":false,"retriesCount":0,"retriesStatusChange":false,"beforeStages":[{"name":"setUp","time":{"start":1668592298207,"stop":1668592306498,"duration":8291},"description":"","status":"broken","statusMessage":"\nCan't get WebDriver: chrome","statusTrace":"java.lang.RuntimeException: \nCan't get WebDriver: chrome\n\tat com.epam.jdi.light.common.Exceptions.exception(Exceptions.java:35)\n\tat com.epam.jdi.light.driver.WebDriverFactory.getDriver(WebDriverFactory.java:216)\n\tat com.epam.jdi.light.elements.common.WindowsManager.setWindowName(WindowsManager.java:87)\n\tat com.epam.jdi.light.elements.common.WindowsManager.openSiteTab(WindowsManager.java:51)\n\tat com.epam.jdi.light.elements.composite.WebPage.openSite(WebPage.java:153)\n\tat org.mytests.tests.TestsInit.setUp(TestsInit.java:18)\n\tat java.base/jdk.internal.reflect.NativeMethodAccessorImpl.invoke0(Native Method)\n\tat java.base/jdk.internal.reflect.NativeMethodAccessorImpl.invoke(NativeMethodAccessorImpl.java:62)\n\tat java.base/jdk.internal.reflect.DelegatingMethodAccessorImpl.invoke(DelegatingMethodAccessorImpl.java:43)\n\tat java.base/java.lang.reflect.Method.invoke(Method.java:564)\n\tat org.testng.internal.MethodInvocationHelper.invokeMethod(MethodInvocationHelper.java:124)\n\tat org.testng.internal.MethodInvocationHelper.invokeMethodConsideringTimeout(MethodInvocationHelper.java:59)\n\tat org.testng.internal.Invoker.invokeConfigurationMethod(Invoker.java:458)\n\tat org.testng.internal.Invoker.invokeConfigurations(Invoker.java:222)\n\tat org.testng.internal.Invoker.invokeConfigurations(Invoker.java:142)\n\tat org.testng.SuiteRunner.privateRun(SuiteRunner.java:401)\n\tat org.testng.SuiteRunner.run(SuiteRunner.java:364)\n\tat org.testng.SuiteRunnerWorker.runSuite(SuiteRunnerWorker.java:52)\n\tat org.testng.SuiteRunnerWorker.run(SuiteRunnerWorker.java:84)\n\tat org.testng.TestNG.runSuitesSequentially(TestNG.java:1208)\n\tat org.testng.TestNG.runSuitesLocally(TestNG.java:1137)\n\tat org.testng.TestNG.runSuites(TestNG.java:1049)\n\tat org.testng.TestNG.run(TestNG.java:1017)\n\tat org.apache.maven.surefire.testng.TestNGExecutor.run(TestNGExecutor.java:283)\n\tat org.apache.maven.surefire.testng.TestNGXmlTestSuite.execute(TestNGXmlTestSuite.java:75)\n\tat org.apache.maven.surefire.testng.TestNGProvider.invoke(TestNGProvider.java:120)\n\tat org.apache.maven.surefire.booter.ForkedBooter.invokeProviderInSameClassLoader(ForkedBooter.java:384)\n\tat org.apache.maven.surefire.booter.ForkedBooter.runSuitesInProcess(ForkedBooter.java:345)\n\tat org.apache.maven.surefire.booter.ForkedBooter.execute(ForkedBooter.java:126)\n\tat org.apache.maven.surefire.booter.ForkedBooter.main(ForkedBooter.java:418)\nCaused by: java.lang.RuntimeException: \nCan't get WebDriver: chrome\n\tat com.epam.jdi.light.common.Exceptions.exception(Exceptions.java:35)\n\tat com.epam.jdi.light.driver.WebDriverFactory.getDriver(WebDriverFactory.java:224)\n\tat com.epam.jdi.light.driver.WebDriverFactory.getDriver(WebDriverFactory.java:214)\n\t... 28 more\nCaused by: java.lang.RuntimeException: java.lang.RuntimeException: \nFailed to run downloaded driver CHROME:X64:105.0.5195.52. Please check that your browser and driver are compatible or use local driver with 'drivers.folder' property in test.properties'.\nDriverPath: /home/runner/.cache/selenium/chromedriver/linux64/107.0.5304.62/chromedriver\n\tat com.jdiai.tools.func.JFunc1.execute(JFunc1.java:21)\n\tat com.epam.jdi.light.driver.WebDriverFactory.getDriver(WebDriverFactory.java:222)\n\t... 29 more\nCaused by: java.lang.RuntimeException: \nFailed to run downloaded driver CHROME:X64:105.0.5195.52. Please check that your browser and driver are compatible or use local driver with 'drivers.folder' property in test.properties'.\nDriverPath: /home/runner/.cache/selenium/chromedriver/linux64/107.0.5304.62/chromedriver\n\tat com.epam.jdi.light.common.Exceptions.exception(Exceptions.java:35)\n\tat com.epam.jdi.light.driver.WebDriverFactory.getDriverException(WebDriverFactory.java:143)\n\tat com.epam.jdi.light.driver.WebDriverFactory.getDriverByName(WebDriverFactory.java:127)\n\tat com.jdiai.tools.func.JFunc1.execute(JFunc1.java:19)\n\t... 30 more\nCaused by: java.lang.RuntimeException: \nCan't run and register new driver 'chrome'\n\tat com.epam.jdi.light.common.Exceptions.exception(Exceptions.java:35)\n\tat com.epam.jdi.light.driver.WebDriverFactory.registerNewDriver(WebDriverFactory.java:90)\n\tat com.epam.jdi.light.driver.WebDriverFactory.getDriverFromName(WebDriverFactory.java:158)\n\tat com.epam.jdi.light.driver.WebDriverFactory.getDriverByName(WebDriverFactory.java:125)\n\t... 31 more\nCaused by: java.lang.RuntimeException: \nFailed to get valid driver 'chrome'\n\tat com.epam.jdi.light.common.Exceptions.runtimeException(Exceptions.java:17)\n\tat com.epam.jdi.light.driver.WebDriverFactory.getValidDriver(WebDriverFactory.java:113)\n\tat com.epam.jdi.light.driver.WebDriverFactory.registerNewDriver(WebDriverFactory.java:85)\n\t... 33 more\n","steps":[],"attachments":[],"parameters":[],"stepsCount":0,"attachmentsCount":0,"shouldDisplayMessage":true,"hasContent":true}],"afterStages":[{"name":"tearDown","time":{"start":1668592306867,"stop":1668592306867,"duration":0},"description":"","status":"passed","steps":[],"attachments":[],"parameters":[],"stepsCount":0,"attachmentsCount":0,"shouldDisplayMessage":false,"hasContent":false}],"labels":[{"name":"package","value":"org.mytests.tests.example.DataTableTests"},{"name":"testClass","value":"org.mytests.tests.example.DataTableTests"},{"name":"testMethod","value":"dataFilterTest"},{"name":"parentSuite","value":"JDI-Light Performance"},{"name":"suite","value":"Tests"},{"name":"subSuite","value":"org.mytests.tests.example.DataTableTests"},{"name":"host","value":"fv-az77-440"},{"name":"thread","value":"3513@fv-az77-440.TestNG-test=Tests-2(37)"},{"name":"framework","value":"testng"},{"name":"language","value":"java"},{"name":"resultFormat","value":"allure2"}],"parameters":[],"links":[],"hidden":false,"retry":false,"extra":{"severity":"normal","retries":[],"categories":[],"history":{"statistic":{"failed":0,"broken":0,"skipped":38,"passed":1,"unknown":0,"total":39},"items":[{"uid":"671bbc4a59a4d90b","reportUrl":"https://jdi-templates.github.io/jdi-light-browserstack/8//#testresult/671bbc4a59a4d90b","status":"skipped","statusDetails":"\nCan't get WebDriver: chrome","time":{"start":1668592191336,"stop":1668592191336,"duration":0}},{"uid":"8ec62564a74dd15b","reportUrl":"https://jdi-templates.github.io/jdi-light-browserstack/8//#testresult/8ec62564a74dd15b","status":"skipped","statusDetails":"\nCan't get WebDriver: chrome","time":{"start":1668592075865,"stop":1668592075865,"duration":0}},{"uid":"d729d1be2eb00024","reportUrl":"https://jdi-templates.github.io/jdi-light-browserstack/8//#testresult/d729d1be2eb00024","status":"skipped","statusDetails":"\nCan't get WebDriver: chrome","time":{"start":1668591965506,"stop":1668591965506,"duration":0}},{"uid":"4a29d3c7cdec5f61","reportUrl":"https://jdi-templates.github.io/jdi-light-browserstack/8//#testresult/4a29d3c7cdec5f61","status":"skipped","statusDetails":"\nCan't get WebDriver: chrome","time":{"start":1668591851831,"stop":1668591851831,"duration":0}},{"uid":"9037ffaa7b5d104f","reportUrl":"https://jdi-templates.github.io/jdi-light-browserstack/8//#testresult/9037ffaa7b5d104f","status":"skipped","statusDetails":"\nCan't get WebDriver: chrome","time":{"start":1668591736900,"stop":1668591736900,"duration":0}},{"uid":"ea0948015f16dcbc","reportUrl":"https://jdi-templates.github.io/jdi-light-browserstack/8//#testresult/ea0948015f16dcbc","status":"skipped","statusDetails":"\nCan't get WebDriver: chrome","time":{"start":1668591639981,"stop":1668591639981,"duration":0}},{"uid":"5c2c9e36186b5eb4","reportUrl":"https://jdi-templates.github.io/jdi-light-browserstack/7//#testresult/5c2c9e36186b5eb4","status":"skipped","statusDetails":"\nCan't get WebDriver: firefox","time":{"start":1668417319442,"stop":1668417319442,"duration":0}},{"uid":"7ffff03f2ec08a85","reportUrl":"https://jdi-templates.github.io/jdi-light-browserstack/7//#testresult/7ffff03f2ec08a85","status":"skipped","statusDetails":"\nCan't get WebDriver: firefox","time":{"start":1668417216373,"stop":1668417216373,"duration":0}},{"uid":"1f20e2844d5a99cd","reportUrl":"https://jdi-templates.github.io/jdi-light-browserstack/7//#testresult/1f20e2844d5a99cd","status":"skipped","statusDetails":"\nCan't get WebDriver: firefox","time":{"start":1668417116881,"stop":1668417116881,"duration":0}},{"uid":"2a549acc2370e711","reportUrl":"https://jdi-templates.github.io/jdi-light-browserstack/7//#testresult/2a549acc2370e711","status":"skipped","statusDetails":"\nCan't get WebDriver: firefox","time":{"start":1668417005552,"stop":1668417005553,"duration":1}},{"uid":"97922aa066d47d06","reportUrl":"https://jdi-templates.github.io/jdi-light-browserstack/7//#testresult/97922aa066d47d06","status":"skipped","statusDetails":"\nCan't get WebDriver: firefox","time":{"start":1668416878448,"stop":1668416878448,"duration":0}},{"uid":"a7a5b57ee404e82","reportUrl":"https://jdi-templates.github.io/jdi-light-browserstack/7//#testresult/a7a5b57ee404e82","status":"skipped","statusDetails":"\nCan't get WebDriver: firefox","time":{"start":1668416760706,"stop":1668416760707,"duration":1}},{"uid":"c4d225097269899d","reportUrl":"https://jdi-templates.github.io/jdi-light-browserstack/7//#testresult/c4d225097269899d","status":"skipped","statusDetails":"\nCan't get WebDriver: firefox","time":{"start":1668416656737,"stop":1668416656737,"duration":0}},{"uid":"12c764775c055900","reportUrl":"https://jdi-templates.github.io/jdi-light-browserstack/6//#testresult/12c764775c055900","status":"skipped","statusDetails":"\nCan't get WebDriver: firefox","time":{"start":1667992195657,"stop":1667992195657,"duration":0}},{"uid":"fc5cfef3193453d5","reportUrl":"https://jdi-templates.github.io/jdi-light-browserstack/6//#testresult/fc5cfef3193453d5","status":"skipped","statusDetails":"\nCan't get WebDriver: firefox","time":{"start":1667992079346,"stop":1667992079346,"duration":0}},{"uid":"b3a14500ae2bad0e","reportUrl":"https://jdi-templates.github.io/jdi-light-browserstack/6//#testresult/b3a14500ae2bad0e","status":"skipped","statusDetails":"\nCan't get WebDriver: firefox","time":{"start":1667991973660,"stop":1667991973661,"duration":1}},{"uid":"a6c11450f89cb2f6","reportUrl":"https://jdi-templates.github.io/jdi-light-browserstack/6//#testresult/a6c11450f89cb2f6","status":"skipped","statusDetails":"\nCan't get WebDriver: firefox","time":{"start":1667991873237,"stop":1667991873238,"duration":1}},{"uid":"b5c3c628e615bf0a","reportUrl":"https://jdi-templates.github.io/jdi-light-browserstack/6//#testresult/b5c3c628e615bf0a","status":"skipped","statusDetails":"\nCan't get WebDriver: firefox","time":{"start":1667991759158,"stop":1667991759158,"duration":0}},{"uid":"66a156e15e99d36e","reportUrl":"https://jdi-templates.github.io/jdi-light-browserstack/6//#testresult/66a156e15e99d36e","status":"skipped","statusDetails":"\nCan't get WebDriver: firefox","time":{"start":1667991671574,"stop":1667991671574,"duration":0}},{"uid":"51f23caece37934e","reportUrl":"https://jdi-templates.github.io/jdi-light-browserstack/6//#testresult/51f23caece37934e","status":"skipped","statusDetails":"\nCan't get WebDriver: firefox","time":{"start":1667991569010,"stop":1667991569010,"duration":0}}]},"tags":[]},"source":"ca94b8d8b2925d50.json","parameterValues":[]}