{"uid":"cc358f7c105ebde6","name":"dataColumnNameTest","fullName":"org.mytests.tests.example.DataTableTests.dataColumnNameTest","historyId":"3e2b9a218fbcf29bb860c5edf8da9a9e","time":{"start":1668591639972,"stop":1668591639972,"duration":0},"status":"skipped","statusMessage":"\nCan't get WebDriver: chrome","statusTrace":"java.lang.RuntimeException: \nCan't get WebDriver: chrome\n\tat com.epam.jdi.light.common.Exceptions.exception(Exceptions.java:35)\n\tat com.epam.jdi.light.driver.WebDriverFactory.getDriver(WebDriverFactory.java:216)\n\tat com.epam.jdi.light.elements.common.WindowsManager.setWindowName(WindowsManager.java:87)\n\tat com.epam.jdi.light.elements.common.WindowsManager.openSiteTab(WindowsManager.java:51)\n\tat com.epam.jdi.light.elements.composite.WebPage.openSite(WebPage.java:153)\n\tat org.mytests.tests.TestsInit.setUp(TestsInit.java:18)\n\tat sun.reflect.NativeMethodAccessorImpl.invoke0(Native Method)\n\tat sun.reflect.NativeMethodAccessorImpl.invoke(NativeMethodAccessorImpl.java:62)\n\tat sun.reflect.DelegatingMethodAccessorImpl.invoke(DelegatingMethodAccessorImpl.java:43)\n\tat java.lang.reflect.Method.invoke(Method.java:498)\n\tat org.testng.internal.MethodInvocationHelper.invokeMethod(MethodInvocationHelper.java:124)\n\tat org.testng.internal.MethodInvocationHelper.invokeMethodConsideringTimeout(MethodInvocationHelper.java:59)\n\tat org.testng.internal.Invoker.invokeConfigurationMethod(Invoker.java:458)\n\tat org.testng.internal.Invoker.invokeConfigurations(Invoker.java:222)\n\tat org.testng.internal.Invoker.invokeConfigurations(Invoker.java:142)\n\tat org.testng.SuiteRunner.privateRun(SuiteRunner.java:401)\n\tat org.testng.SuiteRunner.run(SuiteRunner.java:364)\n\tat org.testng.SuiteRunnerWorker.runSuite(SuiteRunnerWorker.java:52)\n\tat org.testng.SuiteRunnerWorker.run(SuiteRunnerWorker.java:84)\n\tat org.testng.TestNG.runSuitesSequentially(TestNG.java:1208)\n\tat org.testng.TestNG.runSuitesLocally(TestNG.java:1137)\n\tat org.testng.TestNG.runSuites(TestNG.java:1049)\n\tat org.testng.TestNG.run(TestNG.java:1017)\n\tat org.apache.maven.surefire.testng.TestNGExecutor.run(TestNGExecutor.java:283)\n\tat org.apache.maven.surefire.testng.TestNGXmlTestSuite.execute(TestNGXmlTestSuite.java:75)\n\tat org.apache.maven.surefire.testng.TestNGProvider.invoke(TestNGProvider.java:120)\n\tat org.apache.maven.surefire.booter.ForkedBooter.invokeProviderInSameClassLoader(ForkedBooter.java:384)\n\tat org.apache.maven.surefire.booter.ForkedBooter.runSuitesInProcess(ForkedBooter.java:345)\n\tat org.apache.maven.surefire.booter.ForkedBooter.execute(ForkedBooter.java:126)\n\tat org.apache.maven.surefire.booter.ForkedBooter.main(ForkedBooter.java:418)\nCaused by: java.lang.RuntimeException: \nCan't get WebDriver: chrome\n\tat com.epam.jdi.light.common.Exceptions.exception(Exceptions.java:35)\n\tat com.epam.jdi.light.driver.WebDriverFactory.getDriver(WebDriverFactory.java:224)\n\tat com.epam.jdi.light.driver.WebDriverFactory.getDriver(WebDriverFactory.java:214)\n\t... 28 more\nCaused by: java.lang.RuntimeException: java.lang.RuntimeException: \nFailed to run downloaded driver CHROME:X64:105.0.5195.52. Please check that your browser and driver are compatible or use local driver with 'drivers.folder' property in test.properties'.\nDriverPath: /home/runner/.cache/selenium/chromedriver/linux64/107.0.5304.62/chromedriver\n\tat com.jdiai.tools.func.JFunc1.execute(JFunc1.java:21)\n\tat com.epam.jdi.light.driver.WebDriverFactory.getDriver(WebDriverFactory.java:222)\n\t... 29 more\nCaused by: java.lang.RuntimeException: \nFailed to run downloaded driver CHROME:X64:105.0.5195.52. Please check that your browser and driver are compatible or use local driver with 'drivers.folder' property in test.properties'.\nDriverPath: /home/runner/.cache/selenium/chromedriver/linux64/107.0.5304.62/chromedriver\n\tat com.epam.jdi.light.common.Exceptions.exception(Exceptions.java:35)\n\tat com.epam.jdi.light.driver.WebDriverFactory.getDriverException(WebDriverFactory.java:143)\n\tat com.epam.jdi.light.driver.WebDriverFactory.getDriverByName(WebDriverFactory.java:127)\n\tat com.jdiai.tools.func.JFunc1.execute(JFunc1.java:19)\n\t... 30 more\nCaused by: java.lang.RuntimeException: \nCan't run and register new driver 'chrome'\n\tat com.epam.jdi.light.common.Exceptions.exception(Exceptions.java:35)\n\tat com.epam.jdi.light.driver.WebDriverFactory.registerNewDriver(WebDriverFactory.java:90)\n\tat com.epam.jdi.light.driver.WebDriverFactory.getDriverFromName(WebDriverFactory.java:158)\n\tat com.epam.jdi.light.driver.WebDriverFactory.getDriverByName(WebDriverFactory.java:125)\n\t... 31 more\nCaused by: java.lang.RuntimeException: \nFailed to get valid driver 'chrome'\n\tat com.epam.jdi.light.common.Exceptions.runtimeException(Exceptions.java:17)\n\tat com.epam.jdi.light.driver.WebDriverFactory.getValidDriver(WebDriverFactory.java:113)\n\tat com.epam.jdi.light.driver.WebDriverFactory.registerNewDriver(WebDriverFactory.java:85)\n\t... 33 more\n","flaky":false,"newFailed":false,"newBroken":false,"newPassed":false,"retriesCount":0,"retriesStatusChange":false,"beforeStages":[{"name":"setUp","time":{"start":1668591629813,"stop":1668591639718,"duration":9905},"description":"","status":"broken","statusMessage":"\nCan't get WebDriver: chrome","statusTrace":"java.lang.RuntimeException: \nCan't get WebDriver: chrome\n\tat com.epam.jdi.light.common.Exceptions.exception(Exceptions.java:35)\n\tat com.epam.jdi.light.driver.WebDriverFactory.getDriver(WebDriverFactory.java:216)\n\tat com.epam.jdi.light.elements.common.WindowsManager.setWindowName(WindowsManager.java:87)\n\tat com.epam.jdi.light.elements.common.WindowsManager.openSiteTab(WindowsManager.java:51)\n\tat com.epam.jdi.light.elements.composite.WebPage.openSite(WebPage.java:153)\n\tat org.mytests.tests.TestsInit.setUp(TestsInit.java:18)\n\tat sun.reflect.NativeMethodAccessorImpl.invoke0(Native Method)\n\tat sun.reflect.NativeMethodAccessorImpl.invoke(NativeMethodAccessorImpl.java:62)\n\tat sun.reflect.DelegatingMethodAccessorImpl.invoke(DelegatingMethodAccessorImpl.java:43)\n\tat java.lang.reflect.Method.invoke(Method.java:498)\n\tat org.testng.internal.MethodInvocationHelper.invokeMethod(MethodInvocationHelper.java:124)\n\tat org.testng.internal.MethodInvocationHelper.invokeMethodConsideringTimeout(MethodInvocationHelper.java:59)\n\tat org.testng.internal.Invoker.invokeConfigurationMethod(Invoker.java:458)\n\tat org.testng.internal.Invoker.invokeConfigurations(Invoker.java:222)\n\tat org.testng.internal.Invoker.invokeConfigurations(Invoker.java:142)\n\tat org.testng.SuiteRunner.privateRun(SuiteRunner.java:401)\n\tat org.testng.SuiteRunner.run(SuiteRunner.java:364)\n\tat org.testng.SuiteRunnerWorker.runSuite(SuiteRunnerWorker.java:52)\n\tat org.testng.SuiteRunnerWorker.run(SuiteRunnerWorker.java:84)\n\tat org.testng.TestNG.runSuitesSequentially(TestNG.java:1208)\n\tat org.testng.TestNG.runSuitesLocally(TestNG.java:1137)\n\tat org.testng.TestNG.runSuites(TestNG.java:1049)\n\tat org.testng.TestNG.run(TestNG.java:1017)\n\tat org.apache.maven.surefire.testng.TestNGExecutor.run(TestNGExecutor.java:283)\n\tat org.apache.maven.surefire.testng.TestNGXmlTestSuite.execute(TestNGXmlTestSuite.java:75)\n\tat org.apache.maven.surefire.testng.TestNGProvider.invoke(TestNGProvider.java:120)\n\tat org.apache.maven.surefire.booter.ForkedBooter.invokeProviderInSameClassLoader(ForkedBooter.java:384)\n\tat org.apache.maven.surefire.booter.ForkedBooter.runSuitesInProcess(ForkedBooter.java:345)\n\tat org.apache.maven.surefire.booter.ForkedBooter.execute(ForkedBooter.java:126)\n\tat org.apache.maven.surefire.booter.ForkedBooter.main(ForkedBooter.java:418)\nCaused by: java.lang.RuntimeException: \nCan't get WebDriver: chrome\n\tat com.epam.jdi.light.common.Exceptions.exception(Exceptions.java:35)\n\tat com.epam.jdi.light.driver.WebDriverFactory.getDriver(WebDriverFactory.java:224)\n\tat com.epam.jdi.light.driver.WebDriverFactory.getDriver(WebDriverFactory.java:214)\n\t... 28 more\nCaused by: java.lang.RuntimeException: java.lang.RuntimeException: \nFailed to run downloaded driver CHROME:X64:105.0.5195.52. Please check that your browser and driver are compatible or use local driver with 'drivers.folder' property in test.properties'.\nDriverPath: /home/runner/.cache/selenium/chromedriver/linux64/107.0.5304.62/chromedriver\n\tat com.jdiai.tools.func.JFunc1.execute(JFunc1.java:21)\n\tat com.epam.jdi.light.driver.WebDriverFactory.getDriver(WebDriverFactory.java:222)\n\t... 29 more\nCaused by: java.lang.RuntimeException: \nFailed to run downloaded driver CHROME:X64:105.0.5195.52. Please check that your browser and driver are compatible or use local driver with 'drivers.folder' property in test.properties'.\nDriverPath: /home/runner/.cache/selenium/chromedriver/linux64/107.0.5304.62/chromedriver\n\tat com.epam.jdi.light.common.Exceptions.exception(Exceptions.java:35)\n\tat com.epam.jdi.light.driver.WebDriverFactory.getDriverException(WebDriverFactory.java:143)\n\tat com.epam.jdi.light.driver.WebDriverFactory.getDriverByName(WebDriverFactory.java:127)\n\tat com.jdiai.tools.func.JFunc1.execute(JFunc1.java:19)\n\t... 30 more\nCaused by: java.lang.RuntimeException: \nCan't run and register new driver 'chrome'\n\tat com.epam.jdi.light.common.Exceptions.exception(Exceptions.java:35)\n\tat com.epam.jdi.light.driver.WebDriverFactory.registerNewDriver(WebDriverFactory.java:90)\n\tat com.epam.jdi.light.driver.WebDriverFactory.getDriverFromName(WebDriverFactory.java:158)\n\tat com.epam.jdi.light.driver.WebDriverFactory.getDriverByName(WebDriverFactory.java:125)\n\t... 31 more\nCaused by: java.lang.RuntimeException: \nFailed to get valid driver 'chrome'\n\tat com.epam.jdi.light.common.Exceptions.runtimeException(Exceptions.java:17)\n\tat com.epam.jdi.light.driver.WebDriverFactory.getValidDriver(WebDriverFactory.java:113)\n\tat com.epam.jdi.light.driver.WebDriverFactory.registerNewDriver(WebDriverFactory.java:85)\n\t... 33 more\n","steps":[],"attachments":[],"parameters":[],"stepsCount":0,"attachmentsCount":0,"shouldDisplayMessage":true,"hasContent":true}],"afterStages":[{"name":"tearDown","time":{"start":1668591640045,"stop":1668591640046,"duration":1},"description":"","status":"passed","steps":[],"attachments":[],"parameters":[],"stepsCount":0,"attachmentsCount":0,"shouldDisplayMessage":false,"hasContent":false}],"labels":[{"name":"package","value":"org.mytests.tests.example.DataTableTests"},{"name":"testClass","value":"org.mytests.tests.example.DataTableTests"},{"name":"testMethod","value":"dataColumnNameTest"},{"name":"parentSuite","value":"JDI-Light Performance"},{"name":"suite","value":"Tests"},{"name":"subSuite","value":"org.mytests.tests.example.DataTableTests"},{"name":"host","value":"fv-az615-858"},{"name":"thread","value":"3838@fv-az615-858.TestNG-test=Tests-2(35)"},{"name":"framework","value":"testng"},{"name":"language","value":"java"},{"name":"resultFormat","value":"allure2"}],"parameters":[],"links":[],"hidden":false,"retry":false,"extra":{"severity":"normal","retries":[],"categories":[],"history":{"statistic":{"failed":0,"broken":0,"skipped":32,"passed":1,"unknown":0,"total":33},"items":[{"uid":"b7f9b1b5184e316b","reportUrl":"https://jdi-templates.github.io/jdi-light-browserstack/7//#testresult/b7f9b1b5184e316b","status":"skipped","statusDetails":"\nCan't get WebDriver: firefox","time":{"start":1668417319409,"stop":1668417319409,"duration":0}},{"uid":"1c3ce4637cbb308f","reportUrl":"https://jdi-templates.github.io/jdi-light-browserstack/7//#testresult/1c3ce4637cbb308f","status":"skipped","statusDetails":"\nCan't get WebDriver: firefox","time":{"start":1668417216369,"stop":1668417216369,"duration":0}},{"uid":"4dfab97133c7975","reportUrl":"https://jdi-templates.github.io/jdi-light-browserstack/7//#testresult/4dfab97133c7975","status":"skipped","statusDetails":"\nCan't get WebDriver: firefox","time":{"start":1668417116849,"stop":1668417116849,"duration":0}},{"uid":"4108de8c76295771","reportUrl":"https://jdi-templates.github.io/jdi-light-browserstack/7//#testresult/4108de8c76295771","status":"skipped","statusDetails":"\nCan't get WebDriver: firefox","time":{"start":1668417005522,"stop":1668417005531,"duration":9}},{"uid":"be41296ae5786bda","reportUrl":"https://jdi-templates.github.io/jdi-light-browserstack/7//#testresult/be41296ae5786bda","status":"skipped","statusDetails":"\nCan't get WebDriver: firefox","time":{"start":1668416878412,"stop":1668416878412,"duration":0}},{"uid":"fb1e98160941832d","reportUrl":"https://jdi-templates.github.io/jdi-light-browserstack/7//#testresult/fb1e98160941832d","status":"skipped","statusDetails":"\nCan't get WebDriver: firefox","time":{"start":1668416760682,"stop":1668416760683,"duration":1}},{"uid":"afab0f9c3f3ffde1","reportUrl":"https://jdi-templates.github.io/jdi-light-browserstack/7//#testresult/afab0f9c3f3ffde1","status":"skipped","statusDetails":"\nCan't get WebDriver: firefox","time":{"start":1668416656704,"stop":1668416656704,"duration":0}},{"uid":"3af8feffd28736e","reportUrl":"https://jdi-templates.github.io/jdi-light-browserstack/6//#testresult/3af8feffd28736e","status":"skipped","statusDetails":"\nCan't get WebDriver: firefox","time":{"start":1667992195650,"stop":1667992195651,"duration":1}},{"uid":"3285e94b9d93ab35","reportUrl":"https://jdi-templates.github.io/jdi-light-browserstack/6//#testresult/3285e94b9d93ab35","status":"skipped","statusDetails":"\nCan't get WebDriver: firefox","time":{"start":1667992079330,"stop":1667992079330,"duration":0}},{"uid":"d50af0b71ac8deed","reportUrl":"https://jdi-templates.github.io/jdi-light-browserstack/6//#testresult/d50af0b71ac8deed","status":"skipped","statusDetails":"\nCan't get WebDriver: firefox","time":{"start":1667991973650,"stop":1667991973650,"duration":0}},{"uid":"ddd51fc0a0084a34","reportUrl":"https://jdi-templates.github.io/jdi-light-browserstack/6//#testresult/ddd51fc0a0084a34","status":"skipped","statusDetails":"\nCan't get WebDriver: firefox","time":{"start":1667991873208,"stop":1667991873208,"duration":0}},{"uid":"d0a610ea5d369f32","reportUrl":"https://jdi-templates.github.io/jdi-light-browserstack/6//#testresult/d0a610ea5d369f32","status":"skipped","statusDetails":"\nCan't get WebDriver: firefox","time":{"start":1667991759145,"stop":1667991759146,"duration":1}},{"uid":"b82d8752ad7ecfe4","reportUrl":"https://jdi-templates.github.io/jdi-light-browserstack/6//#testresult/b82d8752ad7ecfe4","status":"skipped","statusDetails":"\nCan't get WebDriver: firefox","time":{"start":1667991671555,"stop":1667991671555,"duration":0}},{"uid":"43ec08111581e443","reportUrl":"https://jdi-templates.github.io/jdi-light-browserstack/6//#testresult/43ec08111581e443","status":"skipped","statusDetails":"\nCan't get WebDriver: firefox","time":{"start":1667991569001,"stop":1667991569001,"duration":0}},{"uid":"f80d9483dcf0a","reportUrl":"https://jdi-templates.github.io/jdi-light-browserstack/6//#testresult/f80d9483dcf0a","status":"skipped","statusDetails":"\nCan't get WebDriver: firefox","time":{"start":1667991465251,"stop":1667991465254,"duration":3}},{"uid":"88d952ec29952677","reportUrl":"https://jdi-templates.github.io/jdi-light-browserstack/5//#testresult/88d952ec29952677","status":"skipped","statusDetails":"\nCan't get WebDriver: firefox","time":{"start":1667986026207,"stop":1667986026207,"duration":0}},{"uid":"8171ebfb40baba13","reportUrl":"https://jdi-templates.github.io/jdi-light-browserstack/5//#testresult/8171ebfb40baba13","status":"skipped","statusDetails":"\nCan't get WebDriver: firefox","time":{"start":1667985901978,"stop":1667985901979,"duration":1}},{"uid":"7e44473be0c704c2","reportUrl":"https://jdi-templates.github.io/jdi-light-browserstack/5//#testresult/7e44473be0c704c2","status":"skipped","statusDetails":"\nCan't get WebDriver: firefox","time":{"start":1667985782831,"stop":1667985782831,"duration":0}},{"uid":"e66dcf68afd7fb2e","reportUrl":"https://jdi-templates.github.io/jdi-light-browserstack/5//#testresult/e66dcf68afd7fb2e","status":"skipped","statusDetails":"\nCan't get WebDriver: firefox","time":{"start":1667985662825,"stop":1667985662826,"duration":1}},{"uid":"d2084b0d4188d71c","reportUrl":"https://jdi-templates.github.io/jdi-light-browserstack/5//#testresult/d2084b0d4188d71c","status":"skipped","statusDetails":"\nCan't get WebDriver: firefox","time":{"start":1667985532509,"stop":1667985532509,"duration":0}}]},"tags":[]},"source":"cc358f7c105ebde6.json","parameterValues":[]}