{"uid":"cd9d9b1df0bfe948","name":"customMenuTest","fullName":"org.mytests.tests.example.MenuTests.customMenuTest","historyId":"f82d99216fb6cdf138a2ed677f2414b4","time":{"start":1668592425440,"stop":1668592425441,"duration":1},"status":"skipped","statusMessage":"\nCan't get WebDriver: chrome","statusTrace":"java.lang.RuntimeException: \nCan't get WebDriver: chrome\n\tat com.epam.jdi.light.common.Exceptions.exception(Exceptions.java:35)\n\tat com.epam.jdi.light.driver.WebDriverFactory.getDriver(WebDriverFactory.java:216)\n\tat com.epam.jdi.light.elements.common.WindowsManager.setWindowName(WindowsManager.java:87)\n\tat com.epam.jdi.light.elements.common.WindowsManager.openSiteTab(WindowsManager.java:51)\n\tat com.epam.jdi.light.elements.composite.WebPage.openSite(WebPage.java:153)\n\tat org.mytests.tests.TestsInit.setUp(TestsInit.java:18)\n\tat java.base/jdk.internal.reflect.NativeMethodAccessorImpl.invoke0(Native Method)\n\tat java.base/jdk.internal.reflect.NativeMethodAccessorImpl.invoke(NativeMethodAccessorImpl.java:64)\n\tat java.base/jdk.internal.reflect.DelegatingMethodAccessorImpl.invoke(DelegatingMethodAccessorImpl.java:43)\n\tat java.base/java.lang.reflect.Method.invoke(Method.java:564)\n\tat org.testng.internal.MethodInvocationHelper.invokeMethod(MethodInvocationHelper.java:124)\n\tat org.testng.internal.MethodInvocationHelper.invokeMethodConsideringTimeout(MethodInvocationHelper.java:59)\n\tat org.testng.internal.Invoker.invokeConfigurationMethod(Invoker.java:458)\n\tat org.testng.internal.Invoker.invokeConfigurations(Invoker.java:222)\n\tat org.testng.internal.Invoker.invokeConfigurations(Invoker.java:142)\n\tat org.testng.SuiteRunner.privateRun(SuiteRunner.java:401)\n\tat org.testng.SuiteRunner.run(SuiteRunner.java:364)\n\tat org.testng.SuiteRunnerWorker.runSuite(SuiteRunnerWorker.java:52)\n\tat org.testng.SuiteRunnerWorker.run(SuiteRunnerWorker.java:84)\n\tat org.testng.TestNG.runSuitesSequentially(TestNG.java:1208)\n\tat org.testng.TestNG.runSuitesLocally(TestNG.java:1137)\n\tat org.testng.TestNG.runSuites(TestNG.java:1049)\n\tat org.testng.TestNG.run(TestNG.java:1017)\n\tat org.apache.maven.surefire.testng.TestNGExecutor.run(TestNGExecutor.java:283)\n\tat org.apache.maven.surefire.testng.TestNGXmlTestSuite.execute(TestNGXmlTestSuite.java:75)\n\tat org.apache.maven.surefire.testng.TestNGProvider.invoke(TestNGProvider.java:120)\n\tat org.apache.maven.surefire.booter.ForkedBooter.invokeProviderInSameClassLoader(ForkedBooter.java:384)\n\tat org.apache.maven.surefire.booter.ForkedBooter.runSuitesInProcess(ForkedBooter.java:345)\n\tat org.apache.maven.surefire.booter.ForkedBooter.execute(ForkedBooter.java:126)\n\tat org.apache.maven.surefire.booter.ForkedBooter.main(ForkedBooter.java:418)\nCaused by: java.lang.RuntimeException: \nCan't get WebDriver: chrome\n\tat com.epam.jdi.light.common.Exceptions.exception(Exceptions.java:35)\n\tat com.epam.jdi.light.driver.WebDriverFactory.getDriver(WebDriverFactory.java:224)\n\tat com.epam.jdi.light.driver.WebDriverFactory.getDriver(WebDriverFactory.java:214)\n\t... 28 more\nCaused by: java.lang.RuntimeException: java.lang.RuntimeException: \nFailed to run downloaded driver CHROME:X64:105.0.5195.52. Please check that your browser and driver are compatible or use local driver with 'drivers.folder' property in test.properties'.\nDriverPath: /home/runner/.cache/selenium/chromedriver/linux64/107.0.5304.62/chromedriver\n\tat com.jdiai.tools.func.JFunc1.execute(JFunc1.java:21)\n\tat com.epam.jdi.light.driver.WebDriverFactory.getDriver(WebDriverFactory.java:222)\n\t... 29 more\nCaused by: java.lang.RuntimeException: \nFailed to run downloaded driver CHROME:X64:105.0.5195.52. Please check that your browser and driver are compatible or use local driver with 'drivers.folder' property in test.properties'.\nDriverPath: /home/runner/.cache/selenium/chromedriver/linux64/107.0.5304.62/chromedriver\n\tat com.epam.jdi.light.common.Exceptions.exception(Exceptions.java:35)\n\tat com.epam.jdi.light.driver.WebDriverFactory.getDriverException(WebDriverFactory.java:143)\n\tat com.epam.jdi.light.driver.WebDriverFactory.getDriverByName(WebDriverFactory.java:127)\n\tat com.jdiai.tools.func.JFunc1.execute(JFunc1.java:19)\n\t... 30 more\nCaused by: java.lang.RuntimeException: \nCan't run and register new driver 'chrome'\n\tat com.epam.jdi.light.common.Exceptions.exception(Exceptions.java:35)\n\tat com.epam.jdi.light.driver.WebDriverFactory.registerNewDriver(WebDriverFactory.java:90)\n\tat com.epam.jdi.light.driver.WebDriverFactory.getDriverFromName(WebDriverFactory.java:158)\n\tat com.epam.jdi.light.driver.WebDriverFactory.getDriverByName(WebDriverFactory.java:125)\n\t... 31 more\nCaused by: java.lang.RuntimeException: \nFailed to get valid driver 'chrome'\n\tat com.epam.jdi.light.common.Exceptions.runtimeException(Exceptions.java:17)\n\tat com.epam.jdi.light.driver.WebDriverFactory.getValidDriver(WebDriverFactory.java:113)\n\tat com.epam.jdi.light.driver.WebDriverFactory.registerNewDriver(WebDriverFactory.java:85)\n\t... 33 more\n","flaky":false,"newFailed":false,"newBroken":false,"newPassed":false,"retriesCount":0,"retriesStatusChange":false,"beforeStages":[{"name":"setUp","time":{"start":1668592417863,"stop":1668592425191,"duration":7328},"description":"","status":"broken","statusMessage":"\nCan't get WebDriver: chrome","statusTrace":"java.lang.RuntimeException: \nCan't get WebDriver: chrome\n\tat com.epam.jdi.light.common.Exceptions.exception(Exceptions.java:35)\n\tat com.epam.jdi.light.driver.WebDriverFactory.getDriver(WebDriverFactory.java:216)\n\tat com.epam.jdi.light.elements.common.WindowsManager.setWindowName(WindowsManager.java:87)\n\tat com.epam.jdi.light.elements.common.WindowsManager.openSiteTab(WindowsManager.java:51)\n\tat com.epam.jdi.light.elements.composite.WebPage.openSite(WebPage.java:153)\n\tat org.mytests.tests.TestsInit.setUp(TestsInit.java:18)\n\tat java.base/jdk.internal.reflect.NativeMethodAccessorImpl.invoke0(Native Method)\n\tat java.base/jdk.internal.reflect.NativeMethodAccessorImpl.invoke(NativeMethodAccessorImpl.java:64)\n\tat java.base/jdk.internal.reflect.DelegatingMethodAccessorImpl.invoke(DelegatingMethodAccessorImpl.java:43)\n\tat java.base/java.lang.reflect.Method.invoke(Method.java:564)\n\tat org.testng.internal.MethodInvocationHelper.invokeMethod(MethodInvocationHelper.java:124)\n\tat org.testng.internal.MethodInvocationHelper.invokeMethodConsideringTimeout(MethodInvocationHelper.java:59)\n\tat org.testng.internal.Invoker.invokeConfigurationMethod(Invoker.java:458)\n\tat org.testng.internal.Invoker.invokeConfigurations(Invoker.java:222)\n\tat org.testng.internal.Invoker.invokeConfigurations(Invoker.java:142)\n\tat org.testng.SuiteRunner.privateRun(SuiteRunner.java:401)\n\tat org.testng.SuiteRunner.run(SuiteRunner.java:364)\n\tat org.testng.SuiteRunnerWorker.runSuite(SuiteRunnerWorker.java:52)\n\tat org.testng.SuiteRunnerWorker.run(SuiteRunnerWorker.java:84)\n\tat org.testng.TestNG.runSuitesSequentially(TestNG.java:1208)\n\tat org.testng.TestNG.runSuitesLocally(TestNG.java:1137)\n\tat org.testng.TestNG.runSuites(TestNG.java:1049)\n\tat org.testng.TestNG.run(TestNG.java:1017)\n\tat org.apache.maven.surefire.testng.TestNGExecutor.run(TestNGExecutor.java:283)\n\tat org.apache.maven.surefire.testng.TestNGXmlTestSuite.execute(TestNGXmlTestSuite.java:75)\n\tat org.apache.maven.surefire.testng.TestNGProvider.invoke(TestNGProvider.java:120)\n\tat org.apache.maven.surefire.booter.ForkedBooter.invokeProviderInSameClassLoader(ForkedBooter.java:384)\n\tat org.apache.maven.surefire.booter.ForkedBooter.runSuitesInProcess(ForkedBooter.java:345)\n\tat org.apache.maven.surefire.booter.ForkedBooter.execute(ForkedBooter.java:126)\n\tat org.apache.maven.surefire.booter.ForkedBooter.main(ForkedBooter.java:418)\nCaused by: java.lang.RuntimeException: \nCan't get WebDriver: chrome\n\tat com.epam.jdi.light.common.Exceptions.exception(Exceptions.java:35)\n\tat com.epam.jdi.light.driver.WebDriverFactory.getDriver(WebDriverFactory.java:224)\n\tat com.epam.jdi.light.driver.WebDriverFactory.getDriver(WebDriverFactory.java:214)\n\t... 28 more\nCaused by: java.lang.RuntimeException: java.lang.RuntimeException: \nFailed to run downloaded driver CHROME:X64:105.0.5195.52. Please check that your browser and driver are compatible or use local driver with 'drivers.folder' property in test.properties'.\nDriverPath: /home/runner/.cache/selenium/chromedriver/linux64/107.0.5304.62/chromedriver\n\tat com.jdiai.tools.func.JFunc1.execute(JFunc1.java:21)\n\tat com.epam.jdi.light.driver.WebDriverFactory.getDriver(WebDriverFactory.java:222)\n\t... 29 more\nCaused by: java.lang.RuntimeException: \nFailed to run downloaded driver CHROME:X64:105.0.5195.52. Please check that your browser and driver are compatible or use local driver with 'drivers.folder' property in test.properties'.\nDriverPath: /home/runner/.cache/selenium/chromedriver/linux64/107.0.5304.62/chromedriver\n\tat com.epam.jdi.light.common.Exceptions.exception(Exceptions.java:35)\n\tat com.epam.jdi.light.driver.WebDriverFactory.getDriverException(WebDriverFactory.java:143)\n\tat com.epam.jdi.light.driver.WebDriverFactory.getDriverByName(WebDriverFactory.java:127)\n\tat com.jdiai.tools.func.JFunc1.execute(JFunc1.java:19)\n\t... 30 more\nCaused by: java.lang.RuntimeException: \nCan't run and register new driver 'chrome'\n\tat com.epam.jdi.light.common.Exceptions.exception(Exceptions.java:35)\n\tat com.epam.jdi.light.driver.WebDriverFactory.registerNewDriver(WebDriverFactory.java:90)\n\tat com.epam.jdi.light.driver.WebDriverFactory.getDriverFromName(WebDriverFactory.java:158)\n\tat com.epam.jdi.light.driver.WebDriverFactory.getDriverByName(WebDriverFactory.java:125)\n\t... 31 more\nCaused by: java.lang.RuntimeException: \nFailed to get valid driver 'chrome'\n\tat com.epam.jdi.light.common.Exceptions.runtimeException(Exceptions.java:17)\n\tat com.epam.jdi.light.driver.WebDriverFactory.getValidDriver(WebDriverFactory.java:113)\n\tat com.epam.jdi.light.driver.WebDriverFactory.registerNewDriver(WebDriverFactory.java:85)\n\t... 33 more\n","steps":[],"attachments":[],"parameters":[],"stepsCount":0,"attachmentsCount":0,"shouldDisplayMessage":true,"hasContent":true}],"afterStages":[{"name":"tearDown","time":{"start":1668592425463,"stop":1668592425463,"duration":0},"description":"","status":"passed","steps":[],"attachments":[],"parameters":[],"stepsCount":0,"attachmentsCount":0,"shouldDisplayMessage":false,"hasContent":false}],"labels":[{"name":"package","value":"org.mytests.tests.example.MenuTests"},{"name":"testClass","value":"org.mytests.tests.example.MenuTests"},{"name":"testMethod","value":"customMenuTest"},{"name":"parentSuite","value":"JDI-Light Performance"},{"name":"suite","value":"Tests"},{"name":"subSuite","value":"org.mytests.tests.example.MenuTests"},{"name":"host","value":"fv-az197-121"},{"name":"thread","value":"3500@fv-az197-121.TestNG-test=Tests-3(38)"},{"name":"framework","value":"testng"},{"name":"language","value":"java"},{"name":"resultFormat","value":"allure2"}],"parameters":[],"links":[],"hidden":false,"retry":false,"extra":{"severity":"normal","retries":[],"categories":[],"history":{"statistic":{"failed":0,"broken":0,"skipped":40,"passed":1,"unknown":0,"total":41},"items":[{"uid":"fa671e25e6e305d5","reportUrl":"https://jdi-templates.github.io/jdi-light-browserstack/9//#testresult/fa671e25e6e305d5","status":"skipped","statusDetails":"\nCan't get WebDriver: chrome","time":{"start":1668592330595,"stop":1668592330595,"duration":0}},{"uid":"bf4a8974b5cd0e0d","reportUrl":"https://jdi-templates.github.io/jdi-light-browserstack/8//#testresult/bf4a8974b5cd0e0d","status":"skipped","statusDetails":"\nCan't get WebDriver: chrome","time":{"start":1668592306777,"stop":1668592306778,"duration":1}},{"uid":"ac3e82acd5d21e6f","reportUrl":"https://jdi-templates.github.io/jdi-light-browserstack/8//#testresult/ac3e82acd5d21e6f","status":"skipped","statusDetails":"\nCan't get WebDriver: chrome","time":{"start":1668592191296,"stop":1668592191296,"duration":0}},{"uid":"c9ac5579f0a7f32c","reportUrl":"https://jdi-templates.github.io/jdi-light-browserstack/8//#testresult/c9ac5579f0a7f32c","status":"skipped","statusDetails":"\nCan't get WebDriver: chrome","time":{"start":1668592075842,"stop":1668592075842,"duration":0}},{"uid":"7b8586e34687d6e3","reportUrl":"https://jdi-templates.github.io/jdi-light-browserstack/8//#testresult/7b8586e34687d6e3","status":"skipped","statusDetails":"\nCan't get WebDriver: chrome","time":{"start":1668591965549,"stop":1668591965550,"duration":1}},{"uid":"41f4748c67900fa0","reportUrl":"https://jdi-templates.github.io/jdi-light-browserstack/8//#testresult/41f4748c67900fa0","status":"skipped","statusDetails":"\nCan't get WebDriver: chrome","time":{"start":1668591851809,"stop":1668591851809,"duration":0}},{"uid":"60a87747b5fcf11c","reportUrl":"https://jdi-templates.github.io/jdi-light-browserstack/8//#testresult/60a87747b5fcf11c","status":"skipped","statusDetails":"\nCan't get WebDriver: chrome","time":{"start":1668591736864,"stop":1668591736865,"duration":1}},{"uid":"92d7ad0c86981d76","reportUrl":"https://jdi-templates.github.io/jdi-light-browserstack/8//#testresult/92d7ad0c86981d76","status":"skipped","statusDetails":"\nCan't get WebDriver: chrome","time":{"start":1668591639940,"stop":1668591639940,"duration":0}},{"uid":"bfaeb09356421d78","reportUrl":"https://jdi-templates.github.io/jdi-light-browserstack/7//#testresult/bfaeb09356421d78","status":"skipped","statusDetails":"\nCan't get WebDriver: firefox","time":{"start":1668417319375,"stop":1668417319375,"duration":0}},{"uid":"b43aff68be0f1f5f","reportUrl":"https://jdi-templates.github.io/jdi-light-browserstack/7//#testresult/b43aff68be0f1f5f","status":"skipped","statusDetails":"\nCan't get WebDriver: firefox","time":{"start":1668417216332,"stop":1668417216333,"duration":1}},{"uid":"7268a7e4464196a9","reportUrl":"https://jdi-templates.github.io/jdi-light-browserstack/7//#testresult/7268a7e4464196a9","status":"skipped","statusDetails":"\nCan't get WebDriver: firefox","time":{"start":1668417116826,"stop":1668417116826,"duration":0}},{"uid":"8432c3eabc6915a1","reportUrl":"https://jdi-templates.github.io/jdi-light-browserstack/7//#testresult/8432c3eabc6915a1","status":"skipped","statusDetails":"\nCan't get WebDriver: firefox","time":{"start":1668417005474,"stop":1668417005475,"duration":1}},{"uid":"f40c950bfb40d14f","reportUrl":"https://jdi-templates.github.io/jdi-light-browserstack/7//#testresult/f40c950bfb40d14f","status":"skipped","statusDetails":"\nCan't get WebDriver: firefox","time":{"start":1668416878349,"stop":1668416878349,"duration":0}},{"uid":"c051d6c97e638d09","reportUrl":"https://jdi-templates.github.io/jdi-light-browserstack/7//#testresult/c051d6c97e638d09","status":"skipped","statusDetails":"\nCan't get WebDriver: firefox","time":{"start":1668416760637,"stop":1668416760637,"duration":0}},{"uid":"ef5a662908b90c1","reportUrl":"https://jdi-templates.github.io/jdi-light-browserstack/7//#testresult/ef5a662908b90c1","status":"skipped","statusDetails":"\nCan't get WebDriver: firefox","time":{"start":1668416656620,"stop":1668416656621,"duration":1}},{"uid":"786d3a0c744df2f7","reportUrl":"https://jdi-templates.github.io/jdi-light-browserstack/6//#testresult/786d3a0c744df2f7","status":"skipped","statusDetails":"\nCan't get WebDriver: firefox","time":{"start":1667992195598,"stop":1667992195600,"duration":2}},{"uid":"ea9a731dd59bb2e3","reportUrl":"https://jdi-templates.github.io/jdi-light-browserstack/6//#testresult/ea9a731dd59bb2e3","status":"skipped","statusDetails":"\nCan't get WebDriver: firefox","time":{"start":1667992079304,"stop":1667992079307,"duration":3}},{"uid":"1c933368a03f656d","reportUrl":"https://jdi-templates.github.io/jdi-light-browserstack/6//#testresult/1c933368a03f656d","status":"skipped","statusDetails":"\nCan't get WebDriver: firefox","time":{"start":1667991973583,"stop":1667991973584,"duration":1}},{"uid":"54c877af2e524398","reportUrl":"https://jdi-templates.github.io/jdi-light-browserstack/6//#testresult/54c877af2e524398","status":"skipped","statusDetails":"\nCan't get WebDriver: firefox","time":{"start":1667991873157,"stop":1667991873157,"duration":0}},{"uid":"e3ea3bab81edd9be","reportUrl":"https://jdi-templates.github.io/jdi-light-browserstack/6//#testresult/e3ea3bab81edd9be","status":"skipped","statusDetails":"\nCan't get WebDriver: firefox","time":{"start":1667991759082,"stop":1667991759083,"duration":1}}]},"tags":[]},"source":"cd9d9b1df0bfe948.json","parameterValues":[]}