{"uid":"e45500c31a10482","name":"previewTest","fullName":"org.mytests.tests.example.DataTableTests.previewTest","historyId":"166b37071ede87141a8ad3731e04b226","time":{"start":1668591965555,"stop":1668591965555,"duration":0},"status":"skipped","statusMessage":"\nCan't get WebDriver: chrome","statusTrace":"java.lang.RuntimeException: \nCan't get WebDriver: chrome\n\tat com.epam.jdi.light.common.Exceptions.exception(Exceptions.java:35)\n\tat com.epam.jdi.light.driver.WebDriverFactory.getDriver(WebDriverFactory.java:216)\n\tat com.epam.jdi.light.elements.common.WindowsManager.setWindowName(WindowsManager.java:87)\n\tat com.epam.jdi.light.elements.common.WindowsManager.openSiteTab(WindowsManager.java:51)\n\tat com.epam.jdi.light.elements.composite.WebPage.openSite(WebPage.java:153)\n\tat org.mytests.tests.TestsInit.setUp(TestsInit.java:18)\n\tat java.base/jdk.internal.reflect.NativeMethodAccessorImpl.invoke0(Native Method)\n\tat java.base/jdk.internal.reflect.NativeMethodAccessorImpl.invoke(NativeMethodAccessorImpl.java:62)\n\tat java.base/jdk.internal.reflect.DelegatingMethodAccessorImpl.invoke(DelegatingMethodAccessorImpl.java:43)\n\tat java.base/java.lang.reflect.Method.invoke(Method.java:566)\n\tat org.testng.internal.MethodInvocationHelper.invokeMethod(MethodInvocationHelper.java:124)\n\tat org.testng.internal.MethodInvocationHelper.invokeMethodConsideringTimeout(MethodInvocationHelper.java:59)\n\tat org.testng.internal.Invoker.invokeConfigurationMethod(Invoker.java:458)\n\tat org.testng.internal.Invoker.invokeConfigurations(Invoker.java:222)\n\tat org.testng.internal.Invoker.invokeConfigurations(Invoker.java:142)\n\tat org.testng.SuiteRunner.privateRun(SuiteRunner.java:401)\n\tat org.testng.SuiteRunner.run(SuiteRunner.java:364)\n\tat org.testng.SuiteRunnerWorker.runSuite(SuiteRunnerWorker.java:52)\n\tat org.testng.SuiteRunnerWorker.run(SuiteRunnerWorker.java:84)\n\tat org.testng.TestNG.runSuitesSequentially(TestNG.java:1208)\n\tat org.testng.TestNG.runSuitesLocally(TestNG.java:1137)\n\tat org.testng.TestNG.runSuites(TestNG.java:1049)\n\tat org.testng.TestNG.run(TestNG.java:1017)\n\tat org.apache.maven.surefire.testng.TestNGExecutor.run(TestNGExecutor.java:283)\n\tat org.apache.maven.surefire.testng.TestNGXmlTestSuite.execute(TestNGXmlTestSuite.java:75)\n\tat org.apache.maven.surefire.testng.TestNGProvider.invoke(TestNGProvider.java:120)\n\tat org.apache.maven.surefire.booter.ForkedBooter.invokeProviderInSameClassLoader(ForkedBooter.java:384)\n\tat org.apache.maven.surefire.booter.ForkedBooter.runSuitesInProcess(ForkedBooter.java:345)\n\tat org.apache.maven.surefire.booter.ForkedBooter.execute(ForkedBooter.java:126)\n\tat org.apache.maven.surefire.booter.ForkedBooter.main(ForkedBooter.java:418)\nCaused by: java.lang.RuntimeException: \nCan't get WebDriver: chrome\n\tat com.epam.jdi.light.common.Exceptions.exception(Exceptions.java:35)\n\tat com.epam.jdi.light.driver.WebDriverFactory.getDriver(WebDriverFactory.java:224)\n\tat com.epam.jdi.light.driver.WebDriverFactory.getDriver(WebDriverFactory.java:214)\n\t... 28 more\nCaused by: java.lang.RuntimeException: java.lang.RuntimeException: \nFailed to run downloaded driver CHROME:X64:105.0.5195.52. Please check that your browser and driver are compatible or use local driver with 'drivers.folder' property in test.properties'.\nDriverPath: /home/runner/.cache/selenium/chromedriver/linux64/107.0.5304.62/chromedriver\n\tat com.jdiai.tools.func.JFunc1.execute(JFunc1.java:21)\n\tat com.epam.jdi.light.driver.WebDriverFactory.getDriver(WebDriverFactory.java:222)\n\t... 29 more\nCaused by: java.lang.RuntimeException: \nFailed to run downloaded driver CHROME:X64:105.0.5195.52. Please check that your browser and driver are compatible or use local driver with 'drivers.folder' property in test.properties'.\nDriverPath: /home/runner/.cache/selenium/chromedriver/linux64/107.0.5304.62/chromedriver\n\tat com.epam.jdi.light.common.Exceptions.exception(Exceptions.java:35)\n\tat com.epam.jdi.light.driver.WebDriverFactory.getDriverException(WebDriverFactory.java:143)\n\tat com.epam.jdi.light.driver.WebDriverFactory.getDriverByName(WebDriverFactory.java:127)\n\tat com.jdiai.tools.func.JFunc1.execute(JFunc1.java:19)\n\t... 30 more\nCaused by: java.lang.RuntimeException: \nCan't run and register new driver 'chrome'\n\tat com.epam.jdi.light.common.Exceptions.exception(Exceptions.java:35)\n\tat com.epam.jdi.light.driver.WebDriverFactory.registerNewDriver(WebDriverFactory.java:90)\n\tat com.epam.jdi.light.driver.WebDriverFactory.getDriverFromName(WebDriverFactory.java:158)\n\tat com.epam.jdi.light.driver.WebDriverFactory.getDriverByName(WebDriverFactory.java:125)\n\t... 31 more\nCaused by: java.lang.RuntimeException: \nFailed to get valid driver 'chrome'\n\tat com.epam.jdi.light.common.Exceptions.runtimeException(Exceptions.java:17)\n\tat com.epam.jdi.light.driver.WebDriverFactory.getValidDriver(WebDriverFactory.java:113)\n\tat com.epam.jdi.light.driver.WebDriverFactory.registerNewDriver(WebDriverFactory.java:85)\n\t... 33 more\n","flaky":false,"newFailed":false,"newBroken":false,"newPassed":false,"retriesCount":0,"retriesStatusChange":false,"beforeStages":[{"name":"setUp","time":{"start":1668591957407,"stop":1668591965250,"duration":7843},"description":"","status":"broken","statusMessage":"\nCan't get WebDriver: chrome","statusTrace":"java.lang.RuntimeException: \nCan't get WebDriver: chrome\n\tat com.epam.jdi.light.common.Exceptions.exception(Exceptions.java:35)\n\tat com.epam.jdi.light.driver.WebDriverFactory.getDriver(WebDriverFactory.java:216)\n\tat com.epam.jdi.light.elements.common.WindowsManager.setWindowName(WindowsManager.java:87)\n\tat com.epam.jdi.light.elements.common.WindowsManager.openSiteTab(WindowsManager.java:51)\n\tat com.epam.jdi.light.elements.composite.WebPage.openSite(WebPage.java:153)\n\tat org.mytests.tests.TestsInit.setUp(TestsInit.java:18)\n\tat java.base/jdk.internal.reflect.NativeMethodAccessorImpl.invoke0(Native Method)\n\tat java.base/jdk.internal.reflect.NativeMethodAccessorImpl.invoke(NativeMethodAccessorImpl.java:62)\n\tat java.base/jdk.internal.reflect.DelegatingMethodAccessorImpl.invoke(DelegatingMethodAccessorImpl.java:43)\n\tat java.base/java.lang.reflect.Method.invoke(Method.java:566)\n\tat org.testng.internal.MethodInvocationHelper.invokeMethod(MethodInvocationHelper.java:124)\n\tat org.testng.internal.MethodInvocationHelper.invokeMethodConsideringTimeout(MethodInvocationHelper.java:59)\n\tat org.testng.internal.Invoker.invokeConfigurationMethod(Invoker.java:458)\n\tat org.testng.internal.Invoker.invokeConfigurations(Invoker.java:222)\n\tat org.testng.internal.Invoker.invokeConfigurations(Invoker.java:142)\n\tat org.testng.SuiteRunner.privateRun(SuiteRunner.java:401)\n\tat org.testng.SuiteRunner.run(SuiteRunner.java:364)\n\tat org.testng.SuiteRunnerWorker.runSuite(SuiteRunnerWorker.java:52)\n\tat org.testng.SuiteRunnerWorker.run(SuiteRunnerWorker.java:84)\n\tat org.testng.TestNG.runSuitesSequentially(TestNG.java:1208)\n\tat org.testng.TestNG.runSuitesLocally(TestNG.java:1137)\n\tat org.testng.TestNG.runSuites(TestNG.java:1049)\n\tat org.testng.TestNG.run(TestNG.java:1017)\n\tat org.apache.maven.surefire.testng.TestNGExecutor.run(TestNGExecutor.java:283)\n\tat org.apache.maven.surefire.testng.TestNGXmlTestSuite.execute(TestNGXmlTestSuite.java:75)\n\tat org.apache.maven.surefire.testng.TestNGProvider.invoke(TestNGProvider.java:120)\n\tat org.apache.maven.surefire.booter.ForkedBooter.invokeProviderInSameClassLoader(ForkedBooter.java:384)\n\tat org.apache.maven.surefire.booter.ForkedBooter.runSuitesInProcess(ForkedBooter.java:345)\n\tat org.apache.maven.surefire.booter.ForkedBooter.execute(ForkedBooter.java:126)\n\tat org.apache.maven.surefire.booter.ForkedBooter.main(ForkedBooter.java:418)\nCaused by: java.lang.RuntimeException: \nCan't get WebDriver: chrome\n\tat com.epam.jdi.light.common.Exceptions.exception(Exceptions.java:35)\n\tat com.epam.jdi.light.driver.WebDriverFactory.getDriver(WebDriverFactory.java:224)\n\tat com.epam.jdi.light.driver.WebDriverFactory.getDriver(WebDriverFactory.java:214)\n\t... 28 more\nCaused by: java.lang.RuntimeException: java.lang.RuntimeException: \nFailed to run downloaded driver CHROME:X64:105.0.5195.52. Please check that your browser and driver are compatible or use local driver with 'drivers.folder' property in test.properties'.\nDriverPath: /home/runner/.cache/selenium/chromedriver/linux64/107.0.5304.62/chromedriver\n\tat com.jdiai.tools.func.JFunc1.execute(JFunc1.java:21)\n\tat com.epam.jdi.light.driver.WebDriverFactory.getDriver(WebDriverFactory.java:222)\n\t... 29 more\nCaused by: java.lang.RuntimeException: \nFailed to run downloaded driver CHROME:X64:105.0.5195.52. Please check that your browser and driver are compatible or use local driver with 'drivers.folder' property in test.properties'.\nDriverPath: /home/runner/.cache/selenium/chromedriver/linux64/107.0.5304.62/chromedriver\n\tat com.epam.jdi.light.common.Exceptions.exception(Exceptions.java:35)\n\tat com.epam.jdi.light.driver.WebDriverFactory.getDriverException(WebDriverFactory.java:143)\n\tat com.epam.jdi.light.driver.WebDriverFactory.getDriverByName(WebDriverFactory.java:127)\n\tat com.jdiai.tools.func.JFunc1.execute(JFunc1.java:19)\n\t... 30 more\nCaused by: java.lang.RuntimeException: \nCan't run and register new driver 'chrome'\n\tat com.epam.jdi.light.common.Exceptions.exception(Exceptions.java:35)\n\tat com.epam.jdi.light.driver.WebDriverFactory.registerNewDriver(WebDriverFactory.java:90)\n\tat com.epam.jdi.light.driver.WebDriverFactory.getDriverFromName(WebDriverFactory.java:158)\n\tat com.epam.jdi.light.driver.WebDriverFactory.getDriverByName(WebDriverFactory.java:125)\n\t... 31 more\nCaused by: java.lang.RuntimeException: \nFailed to get valid driver 'chrome'\n\tat com.epam.jdi.light.common.Exceptions.runtimeException(Exceptions.java:17)\n\tat com.epam.jdi.light.driver.WebDriverFactory.getValidDriver(WebDriverFactory.java:113)\n\tat com.epam.jdi.light.driver.WebDriverFactory.registerNewDriver(WebDriverFactory.java:85)\n\t... 33 more\n","steps":[],"attachments":[],"parameters":[],"stepsCount":0,"attachmentsCount":0,"shouldDisplayMessage":true,"hasContent":true}],"afterStages":[{"name":"tearDown","time":{"start":1668591965623,"stop":1668591965623,"duration":0},"description":"","status":"passed","steps":[],"attachments":[],"parameters":[],"stepsCount":0,"attachmentsCount":0,"shouldDisplayMessage":false,"hasContent":false}],"labels":[{"name":"package","value":"org.mytests.tests.example.DataTableTests"},{"name":"testClass","value":"org.mytests.tests.example.DataTableTests"},{"name":"testMethod","value":"previewTest"},{"name":"parentSuite","value":"JDI-Light Performance"},{"name":"suite","value":"Tests"},{"name":"subSuite","value":"org.mytests.tests.example.DataTableTests"},{"name":"host","value":"fv-az503-280"},{"name":"thread","value":"3550@fv-az503-280.TestNG-test=Tests-2(36)"},{"name":"framework","value":"testng"},{"name":"language","value":"java"},{"name":"resultFormat","value":"allure2"}],"parameters":[],"links":[],"hidden":false,"retry":false,"extra":{"severity":"normal","retries":[],"categories":[],"history":{"statistic":{"failed":0,"broken":0,"skipped":35,"passed":1,"unknown":0,"total":36},"items":[{"uid":"7205d6b1bb92200e","reportUrl":"https://jdi-templates.github.io/jdi-light-browserstack/8//#testresult/7205d6b1bb92200e","status":"skipped","statusDetails":"\nCan't get WebDriver: chrome","time":{"start":1668591851850,"stop":1668591851850,"duration":0}},{"uid":"7a95837781f13b0f","reportUrl":"https://jdi-templates.github.io/jdi-light-browserstack/8//#testresult/7a95837781f13b0f","status":"skipped","statusDetails":"\nCan't get WebDriver: chrome","time":{"start":1668591736914,"stop":1668591736914,"duration":0}},{"uid":"a75c80b33b06c1c0","reportUrl":"https://jdi-templates.github.io/jdi-light-browserstack/8//#testresult/a75c80b33b06c1c0","status":"skipped","statusDetails":"\nCan't get WebDriver: chrome","time":{"start":1668591639996,"stop":1668591639997,"duration":1}},{"uid":"a1c2ce7b79f46de3","reportUrl":"https://jdi-templates.github.io/jdi-light-browserstack/7//#testresult/a1c2ce7b79f46de3","status":"skipped","statusDetails":"\nCan't get WebDriver: firefox","time":{"start":1668417319456,"stop":1668417319456,"duration":0}},{"uid":"7349ad2ef7fc9451","reportUrl":"https://jdi-templates.github.io/jdi-light-browserstack/7//#testresult/7349ad2ef7fc9451","status":"skipped","statusDetails":"\nCan't get WebDriver: firefox","time":{"start":1668417216388,"stop":1668417216389,"duration":1}},{"uid":"aa2275148db8127b","reportUrl":"https://jdi-templates.github.io/jdi-light-browserstack/7//#testresult/aa2275148db8127b","status":"skipped","statusDetails":"\nCan't get WebDriver: firefox","time":{"start":1668417116893,"stop":1668417116893,"duration":0}},{"uid":"6eca8728097bf5bb","reportUrl":"https://jdi-templates.github.io/jdi-light-browserstack/7//#testresult/6eca8728097bf5bb","status":"skipped","statusDetails":"\nCan't get WebDriver: firefox","time":{"start":1668417005575,"stop":1668417005575,"duration":0}},{"uid":"ae63160798fbaf37","reportUrl":"https://jdi-templates.github.io/jdi-light-browserstack/7//#testresult/ae63160798fbaf37","status":"skipped","statusDetails":"\nCan't get WebDriver: firefox","time":{"start":1668416878469,"stop":1668416878469,"duration":0}},{"uid":"63e5e2928c1c7e5a","reportUrl":"https://jdi-templates.github.io/jdi-light-browserstack/7//#testresult/63e5e2928c1c7e5a","status":"skipped","statusDetails":"\nCan't get WebDriver: firefox","time":{"start":1668416760723,"stop":1668416760724,"duration":1}},{"uid":"3afb4bdf44b27de8","reportUrl":"https://jdi-templates.github.io/jdi-light-browserstack/7//#testresult/3afb4bdf44b27de8","status":"skipped","statusDetails":"\nCan't get WebDriver: firefox","time":{"start":1668416656749,"stop":1668416656749,"duration":0}},{"uid":"dbbd79996a7cd3fe","reportUrl":"https://jdi-templates.github.io/jdi-light-browserstack/6//#testresult/dbbd79996a7cd3fe","status":"skipped","statusDetails":"\nCan't get WebDriver: firefox","time":{"start":1667992195675,"stop":1667992195675,"duration":0}},{"uid":"be99e14cd085f4a5","reportUrl":"https://jdi-templates.github.io/jdi-light-browserstack/6//#testresult/be99e14cd085f4a5","status":"skipped","statusDetails":"\nCan't get WebDriver: firefox","time":{"start":1667992079383,"stop":1667992079383,"duration":0}},{"uid":"a1c1339cad4cbeb7","reportUrl":"https://jdi-templates.github.io/jdi-light-browserstack/6//#testresult/a1c1339cad4cbeb7","status":"skipped","statusDetails":"\nCan't get WebDriver: firefox","time":{"start":1667991973684,"stop":1667991973684,"duration":0}},{"uid":"4739210e4534a694","reportUrl":"https://jdi-templates.github.io/jdi-light-browserstack/6//#testresult/4739210e4534a694","status":"skipped","statusDetails":"\nCan't get WebDriver: firefox","time":{"start":1667991873249,"stop":1667991873249,"duration":0}},{"uid":"1f9f57a5b331670d","reportUrl":"https://jdi-templates.github.io/jdi-light-browserstack/6//#testresult/1f9f57a5b331670d","status":"skipped","statusDetails":"\nCan't get WebDriver: firefox","time":{"start":1667991759168,"stop":1667991759168,"duration":0}},{"uid":"511366626bc55d8","reportUrl":"https://jdi-templates.github.io/jdi-light-browserstack/6//#testresult/511366626bc55d8","status":"skipped","statusDetails":"\nCan't get WebDriver: firefox","time":{"start":1667991671589,"stop":1667991671590,"duration":1}},{"uid":"21fa1e457ff4043","reportUrl":"https://jdi-templates.github.io/jdi-light-browserstack/6//#testresult/21fa1e457ff4043","status":"skipped","statusDetails":"\nCan't get WebDriver: firefox","time":{"start":1667991569017,"stop":1667991569017,"duration":0}},{"uid":"36318c2f81c5c761","reportUrl":"https://jdi-templates.github.io/jdi-light-browserstack/6//#testresult/36318c2f81c5c761","status":"skipped","statusDetails":"\nCan't get WebDriver: firefox","time":{"start":1667991465284,"stop":1667991465284,"duration":0}},{"uid":"2e031be7e446e1e2","reportUrl":"https://jdi-templates.github.io/jdi-light-browserstack/5//#testresult/2e031be7e446e1e2","status":"skipped","statusDetails":"\nCan't get WebDriver: firefox","time":{"start":1667986026274,"stop":1667986026274,"duration":0}},{"uid":"c904642fa9ad1199","reportUrl":"https://jdi-templates.github.io/jdi-light-browserstack/5//#testresult/c904642fa9ad1199","status":"skipped","statusDetails":"\nCan't get WebDriver: firefox","time":{"start":1667985902025,"stop":1667985902025,"duration":0}}]},"tags":[]},"source":"e45500c31a10482.json","parameterValues":[]}