{"uid":"f106d5c00f69f999","name":"fillContactsTest","fullName":"org.mytests.tests.example.FormTests.fillContactsTest","historyId":"b450e324374f472a2503b22490a157de","time":{"start":1668591851783,"stop":1668591851783,"duration":0},"status":"skipped","statusMessage":"\nCan't get WebDriver: chrome","statusTrace":"java.lang.RuntimeException: \nCan't get WebDriver: chrome\n\tat com.epam.jdi.light.common.Exceptions.exception(Exceptions.java:35)\n\tat com.epam.jdi.light.driver.WebDriverFactory.getDriver(WebDriverFactory.java:216)\n\tat com.epam.jdi.light.elements.common.WindowsManager.setWindowName(WindowsManager.java:87)\n\tat com.epam.jdi.light.elements.common.WindowsManager.openSiteTab(WindowsManager.java:51)\n\tat com.epam.jdi.light.elements.composite.WebPage.openSite(WebPage.java:153)\n\tat org.mytests.tests.TestsInit.setUp(TestsInit.java:18)\n\tat java.base/jdk.internal.reflect.NativeMethodAccessorImpl.invoke0(Native Method)\n\tat java.base/jdk.internal.reflect.NativeMethodAccessorImpl.invoke(NativeMethodAccessorImpl.java:62)\n\tat java.base/jdk.internal.reflect.DelegatingMethodAccessorImpl.invoke(DelegatingMethodAccessorImpl.java:43)\n\tat java.base/java.lang.reflect.Method.invoke(Method.java:564)\n\tat org.testng.internal.MethodInvocationHelper.invokeMethod(MethodInvocationHelper.java:124)\n\tat org.testng.internal.MethodInvocationHelper.invokeMethodConsideringTimeout(MethodInvocationHelper.java:59)\n\tat org.testng.internal.Invoker.invokeConfigurationMethod(Invoker.java:458)\n\tat org.testng.internal.Invoker.invokeConfigurations(Invoker.java:222)\n\tat org.testng.internal.Invoker.invokeConfigurations(Invoker.java:142)\n\tat org.testng.SuiteRunner.privateRun(SuiteRunner.java:401)\n\tat org.testng.SuiteRunner.run(SuiteRunner.java:364)\n\tat org.testng.SuiteRunnerWorker.runSuite(SuiteRunnerWorker.java:52)\n\tat org.testng.SuiteRunnerWorker.run(SuiteRunnerWorker.java:84)\n\tat org.testng.TestNG.runSuitesSequentially(TestNG.java:1208)\n\tat org.testng.TestNG.runSuitesLocally(TestNG.java:1137)\n\tat org.testng.TestNG.runSuites(TestNG.java:1049)\n\tat org.testng.TestNG.run(TestNG.java:1017)\n\tat org.apache.maven.surefire.testng.TestNGExecutor.run(TestNGExecutor.java:283)\n\tat org.apache.maven.surefire.testng.TestNGXmlTestSuite.execute(TestNGXmlTestSuite.java:75)\n\tat org.apache.maven.surefire.testng.TestNGProvider.invoke(TestNGProvider.java:120)\n\tat org.apache.maven.surefire.booter.ForkedBooter.invokeProviderInSameClassLoader(ForkedBooter.java:384)\n\tat org.apache.maven.surefire.booter.ForkedBooter.runSuitesInProcess(ForkedBooter.java:345)\n\tat org.apache.maven.surefire.booter.ForkedBooter.execute(ForkedBooter.java:126)\n\tat org.apache.maven.surefire.booter.ForkedBooter.main(ForkedBooter.java:418)\nCaused by: java.lang.RuntimeException: \nCan't get WebDriver: chrome\n\tat com.epam.jdi.light.common.Exceptions.exception(Exceptions.java:35)\n\tat com.epam.jdi.light.driver.WebDriverFactory.getDriver(WebDriverFactory.java:224)\n\tat com.epam.jdi.light.driver.WebDriverFactory.getDriver(WebDriverFactory.java:214)\n\t... 28 more\nCaused by: java.lang.RuntimeException: java.lang.RuntimeException: \nFailed to run downloaded driver CHROME:X64:105.0.5195.52. Please check that your browser and driver are compatible or use local driver with 'drivers.folder' property in test.properties'.\nDriverPath: /home/runner/.cache/selenium/chromedriver/linux64/107.0.5304.62/chromedriver\n\tat com.jdiai.tools.func.JFunc1.execute(JFunc1.java:21)\n\tat com.epam.jdi.light.driver.WebDriverFactory.getDriver(WebDriverFactory.java:222)\n\t... 29 more\nCaused by: java.lang.RuntimeException: \nFailed to run downloaded driver CHROME:X64:105.0.5195.52. Please check that your browser and driver are compatible or use local driver with 'drivers.folder' property in test.properties'.\nDriverPath: /home/runner/.cache/selenium/chromedriver/linux64/107.0.5304.62/chromedriver\n\tat com.epam.jdi.light.common.Exceptions.exception(Exceptions.java:35)\n\tat com.epam.jdi.light.driver.WebDriverFactory.getDriverException(WebDriverFactory.java:143)\n\tat com.epam.jdi.light.driver.WebDriverFactory.getDriverByName(WebDriverFactory.java:127)\n\tat com.jdiai.tools.func.JFunc1.execute(JFunc1.java:19)\n\t... 30 more\nCaused by: java.lang.RuntimeException: \nCan't run and register new driver 'chrome'\n\tat com.epam.jdi.light.common.Exceptions.exception(Exceptions.java:35)\n\tat com.epam.jdi.light.driver.WebDriverFactory.registerNewDriver(WebDriverFactory.java:90)\n\tat com.epam.jdi.light.driver.WebDriverFactory.getDriverFromName(WebDriverFactory.java:158)\n\tat com.epam.jdi.light.driver.WebDriverFactory.getDriverByName(WebDriverFactory.java:125)\n\t... 31 more\nCaused by: java.lang.RuntimeException: \nFailed to get valid driver 'chrome'\n\tat com.epam.jdi.light.common.Exceptions.runtimeException(Exceptions.java:17)\n\tat com.epam.jdi.light.driver.WebDriverFactory.getValidDriver(WebDriverFactory.java:113)\n\tat com.epam.jdi.light.driver.WebDriverFactory.registerNewDriver(WebDriverFactory.java:85)\n\t... 33 more\n","flaky":false,"newFailed":false,"newBroken":false,"newPassed":false,"retriesCount":0,"retriesStatusChange":false,"beforeStages":[{"name":"setUp","time":{"start":1668591841919,"stop":1668591851545,"duration":9626},"description":"","status":"broken","statusMessage":"\nCan't get WebDriver: chrome","statusTrace":"java.lang.RuntimeException: \nCan't get WebDriver: chrome\n\tat com.epam.jdi.light.common.Exceptions.exception(Exceptions.java:35)\n\tat com.epam.jdi.light.driver.WebDriverFactory.getDriver(WebDriverFactory.java:216)\n\tat com.epam.jdi.light.elements.common.WindowsManager.setWindowName(WindowsManager.java:87)\n\tat com.epam.jdi.light.elements.common.WindowsManager.openSiteTab(WindowsManager.java:51)\n\tat com.epam.jdi.light.elements.composite.WebPage.openSite(WebPage.java:153)\n\tat org.mytests.tests.TestsInit.setUp(TestsInit.java:18)\n\tat java.base/jdk.internal.reflect.NativeMethodAccessorImpl.invoke0(Native Method)\n\tat java.base/jdk.internal.reflect.NativeMethodAccessorImpl.invoke(NativeMethodAccessorImpl.java:62)\n\tat java.base/jdk.internal.reflect.DelegatingMethodAccessorImpl.invoke(DelegatingMethodAccessorImpl.java:43)\n\tat java.base/java.lang.reflect.Method.invoke(Method.java:564)\n\tat org.testng.internal.MethodInvocationHelper.invokeMethod(MethodInvocationHelper.java:124)\n\tat org.testng.internal.MethodInvocationHelper.invokeMethodConsideringTimeout(MethodInvocationHelper.java:59)\n\tat org.testng.internal.Invoker.invokeConfigurationMethod(Invoker.java:458)\n\tat org.testng.internal.Invoker.invokeConfigurations(Invoker.java:222)\n\tat org.testng.internal.Invoker.invokeConfigurations(Invoker.java:142)\n\tat org.testng.SuiteRunner.privateRun(SuiteRunner.java:401)\n\tat org.testng.SuiteRunner.run(SuiteRunner.java:364)\n\tat org.testng.SuiteRunnerWorker.runSuite(SuiteRunnerWorker.java:52)\n\tat org.testng.SuiteRunnerWorker.run(SuiteRunnerWorker.java:84)\n\tat org.testng.TestNG.runSuitesSequentially(TestNG.java:1208)\n\tat org.testng.TestNG.runSuitesLocally(TestNG.java:1137)\n\tat org.testng.TestNG.runSuites(TestNG.java:1049)\n\tat org.testng.TestNG.run(TestNG.java:1017)\n\tat org.apache.maven.surefire.testng.TestNGExecutor.run(TestNGExecutor.java:283)\n\tat org.apache.maven.surefire.testng.TestNGXmlTestSuite.execute(TestNGXmlTestSuite.java:75)\n\tat org.apache.maven.surefire.testng.TestNGProvider.invoke(TestNGProvider.java:120)\n\tat org.apache.maven.surefire.booter.ForkedBooter.invokeProviderInSameClassLoader(ForkedBooter.java:384)\n\tat org.apache.maven.surefire.booter.ForkedBooter.runSuitesInProcess(ForkedBooter.java:345)\n\tat org.apache.maven.surefire.booter.ForkedBooter.execute(ForkedBooter.java:126)\n\tat org.apache.maven.surefire.booter.ForkedBooter.main(ForkedBooter.java:418)\nCaused by: java.lang.RuntimeException: \nCan't get WebDriver: chrome\n\tat com.epam.jdi.light.common.Exceptions.exception(Exceptions.java:35)\n\tat com.epam.jdi.light.driver.WebDriverFactory.getDriver(WebDriverFactory.java:224)\n\tat com.epam.jdi.light.driver.WebDriverFactory.getDriver(WebDriverFactory.java:214)\n\t... 28 more\nCaused by: java.lang.RuntimeException: java.lang.RuntimeException: \nFailed to run downloaded driver CHROME:X64:105.0.5195.52. Please check that your browser and driver are compatible or use local driver with 'drivers.folder' property in test.properties'.\nDriverPath: /home/runner/.cache/selenium/chromedriver/linux64/107.0.5304.62/chromedriver\n\tat com.jdiai.tools.func.JFunc1.execute(JFunc1.java:21)\n\tat com.epam.jdi.light.driver.WebDriverFactory.getDriver(WebDriverFactory.java:222)\n\t... 29 more\nCaused by: java.lang.RuntimeException: \nFailed to run downloaded driver CHROME:X64:105.0.5195.52. Please check that your browser and driver are compatible or use local driver with 'drivers.folder' property in test.properties'.\nDriverPath: /home/runner/.cache/selenium/chromedriver/linux64/107.0.5304.62/chromedriver\n\tat com.epam.jdi.light.common.Exceptions.exception(Exceptions.java:35)\n\tat com.epam.jdi.light.driver.WebDriverFactory.getDriverException(WebDriverFactory.java:143)\n\tat com.epam.jdi.light.driver.WebDriverFactory.getDriverByName(WebDriverFactory.java:127)\n\tat com.jdiai.tools.func.JFunc1.execute(JFunc1.java:19)\n\t... 30 more\nCaused by: java.lang.RuntimeException: \nCan't run and register new driver 'chrome'\n\tat com.epam.jdi.light.common.Exceptions.exception(Exceptions.java:35)\n\tat com.epam.jdi.light.driver.WebDriverFactory.registerNewDriver(WebDriverFactory.java:90)\n\tat com.epam.jdi.light.driver.WebDriverFactory.getDriverFromName(WebDriverFactory.java:158)\n\tat com.epam.jdi.light.driver.WebDriverFactory.getDriverByName(WebDriverFactory.java:125)\n\t... 31 more\nCaused by: java.lang.RuntimeException: \nFailed to get valid driver 'chrome'\n\tat com.epam.jdi.light.common.Exceptions.runtimeException(Exceptions.java:17)\n\tat com.epam.jdi.light.driver.WebDriverFactory.getValidDriver(WebDriverFactory.java:113)\n\tat com.epam.jdi.light.driver.WebDriverFactory.registerNewDriver(WebDriverFactory.java:85)\n\t... 33 more\n","steps":[],"attachments":[],"parameters":[],"stepsCount":0,"attachmentsCount":0,"shouldDisplayMessage":true,"hasContent":true}],"afterStages":[{"name":"tearDown","time":{"start":1668591851797,"stop":1668591851797,"duration":0},"description":"","status":"passed","steps":[],"attachments":[],"parameters":[],"stepsCount":0,"attachmentsCount":0,"shouldDisplayMessage":false,"hasContent":false}],"labels":[{"name":"package","value":"org.mytests.tests.example.FormTests"},{"name":"testClass","value":"org.mytests.tests.example.FormTests"},{"name":"testMethod","value":"fillContactsTest"},{"name":"parentSuite","value":"JDI-Light Performance"},{"name":"suite","value":"Tests"},{"name":"subSuite","value":"org.mytests.tests.example.FormTests"},{"name":"host","value":"fv-az295-367"},{"name":"thread","value":"3438@fv-az295-367.TestNG-test=Tests-3(38)"},{"name":"framework","value":"testng"},{"name":"language","value":"java"},{"name":"resultFormat","value":"allure2"}],"parameters":[],"links":[],"hidden":false,"retry":false,"extra":{"severity":"normal","retries":[],"categories":[],"history":{"statistic":{"failed":0,"broken":0,"skipped":34,"passed":1,"unknown":0,"total":35},"items":[{"uid":"13647dceed123f94","reportUrl":"https://jdi-templates.github.io/jdi-light-browserstack/8//#testresult/13647dceed123f94","status":"skipped","statusDetails":"\nCan't get WebDriver: chrome","time":{"start":1668591736839,"stop":1668591736839,"duration":0}},{"uid":"d4d4805b10164f6c","reportUrl":"https://jdi-templates.github.io/jdi-light-browserstack/8//#testresult/d4d4805b10164f6c","status":"skipped","statusDetails":"\nCan't get WebDriver: chrome","time":{"start":1668591639908,"stop":1668591639908,"duration":0}},{"uid":"a105e2f61c7adecc","reportUrl":"https://jdi-templates.github.io/jdi-light-browserstack/7//#testresult/a105e2f61c7adecc","status":"skipped","statusDetails":"\nCan't get WebDriver: firefox","time":{"start":1668417319400,"stop":1668417319400,"duration":0}},{"uid":"3f4ee7b0735ee87e","reportUrl":"https://jdi-templates.github.io/jdi-light-browserstack/7//#testresult/3f4ee7b0735ee87e","status":"skipped","statusDetails":"\nCan't get WebDriver: firefox","time":{"start":1668417216342,"stop":1668417216342,"duration":0}},{"uid":"fc82908daccef3d8","reportUrl":"https://jdi-templates.github.io/jdi-light-browserstack/7//#testresult/fc82908daccef3d8","status":"skipped","statusDetails":"\nCan't get WebDriver: firefox","time":{"start":1668417116851,"stop":1668417116851,"duration":0}},{"uid":"3da6853a05857dc7","reportUrl":"https://jdi-templates.github.io/jdi-light-browserstack/7//#testresult/3da6853a05857dc7","status":"skipped","statusDetails":"\nCan't get WebDriver: firefox","time":{"start":1668417005495,"stop":1668417005495,"duration":0}},{"uid":"b08b4355dfadae74","reportUrl":"https://jdi-templates.github.io/jdi-light-browserstack/7//#testresult/b08b4355dfadae74","status":"skipped","statusDetails":"\nCan't get WebDriver: firefox","time":{"start":1668416878390,"stop":1668416878391,"duration":1}},{"uid":"84f6d30e14e37bf","reportUrl":"https://jdi-templates.github.io/jdi-light-browserstack/7//#testresult/84f6d30e14e37bf","status":"skipped","statusDetails":"\nCan't get WebDriver: firefox","time":{"start":1668416760676,"stop":1668416760676,"duration":0}},{"uid":"a4e1de4cde9b5cdb","reportUrl":"https://jdi-templates.github.io/jdi-light-browserstack/7//#testresult/a4e1de4cde9b5cdb","status":"skipped","statusDetails":"\nCan't get WebDriver: firefox","time":{"start":1668416656644,"stop":1668416656644,"duration":0}},{"uid":"a2013ddefe401b3b","reportUrl":"https://jdi-templates.github.io/jdi-light-browserstack/6//#testresult/a2013ddefe401b3b","status":"skipped","statusDetails":"\nCan't get WebDriver: firefox","time":{"start":1667992195634,"stop":1667992195634,"duration":0}},{"uid":"15fbd997b2524db2","reportUrl":"https://jdi-templates.github.io/jdi-light-browserstack/6//#testresult/15fbd997b2524db2","status":"skipped","statusDetails":"\nCan't get WebDriver: firefox","time":{"start":1667992079334,"stop":1667992079335,"duration":1}},{"uid":"eba6a6b2565a0bb3","reportUrl":"https://jdi-templates.github.io/jdi-light-browserstack/6//#testresult/eba6a6b2565a0bb3","status":"skipped","statusDetails":"\nCan't get WebDriver: firefox","time":{"start":1667991973619,"stop":1667991973619,"duration":0}},{"uid":"8afd9e8f56db4ec1","reportUrl":"https://jdi-templates.github.io/jdi-light-browserstack/6//#testresult/8afd9e8f56db4ec1","status":"skipped","statusDetails":"\nCan't get WebDriver: firefox","time":{"start":1667991873179,"stop":1667991873179,"duration":0}},{"uid":"8125675c48384860","reportUrl":"https://jdi-templates.github.io/jdi-light-browserstack/6//#testresult/8125675c48384860","status":"skipped","statusDetails":"\nCan't get WebDriver: firefox","time":{"start":1667991759105,"stop":1667991759105,"duration":0}},{"uid":"360ed9f967d5935b","reportUrl":"https://jdi-templates.github.io/jdi-light-browserstack/6//#testresult/360ed9f967d5935b","status":"skipped","statusDetails":"\nCan't get WebDriver: firefox","time":{"start":1667991671557,"stop":1667991671557,"duration":0}},{"uid":"2b6a0e3d997b678","reportUrl":"https://jdi-templates.github.io/jdi-light-browserstack/6//#testresult/2b6a0e3d997b678","status":"skipped","statusDetails":"\nCan't get WebDriver: firefox","time":{"start":1667991568986,"stop":1667991568986,"duration":0}},{"uid":"bb04a0dbd34168e6","reportUrl":"https://jdi-templates.github.io/jdi-light-browserstack/6//#testresult/bb04a0dbd34168e6","status":"skipped","statusDetails":"\nCan't get WebDriver: firefox","time":{"start":1667991465193,"stop":1667991465194,"duration":1}},{"uid":"1d3a16b24195e863","reportUrl":"https://jdi-templates.github.io/jdi-light-browserstack/5//#testresult/1d3a16b24195e863","status":"skipped","statusDetails":"\nCan't get WebDriver: firefox","time":{"start":1667986026191,"stop":1667986026191,"duration":0}},{"uid":"33c4fd5e85448649","reportUrl":"https://jdi-templates.github.io/jdi-light-browserstack/5//#testresult/33c4fd5e85448649","status":"skipped","statusDetails":"\nCan't get WebDriver: firefox","time":{"start":1667985901938,"stop":1667985901938,"duration":0}},{"uid":"eeb1d9c4853b9632","reportUrl":"https://jdi-templates.github.io/jdi-light-browserstack/5//#testresult/eeb1d9c4853b9632","status":"skipped","statusDetails":"\nCan't get WebDriver: firefox","time":{"start":1667985782786,"stop":1667985782786,"duration":0}}]},"tags":[]},"source":"f106d5c00f69f999.json","parameterValues":[]}