{"uid":"f6cb462274a64079","name":"exactMatcherTest","fullName":"org.mytests.tests.example.DataTableTests.exactMatcherTest","historyId":"cfd427881319d77d940491fc01afc045","time":{"start":1668591639984,"stop":1668591639984,"duration":0},"status":"skipped","statusMessage":"\nCan't get WebDriver: chrome","statusTrace":"java.lang.RuntimeException: \nCan't get WebDriver: chrome\n\tat com.epam.jdi.light.common.Exceptions.exception(Exceptions.java:35)\n\tat com.epam.jdi.light.driver.WebDriverFactory.getDriver(WebDriverFactory.java:216)\n\tat com.epam.jdi.light.elements.common.WindowsManager.setWindowName(WindowsManager.java:87)\n\tat com.epam.jdi.light.elements.common.WindowsManager.openSiteTab(WindowsManager.java:51)\n\tat com.epam.jdi.light.elements.composite.WebPage.openSite(WebPage.java:153)\n\tat org.mytests.tests.TestsInit.setUp(TestsInit.java:18)\n\tat sun.reflect.NativeMethodAccessorImpl.invoke0(Native Method)\n\tat sun.reflect.NativeMethodAccessorImpl.invoke(NativeMethodAccessorImpl.java:62)\n\tat sun.reflect.DelegatingMethodAccessorImpl.invoke(DelegatingMethodAccessorImpl.java:43)\n\tat java.lang.reflect.Method.invoke(Method.java:498)\n\tat org.testng.internal.MethodInvocationHelper.invokeMethod(MethodInvocationHelper.java:124)\n\tat org.testng.internal.MethodInvocationHelper.invokeMethodConsideringTimeout(MethodInvocationHelper.java:59)\n\tat org.testng.internal.Invoker.invokeConfigurationMethod(Invoker.java:458)\n\tat org.testng.internal.Invoker.invokeConfigurations(Invoker.java:222)\n\tat org.testng.internal.Invoker.invokeConfigurations(Invoker.java:142)\n\tat org.testng.SuiteRunner.privateRun(SuiteRunner.java:401)\n\tat org.testng.SuiteRunner.run(SuiteRunner.java:364)\n\tat org.testng.SuiteRunnerWorker.runSuite(SuiteRunnerWorker.java:52)\n\tat org.testng.SuiteRunnerWorker.run(SuiteRunnerWorker.java:84)\n\tat org.testng.TestNG.runSuitesSequentially(TestNG.java:1208)\n\tat org.testng.TestNG.runSuitesLocally(TestNG.java:1137)\n\tat org.testng.TestNG.runSuites(TestNG.java:1049)\n\tat org.testng.TestNG.run(TestNG.java:1017)\n\tat org.apache.maven.surefire.testng.TestNGExecutor.run(TestNGExecutor.java:283)\n\tat org.apache.maven.surefire.testng.TestNGXmlTestSuite.execute(TestNGXmlTestSuite.java:75)\n\tat org.apache.maven.surefire.testng.TestNGProvider.invoke(TestNGProvider.java:120)\n\tat org.apache.maven.surefire.booter.ForkedBooter.invokeProviderInSameClassLoader(ForkedBooter.java:384)\n\tat org.apache.maven.surefire.booter.ForkedBooter.runSuitesInProcess(ForkedBooter.java:345)\n\tat org.apache.maven.surefire.booter.ForkedBooter.execute(ForkedBooter.java:126)\n\tat org.apache.maven.surefire.booter.ForkedBooter.main(ForkedBooter.java:418)\nCaused by: java.lang.RuntimeException: \nCan't get WebDriver: chrome\n\tat com.epam.jdi.light.common.Exceptions.exception(Exceptions.java:35)\n\tat com.epam.jdi.light.driver.WebDriverFactory.getDriver(WebDriverFactory.java:224)\n\tat com.epam.jdi.light.driver.WebDriverFactory.getDriver(WebDriverFactory.java:214)\n\t... 28 more\nCaused by: java.lang.RuntimeException: java.lang.RuntimeException: \nFailed to run downloaded driver CHROME:X64:105.0.5195.52. Please check that your browser and driver are compatible or use local driver with 'drivers.folder' property in test.properties'.\nDriverPath: /home/runner/.cache/selenium/chromedriver/linux64/107.0.5304.62/chromedriver\n\tat com.jdiai.tools.func.JFunc1.execute(JFunc1.java:21)\n\tat com.epam.jdi.light.driver.WebDriverFactory.getDriver(WebDriverFactory.java:222)\n\t... 29 more\nCaused by: java.lang.RuntimeException: \nFailed to run downloaded driver CHROME:X64:105.0.5195.52. Please check that your browser and driver are compatible or use local driver with 'drivers.folder' property in test.properties'.\nDriverPath: /home/runner/.cache/selenium/chromedriver/linux64/107.0.5304.62/chromedriver\n\tat com.epam.jdi.light.common.Exceptions.exception(Exceptions.java:35)\n\tat com.epam.jdi.light.driver.WebDriverFactory.getDriverException(WebDriverFactory.java:143)\n\tat com.epam.jdi.light.driver.WebDriverFactory.getDriverByName(WebDriverFactory.java:127)\n\tat com.jdiai.tools.func.JFunc1.execute(JFunc1.java:19)\n\t... 30 more\nCaused by: java.lang.RuntimeException: \nCan't run and register new driver 'chrome'\n\tat com.epam.jdi.light.common.Exceptions.exception(Exceptions.java:35)\n\tat com.epam.jdi.light.driver.WebDriverFactory.registerNewDriver(WebDriverFactory.java:90)\n\tat com.epam.jdi.light.driver.WebDriverFactory.getDriverFromName(WebDriverFactory.java:158)\n\tat com.epam.jdi.light.driver.WebDriverFactory.getDriverByName(WebDriverFactory.java:125)\n\t... 31 more\nCaused by: java.lang.RuntimeException: \nFailed to get valid driver 'chrome'\n\tat com.epam.jdi.light.common.Exceptions.runtimeException(Exceptions.java:17)\n\tat com.epam.jdi.light.driver.WebDriverFactory.getValidDriver(WebDriverFactory.java:113)\n\tat com.epam.jdi.light.driver.WebDriverFactory.registerNewDriver(WebDriverFactory.java:85)\n\t... 33 more\n","flaky":false,"newFailed":false,"newBroken":false,"newPassed":false,"retriesCount":0,"retriesStatusChange":false,"beforeStages":[{"name":"setUp","time":{"start":1668591629813,"stop":1668591639718,"duration":9905},"description":"","status":"broken","statusMessage":"\nCan't get WebDriver: chrome","statusTrace":"java.lang.RuntimeException: \nCan't get WebDriver: chrome\n\tat com.epam.jdi.light.common.Exceptions.exception(Exceptions.java:35)\n\tat com.epam.jdi.light.driver.WebDriverFactory.getDriver(WebDriverFactory.java:216)\n\tat com.epam.jdi.light.elements.common.WindowsManager.setWindowName(WindowsManager.java:87)\n\tat com.epam.jdi.light.elements.common.WindowsManager.openSiteTab(WindowsManager.java:51)\n\tat com.epam.jdi.light.elements.composite.WebPage.openSite(WebPage.java:153)\n\tat org.mytests.tests.TestsInit.setUp(TestsInit.java:18)\n\tat sun.reflect.NativeMethodAccessorImpl.invoke0(Native Method)\n\tat sun.reflect.NativeMethodAccessorImpl.invoke(NativeMethodAccessorImpl.java:62)\n\tat sun.reflect.DelegatingMethodAccessorImpl.invoke(DelegatingMethodAccessorImpl.java:43)\n\tat java.lang.reflect.Method.invoke(Method.java:498)\n\tat org.testng.internal.MethodInvocationHelper.invokeMethod(MethodInvocationHelper.java:124)\n\tat org.testng.internal.MethodInvocationHelper.invokeMethodConsideringTimeout(MethodInvocationHelper.java:59)\n\tat org.testng.internal.Invoker.invokeConfigurationMethod(Invoker.java:458)\n\tat org.testng.internal.Invoker.invokeConfigurations(Invoker.java:222)\n\tat org.testng.internal.Invoker.invokeConfigurations(Invoker.java:142)\n\tat org.testng.SuiteRunner.privateRun(SuiteRunner.java:401)\n\tat org.testng.SuiteRunner.run(SuiteRunner.java:364)\n\tat org.testng.SuiteRunnerWorker.runSuite(SuiteRunnerWorker.java:52)\n\tat org.testng.SuiteRunnerWorker.run(SuiteRunnerWorker.java:84)\n\tat org.testng.TestNG.runSuitesSequentially(TestNG.java:1208)\n\tat org.testng.TestNG.runSuitesLocally(TestNG.java:1137)\n\tat org.testng.TestNG.runSuites(TestNG.java:1049)\n\tat org.testng.TestNG.run(TestNG.java:1017)\n\tat org.apache.maven.surefire.testng.TestNGExecutor.run(TestNGExecutor.java:283)\n\tat org.apache.maven.surefire.testng.TestNGXmlTestSuite.execute(TestNGXmlTestSuite.java:75)\n\tat org.apache.maven.surefire.testng.TestNGProvider.invoke(TestNGProvider.java:120)\n\tat org.apache.maven.surefire.booter.ForkedBooter.invokeProviderInSameClassLoader(ForkedBooter.java:384)\n\tat org.apache.maven.surefire.booter.ForkedBooter.runSuitesInProcess(ForkedBooter.java:345)\n\tat org.apache.maven.surefire.booter.ForkedBooter.execute(ForkedBooter.java:126)\n\tat org.apache.maven.surefire.booter.ForkedBooter.main(ForkedBooter.java:418)\nCaused by: java.lang.RuntimeException: \nCan't get WebDriver: chrome\n\tat com.epam.jdi.light.common.Exceptions.exception(Exceptions.java:35)\n\tat com.epam.jdi.light.driver.WebDriverFactory.getDriver(WebDriverFactory.java:224)\n\tat com.epam.jdi.light.driver.WebDriverFactory.getDriver(WebDriverFactory.java:214)\n\t... 28 more\nCaused by: java.lang.RuntimeException: java.lang.RuntimeException: \nFailed to run downloaded driver CHROME:X64:105.0.5195.52. Please check that your browser and driver are compatible or use local driver with 'drivers.folder' property in test.properties'.\nDriverPath: /home/runner/.cache/selenium/chromedriver/linux64/107.0.5304.62/chromedriver\n\tat com.jdiai.tools.func.JFunc1.execute(JFunc1.java:21)\n\tat com.epam.jdi.light.driver.WebDriverFactory.getDriver(WebDriverFactory.java:222)\n\t... 29 more\nCaused by: java.lang.RuntimeException: \nFailed to run downloaded driver CHROME:X64:105.0.5195.52. Please check that your browser and driver are compatible or use local driver with 'drivers.folder' property in test.properties'.\nDriverPath: /home/runner/.cache/selenium/chromedriver/linux64/107.0.5304.62/chromedriver\n\tat com.epam.jdi.light.common.Exceptions.exception(Exceptions.java:35)\n\tat com.epam.jdi.light.driver.WebDriverFactory.getDriverException(WebDriverFactory.java:143)\n\tat com.epam.jdi.light.driver.WebDriverFactory.getDriverByName(WebDriverFactory.java:127)\n\tat com.jdiai.tools.func.JFunc1.execute(JFunc1.java:19)\n\t... 30 more\nCaused by: java.lang.RuntimeException: \nCan't run and register new driver 'chrome'\n\tat com.epam.jdi.light.common.Exceptions.exception(Exceptions.java:35)\n\tat com.epam.jdi.light.driver.WebDriverFactory.registerNewDriver(WebDriverFactory.java:90)\n\tat com.epam.jdi.light.driver.WebDriverFactory.getDriverFromName(WebDriverFactory.java:158)\n\tat com.epam.jdi.light.driver.WebDriverFactory.getDriverByName(WebDriverFactory.java:125)\n\t... 31 more\nCaused by: java.lang.RuntimeException: \nFailed to get valid driver 'chrome'\n\tat com.epam.jdi.light.common.Exceptions.runtimeException(Exceptions.java:17)\n\tat com.epam.jdi.light.driver.WebDriverFactory.getValidDriver(WebDriverFactory.java:113)\n\tat com.epam.jdi.light.driver.WebDriverFactory.registerNewDriver(WebDriverFactory.java:85)\n\t... 33 more\n","steps":[],"attachments":[],"parameters":[],"stepsCount":0,"attachmentsCount":0,"shouldDisplayMessage":true,"hasContent":true}],"afterStages":[{"name":"tearDown","time":{"start":1668591640045,"stop":1668591640046,"duration":1},"description":"","status":"passed","steps":[],"attachments":[],"parameters":[],"stepsCount":0,"attachmentsCount":0,"shouldDisplayMessage":false,"hasContent":false}],"labels":[{"name":"package","value":"org.mytests.tests.example.DataTableTests"},{"name":"testClass","value":"org.mytests.tests.example.DataTableTests"},{"name":"testMethod","value":"exactMatcherTest"},{"name":"parentSuite","value":"JDI-Light Performance"},{"name":"suite","value":"Tests"},{"name":"subSuite","value":"org.mytests.tests.example.DataTableTests"},{"name":"host","value":"fv-az615-858"},{"name":"thread","value":"3838@fv-az615-858.TestNG-test=Tests-2(35)"},{"name":"framework","value":"testng"},{"name":"language","value":"java"},{"name":"resultFormat","value":"allure2"}],"parameters":[],"links":[],"hidden":false,"retry":false,"extra":{"severity":"normal","retries":[],"categories":[],"history":{"statistic":{"failed":0,"broken":0,"skipped":32,"passed":1,"unknown":0,"total":33},"items":[{"uid":"8ba2b6cf277236e1","reportUrl":"https://jdi-templates.github.io/jdi-light-browserstack/7//#testresult/8ba2b6cf277236e1","status":"skipped","statusDetails":"\nCan't get WebDriver: firefox","time":{"start":1668417319444,"stop":1668417319445,"duration":1}},{"uid":"c9c62e7c54414803","reportUrl":"https://jdi-templates.github.io/jdi-light-browserstack/7//#testresult/c9c62e7c54414803","status":"skipped","statusDetails":"\nCan't get WebDriver: firefox","time":{"start":1668417216375,"stop":1668417216376,"duration":1}},{"uid":"baec87b5d8324799","reportUrl":"https://jdi-templates.github.io/jdi-light-browserstack/7//#testresult/baec87b5d8324799","status":"skipped","statusDetails":"\nCan't get WebDriver: firefox","time":{"start":1668417116885,"stop":1668417116885,"duration":0}},{"uid":"fcc79518edfc6938","reportUrl":"https://jdi-templates.github.io/jdi-light-browserstack/7//#testresult/fcc79518edfc6938","status":"skipped","statusDetails":"\nCan't get WebDriver: firefox","time":{"start":1668417005560,"stop":1668417005560,"duration":0}},{"uid":"d3dee4717ef0c819","reportUrl":"https://jdi-templates.github.io/jdi-light-browserstack/7//#testresult/d3dee4717ef0c819","status":"skipped","statusDetails":"\nCan't get WebDriver: firefox","time":{"start":1668416878459,"stop":1668416878459,"duration":0}},{"uid":"7221e51b85fac032","reportUrl":"https://jdi-templates.github.io/jdi-light-browserstack/7//#testresult/7221e51b85fac032","status":"skipped","statusDetails":"\nCan't get WebDriver: firefox","time":{"start":1668416760716,"stop":1668416760716,"duration":0}},{"uid":"4e40843f7e63c308","reportUrl":"https://jdi-templates.github.io/jdi-light-browserstack/7//#testresult/4e40843f7e63c308","status":"skipped","statusDetails":"\nCan't get WebDriver: firefox","time":{"start":1668416656740,"stop":1668416656740,"duration":0}},{"uid":"58d947a5c488d9f9","reportUrl":"https://jdi-templates.github.io/jdi-light-browserstack/6//#testresult/58d947a5c488d9f9","status":"skipped","statusDetails":"\nCan't get WebDriver: firefox","time":{"start":1667992195662,"stop":1667992195662,"duration":0}},{"uid":"a23d50caf8a5130","reportUrl":"https://jdi-templates.github.io/jdi-light-browserstack/6//#testresult/a23d50caf8a5130","status":"skipped","statusDetails":"\nCan't get WebDriver: firefox","time":{"start":1667992079371,"stop":1667992079371,"duration":0}},{"uid":"f27d75ded81e2c95","reportUrl":"https://jdi-templates.github.io/jdi-light-browserstack/6//#testresult/f27d75ded81e2c95","status":"skipped","statusDetails":"\nCan't get WebDriver: firefox","time":{"start":1667991973665,"stop":1667991973665,"duration":0}},{"uid":"18d974f6d3af92d8","reportUrl":"https://jdi-templates.github.io/jdi-light-browserstack/6//#testresult/18d974f6d3af92d8","status":"skipped","statusDetails":"\nCan't get WebDriver: firefox","time":{"start":1667991873241,"stop":1667991873241,"duration":0}},{"uid":"6fb5e4c2b616fcb1","reportUrl":"https://jdi-templates.github.io/jdi-light-browserstack/6//#testresult/6fb5e4c2b616fcb1","status":"skipped","statusDetails":"\nCan't get WebDriver: firefox","time":{"start":1667991759161,"stop":1667991759161,"duration":0}},{"uid":"393582f04a37388a","reportUrl":"https://jdi-templates.github.io/jdi-light-browserstack/6//#testresult/393582f04a37388a","status":"skipped","statusDetails":"\nCan't get WebDriver: firefox","time":{"start":1667991671585,"stop":1667991671586,"duration":1}},{"uid":"26a780699e3f22ef","reportUrl":"https://jdi-templates.github.io/jdi-light-browserstack/6//#testresult/26a780699e3f22ef","status":"skipped","statusDetails":"\nCan't get WebDriver: firefox","time":{"start":1667991569012,"stop":1667991569012,"duration":0}},{"uid":"854da8d21321cef","reportUrl":"https://jdi-templates.github.io/jdi-light-browserstack/6//#testresult/854da8d21321cef","status":"skipped","statusDetails":"\nCan't get WebDriver: firefox","time":{"start":1667991465276,"stop":1667991465276,"duration":0}},{"uid":"fbfd5246462436c3","reportUrl":"https://jdi-templates.github.io/jdi-light-browserstack/5//#testresult/fbfd5246462436c3","status":"skipped","statusDetails":"\nCan't get WebDriver: firefox","time":{"start":1667986026259,"stop":1667986026259,"duration":0}},{"uid":"842b47b9361fd6e8","reportUrl":"https://jdi-templates.github.io/jdi-light-browserstack/5//#testresult/842b47b9361fd6e8","status":"skipped","statusDetails":"\nCan't get WebDriver: firefox","time":{"start":1667985902020,"stop":1667985902020,"duration":0}},{"uid":"4ac5253defe38a29","reportUrl":"https://jdi-templates.github.io/jdi-light-browserstack/5//#testresult/4ac5253defe38a29","status":"skipped","statusDetails":"\nCan't get WebDriver: firefox","time":{"start":1667985782836,"stop":1667985782836,"duration":0}},{"uid":"567d520fbb4f03f7","reportUrl":"https://jdi-templates.github.io/jdi-light-browserstack/5//#testresult/567d520fbb4f03f7","status":"skipped","statusDetails":"\nCan't get WebDriver: firefox","time":{"start":1667985662879,"stop":1667985662879,"duration":0}},{"uid":"428fc295ce15bd40","reportUrl":"https://jdi-templates.github.io/jdi-light-browserstack/5//#testresult/428fc295ce15bd40","status":"skipped","statusDetails":"\nCan't get WebDriver: firefox","time":{"start":1667985532531,"stop":1667985532532,"duration":1}}]},"tags":[]},"source":"f6cb462274a64079.json","parameterValues":[]}