{"uid":"fa6ebe0c83f37cb9","name":"lineByIndexTest","fullName":"org.mytests.tests.example.DataTableInteractTests.lineByIndexTest","historyId":"23ae6868c83d41ad1f6c64b08f044053","time":{"start":1668592191236,"stop":1668592191238,"duration":2},"status":"skipped","statusMessage":"\nCan't get WebDriver: chrome","statusTrace":"java.lang.RuntimeException: \nCan't get WebDriver: chrome\n\tat com.epam.jdi.light.common.Exceptions.exception(Exceptions.java:35)\n\tat com.epam.jdi.light.driver.WebDriverFactory.getDriver(WebDriverFactory.java:216)\n\tat com.epam.jdi.light.elements.common.WindowsManager.setWindowName(WindowsManager.java:87)\n\tat com.epam.jdi.light.elements.common.WindowsManager.openSiteTab(WindowsManager.java:51)\n\tat com.epam.jdi.light.elements.composite.WebPage.openSite(WebPage.java:153)\n\tat org.mytests.tests.TestsInit.setUp(TestsInit.java:18)\n\tat java.base/jdk.internal.reflect.NativeMethodAccessorImpl.invoke0(Native Method)\n\tat java.base/jdk.internal.reflect.NativeMethodAccessorImpl.invoke(NativeMethodAccessorImpl.java:62)\n\tat java.base/jdk.internal.reflect.DelegatingMethodAccessorImpl.invoke(DelegatingMethodAccessorImpl.java:43)\n\tat java.base/java.lang.reflect.Method.invoke(Method.java:567)\n\tat org.testng.internal.MethodInvocationHelper.invokeMethod(MethodInvocationHelper.java:124)\n\tat org.testng.internal.MethodInvocationHelper.invokeMethodConsideringTimeout(MethodInvocationHelper.java:59)\n\tat org.testng.internal.Invoker.invokeConfigurationMethod(Invoker.java:458)\n\tat org.testng.internal.Invoker.invokeConfigurations(Invoker.java:222)\n\tat org.testng.internal.Invoker.invokeConfigurations(Invoker.java:142)\n\tat org.testng.SuiteRunner.privateRun(SuiteRunner.java:401)\n\tat org.testng.SuiteRunner.run(SuiteRunner.java:364)\n\tat org.testng.SuiteRunnerWorker.runSuite(SuiteRunnerWorker.java:52)\n\tat org.testng.SuiteRunnerWorker.run(SuiteRunnerWorker.java:84)\n\tat org.testng.TestNG.runSuitesSequentially(TestNG.java:1208)\n\tat org.testng.TestNG.runSuitesLocally(TestNG.java:1137)\n\tat org.testng.TestNG.runSuites(TestNG.java:1049)\n\tat org.testng.TestNG.run(TestNG.java:1017)\n\tat org.apache.maven.surefire.testng.TestNGExecutor.run(TestNGExecutor.java:283)\n\tat org.apache.maven.surefire.testng.TestNGXmlTestSuite.execute(TestNGXmlTestSuite.java:75)\n\tat org.apache.maven.surefire.testng.TestNGProvider.invoke(TestNGProvider.java:120)\n\tat org.apache.maven.surefire.booter.ForkedBooter.invokeProviderInSameClassLoader(ForkedBooter.java:384)\n\tat org.apache.maven.surefire.booter.ForkedBooter.runSuitesInProcess(ForkedBooter.java:345)\n\tat org.apache.maven.surefire.booter.ForkedBooter.execute(ForkedBooter.java:126)\n\tat org.apache.maven.surefire.booter.ForkedBooter.main(ForkedBooter.java:418)\nCaused by: java.lang.RuntimeException: \nCan't get WebDriver: chrome\n\tat com.epam.jdi.light.common.Exceptions.exception(Exceptions.java:35)\n\tat com.epam.jdi.light.driver.WebDriverFactory.getDriver(WebDriverFactory.java:224)\n\tat com.epam.jdi.light.driver.WebDriverFactory.getDriver(WebDriverFactory.java:214)\n\t... 28 more\nCaused by: java.lang.RuntimeException: java.lang.RuntimeException: \nFailed to run downloaded driver CHROME:X64:105.0.5195.52. Please check that your browser and driver are compatible or use local driver with 'drivers.folder' property in test.properties'.\nDriverPath: /home/runner/.cache/selenium/chromedriver/linux64/107.0.5304.62/chromedriver\n\tat com.jdiai.tools.func.JFunc1.execute(JFunc1.java:21)\n\tat com.epam.jdi.light.driver.WebDriverFactory.getDriver(WebDriverFactory.java:222)\n\t... 29 more\nCaused by: java.lang.RuntimeException: \nFailed to run downloaded driver CHROME:X64:105.0.5195.52. Please check that your browser and driver are compatible or use local driver with 'drivers.folder' property in test.properties'.\nDriverPath: /home/runner/.cache/selenium/chromedriver/linux64/107.0.5304.62/chromedriver\n\tat com.epam.jdi.light.common.Exceptions.exception(Exceptions.java:35)\n\tat com.epam.jdi.light.driver.WebDriverFactory.getDriverException(WebDriverFactory.java:143)\n\tat com.epam.jdi.light.driver.WebDriverFactory.getDriverByName(WebDriverFactory.java:127)\n\tat com.jdiai.tools.func.JFunc1.execute(JFunc1.java:19)\n\t... 30 more\nCaused by: java.lang.RuntimeException: \nCan't run and register new driver 'chrome'\n\tat com.epam.jdi.light.common.Exceptions.exception(Exceptions.java:35)\n\tat com.epam.jdi.light.driver.WebDriverFactory.registerNewDriver(WebDriverFactory.java:90)\n\tat com.epam.jdi.light.driver.WebDriverFactory.getDriverFromName(WebDriverFactory.java:158)\n\tat com.epam.jdi.light.driver.WebDriverFactory.getDriverByName(WebDriverFactory.java:125)\n\t... 31 more\nCaused by: java.lang.RuntimeException: \nFailed to get valid driver 'chrome'\n\tat com.epam.jdi.light.common.Exceptions.runtimeException(Exceptions.java:17)\n\tat com.epam.jdi.light.driver.WebDriverFactory.getValidDriver(WebDriverFactory.java:113)\n\tat com.epam.jdi.light.driver.WebDriverFactory.registerNewDriver(WebDriverFactory.java:85)\n\t... 33 more\n","flaky":false,"newFailed":false,"newBroken":false,"newPassed":false,"retriesCount":0,"retriesStatusChange":false,"beforeStages":[{"name":"setUp","time":{"start":1668592179506,"stop":1668592190992,"duration":11486},"description":"","status":"broken","statusMessage":"\nCan't get WebDriver: chrome","statusTrace":"java.lang.RuntimeException: \nCan't get WebDriver: chrome\n\tat com.epam.jdi.light.common.Exceptions.exception(Exceptions.java:35)\n\tat com.epam.jdi.light.driver.WebDriverFactory.getDriver(WebDriverFactory.java:216)\n\tat com.epam.jdi.light.elements.common.WindowsManager.setWindowName(WindowsManager.java:87)\n\tat com.epam.jdi.light.elements.common.WindowsManager.openSiteTab(WindowsManager.java:51)\n\tat com.epam.jdi.light.elements.composite.WebPage.openSite(WebPage.java:153)\n\tat org.mytests.tests.TestsInit.setUp(TestsInit.java:18)\n\tat java.base/jdk.internal.reflect.NativeMethodAccessorImpl.invoke0(Native Method)\n\tat java.base/jdk.internal.reflect.NativeMethodAccessorImpl.invoke(NativeMethodAccessorImpl.java:62)\n\tat java.base/jdk.internal.reflect.DelegatingMethodAccessorImpl.invoke(DelegatingMethodAccessorImpl.java:43)\n\tat java.base/java.lang.reflect.Method.invoke(Method.java:567)\n\tat org.testng.internal.MethodInvocationHelper.invokeMethod(MethodInvocationHelper.java:124)\n\tat org.testng.internal.MethodInvocationHelper.invokeMethodConsideringTimeout(MethodInvocationHelper.java:59)\n\tat org.testng.internal.Invoker.invokeConfigurationMethod(Invoker.java:458)\n\tat org.testng.internal.Invoker.invokeConfigurations(Invoker.java:222)\n\tat org.testng.internal.Invoker.invokeConfigurations(Invoker.java:142)\n\tat org.testng.SuiteRunner.privateRun(SuiteRunner.java:401)\n\tat org.testng.SuiteRunner.run(SuiteRunner.java:364)\n\tat org.testng.SuiteRunnerWorker.runSuite(SuiteRunnerWorker.java:52)\n\tat org.testng.SuiteRunnerWorker.run(SuiteRunnerWorker.java:84)\n\tat org.testng.TestNG.runSuitesSequentially(TestNG.java:1208)\n\tat org.testng.TestNG.runSuitesLocally(TestNG.java:1137)\n\tat org.testng.TestNG.runSuites(TestNG.java:1049)\n\tat org.testng.TestNG.run(TestNG.java:1017)\n\tat org.apache.maven.surefire.testng.TestNGExecutor.run(TestNGExecutor.java:283)\n\tat org.apache.maven.surefire.testng.TestNGXmlTestSuite.execute(TestNGXmlTestSuite.java:75)\n\tat org.apache.maven.surefire.testng.TestNGProvider.invoke(TestNGProvider.java:120)\n\tat org.apache.maven.surefire.booter.ForkedBooter.invokeProviderInSameClassLoader(ForkedBooter.java:384)\n\tat org.apache.maven.surefire.booter.ForkedBooter.runSuitesInProcess(ForkedBooter.java:345)\n\tat org.apache.maven.surefire.booter.ForkedBooter.execute(ForkedBooter.java:126)\n\tat org.apache.maven.surefire.booter.ForkedBooter.main(ForkedBooter.java:418)\nCaused by: java.lang.RuntimeException: \nCan't get WebDriver: chrome\n\tat com.epam.jdi.light.common.Exceptions.exception(Exceptions.java:35)\n\tat com.epam.jdi.light.driver.WebDriverFactory.getDriver(WebDriverFactory.java:224)\n\tat com.epam.jdi.light.driver.WebDriverFactory.getDriver(WebDriverFactory.java:214)\n\t... 28 more\nCaused by: java.lang.RuntimeException: java.lang.RuntimeException: \nFailed to run downloaded driver CHROME:X64:105.0.5195.52. Please check that your browser and driver are compatible or use local driver with 'drivers.folder' property in test.properties'.\nDriverPath: /home/runner/.cache/selenium/chromedriver/linux64/107.0.5304.62/chromedriver\n\tat com.jdiai.tools.func.JFunc1.execute(JFunc1.java:21)\n\tat com.epam.jdi.light.driver.WebDriverFactory.getDriver(WebDriverFactory.java:222)\n\t... 29 more\nCaused by: java.lang.RuntimeException: \nFailed to run downloaded driver CHROME:X64:105.0.5195.52. Please check that your browser and driver are compatible or use local driver with 'drivers.folder' property in test.properties'.\nDriverPath: /home/runner/.cache/selenium/chromedriver/linux64/107.0.5304.62/chromedriver\n\tat com.epam.jdi.light.common.Exceptions.exception(Exceptions.java:35)\n\tat com.epam.jdi.light.driver.WebDriverFactory.getDriverException(WebDriverFactory.java:143)\n\tat com.epam.jdi.light.driver.WebDriverFactory.getDriverByName(WebDriverFactory.java:127)\n\tat com.jdiai.tools.func.JFunc1.execute(JFunc1.java:19)\n\t... 30 more\nCaused by: java.lang.RuntimeException: \nCan't run and register new driver 'chrome'\n\tat com.epam.jdi.light.common.Exceptions.exception(Exceptions.java:35)\n\tat com.epam.jdi.light.driver.WebDriverFactory.registerNewDriver(WebDriverFactory.java:90)\n\tat com.epam.jdi.light.driver.WebDriverFactory.getDriverFromName(WebDriverFactory.java:158)\n\tat com.epam.jdi.light.driver.WebDriverFactory.getDriverByName(WebDriverFactory.java:125)\n\t... 31 more\nCaused by: java.lang.RuntimeException: \nFailed to get valid driver 'chrome'\n\tat com.epam.jdi.light.common.Exceptions.runtimeException(Exceptions.java:17)\n\tat com.epam.jdi.light.driver.WebDriverFactory.getValidDriver(WebDriverFactory.java:113)\n\tat com.epam.jdi.light.driver.WebDriverFactory.registerNewDriver(WebDriverFactory.java:85)\n\t... 33 more\n","steps":[],"attachments":[],"parameters":[],"stepsCount":0,"attachmentsCount":0,"shouldDisplayMessage":true,"hasContent":true}],"afterStages":[{"name":"tearDown","time":{"start":1668592191281,"stop":1668592191281,"duration":0},"description":"","status":"passed","steps":[],"attachments":[],"parameters":[],"stepsCount":0,"attachmentsCount":0,"shouldDisplayMessage":false,"hasContent":false}],"labels":[{"name":"package","value":"org.mytests.tests.example.DataTableInteractTests"},{"name":"testClass","value":"org.mytests.tests.example.DataTableInteractTests"},{"name":"testMethod","value":"lineByIndexTest"},{"name":"parentSuite","value":"JDI-Light Performance"},{"name":"suite","value":"Tests"},{"name":"subSuite","value":"org.mytests.tests.example.DataTableInteractTests"},{"name":"host","value":"fv-az623-35"},{"name":"thread","value":"3420@fv-az623-35.TestNG-test=Tests-1(35)"},{"name":"framework","value":"testng"},{"name":"language","value":"java"},{"name":"resultFormat","value":"allure2"}],"parameters":[],"links":[],"hidden":false,"retry":false,"extra":{"severity":"normal","retries":[],"categories":[],"history":{"statistic":{"failed":0,"broken":1,"skipped":36,"passed":1,"unknown":0,"total":38},"items":[{"uid":"a093db2a2faa8e7e","reportUrl":"https://jdi-templates.github.io/jdi-light-browserstack/8//#testresult/a093db2a2faa8e7e","status":"skipped","statusDetails":"\nCan't get WebDriver: chrome","time":{"start":1668592075786,"stop":1668592075787,"duration":1}},{"uid":"ae55caf01f13d1d2","reportUrl":"https://jdi-templates.github.io/jdi-light-browserstack/8//#testresult/ae55caf01f13d1d2","status":"skipped","statusDetails":"\nCan't get WebDriver: chrome","time":{"start":1668591965473,"stop":1668591965481,"duration":8}},{"uid":"3d0ac0cf30042d9f","reportUrl":"https://jdi-templates.github.io/jdi-light-browserstack/8//#testresult/3d0ac0cf30042d9f","status":"broken","statusDetails":"java.lang.NullPointerException","time":{"start":1668591851761,"stop":1668591851761,"duration":0}},{"uid":"dba96e27e8088c0d","reportUrl":"https://jdi-templates.github.io/jdi-light-browserstack/8//#testresult/dba96e27e8088c0d","status":"skipped","statusDetails":"\nCan't get WebDriver: chrome","time":{"start":1668591736815,"stop":1668591736824,"duration":9}},{"uid":"66794d9248f6e5a0","reportUrl":"https://jdi-templates.github.io/jdi-light-browserstack/8//#testresult/66794d9248f6e5a0","status":"skipped","statusDetails":"\nCan't get WebDriver: chrome","time":{"start":1668591639900,"stop":1668591639901,"duration":1}},{"uid":"cf7217c4b376f563","reportUrl":"https://jdi-templates.github.io/jdi-light-browserstack/7//#testresult/cf7217c4b376f563","status":"skipped","statusDetails":"\nCan't get WebDriver: firefox","time":{"start":1668417319374,"stop":1668417319375,"duration":1}},{"uid":"5327c21e20369373","reportUrl":"https://jdi-templates.github.io/jdi-light-browserstack/7//#testresult/5327c21e20369373","status":"skipped","statusDetails":"\nCan't get WebDriver: firefox","time":{"start":1668417216334,"stop":1668417216334,"duration":0}},{"uid":"217086b5ec6bdc8c","reportUrl":"https://jdi-templates.github.io/jdi-light-browserstack/7//#testresult/217086b5ec6bdc8c","status":"skipped","statusDetails":"\nCan't get WebDriver: firefox","time":{"start":1668417116824,"stop":1668417116825,"duration":1}},{"uid":"a034a3b5a8ee624f","reportUrl":"https://jdi-templates.github.io/jdi-light-browserstack/7//#testresult/a034a3b5a8ee624f","status":"skipped","statusDetails":"\nCan't get WebDriver: firefox","time":{"start":1668417005478,"stop":1668417005478,"duration":0}},{"uid":"df05dcf2f873d479","reportUrl":"https://jdi-templates.github.io/jdi-light-browserstack/7//#testresult/df05dcf2f873d479","status":"skipped","statusDetails":"\nCan't get WebDriver: firefox","time":{"start":1668416878356,"stop":1668416878356,"duration":0}},{"uid":"4ccb0bb67c122ac5","reportUrl":"https://jdi-templates.github.io/jdi-light-browserstack/7//#testresult/4ccb0bb67c122ac5","status":"skipped","statusDetails":"\nCan't get WebDriver: firefox","time":{"start":1668416760626,"stop":1668416760627,"duration":1}},{"uid":"56ed08c3bae6713d","reportUrl":"https://jdi-templates.github.io/jdi-light-browserstack/7//#testresult/56ed08c3bae6713d","status":"skipped","statusDetails":"\nCan't get WebDriver: firefox","time":{"start":1668416656611,"stop":1668416656613,"duration":2}},{"uid":"a369bbb8df4e0cbf","reportUrl":"https://jdi-templates.github.io/jdi-light-browserstack/6//#testresult/a369bbb8df4e0cbf","status":"skipped","statusDetails":"\nCan't get WebDriver: firefox","time":{"start":1667992195606,"stop":1667992195606,"duration":0}},{"uid":"b7f68000980276e9","reportUrl":"https://jdi-templates.github.io/jdi-light-browserstack/6//#testresult/b7f68000980276e9","status":"skipped","statusDetails":"\nCan't get WebDriver: firefox","time":{"start":1667992079320,"stop":1667992079320,"duration":0}},{"uid":"daa519b8ffec69c3","reportUrl":"https://jdi-templates.github.io/jdi-light-browserstack/6//#testresult/daa519b8ffec69c3","status":"skipped","statusDetails":"\nCan't get WebDriver: firefox","time":{"start":1667991973591,"stop":1667991973591,"duration":0}},{"uid":"1b6bccf0b37851c6","reportUrl":"https://jdi-templates.github.io/jdi-light-browserstack/6//#testresult/1b6bccf0b37851c6","status":"skipped","statusDetails":"\nCan't get WebDriver: firefox","time":{"start":1667991873142,"stop":1667991873142,"duration":0}},{"uid":"8dee1043c4a777c5","reportUrl":"https://jdi-templates.github.io/jdi-light-browserstack/6//#testresult/8dee1043c4a777c5","status":"skipped","statusDetails":"\nCan't get WebDriver: firefox","time":{"start":1667991759074,"stop":1667991759075,"duration":1}},{"uid":"abeec00f6d6ec7b7","reportUrl":"https://jdi-templates.github.io/jdi-light-browserstack/6//#testresult/abeec00f6d6ec7b7","status":"skipped","statusDetails":"\nCan't get WebDriver: firefox","time":{"start":1667991671517,"stop":1667991671517,"duration":0}},{"uid":"5ba3f3fb5ad8ed16","reportUrl":"https://jdi-templates.github.io/jdi-light-browserstack/6//#testresult/5ba3f3fb5ad8ed16","status":"skipped","statusDetails":"\nCan't get WebDriver: firefox","time":{"start":1667991568940,"stop":1667991568941,"duration":1}},{"uid":"41d77c5463d02bed","reportUrl":"https://jdi-templates.github.io/jdi-light-browserstack/6//#testresult/41d77c5463d02bed","status":"skipped","statusDetails":"\nCan't get WebDriver: firefox","time":{"start":1667991465166,"stop":1667991465170,"duration":4}}]},"tags":[]},"source":"fa6ebe0c83f37cb9.json","parameterValues":[]}