{"uid":"122ef2fd15e81a13","name":"lineByNameTest","fullName":"org.mytests.tests.example.DataTableInteractTests.lineByNameTest","historyId":"6caec5ae82f95d04683c31ba8872cbbe","time":{"start":1668597171609,"stop":1668597171609,"duration":0},"status":"skipped","statusMessage":"\nCan't get WebDriver: chrome","statusTrace":"java.lang.RuntimeException: \nCan't get WebDriver: chrome\n\tat com.epam.jdi.light.common.Exceptions.exception(Exceptions.java:35)\n\tat com.epam.jdi.light.driver.WebDriverFactory.getDriver(WebDriverFactory.java:216)\n\tat com.epam.jdi.light.elements.common.WindowsManager.setWindowName(WindowsManager.java:87)\n\tat com.epam.jdi.light.elements.common.WindowsManager.openSiteTab(WindowsManager.java:51)\n\tat com.epam.jdi.light.elements.composite.WebPage.openSite(WebPage.java:153)\n\tat org.mytests.tests.TestsInit.setUp(TestsInit.java:18)\n\tat java.base/jdk.internal.reflect.NativeMethodAccessorImpl.invoke0(Native Method)\n\tat java.base/jdk.internal.reflect.NativeMethodAccessorImpl.invoke(NativeMethodAccessorImpl.java:62)\n\tat java.base/jdk.internal.reflect.DelegatingMethodAccessorImpl.invoke(DelegatingMethodAccessorImpl.java:43)\n\tat java.base/java.lang.reflect.Method.invoke(Method.java:567)\n\tat org.testng.internal.MethodInvocationHelper.invokeMethod(MethodInvocationHelper.java:124)\n\tat org.testng.internal.MethodInvocationHelper.invokeMethodConsideringTimeout(MethodInvocationHelper.java:59)\n\tat org.testng.internal.Invoker.invokeConfigurationMethod(Invoker.java:458)\n\tat org.testng.internal.Invoker.invokeConfigurations(Invoker.java:222)\n\tat org.testng.internal.Invoker.invokeConfigurations(Invoker.java:142)\n\tat org.testng.SuiteRunner.privateRun(SuiteRunner.java:401)\n\tat org.testng.SuiteRunner.run(SuiteRunner.java:364)\n\tat org.testng.SuiteRunnerWorker.runSuite(SuiteRunnerWorker.java:52)\n\tat org.testng.SuiteRunnerWorker.run(SuiteRunnerWorker.java:84)\n\tat org.testng.TestNG.runSuitesSequentially(TestNG.java:1208)\n\tat org.testng.TestNG.runSuitesLocally(TestNG.java:1137)\n\tat org.testng.TestNG.runSuites(TestNG.java:1049)\n\tat org.testng.TestNG.run(TestNG.java:1017)\n\tat org.apache.maven.surefire.testng.TestNGExecutor.run(TestNGExecutor.java:324)\n\tat org.apache.maven.surefire.testng.TestNGXmlTestSuite.execute(TestNGXmlTestSuite.java:74)\n\tat org.apache.maven.surefire.testng.TestNGProvider.invoke(TestNGProvider.java:123)\n\tat org.apache.maven.surefire.booter.ForkedBooter.runSuitesInProcess(ForkedBooter.java:456)\n\tat org.apache.maven.surefire.booter.ForkedBooter.execute(ForkedBooter.java:169)\n\tat org.apache.maven.surefire.booter.ForkedBooter.run(ForkedBooter.java:595)\n\tat org.apache.maven.surefire.booter.ForkedBooter.main(ForkedBooter.java:581)\nCaused by: java.lang.RuntimeException: \nCan't get WebDriver: chrome\n\tat com.epam.jdi.light.common.Exceptions.exception(Exceptions.java:35)\n\tat com.epam.jdi.light.driver.WebDriverFactory.getDriver(WebDriverFactory.java:224)\n\tat com.epam.jdi.light.driver.WebDriverFactory.getDriver(WebDriverFactory.java:214)\n\t... 28 more\nCaused by: java.lang.RuntimeException: java.lang.RuntimeException: \nFailed to run downloaded driver CHROME:X64:105.0.5195.52. Please check that your browser and driver are compatible or use local driver with 'drivers.folder' property in test.properties'.\nDriverPath: /home/runner/.cache/selenium/chromedriver/linux64/107.0.5304.62/chromedriver\n\tat com.jdiai.tools.func.JFunc1.execute(JFunc1.java:21)\n\tat com.epam.jdi.light.driver.WebDriverFactory.getDriver(WebDriverFactory.java:222)\n\t... 29 more\nCaused by: java.lang.RuntimeException: \nFailed to run downloaded driver CHROME:X64:105.0.5195.52. Please check that your browser and driver are compatible or use local driver with 'drivers.folder' property in test.properties'.\nDriverPath: /home/runner/.cache/selenium/chromedriver/linux64/107.0.5304.62/chromedriver\n\tat com.epam.jdi.light.common.Exceptions.exception(Exceptions.java:35)\n\tat com.epam.jdi.light.driver.WebDriverFactory.getDriverException(WebDriverFactory.java:143)\n\tat com.epam.jdi.light.driver.WebDriverFactory.getDriverByName(WebDriverFactory.java:127)\n\tat com.jdiai.tools.func.JFunc1.execute(JFunc1.java:19)\n\t... 30 more\nCaused by: java.lang.RuntimeException: \nCan't run and register new driver 'chrome'\n\tat com.epam.jdi.light.common.Exceptions.exception(Exceptions.java:35)\n\tat com.epam.jdi.light.driver.WebDriverFactory.registerNewDriver(WebDriverFactory.java:90)\n\tat com.epam.jdi.light.driver.WebDriverFactory.getDriverFromName(WebDriverFactory.java:158)\n\tat com.epam.jdi.light.driver.WebDriverFactory.getDriverByName(WebDriverFactory.java:125)\n\t... 31 more\nCaused by: java.lang.RuntimeException: \nFailed to get valid driver 'chrome'\n\tat com.epam.jdi.light.common.Exceptions.runtimeException(Exceptions.java:17)\n\tat com.epam.jdi.light.driver.WebDriverFactory.getValidDriver(WebDriverFactory.java:113)\n\tat com.epam.jdi.light.driver.WebDriverFactory.registerNewDriver(WebDriverFactory.java:85)\n\t... 33 more\n","flaky":false,"newFailed":false,"newBroken":false,"newPassed":false,"retriesCount":0,"retriesStatusChange":false,"beforeStages":[{"name":"setUp","time":{"start":1668597160236,"stop":1668597171345,"duration":11109},"description":"","status":"broken","statusMessage":"\nCan't get WebDriver: chrome","statusTrace":"java.lang.RuntimeException: \nCan't get WebDriver: chrome\n\tat com.epam.jdi.light.common.Exceptions.exception(Exceptions.java:35)\n\tat com.epam.jdi.light.driver.WebDriverFactory.getDriver(WebDriverFactory.java:216)\n\tat com.epam.jdi.light.elements.common.WindowsManager.setWindowName(WindowsManager.java:87)\n\tat com.epam.jdi.light.elements.common.WindowsManager.openSiteTab(WindowsManager.java:51)\n\tat com.epam.jdi.light.elements.composite.WebPage.openSite(WebPage.java:153)\n\tat org.mytests.tests.TestsInit.setUp(TestsInit.java:18)\n\tat java.base/jdk.internal.reflect.NativeMethodAccessorImpl.invoke0(Native Method)\n\tat java.base/jdk.internal.reflect.NativeMethodAccessorImpl.invoke(NativeMethodAccessorImpl.java:62)\n\tat java.base/jdk.internal.reflect.DelegatingMethodAccessorImpl.invoke(DelegatingMethodAccessorImpl.java:43)\n\tat java.base/java.lang.reflect.Method.invoke(Method.java:567)\n\tat org.testng.internal.MethodInvocationHelper.invokeMethod(MethodInvocationHelper.java:124)\n\tat org.testng.internal.MethodInvocationHelper.invokeMethodConsideringTimeout(MethodInvocationHelper.java:59)\n\tat org.testng.internal.Invoker.invokeConfigurationMethod(Invoker.java:458)\n\tat org.testng.internal.Invoker.invokeConfigurations(Invoker.java:222)\n\tat org.testng.internal.Invoker.invokeConfigurations(Invoker.java:142)\n\tat org.testng.SuiteRunner.privateRun(SuiteRunner.java:401)\n\tat org.testng.SuiteRunner.run(SuiteRunner.java:364)\n\tat org.testng.SuiteRunnerWorker.runSuite(SuiteRunnerWorker.java:52)\n\tat org.testng.SuiteRunnerWorker.run(SuiteRunnerWorker.java:84)\n\tat org.testng.TestNG.runSuitesSequentially(TestNG.java:1208)\n\tat org.testng.TestNG.runSuitesLocally(TestNG.java:1137)\n\tat org.testng.TestNG.runSuites(TestNG.java:1049)\n\tat org.testng.TestNG.run(TestNG.java:1017)\n\tat org.apache.maven.surefire.testng.TestNGExecutor.run(TestNGExecutor.java:324)\n\tat org.apache.maven.surefire.testng.TestNGXmlTestSuite.execute(TestNGXmlTestSuite.java:74)\n\tat org.apache.maven.surefire.testng.TestNGProvider.invoke(TestNGProvider.java:123)\n\tat org.apache.maven.surefire.booter.ForkedBooter.runSuitesInProcess(ForkedBooter.java:456)\n\tat org.apache.maven.surefire.booter.ForkedBooter.execute(ForkedBooter.java:169)\n\tat org.apache.maven.surefire.booter.ForkedBooter.run(ForkedBooter.java:595)\n\tat org.apache.maven.surefire.booter.ForkedBooter.main(ForkedBooter.java:581)\nCaused by: java.lang.RuntimeException: \nCan't get WebDriver: chrome\n\tat com.epam.jdi.light.common.Exceptions.exception(Exceptions.java:35)\n\tat com.epam.jdi.light.driver.WebDriverFactory.getDriver(WebDriverFactory.java:224)\n\tat com.epam.jdi.light.driver.WebDriverFactory.getDriver(WebDriverFactory.java:214)\n\t... 28 more\nCaused by: java.lang.RuntimeException: java.lang.RuntimeException: \nFailed to run downloaded driver CHROME:X64:105.0.5195.52. Please check that your browser and driver are compatible or use local driver with 'drivers.folder' property in test.properties'.\nDriverPath: /home/runner/.cache/selenium/chromedriver/linux64/107.0.5304.62/chromedriver\n\tat com.jdiai.tools.func.JFunc1.execute(JFunc1.java:21)\n\tat com.epam.jdi.light.driver.WebDriverFactory.getDriver(WebDriverFactory.java:222)\n\t... 29 more\nCaused by: java.lang.RuntimeException: \nFailed to run downloaded driver CHROME:X64:105.0.5195.52. Please check that your browser and driver are compatible or use local driver with 'drivers.folder' property in test.properties'.\nDriverPath: /home/runner/.cache/selenium/chromedriver/linux64/107.0.5304.62/chromedriver\n\tat com.epam.jdi.light.common.Exceptions.exception(Exceptions.java:35)\n\tat com.epam.jdi.light.driver.WebDriverFactory.getDriverException(WebDriverFactory.java:143)\n\tat com.epam.jdi.light.driver.WebDriverFactory.getDriverByName(WebDriverFactory.java:127)\n\tat com.jdiai.tools.func.JFunc1.execute(JFunc1.java:19)\n\t... 30 more\nCaused by: java.lang.RuntimeException: \nCan't run and register new driver 'chrome'\n\tat com.epam.jdi.light.common.Exceptions.exception(Exceptions.java:35)\n\tat com.epam.jdi.light.driver.WebDriverFactory.registerNewDriver(WebDriverFactory.java:90)\n\tat com.epam.jdi.light.driver.WebDriverFactory.getDriverFromName(WebDriverFactory.java:158)\n\tat com.epam.jdi.light.driver.WebDriverFactory.getDriverByName(WebDriverFactory.java:125)\n\t... 31 more\nCaused by: java.lang.RuntimeException: \nFailed to get valid driver 'chrome'\n\tat com.epam.jdi.light.common.Exceptions.runtimeException(Exceptions.java:17)\n\tat com.epam.jdi.light.driver.WebDriverFactory.getValidDriver(WebDriverFactory.java:113)\n\tat com.epam.jdi.light.driver.WebDriverFactory.registerNewDriver(WebDriverFactory.java:85)\n\t... 33 more\n","steps":[],"attachments":[],"parameters":[],"stepsCount":0,"attachmentsCount":0,"shouldDisplayMessage":true,"hasContent":true}],"afterStages":[{"name":"tearDown","time":{"start":1668597171637,"stop":1668597171637,"duration":0},"description":"","status":"passed","steps":[],"attachments":[],"parameters":[],"stepsCount":0,"attachmentsCount":0,"shouldDisplayMessage":false,"hasContent":false}],"labels":[{"name":"package","value":"org.mytests.tests.example.DataTableInteractTests"},{"name":"testClass","value":"org.mytests.tests.example.DataTableInteractTests"},{"name":"testMethod","value":"lineByNameTest"},{"name":"parentSuite","value":"JDI-Light Performance"},{"name":"suite","value":"Tests"},{"name":"subSuite","value":"org.mytests.tests.example.DataTableInteractTests"},{"name":"host","value":"fv-az488-782"},{"name":"thread","value":"3481@fv-az488-782.TestNG-test=Tests-1(35)"},{"name":"framework","value":"testng"},{"name":"language","value":"java"},{"name":"resultFormat","value":"allure2"}],"parameters":[],"links":[],"hidden":false,"retry":false,"extra":{"severity":"normal","retries":[],"categories":[],"history":{"statistic":{"failed":0,"broken":0,"skipped":52,"passed":1,"unknown":0,"total":53},"items":[{"uid":"36658c1b9435bb37","reportUrl":"https://jdi-templates.github.io/jdi-light-browserstack/13//#testresult/36658c1b9435bb37","status":"skipped","statusDetails":"\nCan't get WebDriver: chrome","time":{"start":1668597037125,"stop":1668597037125,"duration":0}},{"uid":"9b96697727859463","reportUrl":"https://jdi-templates.github.io/jdi-light-browserstack/12//#testresult/9b96697727859463","status":"skipped","statusDetails":"\nCan't get WebDriver: chrome","time":{"start":1668596949402,"stop":1668596949403,"duration":1}},{"uid":"a822a23db93b8047","reportUrl":"https://jdi-templates.github.io/jdi-light-browserstack/12//#testresult/a822a23db93b8047","status":"skipped","statusDetails":"\nCan't get WebDriver: chrome","time":{"start":1668596827306,"stop":1668596827306,"duration":0}},{"uid":"43106f3f3cc4165d","reportUrl":"https://jdi-templates.github.io/jdi-light-browserstack/12//#testresult/43106f3f3cc4165d","status":"skipped","statusDetails":"\nCan't get WebDriver: chrome","time":{"start":1668596704506,"stop":1668596704506,"duration":0}},{"uid":"dda9f86d8c749e13","reportUrl":"https://jdi-templates.github.io/jdi-light-browserstack/9//#testresult/dda9f86d8c749e13","status":"skipped","statusDetails":"\nCan't get WebDriver: chrome","time":{"start":1668593122311,"stop":1668593122311,"duration":0}},{"uid":"199bc964fbd8658f","reportUrl":"https://jdi-templates.github.io/jdi-light-browserstack/9//#testresult/199bc964fbd8658f","status":"skipped","statusDetails":"\nCan't get WebDriver: chrome","time":{"start":1668593016816,"stop":1668593016816,"duration":0}},{"uid":"414cf8ad084ff6a0","reportUrl":"https://jdi-templates.github.io/jdi-light-browserstack/9//#testresult/414cf8ad084ff6a0","status":"skipped","statusDetails":"\nCan't get WebDriver: chrome","time":{"start":1668592897686,"stop":1668592897686,"duration":0}},{"uid":"6f56b976c83db518","reportUrl":"https://jdi-templates.github.io/jdi-light-browserstack/9//#testresult/6f56b976c83db518","status":"skipped","statusDetails":"\nCan't get WebDriver: chrome","time":{"start":1668592776532,"stop":1668592776532,"duration":0}},{"uid":"a5563e621b444e0e","reportUrl":"https://jdi-templates.github.io/jdi-light-browserstack/9//#testresult/a5563e621b444e0e","status":"skipped","statusDetails":"\nCan't get WebDriver: chrome","time":{"start":1668592658868,"stop":1668592658868,"duration":0}},{"uid":"e942578c14b48071","reportUrl":"https://jdi-templates.github.io/jdi-light-browserstack/9//#testresult/e942578c14b48071","status":"skipped","statusDetails":"\nCan't get WebDriver: chrome","time":{"start":1668592551404,"stop":1668592551404,"duration":0}},{"uid":"b3ae04a1824ac119","reportUrl":"https://jdi-templates.github.io/jdi-light-browserstack/9//#testresult/b3ae04a1824ac119","status":"skipped","statusDetails":"\nCan't get WebDriver: chrome","time":{"start":1668592443188,"stop":1668592443188,"duration":0}},{"uid":"c9472e0db1828872","reportUrl":"https://jdi-templates.github.io/jdi-light-browserstack/8//#testresult/c9472e0db1828872","status":"skipped","statusDetails":"\nCan't get WebDriver: chrome","time":{"start":1668592425417,"stop":1668592425418,"duration":1}},{"uid":"5e5f6901c964daa6","reportUrl":"https://jdi-templates.github.io/jdi-light-browserstack/9//#testresult/5e5f6901c964daa6","status":"skipped","statusDetails":"\nCan't get WebDriver: chrome","time":{"start":1668592330583,"stop":1668592330583,"duration":0}},{"uid":"8bcbea4cfbdabffc","reportUrl":"https://jdi-templates.github.io/jdi-light-browserstack/8//#testresult/8bcbea4cfbdabffc","status":"skipped","statusDetails":"\nCan't get WebDriver: chrome","time":{"start":1668592306723,"stop":1668592306723,"duration":0}},{"uid":"12657f153c8810e9","reportUrl":"https://jdi-templates.github.io/jdi-light-browserstack/8//#testresult/12657f153c8810e9","status":"skipped","statusDetails":"\nCan't get WebDriver: chrome","time":{"start":1668592191252,"stop":1668592191252,"duration":0}},{"uid":"1d603fc2f06298e2","reportUrl":"https://jdi-templates.github.io/jdi-light-browserstack/8//#testresult/1d603fc2f06298e2","status":"skipped","statusDetails":"\nCan't get WebDriver: chrome","time":{"start":1668592075800,"stop":1668592075800,"duration":0}},{"uid":"e73e954ff46848d4","reportUrl":"https://jdi-templates.github.io/jdi-light-browserstack/8//#testresult/e73e954ff46848d4","status":"skipped","statusDetails":"\nCan't get WebDriver: chrome","time":{"start":1668591965495,"stop":1668591965495,"duration":0}},{"uid":"6adf2e4e705f66b3","reportUrl":"https://jdi-templates.github.io/jdi-light-browserstack/8//#testresult/6adf2e4e705f66b3","status":"skipped","statusDetails":"\nCan't get WebDriver: chrome","time":{"start":1668591851767,"stop":1668591851767,"duration":0}},{"uid":"ff5c9999d770cdf8","reportUrl":"https://jdi-templates.github.io/jdi-light-browserstack/8//#testresult/ff5c9999d770cdf8","status":"skipped","statusDetails":"\nCan't get WebDriver: chrome","time":{"start":1668591736837,"stop":1668591736838,"duration":1}},{"uid":"43433f74a30d38c9","reportUrl":"https://jdi-templates.github.io/jdi-light-browserstack/8//#testresult/43433f74a30d38c9","status":"skipped","statusDetails":"\nCan't get WebDriver: chrome","time":{"start":1668591639912,"stop":1668591639916,"duration":4}}]},"tags":[]},"source":"122ef2fd15e81a13.json","parameterValues":[]}