{"uid":"170bcd8ec6c3625b","name":"rowDataExactMatcherTest","fullName":"org.mytests.tests.example.DataTableTests.rowDataExactMatcherTest","historyId":"7324e1d62c9999b6b64cd8c4aae0d421","time":{"start":1668597399993,"stop":1668597399993,"duration":0},"status":"skipped","statusMessage":"\nCan't get WebDriver: chrome","statusTrace":"java.lang.RuntimeException: \nCan't get WebDriver: chrome\n\tat com.epam.jdi.light.common.Exceptions.exception(Exceptions.java:35)\n\tat com.epam.jdi.light.driver.WebDriverFactory.getDriver(WebDriverFactory.java:216)\n\tat com.epam.jdi.light.elements.common.WindowsManager.setWindowName(WindowsManager.java:87)\n\tat com.epam.jdi.light.elements.common.WindowsManager.openSiteTab(WindowsManager.java:51)\n\tat com.epam.jdi.light.elements.composite.WebPage.openSite(WebPage.java:153)\n\tat org.mytests.tests.TestsInit.setUp(TestsInit.java:18)\n\tat java.base/jdk.internal.reflect.NativeMethodAccessorImpl.invoke0(Native Method)\n\tat java.base/jdk.internal.reflect.NativeMethodAccessorImpl.invoke(NativeMethodAccessorImpl.java:62)\n\tat java.base/jdk.internal.reflect.DelegatingMethodAccessorImpl.invoke(DelegatingMethodAccessorImpl.java:43)\n\tat java.base/java.lang.reflect.Method.invoke(Method.java:564)\n\tat org.testng.internal.MethodInvocationHelper.invokeMethod(MethodInvocationHelper.java:124)\n\tat org.testng.internal.MethodInvocationHelper.invokeMethodConsideringTimeout(MethodInvocationHelper.java:59)\n\tat org.testng.internal.Invoker.invokeConfigurationMethod(Invoker.java:458)\n\tat org.testng.internal.Invoker.invokeConfigurations(Invoker.java:222)\n\tat org.testng.internal.Invoker.invokeConfigurations(Invoker.java:142)\n\tat org.testng.SuiteRunner.privateRun(SuiteRunner.java:401)\n\tat org.testng.SuiteRunner.run(SuiteRunner.java:364)\n\tat org.testng.SuiteRunnerWorker.runSuite(SuiteRunnerWorker.java:52)\n\tat org.testng.SuiteRunnerWorker.run(SuiteRunnerWorker.java:84)\n\tat org.testng.TestNG.runSuitesSequentially(TestNG.java:1208)\n\tat org.testng.TestNG.runSuitesLocally(TestNG.java:1137)\n\tat org.testng.TestNG.runSuites(TestNG.java:1049)\n\tat org.testng.TestNG.run(TestNG.java:1017)\n\tat org.apache.maven.surefire.testng.TestNGExecutor.run(TestNGExecutor.java:324)\n\tat org.apache.maven.surefire.testng.TestNGXmlTestSuite.execute(TestNGXmlTestSuite.java:74)\n\tat org.apache.maven.surefire.testng.TestNGProvider.invoke(TestNGProvider.java:123)\n\tat org.apache.maven.surefire.booter.ForkedBooter.runSuitesInProcess(ForkedBooter.java:456)\n\tat org.apache.maven.surefire.booter.ForkedBooter.execute(ForkedBooter.java:169)\n\tat org.apache.maven.surefire.booter.ForkedBooter.run(ForkedBooter.java:595)\n\tat org.apache.maven.surefire.booter.ForkedBooter.main(ForkedBooter.java:581)\nCaused by: java.lang.RuntimeException: \nCan't get WebDriver: chrome\n\tat com.epam.jdi.light.common.Exceptions.exception(Exceptions.java:35)\n\tat com.epam.jdi.light.driver.WebDriverFactory.getDriver(WebDriverFactory.java:224)\n\tat com.epam.jdi.light.driver.WebDriverFactory.getDriver(WebDriverFactory.java:214)\n\t... 28 more\nCaused by: java.lang.RuntimeException: java.lang.RuntimeException: \nFailed to run downloaded driver CHROME:X64:105.0.5195.52. Please check that your browser and driver are compatible or use local driver with 'drivers.folder' property in test.properties'.\nDriverPath: /home/runner/.cache/selenium/chromedriver/linux64/107.0.5304.62/chromedriver\n\tat com.jdiai.tools.func.JFunc1.execute(JFunc1.java:21)\n\tat com.epam.jdi.light.driver.WebDriverFactory.getDriver(WebDriverFactory.java:222)\n\t... 29 more\nCaused by: java.lang.RuntimeException: \nFailed to run downloaded driver CHROME:X64:105.0.5195.52. Please check that your browser and driver are compatible or use local driver with 'drivers.folder' property in test.properties'.\nDriverPath: /home/runner/.cache/selenium/chromedriver/linux64/107.0.5304.62/chromedriver\n\tat com.epam.jdi.light.common.Exceptions.exception(Exceptions.java:35)\n\tat com.epam.jdi.light.driver.WebDriverFactory.getDriverException(WebDriverFactory.java:143)\n\tat com.epam.jdi.light.driver.WebDriverFactory.getDriverByName(WebDriverFactory.java:127)\n\tat com.jdiai.tools.func.JFunc1.execute(JFunc1.java:19)\n\t... 30 more\nCaused by: java.lang.RuntimeException: \nCan't run and register new driver 'chrome'\n\tat com.epam.jdi.light.common.Exceptions.exception(Exceptions.java:35)\n\tat com.epam.jdi.light.driver.WebDriverFactory.registerNewDriver(WebDriverFactory.java:90)\n\tat com.epam.jdi.light.driver.WebDriverFactory.getDriverFromName(WebDriverFactory.java:158)\n\tat com.epam.jdi.light.driver.WebDriverFactory.getDriverByName(WebDriverFactory.java:125)\n\t... 31 more\nCaused by: java.lang.RuntimeException: \nFailed to get valid driver 'chrome'\n\tat com.epam.jdi.light.common.Exceptions.runtimeException(Exceptions.java:17)\n\tat com.epam.jdi.light.driver.WebDriverFactory.getValidDriver(WebDriverFactory.java:113)\n\tat com.epam.jdi.light.driver.WebDriverFactory.registerNewDriver(WebDriverFactory.java:85)\n\t... 33 more\n","flaky":false,"newFailed":false,"newBroken":false,"newPassed":false,"retriesCount":0,"retriesStatusChange":false,"beforeStages":[{"name":"setUp","time":{"start":1668597393392,"stop":1668597399760,"duration":6368},"description":"","status":"broken","statusMessage":"\nCan't get WebDriver: chrome","statusTrace":"java.lang.RuntimeException: \nCan't get WebDriver: chrome\n\tat com.epam.jdi.light.common.Exceptions.exception(Exceptions.java:35)\n\tat com.epam.jdi.light.driver.WebDriverFactory.getDriver(WebDriverFactory.java:216)\n\tat com.epam.jdi.light.elements.common.WindowsManager.setWindowName(WindowsManager.java:87)\n\tat com.epam.jdi.light.elements.common.WindowsManager.openSiteTab(WindowsManager.java:51)\n\tat com.epam.jdi.light.elements.composite.WebPage.openSite(WebPage.java:153)\n\tat org.mytests.tests.TestsInit.setUp(TestsInit.java:18)\n\tat java.base/jdk.internal.reflect.NativeMethodAccessorImpl.invoke0(Native Method)\n\tat java.base/jdk.internal.reflect.NativeMethodAccessorImpl.invoke(NativeMethodAccessorImpl.java:62)\n\tat java.base/jdk.internal.reflect.DelegatingMethodAccessorImpl.invoke(DelegatingMethodAccessorImpl.java:43)\n\tat java.base/java.lang.reflect.Method.invoke(Method.java:564)\n\tat org.testng.internal.MethodInvocationHelper.invokeMethod(MethodInvocationHelper.java:124)\n\tat org.testng.internal.MethodInvocationHelper.invokeMethodConsideringTimeout(MethodInvocationHelper.java:59)\n\tat org.testng.internal.Invoker.invokeConfigurationMethod(Invoker.java:458)\n\tat org.testng.internal.Invoker.invokeConfigurations(Invoker.java:222)\n\tat org.testng.internal.Invoker.invokeConfigurations(Invoker.java:142)\n\tat org.testng.SuiteRunner.privateRun(SuiteRunner.java:401)\n\tat org.testng.SuiteRunner.run(SuiteRunner.java:364)\n\tat org.testng.SuiteRunnerWorker.runSuite(SuiteRunnerWorker.java:52)\n\tat org.testng.SuiteRunnerWorker.run(SuiteRunnerWorker.java:84)\n\tat org.testng.TestNG.runSuitesSequentially(TestNG.java:1208)\n\tat org.testng.TestNG.runSuitesLocally(TestNG.java:1137)\n\tat org.testng.TestNG.runSuites(TestNG.java:1049)\n\tat org.testng.TestNG.run(TestNG.java:1017)\n\tat org.apache.maven.surefire.testng.TestNGExecutor.run(TestNGExecutor.java:324)\n\tat org.apache.maven.surefire.testng.TestNGXmlTestSuite.execute(TestNGXmlTestSuite.java:74)\n\tat org.apache.maven.surefire.testng.TestNGProvider.invoke(TestNGProvider.java:123)\n\tat org.apache.maven.surefire.booter.ForkedBooter.runSuitesInProcess(ForkedBooter.java:456)\n\tat org.apache.maven.surefire.booter.ForkedBooter.execute(ForkedBooter.java:169)\n\tat org.apache.maven.surefire.booter.ForkedBooter.run(ForkedBooter.java:595)\n\tat org.apache.maven.surefire.booter.ForkedBooter.main(ForkedBooter.java:581)\nCaused by: java.lang.RuntimeException: \nCan't get WebDriver: chrome\n\tat com.epam.jdi.light.common.Exceptions.exception(Exceptions.java:35)\n\tat com.epam.jdi.light.driver.WebDriverFactory.getDriver(WebDriverFactory.java:224)\n\tat com.epam.jdi.light.driver.WebDriverFactory.getDriver(WebDriverFactory.java:214)\n\t... 28 more\nCaused by: java.lang.RuntimeException: java.lang.RuntimeException: \nFailed to run downloaded driver CHROME:X64:105.0.5195.52. Please check that your browser and driver are compatible or use local driver with 'drivers.folder' property in test.properties'.\nDriverPath: /home/runner/.cache/selenium/chromedriver/linux64/107.0.5304.62/chromedriver\n\tat com.jdiai.tools.func.JFunc1.execute(JFunc1.java:21)\n\tat com.epam.jdi.light.driver.WebDriverFactory.getDriver(WebDriverFactory.java:222)\n\t... 29 more\nCaused by: java.lang.RuntimeException: \nFailed to run downloaded driver CHROME:X64:105.0.5195.52. Please check that your browser and driver are compatible or use local driver with 'drivers.folder' property in test.properties'.\nDriverPath: /home/runner/.cache/selenium/chromedriver/linux64/107.0.5304.62/chromedriver\n\tat com.epam.jdi.light.common.Exceptions.exception(Exceptions.java:35)\n\tat com.epam.jdi.light.driver.WebDriverFactory.getDriverException(WebDriverFactory.java:143)\n\tat com.epam.jdi.light.driver.WebDriverFactory.getDriverByName(WebDriverFactory.java:127)\n\tat com.jdiai.tools.func.JFunc1.execute(JFunc1.java:19)\n\t... 30 more\nCaused by: java.lang.RuntimeException: \nCan't run and register new driver 'chrome'\n\tat com.epam.jdi.light.common.Exceptions.exception(Exceptions.java:35)\n\tat com.epam.jdi.light.driver.WebDriverFactory.registerNewDriver(WebDriverFactory.java:90)\n\tat com.epam.jdi.light.driver.WebDriverFactory.getDriverFromName(WebDriverFactory.java:158)\n\tat com.epam.jdi.light.driver.WebDriverFactory.getDriverByName(WebDriverFactory.java:125)\n\t... 31 more\nCaused by: java.lang.RuntimeException: \nFailed to get valid driver 'chrome'\n\tat com.epam.jdi.light.common.Exceptions.runtimeException(Exceptions.java:17)\n\tat com.epam.jdi.light.driver.WebDriverFactory.getValidDriver(WebDriverFactory.java:113)\n\tat com.epam.jdi.light.driver.WebDriverFactory.registerNewDriver(WebDriverFactory.java:85)\n\t... 33 more\n","steps":[],"attachments":[],"parameters":[],"stepsCount":0,"attachmentsCount":0,"shouldDisplayMessage":true,"hasContent":true}],"afterStages":[{"name":"tearDown","time":{"start":1668597400030,"stop":1668597400030,"duration":0},"description":"","status":"passed","steps":[],"attachments":[],"parameters":[],"stepsCount":0,"attachmentsCount":0,"shouldDisplayMessage":false,"hasContent":false}],"labels":[{"name":"package","value":"org.mytests.tests.example.DataTableTests"},{"name":"testClass","value":"org.mytests.tests.example.DataTableTests"},{"name":"testMethod","value":"rowDataExactMatcherTest"},{"name":"parentSuite","value":"JDI-Light Performance"},{"name":"suite","value":"Tests"},{"name":"subSuite","value":"org.mytests.tests.example.DataTableTests"},{"name":"host","value":"fv-az197-121"},{"name":"thread","value":"3447@fv-az197-121.TestNG-test=Tests-2(37)"},{"name":"framework","value":"testng"},{"name":"language","value":"java"},{"name":"resultFormat","value":"allure2"}],"parameters":[],"links":[],"hidden":false,"retry":false,"extra":{"severity":"normal","retries":[],"categories":[],"history":{"statistic":{"failed":0,"broken":0,"skipped":55,"passed":1,"unknown":0,"total":56},"items":[{"uid":"d9d515fe946f5e4c","reportUrl":"https://jdi-templates.github.io/jdi-light-browserstack/13//#testresult/d9d515fe946f5e4c","status":"skipped","statusDetails":"\nCan't get WebDriver: chrome","time":{"start":1668597308643,"stop":1668597308644,"duration":1}},{"uid":"bb87f0de92a654f1","reportUrl":"https://jdi-templates.github.io/jdi-light-browserstack/12//#testresult/bb87f0de92a654f1","status":"skipped","statusDetails":"\nCan't get WebDriver: chrome","time":{"start":1668597280775,"stop":1668597280775,"duration":0}},{"uid":"9cc368a448678f23","reportUrl":"https://jdi-templates.github.io/jdi-light-browserstack/13//#testresult/9cc368a448678f23","status":"skipped","statusDetails":"\nCan't get WebDriver: chrome","time":{"start":1668597170196,"stop":1668597170196,"duration":0}},{"uid":"8b8c9a14f85dd596","reportUrl":"https://jdi-templates.github.io/jdi-light-browserstack/13//#testresult/8b8c9a14f85dd596","status":"skipped","statusDetails":"\nCan't get WebDriver: chrome","time":{"start":1668597037219,"stop":1668597037219,"duration":0}},{"uid":"bc8d6acdb8770600","reportUrl":"https://jdi-templates.github.io/jdi-light-browserstack/12//#testresult/bc8d6acdb8770600","status":"skipped","statusDetails":"\nCan't get WebDriver: chrome","time":{"start":1668596949476,"stop":1668596949476,"duration":0}},{"uid":"97901ea260f9eb68","reportUrl":"https://jdi-templates.github.io/jdi-light-browserstack/12//#testresult/97901ea260f9eb68","status":"skipped","statusDetails":"\nCan't get WebDriver: chrome","time":{"start":1668596827375,"stop":1668596827375,"duration":0}},{"uid":"3992585fb6b9702d","reportUrl":"https://jdi-templates.github.io/jdi-light-browserstack/12//#testresult/3992585fb6b9702d","status":"skipped","statusDetails":"\nCan't get WebDriver: chrome","time":{"start":1668596704559,"stop":1668596704559,"duration":0}},{"uid":"8a3c18469219921a","reportUrl":"https://jdi-templates.github.io/jdi-light-browserstack/9//#testresult/8a3c18469219921a","status":"skipped","statusDetails":"\nCan't get WebDriver: chrome","time":{"start":1668593122375,"stop":1668593122375,"duration":0}},{"uid":"6aa30b7a79debe30","reportUrl":"https://jdi-templates.github.io/jdi-light-browserstack/9//#testresult/6aa30b7a79debe30","status":"skipped","statusDetails":"\nCan't get WebDriver: chrome","time":{"start":1668593016894,"stop":1668593016894,"duration":0}},{"uid":"3387212f5b831d9b","reportUrl":"https://jdi-templates.github.io/jdi-light-browserstack/9//#testresult/3387212f5b831d9b","status":"skipped","statusDetails":"\nCan't get WebDriver: chrome","time":{"start":1668592897751,"stop":1668592897751,"duration":0}},{"uid":"8678c8ecc0cd39ea","reportUrl":"https://jdi-templates.github.io/jdi-light-browserstack/9//#testresult/8678c8ecc0cd39ea","status":"skipped","statusDetails":"\nCan't get WebDriver: chrome","time":{"start":1668592776612,"stop":1668592776612,"duration":0}},{"uid":"229d70349b60287d","reportUrl":"https://jdi-templates.github.io/jdi-light-browserstack/9//#testresult/229d70349b60287d","status":"skipped","statusDetails":"\nCan't get WebDriver: chrome","time":{"start":1668592658933,"stop":1668592658933,"duration":0}},{"uid":"796845f18a76f4d","reportUrl":"https://jdi-templates.github.io/jdi-light-browserstack/9//#testresult/796845f18a76f4d","status":"skipped","statusDetails":"\nCan't get WebDriver: chrome","time":{"start":1668592551473,"stop":1668592551473,"duration":0}},{"uid":"4cbce1de667f7ac9","reportUrl":"https://jdi-templates.github.io/jdi-light-browserstack/9//#testresult/4cbce1de667f7ac9","status":"skipped","statusDetails":"\nCan't get WebDriver: chrome","time":{"start":1668592443282,"stop":1668592443282,"duration":0}},{"uid":"7b8ed50c6f87420c","reportUrl":"https://jdi-templates.github.io/jdi-light-browserstack/8//#testresult/7b8ed50c6f87420c","status":"skipped","statusDetails":"\nCan't get WebDriver: chrome","time":{"start":1668592425494,"stop":1668592425495,"duration":1}},{"uid":"d3085320d0882bb","reportUrl":"https://jdi-templates.github.io/jdi-light-browserstack/9//#testresult/d3085320d0882bb","status":"skipped","statusDetails":"\nCan't get WebDriver: chrome","time":{"start":1668592330623,"stop":1668592330623,"duration":0}},{"uid":"154bf31603bfb826","reportUrl":"https://jdi-templates.github.io/jdi-light-browserstack/8//#testresult/154bf31603bfb826","status":"skipped","statusDetails":"\nCan't get WebDriver: chrome","time":{"start":1668592306813,"stop":1668592306813,"duration":0}},{"uid":"3c7311a89fe19e49","reportUrl":"https://jdi-templates.github.io/jdi-light-browserstack/8//#testresult/3c7311a89fe19e49","status":"skipped","statusDetails":"\nCan't get WebDriver: chrome","time":{"start":1668592191382,"stop":1668592191382,"duration":0}},{"uid":"2a768ad578bb93c5","reportUrl":"https://jdi-templates.github.io/jdi-light-browserstack/8//#testresult/2a768ad578bb93c5","status":"skipped","statusDetails":"\nCan't get WebDriver: chrome","time":{"start":1668592075883,"stop":1668592075883,"duration":0}},{"uid":"cfc2786baa02548d","reportUrl":"https://jdi-templates.github.io/jdi-light-browserstack/8//#testresult/cfc2786baa02548d","status":"skipped","statusDetails":"\nCan't get WebDriver: chrome","time":{"start":1668591965560,"stop":1668591965560,"duration":0}}]},"tags":[]},"source":"170bcd8ec6c3625b.json","parameterValues":[]}