{"uid":"5447f9257d019af9","name":"hugeTableSearchTest","fullName":"org.mytests.tests.example.JDIPerformanceTests.hugeTableSearchTest","historyId":"93e31f73cc9d39e058f98fba52500174","time":{"start":1668596704487,"stop":1668596704487,"duration":0},"status":"skipped","statusMessage":"\nCan't get WebDriver: chrome","statusTrace":"java.lang.RuntimeException: \nCan't get WebDriver: chrome\n\tat com.epam.jdi.light.common.Exceptions.exception(Exceptions.java:35)\n\tat com.epam.jdi.light.driver.WebDriverFactory.getDriver(WebDriverFactory.java:216)\n\tat com.epam.jdi.light.elements.common.WindowsManager.setWindowName(WindowsManager.java:87)\n\tat com.epam.jdi.light.elements.common.WindowsManager.openSiteTab(WindowsManager.java:51)\n\tat com.epam.jdi.light.elements.composite.WebPage.openSite(WebPage.java:153)\n\tat org.mytests.tests.TestsInit.setUp(TestsInit.java:18)\n\tat sun.reflect.NativeMethodAccessorImpl.invoke0(Native Method)\n\tat sun.reflect.NativeMethodAccessorImpl.invoke(NativeMethodAccessorImpl.java:62)\n\tat sun.reflect.DelegatingMethodAccessorImpl.invoke(DelegatingMethodAccessorImpl.java:43)\n\tat java.lang.reflect.Method.invoke(Method.java:498)\n\tat org.testng.internal.MethodInvocationHelper.invokeMethod(MethodInvocationHelper.java:124)\n\tat org.testng.internal.MethodInvocationHelper.invokeMethodConsideringTimeout(MethodInvocationHelper.java:59)\n\tat org.testng.internal.Invoker.invokeConfigurationMethod(Invoker.java:458)\n\tat org.testng.internal.Invoker.invokeConfigurations(Invoker.java:222)\n\tat org.testng.internal.Invoker.invokeConfigurations(Invoker.java:142)\n\tat org.testng.SuiteRunner.privateRun(SuiteRunner.java:401)\n\tat org.testng.SuiteRunner.run(SuiteRunner.java:364)\n\tat org.testng.SuiteRunnerWorker.runSuite(SuiteRunnerWorker.java:52)\n\tat org.testng.SuiteRunnerWorker.run(SuiteRunnerWorker.java:84)\n\tat org.testng.TestNG.runSuitesSequentially(TestNG.java:1208)\n\tat org.testng.TestNG.runSuitesLocally(TestNG.java:1137)\n\tat org.testng.TestNG.runSuites(TestNG.java:1049)\n\tat org.testng.TestNG.run(TestNG.java:1017)\n\tat org.apache.maven.surefire.testng.TestNGExecutor.run(TestNGExecutor.java:324)\n\tat org.apache.maven.surefire.testng.TestNGXmlTestSuite.execute(TestNGXmlTestSuite.java:74)\n\tat org.apache.maven.surefire.testng.TestNGProvider.invoke(TestNGProvider.java:123)\n\tat org.apache.maven.surefire.booter.ForkedBooter.runSuitesInProcess(ForkedBooter.java:456)\n\tat org.apache.maven.surefire.booter.ForkedBooter.execute(ForkedBooter.java:169)\n\tat org.apache.maven.surefire.booter.ForkedBooter.run(ForkedBooter.java:595)\n\tat org.apache.maven.surefire.booter.ForkedBooter.main(ForkedBooter.java:581)\nCaused by: java.lang.RuntimeException: \nCan't get WebDriver: chrome\n\tat com.epam.jdi.light.common.Exceptions.exception(Exceptions.java:35)\n\tat com.epam.jdi.light.driver.WebDriverFactory.getDriver(WebDriverFactory.java:224)\n\tat com.epam.jdi.light.driver.WebDriverFactory.getDriver(WebDriverFactory.java:214)\n\t... 28 more\nCaused by: java.lang.RuntimeException: java.lang.RuntimeException: \nFailed to run downloaded driver CHROME:X64:105.0.5195.52. Please check that your browser and driver are compatible or use local driver with 'drivers.folder' property in test.properties'.\nDriverPath: /home/runner/.cache/selenium/chromedriver/linux64/107.0.5304.62/chromedriver\n\tat com.jdiai.tools.func.JFunc1.execute(JFunc1.java:21)\n\tat com.epam.jdi.light.driver.WebDriverFactory.getDriver(WebDriverFactory.java:222)\n\t... 29 more\nCaused by: java.lang.RuntimeException: \nFailed to run downloaded driver CHROME:X64:105.0.5195.52. Please check that your browser and driver are compatible or use local driver with 'drivers.folder' property in test.properties'.\nDriverPath: /home/runner/.cache/selenium/chromedriver/linux64/107.0.5304.62/chromedriver\n\tat com.epam.jdi.light.common.Exceptions.exception(Exceptions.java:35)\n\tat com.epam.jdi.light.driver.WebDriverFactory.getDriverException(WebDriverFactory.java:143)\n\tat com.epam.jdi.light.driver.WebDriverFactory.getDriverByName(WebDriverFactory.java:127)\n\tat com.jdiai.tools.func.JFunc1.execute(JFunc1.java:19)\n\t... 30 more\nCaused by: java.lang.RuntimeException: \nCan't run and register new driver 'chrome'\n\tat com.epam.jdi.light.common.Exceptions.exception(Exceptions.java:35)\n\tat com.epam.jdi.light.driver.WebDriverFactory.registerNewDriver(WebDriverFactory.java:90)\n\tat com.epam.jdi.light.driver.WebDriverFactory.getDriverFromName(WebDriverFactory.java:158)\n\tat com.epam.jdi.light.driver.WebDriverFactory.getDriverByName(WebDriverFactory.java:125)\n\t... 31 more\nCaused by: java.lang.RuntimeException: \nFailed to get valid driver 'chrome'\n\tat com.epam.jdi.light.common.Exceptions.runtimeException(Exceptions.java:17)\n\tat com.epam.jdi.light.driver.WebDriverFactory.getValidDriver(WebDriverFactory.java:113)\n\tat com.epam.jdi.light.driver.WebDriverFactory.registerNewDriver(WebDriverFactory.java:85)\n\t... 33 more\n","flaky":false,"newFailed":false,"newBroken":false,"newPassed":false,"retriesCount":0,"retriesStatusChange":false,"beforeStages":[{"name":"setUp","time":{"start":1668596697517,"stop":1668596704278,"duration":6761},"description":"","status":"broken","statusMessage":"\nCan't get WebDriver: chrome","statusTrace":"java.lang.RuntimeException: \nCan't get WebDriver: chrome\n\tat com.epam.jdi.light.common.Exceptions.exception(Exceptions.java:35)\n\tat com.epam.jdi.light.driver.WebDriverFactory.getDriver(WebDriverFactory.java:216)\n\tat com.epam.jdi.light.elements.common.WindowsManager.setWindowName(WindowsManager.java:87)\n\tat com.epam.jdi.light.elements.common.WindowsManager.openSiteTab(WindowsManager.java:51)\n\tat com.epam.jdi.light.elements.composite.WebPage.openSite(WebPage.java:153)\n\tat org.mytests.tests.TestsInit.setUp(TestsInit.java:18)\n\tat sun.reflect.NativeMethodAccessorImpl.invoke0(Native Method)\n\tat sun.reflect.NativeMethodAccessorImpl.invoke(NativeMethodAccessorImpl.java:62)\n\tat sun.reflect.DelegatingMethodAccessorImpl.invoke(DelegatingMethodAccessorImpl.java:43)\n\tat java.lang.reflect.Method.invoke(Method.java:498)\n\tat org.testng.internal.MethodInvocationHelper.invokeMethod(MethodInvocationHelper.java:124)\n\tat org.testng.internal.MethodInvocationHelper.invokeMethodConsideringTimeout(MethodInvocationHelper.java:59)\n\tat org.testng.internal.Invoker.invokeConfigurationMethod(Invoker.java:458)\n\tat org.testng.internal.Invoker.invokeConfigurations(Invoker.java:222)\n\tat org.testng.internal.Invoker.invokeConfigurations(Invoker.java:142)\n\tat org.testng.SuiteRunner.privateRun(SuiteRunner.java:401)\n\tat org.testng.SuiteRunner.run(SuiteRunner.java:364)\n\tat org.testng.SuiteRunnerWorker.runSuite(SuiteRunnerWorker.java:52)\n\tat org.testng.SuiteRunnerWorker.run(SuiteRunnerWorker.java:84)\n\tat org.testng.TestNG.runSuitesSequentially(TestNG.java:1208)\n\tat org.testng.TestNG.runSuitesLocally(TestNG.java:1137)\n\tat org.testng.TestNG.runSuites(TestNG.java:1049)\n\tat org.testng.TestNG.run(TestNG.java:1017)\n\tat org.apache.maven.surefire.testng.TestNGExecutor.run(TestNGExecutor.java:324)\n\tat org.apache.maven.surefire.testng.TestNGXmlTestSuite.execute(TestNGXmlTestSuite.java:74)\n\tat org.apache.maven.surefire.testng.TestNGProvider.invoke(TestNGProvider.java:123)\n\tat org.apache.maven.surefire.booter.ForkedBooter.runSuitesInProcess(ForkedBooter.java:456)\n\tat org.apache.maven.surefire.booter.ForkedBooter.execute(ForkedBooter.java:169)\n\tat org.apache.maven.surefire.booter.ForkedBooter.run(ForkedBooter.java:595)\n\tat org.apache.maven.surefire.booter.ForkedBooter.main(ForkedBooter.java:581)\nCaused by: java.lang.RuntimeException: \nCan't get WebDriver: chrome\n\tat com.epam.jdi.light.common.Exceptions.exception(Exceptions.java:35)\n\tat com.epam.jdi.light.driver.WebDriverFactory.getDriver(WebDriverFactory.java:224)\n\tat com.epam.jdi.light.driver.WebDriverFactory.getDriver(WebDriverFactory.java:214)\n\t... 28 more\nCaused by: java.lang.RuntimeException: java.lang.RuntimeException: \nFailed to run downloaded driver CHROME:X64:105.0.5195.52. Please check that your browser and driver are compatible or use local driver with 'drivers.folder' property in test.properties'.\nDriverPath: /home/runner/.cache/selenium/chromedriver/linux64/107.0.5304.62/chromedriver\n\tat com.jdiai.tools.func.JFunc1.execute(JFunc1.java:21)\n\tat com.epam.jdi.light.driver.WebDriverFactory.getDriver(WebDriverFactory.java:222)\n\t... 29 more\nCaused by: java.lang.RuntimeException: \nFailed to run downloaded driver CHROME:X64:105.0.5195.52. Please check that your browser and driver are compatible or use local driver with 'drivers.folder' property in test.properties'.\nDriverPath: /home/runner/.cache/selenium/chromedriver/linux64/107.0.5304.62/chromedriver\n\tat com.epam.jdi.light.common.Exceptions.exception(Exceptions.java:35)\n\tat com.epam.jdi.light.driver.WebDriverFactory.getDriverException(WebDriverFactory.java:143)\n\tat com.epam.jdi.light.driver.WebDriverFactory.getDriverByName(WebDriverFactory.java:127)\n\tat com.jdiai.tools.func.JFunc1.execute(JFunc1.java:19)\n\t... 30 more\nCaused by: java.lang.RuntimeException: \nCan't run and register new driver 'chrome'\n\tat com.epam.jdi.light.common.Exceptions.exception(Exceptions.java:35)\n\tat com.epam.jdi.light.driver.WebDriverFactory.registerNewDriver(WebDriverFactory.java:90)\n\tat com.epam.jdi.light.driver.WebDriverFactory.getDriverFromName(WebDriverFactory.java:158)\n\tat com.epam.jdi.light.driver.WebDriverFactory.getDriverByName(WebDriverFactory.java:125)\n\t... 31 more\nCaused by: java.lang.RuntimeException: \nFailed to get valid driver 'chrome'\n\tat com.epam.jdi.light.common.Exceptions.runtimeException(Exceptions.java:17)\n\tat com.epam.jdi.light.driver.WebDriverFactory.getValidDriver(WebDriverFactory.java:113)\n\tat com.epam.jdi.light.driver.WebDriverFactory.registerNewDriver(WebDriverFactory.java:85)\n\t... 33 more\n","steps":[],"attachments":[],"parameters":[],"stepsCount":0,"attachmentsCount":0,"shouldDisplayMessage":true,"hasContent":true}],"afterStages":[{"name":"tearDown","time":{"start":1668596704529,"stop":1668596704529,"duration":0},"description":"","status":"passed","steps":[],"attachments":[],"parameters":[],"stepsCount":0,"attachmentsCount":0,"shouldDisplayMessage":false,"hasContent":false}],"labels":[{"name":"package","value":"org.mytests.tests.example.JDIPerformanceTests"},{"name":"testClass","value":"org.mytests.tests.example.JDIPerformanceTests"},{"name":"testMethod","value":"hugeTableSearchTest"},{"name":"parentSuite","value":"JDI-Light Performance"},{"name":"suite","value":"Tests"},{"name":"subSuite","value":"org.mytests.tests.example.JDIPerformanceTests"},{"name":"host","value":"fv-az295-367"},{"name":"thread","value":"3549@fv-az295-367.TestNG-test=Tests-4(37)"},{"name":"framework","value":"testng"},{"name":"language","value":"java"},{"name":"resultFormat","value":"allure2"}],"parameters":[],"links":[],"hidden":false,"retry":false,"extra":{"severity":"normal","retries":[],"categories":[],"history":{"statistic":{"failed":0,"broken":0,"skipped":48,"passed":1,"unknown":0,"total":49},"items":[{"uid":"59188ea27d306ed4","reportUrl":"https://jdi-templates.github.io/jdi-light-browserstack/9//#testresult/59188ea27d306ed4","status":"skipped","statusDetails":"\nCan't get WebDriver: chrome","time":{"start":1668593122335,"stop":1668593122335,"duration":0}},{"uid":"c24da69175348dd3","reportUrl":"https://jdi-templates.github.io/jdi-light-browserstack/9//#testresult/c24da69175348dd3","status":"skipped","statusDetails":"\nCan't get WebDriver: chrome","time":{"start":1668593016824,"stop":1668593016825,"duration":1}},{"uid":"70caf161185da916","reportUrl":"https://jdi-templates.github.io/jdi-light-browserstack/9//#testresult/70caf161185da916","status":"skipped","statusDetails":"\nCan't get WebDriver: chrome","time":{"start":1668592897672,"stop":1668592897672,"duration":0}},{"uid":"3cdd257a84ba388d","reportUrl":"https://jdi-templates.github.io/jdi-light-browserstack/9//#testresult/3cdd257a84ba388d","status":"skipped","statusDetails":"\nCan't get WebDriver: chrome","time":{"start":1668592776525,"stop":1668592776525,"duration":0}},{"uid":"b76f7a25f0d2446f","reportUrl":"https://jdi-templates.github.io/jdi-light-browserstack/9//#testresult/b76f7a25f0d2446f","status":"skipped","statusDetails":"\nCan't get WebDriver: chrome","time":{"start":1668592658877,"stop":1668592658877,"duration":0}},{"uid":"98bb2e337613f844","reportUrl":"https://jdi-templates.github.io/jdi-light-browserstack/9//#testresult/98bb2e337613f844","status":"skipped","statusDetails":"\nCan't get WebDriver: chrome","time":{"start":1668592551387,"stop":1668592551387,"duration":0}},{"uid":"31a5f4929805389a","reportUrl":"https://jdi-templates.github.io/jdi-light-browserstack/9//#testresult/31a5f4929805389a","status":"skipped","statusDetails":"\nCan't get WebDriver: chrome","time":{"start":1668592443202,"stop":1668592443202,"duration":0}},{"uid":"933807f669e2afad","reportUrl":"https://jdi-templates.github.io/jdi-light-browserstack/8//#testresult/933807f669e2afad","status":"skipped","statusDetails":"\nCan't get WebDriver: chrome","time":{"start":1668592425423,"stop":1668592425423,"duration":0}},{"uid":"fc0e1b2055fd6ad9","reportUrl":"https://jdi-templates.github.io/jdi-light-browserstack/9//#testresult/fc0e1b2055fd6ad9","status":"skipped","statusDetails":"\nCan't get WebDriver: chrome","time":{"start":1668592330565,"stop":1668592330565,"duration":0}},{"uid":"a28de016550eec3a","reportUrl":"https://jdi-templates.github.io/jdi-light-browserstack/8//#testresult/a28de016550eec3a","status":"skipped","statusDetails":"\nCan't get WebDriver: chrome","time":{"start":1668592306716,"stop":1668592306716,"duration":0}},{"uid":"6bd26b53448ad4cf","reportUrl":"https://jdi-templates.github.io/jdi-light-browserstack/8//#testresult/6bd26b53448ad4cf","status":"skipped","statusDetails":"\nCan't get WebDriver: chrome","time":{"start":1668592191262,"stop":1668592191262,"duration":0}},{"uid":"787d7dc025a8903b","reportUrl":"https://jdi-templates.github.io/jdi-light-browserstack/8//#testresult/787d7dc025a8903b","status":"skipped","statusDetails":"\nCan't get WebDriver: chrome","time":{"start":1668592075803,"stop":1668592075803,"duration":0}},{"uid":"32d2ef7e4cb5c1a1","reportUrl":"https://jdi-templates.github.io/jdi-light-browserstack/8//#testresult/32d2ef7e4cb5c1a1","status":"skipped","statusDetails":"\nCan't get WebDriver: chrome","time":{"start":1668591965501,"stop":1668591965501,"duration":0}},{"uid":"bbf57c4b35dad631","reportUrl":"https://jdi-templates.github.io/jdi-light-browserstack/8//#testresult/bbf57c4b35dad631","status":"skipped","statusDetails":"\nCan't get WebDriver: chrome","time":{"start":1668591851773,"stop":1668591851773,"duration":0}},{"uid":"a288aa1fb133fb93","reportUrl":"https://jdi-templates.github.io/jdi-light-browserstack/8//#testresult/a288aa1fb133fb93","status":"skipped","statusDetails":"\nCan't get WebDriver: chrome","time":{"start":1668591736849,"stop":1668591736849,"duration":0}},{"uid":"81f6b563d7bb8cd4","reportUrl":"https://jdi-templates.github.io/jdi-light-browserstack/8//#testresult/81f6b563d7bb8cd4","status":"skipped","statusDetails":"\nCan't get WebDriver: chrome","time":{"start":1668591639934,"stop":1668591639934,"duration":0}},{"uid":"1160cd23f1d97c7c","reportUrl":"https://jdi-templates.github.io/jdi-light-browserstack/7//#testresult/1160cd23f1d97c7c","status":"skipped","statusDetails":"\nCan't get WebDriver: firefox","time":{"start":1668417319392,"stop":1668417319392,"duration":0}},{"uid":"18d81d07b41c5e60","reportUrl":"https://jdi-templates.github.io/jdi-light-browserstack/7//#testresult/18d81d07b41c5e60","status":"skipped","statusDetails":"\nCan't get WebDriver: firefox","time":{"start":1668417216343,"stop":1668417216343,"duration":0}},{"uid":"ed21bc861859a855","reportUrl":"https://jdi-templates.github.io/jdi-light-browserstack/7//#testresult/ed21bc861859a855","status":"skipped","statusDetails":"\nCan't get WebDriver: firefox","time":{"start":1668417116841,"stop":1668417116841,"duration":0}},{"uid":"1e360ff7715ffc4c","reportUrl":"https://jdi-templates.github.io/jdi-light-browserstack/7//#testresult/1e360ff7715ffc4c","status":"skipped","statusDetails":"\nCan't get WebDriver: firefox","time":{"start":1668417005493,"stop":1668417005500,"duration":7}}]},"tags":[]},"source":"5447f9257d019af9.json","parameterValues":[]}