{"uid":"7b8821c20c8a8786","name":"fillContactsTest","fullName":"org.mytests.tests.example.FormTests.fillContactsTest","historyId":"b450e324374f472a2503b22490a157de","time":{"start":1668596949403,"stop":1668596949403,"duration":0},"status":"skipped","statusMessage":"\nCan't get WebDriver: chrome","statusTrace":"java.lang.RuntimeException: \nCan't get WebDriver: chrome\n\tat com.epam.jdi.light.common.Exceptions.exception(Exceptions.java:35)\n\tat com.epam.jdi.light.driver.WebDriverFactory.getDriver(WebDriverFactory.java:216)\n\tat com.epam.jdi.light.elements.common.WindowsManager.setWindowName(WindowsManager.java:87)\n\tat com.epam.jdi.light.elements.common.WindowsManager.openSiteTab(WindowsManager.java:51)\n\tat com.epam.jdi.light.elements.composite.WebPage.openSite(WebPage.java:153)\n\tat org.mytests.tests.TestsInit.setUp(TestsInit.java:18)\n\tat java.base/jdk.internal.reflect.NativeMethodAccessorImpl.invoke0(Native Method)\n\tat java.base/jdk.internal.reflect.NativeMethodAccessorImpl.invoke(NativeMethodAccessorImpl.java:62)\n\tat java.base/jdk.internal.reflect.DelegatingMethodAccessorImpl.invoke(DelegatingMethodAccessorImpl.java:43)\n\tat java.base/java.lang.reflect.Method.invoke(Method.java:564)\n\tat org.testng.internal.MethodInvocationHelper.invokeMethod(MethodInvocationHelper.java:124)\n\tat org.testng.internal.MethodInvocationHelper.invokeMethodConsideringTimeout(MethodInvocationHelper.java:59)\n\tat org.testng.internal.Invoker.invokeConfigurationMethod(Invoker.java:458)\n\tat org.testng.internal.Invoker.invokeConfigurations(Invoker.java:222)\n\tat org.testng.internal.Invoker.invokeConfigurations(Invoker.java:142)\n\tat org.testng.SuiteRunner.privateRun(SuiteRunner.java:401)\n\tat org.testng.SuiteRunner.run(SuiteRunner.java:364)\n\tat org.testng.SuiteRunnerWorker.runSuite(SuiteRunnerWorker.java:52)\n\tat org.testng.SuiteRunnerWorker.run(SuiteRunnerWorker.java:84)\n\tat org.testng.TestNG.runSuitesSequentially(TestNG.java:1208)\n\tat org.testng.TestNG.runSuitesLocally(TestNG.java:1137)\n\tat org.testng.TestNG.runSuites(TestNG.java:1049)\n\tat org.testng.TestNG.run(TestNG.java:1017)\n\tat org.apache.maven.surefire.testng.TestNGExecutor.run(TestNGExecutor.java:324)\n\tat org.apache.maven.surefire.testng.TestNGXmlTestSuite.execute(TestNGXmlTestSuite.java:74)\n\tat org.apache.maven.surefire.testng.TestNGProvider.invoke(TestNGProvider.java:123)\n\tat org.apache.maven.surefire.booter.ForkedBooter.runSuitesInProcess(ForkedBooter.java:456)\n\tat org.apache.maven.surefire.booter.ForkedBooter.execute(ForkedBooter.java:169)\n\tat org.apache.maven.surefire.booter.ForkedBooter.run(ForkedBooter.java:595)\n\tat org.apache.maven.surefire.booter.ForkedBooter.main(ForkedBooter.java:581)\nCaused by: java.lang.RuntimeException: \nCan't get WebDriver: chrome\n\tat com.epam.jdi.light.common.Exceptions.exception(Exceptions.java:35)\n\tat com.epam.jdi.light.driver.WebDriverFactory.getDriver(WebDriverFactory.java:224)\n\tat com.epam.jdi.light.driver.WebDriverFactory.getDriver(WebDriverFactory.java:214)\n\t... 28 more\nCaused by: java.lang.RuntimeException: java.lang.RuntimeException: \nFailed to run downloaded driver CHROME:X64:105.0.5195.52. Please check that your browser and driver are compatible or use local driver with 'drivers.folder' property in test.properties'.\nDriverPath: /home/runner/.cache/selenium/chromedriver/linux64/107.0.5304.62/chromedriver\n\tat com.jdiai.tools.func.JFunc1.execute(JFunc1.java:21)\n\tat com.epam.jdi.light.driver.WebDriverFactory.getDriver(WebDriverFactory.java:222)\n\t... 29 more\nCaused by: java.lang.RuntimeException: \nFailed to run downloaded driver CHROME:X64:105.0.5195.52. Please check that your browser and driver are compatible or use local driver with 'drivers.folder' property in test.properties'.\nDriverPath: /home/runner/.cache/selenium/chromedriver/linux64/107.0.5304.62/chromedriver\n\tat com.epam.jdi.light.common.Exceptions.exception(Exceptions.java:35)\n\tat com.epam.jdi.light.driver.WebDriverFactory.getDriverException(WebDriverFactory.java:143)\n\tat com.epam.jdi.light.driver.WebDriverFactory.getDriverByName(WebDriverFactory.java:127)\n\tat com.jdiai.tools.func.JFunc1.execute(JFunc1.java:19)\n\t... 30 more\nCaused by: java.lang.RuntimeException: \nCan't run and register new driver 'chrome'\n\tat com.epam.jdi.light.common.Exceptions.exception(Exceptions.java:35)\n\tat com.epam.jdi.light.driver.WebDriverFactory.registerNewDriver(WebDriverFactory.java:90)\n\tat com.epam.jdi.light.driver.WebDriverFactory.getDriverFromName(WebDriverFactory.java:158)\n\tat com.epam.jdi.light.driver.WebDriverFactory.getDriverByName(WebDriverFactory.java:125)\n\t... 31 more\nCaused by: java.lang.RuntimeException: \nFailed to get valid driver 'chrome'\n\tat com.epam.jdi.light.common.Exceptions.runtimeException(Exceptions.java:17)\n\tat com.epam.jdi.light.driver.WebDriverFactory.getValidDriver(WebDriverFactory.java:113)\n\tat com.epam.jdi.light.driver.WebDriverFactory.registerNewDriver(WebDriverFactory.java:85)\n\t... 33 more\n","flaky":false,"newFailed":false,"newBroken":false,"newPassed":false,"retriesCount":0,"retriesStatusChange":false,"beforeStages":[{"name":"setUp","time":{"start":1668596937966,"stop":1668596949200,"duration":11234},"description":"","status":"broken","statusMessage":"\nCan't get WebDriver: chrome","statusTrace":"java.lang.RuntimeException: \nCan't get WebDriver: chrome\n\tat com.epam.jdi.light.common.Exceptions.exception(Exceptions.java:35)\n\tat com.epam.jdi.light.driver.WebDriverFactory.getDriver(WebDriverFactory.java:216)\n\tat com.epam.jdi.light.elements.common.WindowsManager.setWindowName(WindowsManager.java:87)\n\tat com.epam.jdi.light.elements.common.WindowsManager.openSiteTab(WindowsManager.java:51)\n\tat com.epam.jdi.light.elements.composite.WebPage.openSite(WebPage.java:153)\n\tat org.mytests.tests.TestsInit.setUp(TestsInit.java:18)\n\tat java.base/jdk.internal.reflect.NativeMethodAccessorImpl.invoke0(Native Method)\n\tat java.base/jdk.internal.reflect.NativeMethodAccessorImpl.invoke(NativeMethodAccessorImpl.java:62)\n\tat java.base/jdk.internal.reflect.DelegatingMethodAccessorImpl.invoke(DelegatingMethodAccessorImpl.java:43)\n\tat java.base/java.lang.reflect.Method.invoke(Method.java:564)\n\tat org.testng.internal.MethodInvocationHelper.invokeMethod(MethodInvocationHelper.java:124)\n\tat org.testng.internal.MethodInvocationHelper.invokeMethodConsideringTimeout(MethodInvocationHelper.java:59)\n\tat org.testng.internal.Invoker.invokeConfigurationMethod(Invoker.java:458)\n\tat org.testng.internal.Invoker.invokeConfigurations(Invoker.java:222)\n\tat org.testng.internal.Invoker.invokeConfigurations(Invoker.java:142)\n\tat org.testng.SuiteRunner.privateRun(SuiteRunner.java:401)\n\tat org.testng.SuiteRunner.run(SuiteRunner.java:364)\n\tat org.testng.SuiteRunnerWorker.runSuite(SuiteRunnerWorker.java:52)\n\tat org.testng.SuiteRunnerWorker.run(SuiteRunnerWorker.java:84)\n\tat org.testng.TestNG.runSuitesSequentially(TestNG.java:1208)\n\tat org.testng.TestNG.runSuitesLocally(TestNG.java:1137)\n\tat org.testng.TestNG.runSuites(TestNG.java:1049)\n\tat org.testng.TestNG.run(TestNG.java:1017)\n\tat org.apache.maven.surefire.testng.TestNGExecutor.run(TestNGExecutor.java:324)\n\tat org.apache.maven.surefire.testng.TestNGXmlTestSuite.execute(TestNGXmlTestSuite.java:74)\n\tat org.apache.maven.surefire.testng.TestNGProvider.invoke(TestNGProvider.java:123)\n\tat org.apache.maven.surefire.booter.ForkedBooter.runSuitesInProcess(ForkedBooter.java:456)\n\tat org.apache.maven.surefire.booter.ForkedBooter.execute(ForkedBooter.java:169)\n\tat org.apache.maven.surefire.booter.ForkedBooter.run(ForkedBooter.java:595)\n\tat org.apache.maven.surefire.booter.ForkedBooter.main(ForkedBooter.java:581)\nCaused by: java.lang.RuntimeException: \nCan't get WebDriver: chrome\n\tat com.epam.jdi.light.common.Exceptions.exception(Exceptions.java:35)\n\tat com.epam.jdi.light.driver.WebDriverFactory.getDriver(WebDriverFactory.java:224)\n\tat com.epam.jdi.light.driver.WebDriverFactory.getDriver(WebDriverFactory.java:214)\n\t... 28 more\nCaused by: java.lang.RuntimeException: java.lang.RuntimeException: \nFailed to run downloaded driver CHROME:X64:105.0.5195.52. Please check that your browser and driver are compatible or use local driver with 'drivers.folder' property in test.properties'.\nDriverPath: /home/runner/.cache/selenium/chromedriver/linux64/107.0.5304.62/chromedriver\n\tat com.jdiai.tools.func.JFunc1.execute(JFunc1.java:21)\n\tat com.epam.jdi.light.driver.WebDriverFactory.getDriver(WebDriverFactory.java:222)\n\t... 29 more\nCaused by: java.lang.RuntimeException: \nFailed to run downloaded driver CHROME:X64:105.0.5195.52. Please check that your browser and driver are compatible or use local driver with 'drivers.folder' property in test.properties'.\nDriverPath: /home/runner/.cache/selenium/chromedriver/linux64/107.0.5304.62/chromedriver\n\tat com.epam.jdi.light.common.Exceptions.exception(Exceptions.java:35)\n\tat com.epam.jdi.light.driver.WebDriverFactory.getDriverException(WebDriverFactory.java:143)\n\tat com.epam.jdi.light.driver.WebDriverFactory.getDriverByName(WebDriverFactory.java:127)\n\tat com.jdiai.tools.func.JFunc1.execute(JFunc1.java:19)\n\t... 30 more\nCaused by: java.lang.RuntimeException: \nCan't run and register new driver 'chrome'\n\tat com.epam.jdi.light.common.Exceptions.exception(Exceptions.java:35)\n\tat com.epam.jdi.light.driver.WebDriverFactory.registerNewDriver(WebDriverFactory.java:90)\n\tat com.epam.jdi.light.driver.WebDriverFactory.getDriverFromName(WebDriverFactory.java:158)\n\tat com.epam.jdi.light.driver.WebDriverFactory.getDriverByName(WebDriverFactory.java:125)\n\t... 31 more\nCaused by: java.lang.RuntimeException: \nFailed to get valid driver 'chrome'\n\tat com.epam.jdi.light.common.Exceptions.runtimeException(Exceptions.java:17)\n\tat com.epam.jdi.light.driver.WebDriverFactory.getValidDriver(WebDriverFactory.java:113)\n\tat com.epam.jdi.light.driver.WebDriverFactory.registerNewDriver(WebDriverFactory.java:85)\n\t... 33 more\n","steps":[],"attachments":[],"parameters":[],"attachmentsCount":0,"shouldDisplayMessage":true,"hasContent":true,"stepsCount":0}],"afterStages":[{"name":"tearDown","time":{"start":1668596949427,"stop":1668596949427,"duration":0},"description":"","status":"passed","steps":[],"attachments":[],"parameters":[],"attachmentsCount":0,"shouldDisplayMessage":false,"hasContent":false,"stepsCount":0}],"labels":[{"name":"package","value":"org.mytests.tests.example.FormTests"},{"name":"testClass","value":"org.mytests.tests.example.FormTests"},{"name":"testMethod","value":"fillContactsTest"},{"name":"parentSuite","value":"JDI-Light Performance"},{"name":"suite","value":"Tests"},{"name":"subSuite","value":"org.mytests.tests.example.FormTests"},{"name":"host","value":"fv-az446-593"},{"name":"thread","value":"3414@fv-az446-593.TestNG-test=Tests-3(37)"},{"name":"framework","value":"testng"},{"name":"language","value":"java"},{"name":"resultFormat","value":"allure2"}],"parameters":[],"links":[],"hidden":false,"retry":false,"extra":{"severity":"normal","retries":[],"categories":[],"history":{"statistic":{"failed":0,"broken":0,"skipped":50,"passed":1,"unknown":0,"total":51},"items":[{"uid":"4f6b7a756d13a117","reportUrl":"https://jdi-templates.github.io/jdi-light-browserstack/12//#testresult/4f6b7a756d13a117","status":"skipped","statusDetails":"\nCan't get WebDriver: chrome","time":{"start":1668596827282,"stop":1668596827282,"duration":0}},{"uid":"92a4849aea8f80d7","reportUrl":"https://jdi-templates.github.io/jdi-light-browserstack/12//#testresult/92a4849aea8f80d7","status":"skipped","statusDetails":"\nCan't get WebDriver: chrome","time":{"start":1668596704494,"stop":1668596704495,"duration":1}},{"uid":"da5a432bba01eed2","reportUrl":"https://jdi-templates.github.io/jdi-light-browserstack/9//#testresult/da5a432bba01eed2","status":"skipped","statusDetails":"\nCan't get WebDriver: chrome","time":{"start":1668593122312,"stop":1668593122313,"duration":1}},{"uid":"a33885910143d777","reportUrl":"https://jdi-templates.github.io/jdi-light-browserstack/9//#testresult/a33885910143d777","status":"skipped","statusDetails":"\nCan't get WebDriver: chrome","time":{"start":1668593016808,"stop":1668593016808,"duration":0}},{"uid":"dab4ae8539487653","reportUrl":"https://jdi-templates.github.io/jdi-light-browserstack/9//#testresult/dab4ae8539487653","status":"skipped","statusDetails":"\nCan't get WebDriver: chrome","time":{"start":1668592897664,"stop":1668592897664,"duration":0}},{"uid":"84ac3ace1aabdcc0","reportUrl":"https://jdi-templates.github.io/jdi-light-browserstack/9//#testresult/84ac3ace1aabdcc0","status":"skipped","statusDetails":"\nCan't get WebDriver: chrome","time":{"start":1668592776527,"stop":1668592776527,"duration":0}},{"uid":"2d27e7dfa4863b9e","reportUrl":"https://jdi-templates.github.io/jdi-light-browserstack/9//#testresult/2d27e7dfa4863b9e","status":"skipped","statusDetails":"\nCan't get WebDriver: chrome","time":{"start":1668592658870,"stop":1668592658870,"duration":0}},{"uid":"e749269b7f942d2a","reportUrl":"https://jdi-templates.github.io/jdi-light-browserstack/9//#testresult/e749269b7f942d2a","status":"skipped","statusDetails":"\nCan't get WebDriver: chrome","time":{"start":1668592551399,"stop":1668592551403,"duration":4}},{"uid":"75a61c4ea0482ff1","reportUrl":"https://jdi-templates.github.io/jdi-light-browserstack/9//#testresult/75a61c4ea0482ff1","status":"skipped","statusDetails":"\nCan't get WebDriver: chrome","time":{"start":1668592443179,"stop":1668592443179,"duration":0}},{"uid":"8105eca8b084ac13","reportUrl":"https://jdi-templates.github.io/jdi-light-browserstack/8//#testresult/8105eca8b084ac13","status":"skipped","statusDetails":"\nCan't get WebDriver: chrome","time":{"start":1668592425413,"stop":1668592425413,"duration":0}},{"uid":"94728c5068ff9466","reportUrl":"https://jdi-templates.github.io/jdi-light-browserstack/9//#testresult/94728c5068ff9466","status":"skipped","statusDetails":"\nCan't get WebDriver: chrome","time":{"start":1668592330568,"stop":1668592330568,"duration":0}},{"uid":"343762d0c998fa4f","reportUrl":"https://jdi-templates.github.io/jdi-light-browserstack/8//#testresult/343762d0c998fa4f","status":"skipped","statusDetails":"\nCan't get WebDriver: chrome","time":{"start":1668592306744,"stop":1668592306744,"duration":0}},{"uid":"6ff81ad2dd18c127","reportUrl":"https://jdi-templates.github.io/jdi-light-browserstack/8//#testresult/6ff81ad2dd18c127","status":"skipped","statusDetails":"\nCan't get WebDriver: chrome","time":{"start":1668592191252,"stop":1668592191252,"duration":0}},{"uid":"8179c581639d247b","reportUrl":"https://jdi-templates.github.io/jdi-light-browserstack/8//#testresult/8179c581639d247b","status":"skipped","statusDetails":"\nCan't get WebDriver: chrome","time":{"start":1668592075800,"stop":1668592075800,"duration":0}},{"uid":"56bdc864f42be7f5","reportUrl":"https://jdi-templates.github.io/jdi-light-browserstack/8//#testresult/56bdc864f42be7f5","status":"skipped","statusDetails":"\nCan't get WebDriver: chrome","time":{"start":1668591965523,"stop":1668591965523,"duration":0}},{"uid":"f106d5c00f69f999","reportUrl":"https://jdi-templates.github.io/jdi-light-browserstack/8//#testresult/f106d5c00f69f999","status":"skipped","statusDetails":"\nCan't get WebDriver: chrome","time":{"start":1668591851783,"stop":1668591851783,"duration":0}},{"uid":"13647dceed123f94","reportUrl":"https://jdi-templates.github.io/jdi-light-browserstack/8//#testresult/13647dceed123f94","status":"skipped","statusDetails":"\nCan't get WebDriver: chrome","time":{"start":1668591736839,"stop":1668591736839,"duration":0}},{"uid":"d4d4805b10164f6c","reportUrl":"https://jdi-templates.github.io/jdi-light-browserstack/8//#testresult/d4d4805b10164f6c","status":"skipped","statusDetails":"\nCan't get WebDriver: chrome","time":{"start":1668591639908,"stop":1668591639908,"duration":0}},{"uid":"a105e2f61c7adecc","reportUrl":"https://jdi-templates.github.io/jdi-light-browserstack/7//#testresult/a105e2f61c7adecc","status":"skipped","statusDetails":"\nCan't get WebDriver: firefox","time":{"start":1668417319400,"stop":1668417319400,"duration":0}},{"uid":"3f4ee7b0735ee87e","reportUrl":"https://jdi-templates.github.io/jdi-light-browserstack/7//#testresult/3f4ee7b0735ee87e","status":"skipped","statusDetails":"\nCan't get WebDriver: firefox","time":{"start":1668417216342,"stop":1668417216342,"duration":0}}]},"tags":[]},"source":"7b8821c20c8a8786.json","parameterValues":[]}