{"uid":"830447a15c7e8631","name":"lineFilterTest","fullName":"org.mytests.tests.example.DataTableInteractTests.lineFilterTest","historyId":"4d1264eda1e937710fc4d34e93e5cb1","time":{"start":1668597056945,"stop":1668597056945,"duration":0},"status":"skipped","statusMessage":"\nCan't get WebDriver: chrome","statusTrace":"java.lang.RuntimeException: \nCan't get WebDriver: chrome\n\tat com.epam.jdi.light.common.Exceptions.exception(Exceptions.java:35)\n\tat com.epam.jdi.light.driver.WebDriverFactory.getDriver(WebDriverFactory.java:216)\n\tat com.epam.jdi.light.elements.common.WindowsManager.setWindowName(WindowsManager.java:87)\n\tat com.epam.jdi.light.elements.common.WindowsManager.openSiteTab(WindowsManager.java:51)\n\tat com.epam.jdi.light.elements.composite.WebPage.openSite(WebPage.java:153)\n\tat org.mytests.tests.TestsInit.setUp(TestsInit.java:18)\n\tat java.base/jdk.internal.reflect.NativeMethodAccessorImpl.invoke0(Native Method)\n\tat java.base/jdk.internal.reflect.NativeMethodAccessorImpl.invoke(NativeMethodAccessorImpl.java:62)\n\tat java.base/jdk.internal.reflect.DelegatingMethodAccessorImpl.invoke(DelegatingMethodAccessorImpl.java:43)\n\tat java.base/java.lang.reflect.Method.invoke(Method.java:566)\n\tat org.testng.internal.MethodInvocationHelper.invokeMethod(MethodInvocationHelper.java:124)\n\tat org.testng.internal.MethodInvocationHelper.invokeMethodConsideringTimeout(MethodInvocationHelper.java:59)\n\tat org.testng.internal.Invoker.invokeConfigurationMethod(Invoker.java:458)\n\tat org.testng.internal.Invoker.invokeConfigurations(Invoker.java:222)\n\tat org.testng.internal.Invoker.invokeConfigurations(Invoker.java:142)\n\tat org.testng.SuiteRunner.privateRun(SuiteRunner.java:401)\n\tat org.testng.SuiteRunner.run(SuiteRunner.java:364)\n\tat org.testng.SuiteRunnerWorker.runSuite(SuiteRunnerWorker.java:52)\n\tat org.testng.SuiteRunnerWorker.run(SuiteRunnerWorker.java:84)\n\tat org.testng.TestNG.runSuitesSequentially(TestNG.java:1208)\n\tat org.testng.TestNG.runSuitesLocally(TestNG.java:1137)\n\tat org.testng.TestNG.runSuites(TestNG.java:1049)\n\tat org.testng.TestNG.run(TestNG.java:1017)\n\tat org.apache.maven.surefire.testng.TestNGExecutor.run(TestNGExecutor.java:324)\n\tat org.apache.maven.surefire.testng.TestNGXmlTestSuite.execute(TestNGXmlTestSuite.java:74)\n\tat org.apache.maven.surefire.testng.TestNGProvider.invoke(TestNGProvider.java:123)\n\tat org.apache.maven.surefire.booter.ForkedBooter.runSuitesInProcess(ForkedBooter.java:456)\n\tat org.apache.maven.surefire.booter.ForkedBooter.execute(ForkedBooter.java:169)\n\tat org.apache.maven.surefire.booter.ForkedBooter.run(ForkedBooter.java:595)\n\tat org.apache.maven.surefire.booter.ForkedBooter.main(ForkedBooter.java:581)\nCaused by: java.lang.RuntimeException: \nCan't get WebDriver: chrome\n\tat com.epam.jdi.light.common.Exceptions.exception(Exceptions.java:35)\n\tat com.epam.jdi.light.driver.WebDriverFactory.getDriver(WebDriverFactory.java:224)\n\tat com.epam.jdi.light.driver.WebDriverFactory.getDriver(WebDriverFactory.java:214)\n\t... 28 more\nCaused by: java.lang.RuntimeException: java.lang.RuntimeException: \nFailed to run downloaded driver CHROME:X64:105.0.5195.52. Please check that your browser and driver are compatible or use local driver with 'drivers.folder' property in test.properties'.\nDriverPath: /home/runner/.cache/selenium/chromedriver/linux64/107.0.5304.62/chromedriver\n\tat com.jdiai.tools.func.JFunc1.execute(JFunc1.java:21)\n\tat com.epam.jdi.light.driver.WebDriverFactory.getDriver(WebDriverFactory.java:222)\n\t... 29 more\nCaused by: java.lang.RuntimeException: \nFailed to run downloaded driver CHROME:X64:105.0.5195.52. Please check that your browser and driver are compatible or use local driver with 'drivers.folder' property in test.properties'.\nDriverPath: /home/runner/.cache/selenium/chromedriver/linux64/107.0.5304.62/chromedriver\n\tat com.epam.jdi.light.common.Exceptions.exception(Exceptions.java:35)\n\tat com.epam.jdi.light.driver.WebDriverFactory.getDriverException(WebDriverFactory.java:143)\n\tat com.epam.jdi.light.driver.WebDriverFactory.getDriverByName(WebDriverFactory.java:127)\n\tat com.jdiai.tools.func.JFunc1.execute(JFunc1.java:19)\n\t... 30 more\nCaused by: java.lang.RuntimeException: \nCan't run and register new driver 'chrome'\n\tat com.epam.jdi.light.common.Exceptions.exception(Exceptions.java:35)\n\tat com.epam.jdi.light.driver.WebDriverFactory.registerNewDriver(WebDriverFactory.java:90)\n\tat com.epam.jdi.light.driver.WebDriverFactory.getDriverFromName(WebDriverFactory.java:158)\n\tat com.epam.jdi.light.driver.WebDriverFactory.getDriverByName(WebDriverFactory.java:125)\n\t... 31 more\nCaused by: java.lang.RuntimeException: \nFailed to get valid driver 'chrome'\n\tat com.epam.jdi.light.common.Exceptions.runtimeException(Exceptions.java:17)\n\tat com.epam.jdi.light.driver.WebDriverFactory.getValidDriver(WebDriverFactory.java:113)\n\tat com.epam.jdi.light.driver.WebDriverFactory.registerNewDriver(WebDriverFactory.java:85)\n\t... 33 more\n","flaky":false,"newFailed":false,"newBroken":false,"newPassed":false,"retriesCount":0,"retriesStatusChange":false,"beforeStages":[{"name":"setUp","time":{"start":1668597047371,"stop":1668597056731,"duration":9360},"description":"","status":"broken","statusMessage":"\nCan't get WebDriver: chrome","statusTrace":"java.lang.RuntimeException: \nCan't get WebDriver: chrome\n\tat com.epam.jdi.light.common.Exceptions.exception(Exceptions.java:35)\n\tat com.epam.jdi.light.driver.WebDriverFactory.getDriver(WebDriverFactory.java:216)\n\tat com.epam.jdi.light.elements.common.WindowsManager.setWindowName(WindowsManager.java:87)\n\tat com.epam.jdi.light.elements.common.WindowsManager.openSiteTab(WindowsManager.java:51)\n\tat com.epam.jdi.light.elements.composite.WebPage.openSite(WebPage.java:153)\n\tat org.mytests.tests.TestsInit.setUp(TestsInit.java:18)\n\tat java.base/jdk.internal.reflect.NativeMethodAccessorImpl.invoke0(Native Method)\n\tat java.base/jdk.internal.reflect.NativeMethodAccessorImpl.invoke(NativeMethodAccessorImpl.java:62)\n\tat java.base/jdk.internal.reflect.DelegatingMethodAccessorImpl.invoke(DelegatingMethodAccessorImpl.java:43)\n\tat java.base/java.lang.reflect.Method.invoke(Method.java:566)\n\tat org.testng.internal.MethodInvocationHelper.invokeMethod(MethodInvocationHelper.java:124)\n\tat org.testng.internal.MethodInvocationHelper.invokeMethodConsideringTimeout(MethodInvocationHelper.java:59)\n\tat org.testng.internal.Invoker.invokeConfigurationMethod(Invoker.java:458)\n\tat org.testng.internal.Invoker.invokeConfigurations(Invoker.java:222)\n\tat org.testng.internal.Invoker.invokeConfigurations(Invoker.java:142)\n\tat org.testng.SuiteRunner.privateRun(SuiteRunner.java:401)\n\tat org.testng.SuiteRunner.run(SuiteRunner.java:364)\n\tat org.testng.SuiteRunnerWorker.runSuite(SuiteRunnerWorker.java:52)\n\tat org.testng.SuiteRunnerWorker.run(SuiteRunnerWorker.java:84)\n\tat org.testng.TestNG.runSuitesSequentially(TestNG.java:1208)\n\tat org.testng.TestNG.runSuitesLocally(TestNG.java:1137)\n\tat org.testng.TestNG.runSuites(TestNG.java:1049)\n\tat org.testng.TestNG.run(TestNG.java:1017)\n\tat org.apache.maven.surefire.testng.TestNGExecutor.run(TestNGExecutor.java:324)\n\tat org.apache.maven.surefire.testng.TestNGXmlTestSuite.execute(TestNGXmlTestSuite.java:74)\n\tat org.apache.maven.surefire.testng.TestNGProvider.invoke(TestNGProvider.java:123)\n\tat org.apache.maven.surefire.booter.ForkedBooter.runSuitesInProcess(ForkedBooter.java:456)\n\tat org.apache.maven.surefire.booter.ForkedBooter.execute(ForkedBooter.java:169)\n\tat org.apache.maven.surefire.booter.ForkedBooter.run(ForkedBooter.java:595)\n\tat org.apache.maven.surefire.booter.ForkedBooter.main(ForkedBooter.java:581)\nCaused by: java.lang.RuntimeException: \nCan't get WebDriver: chrome\n\tat com.epam.jdi.light.common.Exceptions.exception(Exceptions.java:35)\n\tat com.epam.jdi.light.driver.WebDriverFactory.getDriver(WebDriverFactory.java:224)\n\tat com.epam.jdi.light.driver.WebDriverFactory.getDriver(WebDriverFactory.java:214)\n\t... 28 more\nCaused by: java.lang.RuntimeException: java.lang.RuntimeException: \nFailed to run downloaded driver CHROME:X64:105.0.5195.52. Please check that your browser and driver are compatible or use local driver with 'drivers.folder' property in test.properties'.\nDriverPath: /home/runner/.cache/selenium/chromedriver/linux64/107.0.5304.62/chromedriver\n\tat com.jdiai.tools.func.JFunc1.execute(JFunc1.java:21)\n\tat com.epam.jdi.light.driver.WebDriverFactory.getDriver(WebDriverFactory.java:222)\n\t... 29 more\nCaused by: java.lang.RuntimeException: \nFailed to run downloaded driver CHROME:X64:105.0.5195.52. Please check that your browser and driver are compatible or use local driver with 'drivers.folder' property in test.properties'.\nDriverPath: /home/runner/.cache/selenium/chromedriver/linux64/107.0.5304.62/chromedriver\n\tat com.epam.jdi.light.common.Exceptions.exception(Exceptions.java:35)\n\tat com.epam.jdi.light.driver.WebDriverFactory.getDriverException(WebDriverFactory.java:143)\n\tat com.epam.jdi.light.driver.WebDriverFactory.getDriverByName(WebDriverFactory.java:127)\n\tat com.jdiai.tools.func.JFunc1.execute(JFunc1.java:19)\n\t... 30 more\nCaused by: java.lang.RuntimeException: \nCan't run and register new driver 'chrome'\n\tat com.epam.jdi.light.common.Exceptions.exception(Exceptions.java:35)\n\tat com.epam.jdi.light.driver.WebDriverFactory.registerNewDriver(WebDriverFactory.java:90)\n\tat com.epam.jdi.light.driver.WebDriverFactory.getDriverFromName(WebDriverFactory.java:158)\n\tat com.epam.jdi.light.driver.WebDriverFactory.getDriverByName(WebDriverFactory.java:125)\n\t... 31 more\nCaused by: java.lang.RuntimeException: \nFailed to get valid driver 'chrome'\n\tat com.epam.jdi.light.common.Exceptions.runtimeException(Exceptions.java:17)\n\tat com.epam.jdi.light.driver.WebDriverFactory.getValidDriver(WebDriverFactory.java:113)\n\tat com.epam.jdi.light.driver.WebDriverFactory.registerNewDriver(WebDriverFactory.java:85)\n\t... 33 more\n","steps":[],"attachments":[],"parameters":[],"stepsCount":0,"attachmentsCount":0,"shouldDisplayMessage":true,"hasContent":true}],"afterStages":[{"name":"tearDown","time":{"start":1668597056964,"stop":1668597056964,"duration":0},"description":"","status":"passed","steps":[],"attachments":[],"parameters":[],"stepsCount":0,"attachmentsCount":0,"shouldDisplayMessage":false,"hasContent":false}],"labels":[{"name":"package","value":"org.mytests.tests.example.DataTableInteractTests"},{"name":"testClass","value":"org.mytests.tests.example.DataTableInteractTests"},{"name":"testMethod","value":"lineFilterTest"},{"name":"parentSuite","value":"JDI-Light Performance"},{"name":"suite","value":"Tests"},{"name":"subSuite","value":"org.mytests.tests.example.DataTableInteractTests"},{"name":"host","value":"fv-az58-48"},{"name":"thread","value":"4029@fv-az58-48.TestNG-test=Tests-1(35)"},{"name":"framework","value":"testng"},{"name":"language","value":"java"},{"name":"resultFormat","value":"allure2"}],"parameters":[],"links":[],"hidden":false,"retry":false,"extra":{"severity":"normal","retries":[],"categories":[],"history":{"statistic":{"failed":0,"broken":0,"skipped":51,"passed":1,"unknown":0,"total":52},"items":[{"uid":"2bf5fe4678ae4dd1","reportUrl":"https://jdi-templates.github.io/jdi-light-browserstack/12//#testresult/2bf5fe4678ae4dd1","status":"skipped","statusDetails":"\nCan't get WebDriver: chrome","time":{"start":1668596949415,"stop":1668596949415,"duration":0}},{"uid":"73edfd373de09fe9","reportUrl":"https://jdi-templates.github.io/jdi-light-browserstack/12//#testresult/73edfd373de09fe9","status":"skipped","statusDetails":"\nCan't get WebDriver: chrome","time":{"start":1668596827311,"stop":1668596827313,"duration":2}},{"uid":"f348dae70e16a64d","reportUrl":"https://jdi-templates.github.io/jdi-light-browserstack/12//#testresult/f348dae70e16a64d","status":"skipped","statusDetails":"\nCan't get WebDriver: chrome","time":{"start":1668596704509,"stop":1668596704509,"duration":0}},{"uid":"f863b9ca1a474df6","reportUrl":"https://jdi-templates.github.io/jdi-light-browserstack/9//#testresult/f863b9ca1a474df6","status":"skipped","statusDetails":"\nCan't get WebDriver: chrome","time":{"start":1668593122319,"stop":1668593122319,"duration":0}},{"uid":"9bf20bf804826d7b","reportUrl":"https://jdi-templates.github.io/jdi-light-browserstack/9//#testresult/9bf20bf804826d7b","status":"skipped","statusDetails":"\nCan't get WebDriver: chrome","time":{"start":1668593016819,"stop":1668593016819,"duration":0}},{"uid":"f1a0695cbf771484","reportUrl":"https://jdi-templates.github.io/jdi-light-browserstack/9//#testresult/f1a0695cbf771484","status":"skipped","statusDetails":"\nCan't get WebDriver: chrome","time":{"start":1668592897699,"stop":1668592897699,"duration":0}},{"uid":"4e384efc805cf105","reportUrl":"https://jdi-templates.github.io/jdi-light-browserstack/9//#testresult/4e384efc805cf105","status":"skipped","statusDetails":"\nCan't get WebDriver: chrome","time":{"start":1668592776544,"stop":1668592776545,"duration":1}},{"uid":"e2a23e3c72751e91","reportUrl":"https://jdi-templates.github.io/jdi-light-browserstack/9//#testresult/e2a23e3c72751e91","status":"skipped","statusDetails":"\nCan't get WebDriver: chrome","time":{"start":1668592658884,"stop":1668592658884,"duration":0}},{"uid":"b388a4281e136450","reportUrl":"https://jdi-templates.github.io/jdi-light-browserstack/9//#testresult/b388a4281e136450","status":"skipped","statusDetails":"\nCan't get WebDriver: chrome","time":{"start":1668592551409,"stop":1668592551409,"duration":0}},{"uid":"78e703a2e8bd0593","reportUrl":"https://jdi-templates.github.io/jdi-light-browserstack/9//#testresult/78e703a2e8bd0593","status":"skipped","statusDetails":"\nCan't get WebDriver: chrome","time":{"start":1668592443205,"stop":1668592443205,"duration":0}},{"uid":"3609025e728f11e4","reportUrl":"https://jdi-templates.github.io/jdi-light-browserstack/8//#testresult/3609025e728f11e4","status":"skipped","statusDetails":"\nCan't get WebDriver: chrome","time":{"start":1668592425425,"stop":1668592425426,"duration":1}},{"uid":"cc9f85f6322add97","reportUrl":"https://jdi-templates.github.io/jdi-light-browserstack/9//#testresult/cc9f85f6322add97","status":"skipped","statusDetails":"\nCan't get WebDriver: chrome","time":{"start":1668592330585,"stop":1668592330585,"duration":0}},{"uid":"d7b78fbb219625e7","reportUrl":"https://jdi-templates.github.io/jdi-light-browserstack/8//#testresult/d7b78fbb219625e7","status":"skipped","statusDetails":"\nCan't get WebDriver: chrome","time":{"start":1668592306727,"stop":1668592306727,"duration":0}},{"uid":"2d713de53021a9a","reportUrl":"https://jdi-templates.github.io/jdi-light-browserstack/8//#testresult/2d713de53021a9a","status":"skipped","statusDetails":"\nCan't get WebDriver: chrome","time":{"start":1668592191262,"stop":1668592191263,"duration":1}},{"uid":"ff340d33c71a91b0","reportUrl":"https://jdi-templates.github.io/jdi-light-browserstack/8//#testresult/ff340d33c71a91b0","status":"skipped","statusDetails":"\nCan't get WebDriver: chrome","time":{"start":1668592075806,"stop":1668592075806,"duration":0}},{"uid":"4b3bdd92f31e1ddc","reportUrl":"https://jdi-templates.github.io/jdi-light-browserstack/8//#testresult/4b3bdd92f31e1ddc","status":"skipped","statusDetails":"\nCan't get WebDriver: chrome","time":{"start":1668591965514,"stop":1668591965515,"duration":1}},{"uid":"70f7e7cfd22db35d","reportUrl":"https://jdi-templates.github.io/jdi-light-browserstack/8//#testresult/70f7e7cfd22db35d","status":"skipped","statusDetails":"\nCan't get WebDriver: chrome","time":{"start":1668591851794,"stop":1668591851794,"duration":0}},{"uid":"eef501037f9aeee8","reportUrl":"https://jdi-templates.github.io/jdi-light-browserstack/8//#testresult/eef501037f9aeee8","status":"skipped","statusDetails":"\nCan't get WebDriver: chrome","time":{"start":1668591736854,"stop":1668591736854,"duration":0}},{"uid":"1eaa0c4548004a0e","reportUrl":"https://jdi-templates.github.io/jdi-light-browserstack/8//#testresult/1eaa0c4548004a0e","status":"skipped","statusDetails":"\nCan't get WebDriver: chrome","time":{"start":1668591639933,"stop":1668591639933,"duration":0}},{"uid":"bc5f5736b20fe819","reportUrl":"https://jdi-templates.github.io/jdi-light-browserstack/7//#testresult/bc5f5736b20fe819","status":"skipped","statusDetails":"\nCan't get WebDriver: firefox","time":{"start":1668417319394,"stop":1668417319394,"duration":0}}]},"tags":[]},"source":"830447a15c7e8631.json","parameterValues":[]}