{"uid":"8430407908899485","name":"loginTest","fullName":"org.mytests.tests.example.FormTests.loginTest","historyId":"e60f2a844977a19fb6080bfba934739e","time":{"start":1668597056939,"stop":1668597056939,"duration":0},"status":"skipped","statusMessage":"\nCan't get WebDriver: chrome","statusTrace":"java.lang.RuntimeException: \nCan't get WebDriver: chrome\n\tat com.epam.jdi.light.common.Exceptions.exception(Exceptions.java:35)\n\tat com.epam.jdi.light.driver.WebDriverFactory.getDriver(WebDriverFactory.java:216)\n\tat com.epam.jdi.light.elements.common.WindowsManager.setWindowName(WindowsManager.java:87)\n\tat com.epam.jdi.light.elements.common.WindowsManager.openSiteTab(WindowsManager.java:51)\n\tat com.epam.jdi.light.elements.composite.WebPage.openSite(WebPage.java:153)\n\tat org.mytests.tests.TestsInit.setUp(TestsInit.java:18)\n\tat java.base/jdk.internal.reflect.NativeMethodAccessorImpl.invoke0(Native Method)\n\tat java.base/jdk.internal.reflect.NativeMethodAccessorImpl.invoke(NativeMethodAccessorImpl.java:62)\n\tat java.base/jdk.internal.reflect.DelegatingMethodAccessorImpl.invoke(DelegatingMethodAccessorImpl.java:43)\n\tat java.base/java.lang.reflect.Method.invoke(Method.java:566)\n\tat org.testng.internal.MethodInvocationHelper.invokeMethod(MethodInvocationHelper.java:124)\n\tat org.testng.internal.MethodInvocationHelper.invokeMethodConsideringTimeout(MethodInvocationHelper.java:59)\n\tat org.testng.internal.Invoker.invokeConfigurationMethod(Invoker.java:458)\n\tat org.testng.internal.Invoker.invokeConfigurations(Invoker.java:222)\n\tat org.testng.internal.Invoker.invokeConfigurations(Invoker.java:142)\n\tat org.testng.SuiteRunner.privateRun(SuiteRunner.java:401)\n\tat org.testng.SuiteRunner.run(SuiteRunner.java:364)\n\tat org.testng.SuiteRunnerWorker.runSuite(SuiteRunnerWorker.java:52)\n\tat org.testng.SuiteRunnerWorker.run(SuiteRunnerWorker.java:84)\n\tat org.testng.TestNG.runSuitesSequentially(TestNG.java:1208)\n\tat org.testng.TestNG.runSuitesLocally(TestNG.java:1137)\n\tat org.testng.TestNG.runSuites(TestNG.java:1049)\n\tat org.testng.TestNG.run(TestNG.java:1017)\n\tat org.apache.maven.surefire.testng.TestNGExecutor.run(TestNGExecutor.java:324)\n\tat org.apache.maven.surefire.testng.TestNGXmlTestSuite.execute(TestNGXmlTestSuite.java:74)\n\tat org.apache.maven.surefire.testng.TestNGProvider.invoke(TestNGProvider.java:123)\n\tat org.apache.maven.surefire.booter.ForkedBooter.runSuitesInProcess(ForkedBooter.java:456)\n\tat org.apache.maven.surefire.booter.ForkedBooter.execute(ForkedBooter.java:169)\n\tat org.apache.maven.surefire.booter.ForkedBooter.run(ForkedBooter.java:595)\n\tat org.apache.maven.surefire.booter.ForkedBooter.main(ForkedBooter.java:581)\nCaused by: java.lang.RuntimeException: \nCan't get WebDriver: chrome\n\tat com.epam.jdi.light.common.Exceptions.exception(Exceptions.java:35)\n\tat com.epam.jdi.light.driver.WebDriverFactory.getDriver(WebDriverFactory.java:224)\n\tat com.epam.jdi.light.driver.WebDriverFactory.getDriver(WebDriverFactory.java:214)\n\t... 28 more\nCaused by: java.lang.RuntimeException: java.lang.RuntimeException: \nFailed to run downloaded driver CHROME:X64:105.0.5195.52. Please check that your browser and driver are compatible or use local driver with 'drivers.folder' property in test.properties'.\nDriverPath: /home/runner/.cache/selenium/chromedriver/linux64/107.0.5304.62/chromedriver\n\tat com.jdiai.tools.func.JFunc1.execute(JFunc1.java:21)\n\tat com.epam.jdi.light.driver.WebDriverFactory.getDriver(WebDriverFactory.java:222)\n\t... 29 more\nCaused by: java.lang.RuntimeException: \nFailed to run downloaded driver CHROME:X64:105.0.5195.52. Please check that your browser and driver are compatible or use local driver with 'drivers.folder' property in test.properties'.\nDriverPath: /home/runner/.cache/selenium/chromedriver/linux64/107.0.5304.62/chromedriver\n\tat com.epam.jdi.light.common.Exceptions.exception(Exceptions.java:35)\n\tat com.epam.jdi.light.driver.WebDriverFactory.getDriverException(WebDriverFactory.java:143)\n\tat com.epam.jdi.light.driver.WebDriverFactory.getDriverByName(WebDriverFactory.java:127)\n\tat com.jdiai.tools.func.JFunc1.execute(JFunc1.java:19)\n\t... 30 more\nCaused by: java.lang.RuntimeException: \nCan't run and register new driver 'chrome'\n\tat com.epam.jdi.light.common.Exceptions.exception(Exceptions.java:35)\n\tat com.epam.jdi.light.driver.WebDriverFactory.registerNewDriver(WebDriverFactory.java:90)\n\tat com.epam.jdi.light.driver.WebDriverFactory.getDriverFromName(WebDriverFactory.java:158)\n\tat com.epam.jdi.light.driver.WebDriverFactory.getDriverByName(WebDriverFactory.java:125)\n\t... 31 more\nCaused by: java.lang.RuntimeException: \nFailed to get valid driver 'chrome'\n\tat com.epam.jdi.light.common.Exceptions.runtimeException(Exceptions.java:17)\n\tat com.epam.jdi.light.driver.WebDriverFactory.getValidDriver(WebDriverFactory.java:113)\n\tat com.epam.jdi.light.driver.WebDriverFactory.registerNewDriver(WebDriverFactory.java:85)\n\t... 33 more\n","flaky":false,"newFailed":false,"newBroken":false,"newPassed":false,"retriesCount":0,"retriesStatusChange":false,"beforeStages":[{"name":"setUp","time":{"start":1668597047371,"stop":1668597056731,"duration":9360},"description":"","status":"broken","statusMessage":"\nCan't get WebDriver: chrome","statusTrace":"java.lang.RuntimeException: \nCan't get WebDriver: chrome\n\tat com.epam.jdi.light.common.Exceptions.exception(Exceptions.java:35)\n\tat com.epam.jdi.light.driver.WebDriverFactory.getDriver(WebDriverFactory.java:216)\n\tat com.epam.jdi.light.elements.common.WindowsManager.setWindowName(WindowsManager.java:87)\n\tat com.epam.jdi.light.elements.common.WindowsManager.openSiteTab(WindowsManager.java:51)\n\tat com.epam.jdi.light.elements.composite.WebPage.openSite(WebPage.java:153)\n\tat org.mytests.tests.TestsInit.setUp(TestsInit.java:18)\n\tat java.base/jdk.internal.reflect.NativeMethodAccessorImpl.invoke0(Native Method)\n\tat java.base/jdk.internal.reflect.NativeMethodAccessorImpl.invoke(NativeMethodAccessorImpl.java:62)\n\tat java.base/jdk.internal.reflect.DelegatingMethodAccessorImpl.invoke(DelegatingMethodAccessorImpl.java:43)\n\tat java.base/java.lang.reflect.Method.invoke(Method.java:566)\n\tat org.testng.internal.MethodInvocationHelper.invokeMethod(MethodInvocationHelper.java:124)\n\tat org.testng.internal.MethodInvocationHelper.invokeMethodConsideringTimeout(MethodInvocationHelper.java:59)\n\tat org.testng.internal.Invoker.invokeConfigurationMethod(Invoker.java:458)\n\tat org.testng.internal.Invoker.invokeConfigurations(Invoker.java:222)\n\tat org.testng.internal.Invoker.invokeConfigurations(Invoker.java:142)\n\tat org.testng.SuiteRunner.privateRun(SuiteRunner.java:401)\n\tat org.testng.SuiteRunner.run(SuiteRunner.java:364)\n\tat org.testng.SuiteRunnerWorker.runSuite(SuiteRunnerWorker.java:52)\n\tat org.testng.SuiteRunnerWorker.run(SuiteRunnerWorker.java:84)\n\tat org.testng.TestNG.runSuitesSequentially(TestNG.java:1208)\n\tat org.testng.TestNG.runSuitesLocally(TestNG.java:1137)\n\tat org.testng.TestNG.runSuites(TestNG.java:1049)\n\tat org.testng.TestNG.run(TestNG.java:1017)\n\tat org.apache.maven.surefire.testng.TestNGExecutor.run(TestNGExecutor.java:324)\n\tat org.apache.maven.surefire.testng.TestNGXmlTestSuite.execute(TestNGXmlTestSuite.java:74)\n\tat org.apache.maven.surefire.testng.TestNGProvider.invoke(TestNGProvider.java:123)\n\tat org.apache.maven.surefire.booter.ForkedBooter.runSuitesInProcess(ForkedBooter.java:456)\n\tat org.apache.maven.surefire.booter.ForkedBooter.execute(ForkedBooter.java:169)\n\tat org.apache.maven.surefire.booter.ForkedBooter.run(ForkedBooter.java:595)\n\tat org.apache.maven.surefire.booter.ForkedBooter.main(ForkedBooter.java:581)\nCaused by: java.lang.RuntimeException: \nCan't get WebDriver: chrome\n\tat com.epam.jdi.light.common.Exceptions.exception(Exceptions.java:35)\n\tat com.epam.jdi.light.driver.WebDriverFactory.getDriver(WebDriverFactory.java:224)\n\tat com.epam.jdi.light.driver.WebDriverFactory.getDriver(WebDriverFactory.java:214)\n\t... 28 more\nCaused by: java.lang.RuntimeException: java.lang.RuntimeException: \nFailed to run downloaded driver CHROME:X64:105.0.5195.52. Please check that your browser and driver are compatible or use local driver with 'drivers.folder' property in test.properties'.\nDriverPath: /home/runner/.cache/selenium/chromedriver/linux64/107.0.5304.62/chromedriver\n\tat com.jdiai.tools.func.JFunc1.execute(JFunc1.java:21)\n\tat com.epam.jdi.light.driver.WebDriverFactory.getDriver(WebDriverFactory.java:222)\n\t... 29 more\nCaused by: java.lang.RuntimeException: \nFailed to run downloaded driver CHROME:X64:105.0.5195.52. Please check that your browser and driver are compatible or use local driver with 'drivers.folder' property in test.properties'.\nDriverPath: /home/runner/.cache/selenium/chromedriver/linux64/107.0.5304.62/chromedriver\n\tat com.epam.jdi.light.common.Exceptions.exception(Exceptions.java:35)\n\tat com.epam.jdi.light.driver.WebDriverFactory.getDriverException(WebDriverFactory.java:143)\n\tat com.epam.jdi.light.driver.WebDriverFactory.getDriverByName(WebDriverFactory.java:127)\n\tat com.jdiai.tools.func.JFunc1.execute(JFunc1.java:19)\n\t... 30 more\nCaused by: java.lang.RuntimeException: \nCan't run and register new driver 'chrome'\n\tat com.epam.jdi.light.common.Exceptions.exception(Exceptions.java:35)\n\tat com.epam.jdi.light.driver.WebDriverFactory.registerNewDriver(WebDriverFactory.java:90)\n\tat com.epam.jdi.light.driver.WebDriverFactory.getDriverFromName(WebDriverFactory.java:158)\n\tat com.epam.jdi.light.driver.WebDriverFactory.getDriverByName(WebDriverFactory.java:125)\n\t... 31 more\nCaused by: java.lang.RuntimeException: \nFailed to get valid driver 'chrome'\n\tat com.epam.jdi.light.common.Exceptions.runtimeException(Exceptions.java:17)\n\tat com.epam.jdi.light.driver.WebDriverFactory.getValidDriver(WebDriverFactory.java:113)\n\tat com.epam.jdi.light.driver.WebDriverFactory.registerNewDriver(WebDriverFactory.java:85)\n\t... 33 more\n","steps":[],"attachments":[],"parameters":[],"stepsCount":0,"attachmentsCount":0,"shouldDisplayMessage":true,"hasContent":true}],"afterStages":[{"name":"tearDown","time":{"start":1668597056945,"stop":1668597056946,"duration":1},"description":"","status":"passed","steps":[],"attachments":[],"parameters":[],"stepsCount":0,"attachmentsCount":0,"shouldDisplayMessage":false,"hasContent":false}],"labels":[{"name":"package","value":"org.mytests.tests.example.FormTests"},{"name":"testClass","value":"org.mytests.tests.example.FormTests"},{"name":"testMethod","value":"loginTest"},{"name":"parentSuite","value":"JDI-Light Performance"},{"name":"suite","value":"Tests"},{"name":"subSuite","value":"org.mytests.tests.example.FormTests"},{"name":"host","value":"fv-az58-48"},{"name":"thread","value":"4029@fv-az58-48.TestNG-test=Tests-3(37)"},{"name":"framework","value":"testng"},{"name":"language","value":"java"},{"name":"resultFormat","value":"allure2"}],"parameters":[],"links":[],"hidden":false,"retry":false,"extra":{"severity":"normal","retries":[],"categories":[],"history":{"statistic":{"failed":0,"broken":0,"skipped":51,"passed":1,"unknown":0,"total":52},"items":[{"uid":"92d3f995614440c3","reportUrl":"https://jdi-templates.github.io/jdi-light-browserstack/12//#testresult/92d3f995614440c3","status":"skipped","statusDetails":"\nCan't get WebDriver: chrome","time":{"start":1668596949413,"stop":1668596949413,"duration":0}},{"uid":"22466710b62515b4","reportUrl":"https://jdi-templates.github.io/jdi-light-browserstack/12//#testresult/22466710b62515b4","status":"skipped","statusDetails":"\nCan't get WebDriver: chrome","time":{"start":1668596827285,"stop":1668596827285,"duration":0}},{"uid":"2409ef3ccacdf6b2","reportUrl":"https://jdi-templates.github.io/jdi-light-browserstack/12//#testresult/2409ef3ccacdf6b2","status":"skipped","statusDetails":"\nCan't get WebDriver: chrome","time":{"start":1668596704498,"stop":1668596704499,"duration":1}},{"uid":"f5542ee7f1ea1cf3","reportUrl":"https://jdi-templates.github.io/jdi-light-browserstack/9//#testresult/f5542ee7f1ea1cf3","status":"skipped","statusDetails":"\nCan't get WebDriver: chrome","time":{"start":1668593122322,"stop":1668593122322,"duration":0}},{"uid":"2561682ae2ae8b60","reportUrl":"https://jdi-templates.github.io/jdi-light-browserstack/9//#testresult/2561682ae2ae8b60","status":"skipped","statusDetails":"\nCan't get WebDriver: chrome","time":{"start":1668593016825,"stop":1668593016825,"duration":0}},{"uid":"cbc1417a38ae3ce9","reportUrl":"https://jdi-templates.github.io/jdi-light-browserstack/9//#testresult/cbc1417a38ae3ce9","status":"skipped","statusDetails":"\nCan't get WebDriver: chrome","time":{"start":1668592897675,"stop":1668592897675,"duration":0}},{"uid":"a64719afe2cd14d2","reportUrl":"https://jdi-templates.github.io/jdi-light-browserstack/9//#testresult/a64719afe2cd14d2","status":"skipped","statusDetails":"\nCan't get WebDriver: chrome","time":{"start":1668592776530,"stop":1668592776530,"duration":0}},{"uid":"ac333fde34d7063d","reportUrl":"https://jdi-templates.github.io/jdi-light-browserstack/9//#testresult/ac333fde34d7063d","status":"skipped","statusDetails":"\nCan't get WebDriver: chrome","time":{"start":1668592658891,"stop":1668592658891,"duration":0}},{"uid":"213d4a7cbcfc3d19","reportUrl":"https://jdi-templates.github.io/jdi-light-browserstack/9//#testresult/213d4a7cbcfc3d19","status":"skipped","statusDetails":"\nCan't get WebDriver: chrome","time":{"start":1668592551413,"stop":1668592551413,"duration":0}},{"uid":"8668f05379291e00","reportUrl":"https://jdi-templates.github.io/jdi-light-browserstack/9//#testresult/8668f05379291e00","status":"skipped","statusDetails":"\nCan't get WebDriver: chrome","time":{"start":1668592443191,"stop":1668592443191,"duration":0}},{"uid":"2168915ca9466a76","reportUrl":"https://jdi-templates.github.io/jdi-light-browserstack/8//#testresult/2168915ca9466a76","status":"skipped","statusDetails":"\nCan't get WebDriver: chrome","time":{"start":1668592425420,"stop":1668592425420,"duration":0}},{"uid":"291a88219f321c03","reportUrl":"https://jdi-templates.github.io/jdi-light-browserstack/9//#testresult/291a88219f321c03","status":"skipped","statusDetails":"\nCan't get WebDriver: chrome","time":{"start":1668592330570,"stop":1668592330570,"duration":0}},{"uid":"231c787c0214d6f4","reportUrl":"https://jdi-templates.github.io/jdi-light-browserstack/8//#testresult/231c787c0214d6f4","status":"skipped","statusDetails":"\nCan't get WebDriver: chrome","time":{"start":1668592306761,"stop":1668592306761,"duration":0}},{"uid":"b57c0ac63089053d","reportUrl":"https://jdi-templates.github.io/jdi-light-browserstack/8//#testresult/b57c0ac63089053d","status":"skipped","statusDetails":"\nCan't get WebDriver: chrome","time":{"start":1668592191267,"stop":1668592191267,"duration":0}},{"uid":"a8ef6dc2204605bd","reportUrl":"https://jdi-templates.github.io/jdi-light-browserstack/8//#testresult/a8ef6dc2204605bd","status":"skipped","statusDetails":"\nCan't get WebDriver: chrome","time":{"start":1668592075825,"stop":1668592075825,"duration":0}},{"uid":"9cf8c89e95492adc","reportUrl":"https://jdi-templates.github.io/jdi-light-browserstack/8//#testresult/9cf8c89e95492adc","status":"skipped","statusDetails":"\nCan't get WebDriver: chrome","time":{"start":1668591965548,"stop":1668591965548,"duration":0}},{"uid":"790f43bbbce3ac79","reportUrl":"https://jdi-templates.github.io/jdi-light-browserstack/8//#testresult/790f43bbbce3ac79","status":"skipped","statusDetails":"\nCan't get WebDriver: chrome","time":{"start":1668591851790,"stop":1668591851790,"duration":0}},{"uid":"75a45c999ef2e14d","reportUrl":"https://jdi-templates.github.io/jdi-light-browserstack/8//#testresult/75a45c999ef2e14d","status":"skipped","statusDetails":"\nCan't get WebDriver: chrome","time":{"start":1668591736848,"stop":1668591736848,"duration":0}},{"uid":"94c29aaa46f904dd","reportUrl":"https://jdi-templates.github.io/jdi-light-browserstack/8//#testresult/94c29aaa46f904dd","status":"skipped","statusDetails":"\nCan't get WebDriver: chrome","time":{"start":1668591639911,"stop":1668591639914,"duration":3}},{"uid":"14abebb9f97dd87e","reportUrl":"https://jdi-templates.github.io/jdi-light-browserstack/7//#testresult/14abebb9f97dd87e","status":"skipped","statusDetails":"\nCan't get WebDriver: firefox","time":{"start":1668417319402,"stop":1668417319403,"duration":1}}]},"tags":[]},"source":"8430407908899485.json","parameterValues":[]}