{"uid":"99c8e463e7b2255b","name":"lineByIndexTest","fullName":"org.mytests.tests.example.DataTableInteractTests.lineByIndexTest","historyId":"23ae6868c83d41ad1f6c64b08f044053","time":{"start":1668597399923,"stop":1668597399923,"duration":0},"status":"skipped","statusMessage":"\nCan't get WebDriver: chrome","statusTrace":"java.lang.RuntimeException: \nCan't get WebDriver: chrome\n\tat com.epam.jdi.light.common.Exceptions.exception(Exceptions.java:35)\n\tat com.epam.jdi.light.driver.WebDriverFactory.getDriver(WebDriverFactory.java:216)\n\tat com.epam.jdi.light.elements.common.WindowsManager.setWindowName(WindowsManager.java:87)\n\tat com.epam.jdi.light.elements.common.WindowsManager.openSiteTab(WindowsManager.java:51)\n\tat com.epam.jdi.light.elements.composite.WebPage.openSite(WebPage.java:153)\n\tat org.mytests.tests.TestsInit.setUp(TestsInit.java:18)\n\tat java.base/jdk.internal.reflect.NativeMethodAccessorImpl.invoke0(Native Method)\n\tat java.base/jdk.internal.reflect.NativeMethodAccessorImpl.invoke(NativeMethodAccessorImpl.java:62)\n\tat java.base/jdk.internal.reflect.DelegatingMethodAccessorImpl.invoke(DelegatingMethodAccessorImpl.java:43)\n\tat java.base/java.lang.reflect.Method.invoke(Method.java:564)\n\tat org.testng.internal.MethodInvocationHelper.invokeMethod(MethodInvocationHelper.java:124)\n\tat org.testng.internal.MethodInvocationHelper.invokeMethodConsideringTimeout(MethodInvocationHelper.java:59)\n\tat org.testng.internal.Invoker.invokeConfigurationMethod(Invoker.java:458)\n\tat org.testng.internal.Invoker.invokeConfigurations(Invoker.java:222)\n\tat org.testng.internal.Invoker.invokeConfigurations(Invoker.java:142)\n\tat org.testng.SuiteRunner.privateRun(SuiteRunner.java:401)\n\tat org.testng.SuiteRunner.run(SuiteRunner.java:364)\n\tat org.testng.SuiteRunnerWorker.runSuite(SuiteRunnerWorker.java:52)\n\tat org.testng.SuiteRunnerWorker.run(SuiteRunnerWorker.java:84)\n\tat org.testng.TestNG.runSuitesSequentially(TestNG.java:1208)\n\tat org.testng.TestNG.runSuitesLocally(TestNG.java:1137)\n\tat org.testng.TestNG.runSuites(TestNG.java:1049)\n\tat org.testng.TestNG.run(TestNG.java:1017)\n\tat org.apache.maven.surefire.testng.TestNGExecutor.run(TestNGExecutor.java:324)\n\tat org.apache.maven.surefire.testng.TestNGXmlTestSuite.execute(TestNGXmlTestSuite.java:74)\n\tat org.apache.maven.surefire.testng.TestNGProvider.invoke(TestNGProvider.java:123)\n\tat org.apache.maven.surefire.booter.ForkedBooter.runSuitesInProcess(ForkedBooter.java:456)\n\tat org.apache.maven.surefire.booter.ForkedBooter.execute(ForkedBooter.java:169)\n\tat org.apache.maven.surefire.booter.ForkedBooter.run(ForkedBooter.java:595)\n\tat org.apache.maven.surefire.booter.ForkedBooter.main(ForkedBooter.java:581)\nCaused by: java.lang.RuntimeException: \nCan't get WebDriver: chrome\n\tat com.epam.jdi.light.common.Exceptions.exception(Exceptions.java:35)\n\tat com.epam.jdi.light.driver.WebDriverFactory.getDriver(WebDriverFactory.java:224)\n\tat com.epam.jdi.light.driver.WebDriverFactory.getDriver(WebDriverFactory.java:214)\n\t... 28 more\nCaused by: java.lang.RuntimeException: java.lang.RuntimeException: \nFailed to run downloaded driver CHROME:X64:105.0.5195.52. Please check that your browser and driver are compatible or use local driver with 'drivers.folder' property in test.properties'.\nDriverPath: /home/runner/.cache/selenium/chromedriver/linux64/107.0.5304.62/chromedriver\n\tat com.jdiai.tools.func.JFunc1.execute(JFunc1.java:21)\n\tat com.epam.jdi.light.driver.WebDriverFactory.getDriver(WebDriverFactory.java:222)\n\t... 29 more\nCaused by: java.lang.RuntimeException: \nFailed to run downloaded driver CHROME:X64:105.0.5195.52. Please check that your browser and driver are compatible or use local driver with 'drivers.folder' property in test.properties'.\nDriverPath: /home/runner/.cache/selenium/chromedriver/linux64/107.0.5304.62/chromedriver\n\tat com.epam.jdi.light.common.Exceptions.exception(Exceptions.java:35)\n\tat com.epam.jdi.light.driver.WebDriverFactory.getDriverException(WebDriverFactory.java:143)\n\tat com.epam.jdi.light.driver.WebDriverFactory.getDriverByName(WebDriverFactory.java:127)\n\tat com.jdiai.tools.func.JFunc1.execute(JFunc1.java:19)\n\t... 30 more\nCaused by: java.lang.RuntimeException: \nCan't run and register new driver 'chrome'\n\tat com.epam.jdi.light.common.Exceptions.exception(Exceptions.java:35)\n\tat com.epam.jdi.light.driver.WebDriverFactory.registerNewDriver(WebDriverFactory.java:90)\n\tat com.epam.jdi.light.driver.WebDriverFactory.getDriverFromName(WebDriverFactory.java:158)\n\tat com.epam.jdi.light.driver.WebDriverFactory.getDriverByName(WebDriverFactory.java:125)\n\t... 31 more\nCaused by: java.lang.RuntimeException: \nFailed to get valid driver 'chrome'\n\tat com.epam.jdi.light.common.Exceptions.runtimeException(Exceptions.java:17)\n\tat com.epam.jdi.light.driver.WebDriverFactory.getValidDriver(WebDriverFactory.java:113)\n\tat com.epam.jdi.light.driver.WebDriverFactory.registerNewDriver(WebDriverFactory.java:85)\n\t... 33 more\n","flaky":false,"newFailed":false,"newBroken":false,"newPassed":false,"retriesCount":0,"retriesStatusChange":false,"beforeStages":[{"name":"setUp","time":{"start":1668597393392,"stop":1668597399760,"duration":6368},"description":"","status":"broken","statusMessage":"\nCan't get WebDriver: chrome","statusTrace":"java.lang.RuntimeException: \nCan't get WebDriver: chrome\n\tat com.epam.jdi.light.common.Exceptions.exception(Exceptions.java:35)\n\tat com.epam.jdi.light.driver.WebDriverFactory.getDriver(WebDriverFactory.java:216)\n\tat com.epam.jdi.light.elements.common.WindowsManager.setWindowName(WindowsManager.java:87)\n\tat com.epam.jdi.light.elements.common.WindowsManager.openSiteTab(WindowsManager.java:51)\n\tat com.epam.jdi.light.elements.composite.WebPage.openSite(WebPage.java:153)\n\tat org.mytests.tests.TestsInit.setUp(TestsInit.java:18)\n\tat java.base/jdk.internal.reflect.NativeMethodAccessorImpl.invoke0(Native Method)\n\tat java.base/jdk.internal.reflect.NativeMethodAccessorImpl.invoke(NativeMethodAccessorImpl.java:62)\n\tat java.base/jdk.internal.reflect.DelegatingMethodAccessorImpl.invoke(DelegatingMethodAccessorImpl.java:43)\n\tat java.base/java.lang.reflect.Method.invoke(Method.java:564)\n\tat org.testng.internal.MethodInvocationHelper.invokeMethod(MethodInvocationHelper.java:124)\n\tat org.testng.internal.MethodInvocationHelper.invokeMethodConsideringTimeout(MethodInvocationHelper.java:59)\n\tat org.testng.internal.Invoker.invokeConfigurationMethod(Invoker.java:458)\n\tat org.testng.internal.Invoker.invokeConfigurations(Invoker.java:222)\n\tat org.testng.internal.Invoker.invokeConfigurations(Invoker.java:142)\n\tat org.testng.SuiteRunner.privateRun(SuiteRunner.java:401)\n\tat org.testng.SuiteRunner.run(SuiteRunner.java:364)\n\tat org.testng.SuiteRunnerWorker.runSuite(SuiteRunnerWorker.java:52)\n\tat org.testng.SuiteRunnerWorker.run(SuiteRunnerWorker.java:84)\n\tat org.testng.TestNG.runSuitesSequentially(TestNG.java:1208)\n\tat org.testng.TestNG.runSuitesLocally(TestNG.java:1137)\n\tat org.testng.TestNG.runSuites(TestNG.java:1049)\n\tat org.testng.TestNG.run(TestNG.java:1017)\n\tat org.apache.maven.surefire.testng.TestNGExecutor.run(TestNGExecutor.java:324)\n\tat org.apache.maven.surefire.testng.TestNGXmlTestSuite.execute(TestNGXmlTestSuite.java:74)\n\tat org.apache.maven.surefire.testng.TestNGProvider.invoke(TestNGProvider.java:123)\n\tat org.apache.maven.surefire.booter.ForkedBooter.runSuitesInProcess(ForkedBooter.java:456)\n\tat org.apache.maven.surefire.booter.ForkedBooter.execute(ForkedBooter.java:169)\n\tat org.apache.maven.surefire.booter.ForkedBooter.run(ForkedBooter.java:595)\n\tat org.apache.maven.surefire.booter.ForkedBooter.main(ForkedBooter.java:581)\nCaused by: java.lang.RuntimeException: \nCan't get WebDriver: chrome\n\tat com.epam.jdi.light.common.Exceptions.exception(Exceptions.java:35)\n\tat com.epam.jdi.light.driver.WebDriverFactory.getDriver(WebDriverFactory.java:224)\n\tat com.epam.jdi.light.driver.WebDriverFactory.getDriver(WebDriverFactory.java:214)\n\t... 28 more\nCaused by: java.lang.RuntimeException: java.lang.RuntimeException: \nFailed to run downloaded driver CHROME:X64:105.0.5195.52. Please check that your browser and driver are compatible or use local driver with 'drivers.folder' property in test.properties'.\nDriverPath: /home/runner/.cache/selenium/chromedriver/linux64/107.0.5304.62/chromedriver\n\tat com.jdiai.tools.func.JFunc1.execute(JFunc1.java:21)\n\tat com.epam.jdi.light.driver.WebDriverFactory.getDriver(WebDriverFactory.java:222)\n\t... 29 more\nCaused by: java.lang.RuntimeException: \nFailed to run downloaded driver CHROME:X64:105.0.5195.52. Please check that your browser and driver are compatible or use local driver with 'drivers.folder' property in test.properties'.\nDriverPath: /home/runner/.cache/selenium/chromedriver/linux64/107.0.5304.62/chromedriver\n\tat com.epam.jdi.light.common.Exceptions.exception(Exceptions.java:35)\n\tat com.epam.jdi.light.driver.WebDriverFactory.getDriverException(WebDriverFactory.java:143)\n\tat com.epam.jdi.light.driver.WebDriverFactory.getDriverByName(WebDriverFactory.java:127)\n\tat com.jdiai.tools.func.JFunc1.execute(JFunc1.java:19)\n\t... 30 more\nCaused by: java.lang.RuntimeException: \nCan't run and register new driver 'chrome'\n\tat com.epam.jdi.light.common.Exceptions.exception(Exceptions.java:35)\n\tat com.epam.jdi.light.driver.WebDriverFactory.registerNewDriver(WebDriverFactory.java:90)\n\tat com.epam.jdi.light.driver.WebDriverFactory.getDriverFromName(WebDriverFactory.java:158)\n\tat com.epam.jdi.light.driver.WebDriverFactory.getDriverByName(WebDriverFactory.java:125)\n\t... 31 more\nCaused by: java.lang.RuntimeException: \nFailed to get valid driver 'chrome'\n\tat com.epam.jdi.light.common.Exceptions.runtimeException(Exceptions.java:17)\n\tat com.epam.jdi.light.driver.WebDriverFactory.getValidDriver(WebDriverFactory.java:113)\n\tat com.epam.jdi.light.driver.WebDriverFactory.registerNewDriver(WebDriverFactory.java:85)\n\t... 33 more\n","steps":[],"attachments":[],"parameters":[],"stepsCount":0,"attachmentsCount":0,"shouldDisplayMessage":true,"hasContent":true}],"afterStages":[{"name":"tearDown","time":{"start":1668597399969,"stop":1668597399969,"duration":0},"description":"","status":"passed","steps":[],"attachments":[],"parameters":[],"stepsCount":0,"attachmentsCount":0,"shouldDisplayMessage":false,"hasContent":false}],"labels":[{"name":"package","value":"org.mytests.tests.example.DataTableInteractTests"},{"name":"testClass","value":"org.mytests.tests.example.DataTableInteractTests"},{"name":"testMethod","value":"lineByIndexTest"},{"name":"parentSuite","value":"JDI-Light Performance"},{"name":"suite","value":"Tests"},{"name":"subSuite","value":"org.mytests.tests.example.DataTableInteractTests"},{"name":"host","value":"fv-az197-121"},{"name":"thread","value":"3447@fv-az197-121.TestNG-test=Tests-1(36)"},{"name":"framework","value":"testng"},{"name":"language","value":"java"},{"name":"resultFormat","value":"allure2"}],"parameters":[],"links":[],"hidden":false,"retry":false,"extra":{"severity":"normal","retries":[],"categories":[],"history":{"statistic":{"failed":0,"broken":1,"skipped":54,"passed":1,"unknown":0,"total":56},"items":[{"uid":"7b93159dceaa8283","reportUrl":"https://jdi-templates.github.io/jdi-light-browserstack/13//#testresult/7b93159dceaa8283","status":"skipped","statusDetails":"\nCan't get WebDriver: chrome","time":{"start":1668597308552,"stop":1668597308552,"duration":0}},{"uid":"f9dce307b6ce0e27","reportUrl":"https://jdi-templates.github.io/jdi-light-browserstack/12//#testresult/f9dce307b6ce0e27","status":"skipped","statusDetails":"\nCan't get WebDriver: chrome","time":{"start":1668597280698,"stop":1668597280698,"duration":0}},{"uid":"bd53f2789f3e92fd","reportUrl":"https://jdi-templates.github.io/jdi-light-browserstack/13//#testresult/bd53f2789f3e92fd","status":"skipped","statusDetails":"\nCan't get WebDriver: chrome","time":{"start":1668597170106,"stop":1668597170106,"duration":0}},{"uid":"4809c95cce8c0b61","reportUrl":"https://jdi-templates.github.io/jdi-light-browserstack/13//#testresult/4809c95cce8c0b61","status":"skipped","statusDetails":"\nCan't get WebDriver: chrome","time":{"start":1668597037111,"stop":1668597037112,"duration":1}},{"uid":"5ce042cd89f36f30","reportUrl":"https://jdi-templates.github.io/jdi-light-browserstack/12//#testresult/5ce042cd89f36f30","status":"skipped","statusDetails":"\nCan't get WebDriver: chrome","time":{"start":1668596949389,"stop":1668596949389,"duration":0}},{"uid":"2f60f404ebae4f7d","reportUrl":"https://jdi-templates.github.io/jdi-light-browserstack/12//#testresult/2f60f404ebae4f7d","status":"skipped","statusDetails":"\nCan't get WebDriver: chrome","time":{"start":1668596827262,"stop":1668596827263,"duration":1}},{"uid":"c2e99ba78cede95f","reportUrl":"https://jdi-templates.github.io/jdi-light-browserstack/12//#testresult/c2e99ba78cede95f","status":"skipped","statusDetails":"\nCan't get WebDriver: chrome","time":{"start":1668596704482,"stop":1668596704500,"duration":18}},{"uid":"cab6fa56e7c4d273","reportUrl":"https://jdi-templates.github.io/jdi-light-browserstack/9//#testresult/cab6fa56e7c4d273","status":"skipped","statusDetails":"\nCan't get WebDriver: chrome","time":{"start":1668593122297,"stop":1668593122297,"duration":0}},{"uid":"cc3d843e325e3322","reportUrl":"https://jdi-templates.github.io/jdi-light-browserstack/9//#testresult/cc3d843e325e3322","status":"skipped","statusDetails":"\nCan't get WebDriver: chrome","time":{"start":1668593016800,"stop":1668593016800,"duration":0}},{"uid":"f63ffe79f814934f","reportUrl":"https://jdi-templates.github.io/jdi-light-browserstack/9//#testresult/f63ffe79f814934f","status":"skipped","statusDetails":"\nCan't get WebDriver: chrome","time":{"start":1668592897657,"stop":1668592897660,"duration":3}},{"uid":"6f31752b98ff2210","reportUrl":"https://jdi-templates.github.io/jdi-light-browserstack/9//#testresult/6f31752b98ff2210","status":"skipped","statusDetails":"\nCan't get WebDriver: chrome","time":{"start":1668592776508,"stop":1668592776519,"duration":11}},{"uid":"e33b813f2ebfbabe","reportUrl":"https://jdi-templates.github.io/jdi-light-browserstack/9//#testresult/e33b813f2ebfbabe","status":"skipped","statusDetails":"\nCan't get WebDriver: chrome","time":{"start":1668592658859,"stop":1668592658859,"duration":0}},{"uid":"69cf388d8c62b402","reportUrl":"https://jdi-templates.github.io/jdi-light-browserstack/9//#testresult/69cf388d8c62b402","status":"skipped","statusDetails":"\nCan't get WebDriver: chrome","time":{"start":1668592551381,"stop":1668592551392,"duration":11}},{"uid":"e88744576d9c938e","reportUrl":"https://jdi-templates.github.io/jdi-light-browserstack/9//#testresult/e88744576d9c938e","status":"skipped","statusDetails":"\nCan't get WebDriver: chrome","time":{"start":1668592443170,"stop":1668592443170,"duration":0}},{"uid":"586b1516833f8a45","reportUrl":"https://jdi-templates.github.io/jdi-light-browserstack/8//#testresult/586b1516833f8a45","status":"skipped","statusDetails":"\nCan't get WebDriver: chrome","time":{"start":1668592425405,"stop":1668592425405,"duration":0}},{"uid":"e2f8777b379ead03","reportUrl":"https://jdi-templates.github.io/jdi-light-browserstack/9//#testresult/e2f8777b379ead03","status":"skipped","statusDetails":"\nCan't get WebDriver: chrome","time":{"start":1668592330544,"stop":1668592330545,"duration":1}},{"uid":"2f540f17ec811bec","reportUrl":"https://jdi-templates.github.io/jdi-light-browserstack/8//#testresult/2f540f17ec811bec","status":"skipped","statusDetails":"\nCan't get WebDriver: chrome","time":{"start":1668592306705,"stop":1668592306705,"duration":0}},{"uid":"fa6ebe0c83f37cb9","reportUrl":"https://jdi-templates.github.io/jdi-light-browserstack/8//#testresult/fa6ebe0c83f37cb9","status":"skipped","statusDetails":"\nCan't get WebDriver: chrome","time":{"start":1668592191236,"stop":1668592191238,"duration":2}},{"uid":"a093db2a2faa8e7e","reportUrl":"https://jdi-templates.github.io/jdi-light-browserstack/8//#testresult/a093db2a2faa8e7e","status":"skipped","statusDetails":"\nCan't get WebDriver: chrome","time":{"start":1668592075786,"stop":1668592075787,"duration":1}},{"uid":"ae55caf01f13d1d2","reportUrl":"https://jdi-templates.github.io/jdi-light-browserstack/8//#testresult/ae55caf01f13d1d2","status":"skipped","statusDetails":"\nCan't get WebDriver: chrome","time":{"start":1668591965473,"stop":1668591965481,"duration":8}}]},"tags":[]},"source":"99c8e463e7b2255b.json","parameterValues":[]}