{"uid":"a07602f033fd2519","name":"dataColumnTestIndex","fullName":"org.mytests.tests.example.DataTableTests.dataColumnTestIndex","historyId":"39286a3b68e5f5299209f9e855f6d9dd","time":{"start":1668597280728,"stop":1668597280728,"duration":0},"status":"skipped","statusMessage":"\nCan't get WebDriver: chrome","statusTrace":"java.lang.RuntimeException: \nCan't get WebDriver: chrome\n\tat com.epam.jdi.light.common.Exceptions.exception(Exceptions.java:35)\n\tat com.epam.jdi.light.driver.WebDriverFactory.getDriver(WebDriverFactory.java:216)\n\tat com.epam.jdi.light.elements.common.WindowsManager.setWindowName(WindowsManager.java:87)\n\tat com.epam.jdi.light.elements.common.WindowsManager.openSiteTab(WindowsManager.java:51)\n\tat com.epam.jdi.light.elements.composite.WebPage.openSite(WebPage.java:153)\n\tat org.mytests.tests.TestsInit.setUp(TestsInit.java:18)\n\tat java.base/jdk.internal.reflect.NativeMethodAccessorImpl.invoke0(Native Method)\n\tat java.base/jdk.internal.reflect.NativeMethodAccessorImpl.invoke(NativeMethodAccessorImpl.java:62)\n\tat java.base/jdk.internal.reflect.DelegatingMethodAccessorImpl.invoke(DelegatingMethodAccessorImpl.java:43)\n\tat java.base/java.lang.reflect.Method.invoke(Method.java:567)\n\tat org.testng.internal.MethodInvocationHelper.invokeMethod(MethodInvocationHelper.java:124)\n\tat org.testng.internal.MethodInvocationHelper.invokeMethodConsideringTimeout(MethodInvocationHelper.java:59)\n\tat org.testng.internal.Invoker.invokeConfigurationMethod(Invoker.java:458)\n\tat org.testng.internal.Invoker.invokeConfigurations(Invoker.java:222)\n\tat org.testng.internal.Invoker.invokeConfigurations(Invoker.java:142)\n\tat org.testng.SuiteRunner.privateRun(SuiteRunner.java:401)\n\tat org.testng.SuiteRunner.run(SuiteRunner.java:364)\n\tat org.testng.SuiteRunnerWorker.runSuite(SuiteRunnerWorker.java:52)\n\tat org.testng.SuiteRunnerWorker.run(SuiteRunnerWorker.java:84)\n\tat org.testng.TestNG.runSuitesSequentially(TestNG.java:1208)\n\tat org.testng.TestNG.runSuitesLocally(TestNG.java:1137)\n\tat org.testng.TestNG.runSuites(TestNG.java:1049)\n\tat org.testng.TestNG.run(TestNG.java:1017)\n\tat org.apache.maven.surefire.testng.TestNGExecutor.run(TestNGExecutor.java:324)\n\tat org.apache.maven.surefire.testng.TestNGXmlTestSuite.execute(TestNGXmlTestSuite.java:74)\n\tat org.apache.maven.surefire.testng.TestNGProvider.invoke(TestNGProvider.java:123)\n\tat org.apache.maven.surefire.booter.ForkedBooter.runSuitesInProcess(ForkedBooter.java:456)\n\tat org.apache.maven.surefire.booter.ForkedBooter.execute(ForkedBooter.java:169)\n\tat org.apache.maven.surefire.booter.ForkedBooter.run(ForkedBooter.java:595)\n\tat org.apache.maven.surefire.booter.ForkedBooter.main(ForkedBooter.java:581)\nCaused by: java.lang.RuntimeException: \nCan't get WebDriver: chrome\n\tat com.epam.jdi.light.common.Exceptions.exception(Exceptions.java:35)\n\tat com.epam.jdi.light.driver.WebDriverFactory.getDriver(WebDriverFactory.java:224)\n\tat com.epam.jdi.light.driver.WebDriverFactory.getDriver(WebDriverFactory.java:214)\n\t... 28 more\nCaused by: java.lang.RuntimeException: java.lang.RuntimeException: \nFailed to run downloaded driver CHROME:X64:105.0.5195.52. Please check that your browser and driver are compatible or use local driver with 'drivers.folder' property in test.properties'.\nDriverPath: /home/runner/.cache/selenium/chromedriver/linux64/107.0.5304.62/chromedriver\n\tat com.jdiai.tools.func.JFunc1.execute(JFunc1.java:21)\n\tat com.epam.jdi.light.driver.WebDriverFactory.getDriver(WebDriverFactory.java:222)\n\t... 29 more\nCaused by: java.lang.RuntimeException: \nFailed to run downloaded driver CHROME:X64:105.0.5195.52. Please check that your browser and driver are compatible or use local driver with 'drivers.folder' property in test.properties'.\nDriverPath: /home/runner/.cache/selenium/chromedriver/linux64/107.0.5304.62/chromedriver\n\tat com.epam.jdi.light.common.Exceptions.exception(Exceptions.java:35)\n\tat com.epam.jdi.light.driver.WebDriverFactory.getDriverException(WebDriverFactory.java:143)\n\tat com.epam.jdi.light.driver.WebDriverFactory.getDriverByName(WebDriverFactory.java:127)\n\tat com.jdiai.tools.func.JFunc1.execute(JFunc1.java:19)\n\t... 30 more\nCaused by: java.lang.RuntimeException: \nCan't run and register new driver 'chrome'\n\tat com.epam.jdi.light.common.Exceptions.exception(Exceptions.java:35)\n\tat com.epam.jdi.light.driver.WebDriverFactory.registerNewDriver(WebDriverFactory.java:90)\n\tat com.epam.jdi.light.driver.WebDriverFactory.getDriverFromName(WebDriverFactory.java:158)\n\tat com.epam.jdi.light.driver.WebDriverFactory.getDriverByName(WebDriverFactory.java:125)\n\t... 31 more\nCaused by: java.lang.RuntimeException: \nFailed to get valid driver 'chrome'\n\tat com.epam.jdi.light.common.Exceptions.runtimeException(Exceptions.java:17)\n\tat com.epam.jdi.light.driver.WebDriverFactory.getValidDriver(WebDriverFactory.java:113)\n\tat com.epam.jdi.light.driver.WebDriverFactory.registerNewDriver(WebDriverFactory.java:85)\n\t... 33 more\n","flaky":false,"newFailed":false,"newBroken":false,"newPassed":false,"retriesCount":0,"retriesStatusChange":false,"beforeStages":[{"name":"setUp","time":{"start":1668597274773,"stop":1668597280557,"duration":5784},"description":"","status":"broken","statusMessage":"\nCan't get WebDriver: chrome","statusTrace":"java.lang.RuntimeException: \nCan't get WebDriver: chrome\n\tat com.epam.jdi.light.common.Exceptions.exception(Exceptions.java:35)\n\tat com.epam.jdi.light.driver.WebDriverFactory.getDriver(WebDriverFactory.java:216)\n\tat com.epam.jdi.light.elements.common.WindowsManager.setWindowName(WindowsManager.java:87)\n\tat com.epam.jdi.light.elements.common.WindowsManager.openSiteTab(WindowsManager.java:51)\n\tat com.epam.jdi.light.elements.composite.WebPage.openSite(WebPage.java:153)\n\tat org.mytests.tests.TestsInit.setUp(TestsInit.java:18)\n\tat java.base/jdk.internal.reflect.NativeMethodAccessorImpl.invoke0(Native Method)\n\tat java.base/jdk.internal.reflect.NativeMethodAccessorImpl.invoke(NativeMethodAccessorImpl.java:62)\n\tat java.base/jdk.internal.reflect.DelegatingMethodAccessorImpl.invoke(DelegatingMethodAccessorImpl.java:43)\n\tat java.base/java.lang.reflect.Method.invoke(Method.java:567)\n\tat org.testng.internal.MethodInvocationHelper.invokeMethod(MethodInvocationHelper.java:124)\n\tat org.testng.internal.MethodInvocationHelper.invokeMethodConsideringTimeout(MethodInvocationHelper.java:59)\n\tat org.testng.internal.Invoker.invokeConfigurationMethod(Invoker.java:458)\n\tat org.testng.internal.Invoker.invokeConfigurations(Invoker.java:222)\n\tat org.testng.internal.Invoker.invokeConfigurations(Invoker.java:142)\n\tat org.testng.SuiteRunner.privateRun(SuiteRunner.java:401)\n\tat org.testng.SuiteRunner.run(SuiteRunner.java:364)\n\tat org.testng.SuiteRunnerWorker.runSuite(SuiteRunnerWorker.java:52)\n\tat org.testng.SuiteRunnerWorker.run(SuiteRunnerWorker.java:84)\n\tat org.testng.TestNG.runSuitesSequentially(TestNG.java:1208)\n\tat org.testng.TestNG.runSuitesLocally(TestNG.java:1137)\n\tat org.testng.TestNG.runSuites(TestNG.java:1049)\n\tat org.testng.TestNG.run(TestNG.java:1017)\n\tat org.apache.maven.surefire.testng.TestNGExecutor.run(TestNGExecutor.java:324)\n\tat org.apache.maven.surefire.testng.TestNGXmlTestSuite.execute(TestNGXmlTestSuite.java:74)\n\tat org.apache.maven.surefire.testng.TestNGProvider.invoke(TestNGProvider.java:123)\n\tat org.apache.maven.surefire.booter.ForkedBooter.runSuitesInProcess(ForkedBooter.java:456)\n\tat org.apache.maven.surefire.booter.ForkedBooter.execute(ForkedBooter.java:169)\n\tat org.apache.maven.surefire.booter.ForkedBooter.run(ForkedBooter.java:595)\n\tat org.apache.maven.surefire.booter.ForkedBooter.main(ForkedBooter.java:581)\nCaused by: java.lang.RuntimeException: \nCan't get WebDriver: chrome\n\tat com.epam.jdi.light.common.Exceptions.exception(Exceptions.java:35)\n\tat com.epam.jdi.light.driver.WebDriverFactory.getDriver(WebDriverFactory.java:224)\n\tat com.epam.jdi.light.driver.WebDriverFactory.getDriver(WebDriverFactory.java:214)\n\t... 28 more\nCaused by: java.lang.RuntimeException: java.lang.RuntimeException: \nFailed to run downloaded driver CHROME:X64:105.0.5195.52. Please check that your browser and driver are compatible or use local driver with 'drivers.folder' property in test.properties'.\nDriverPath: /home/runner/.cache/selenium/chromedriver/linux64/107.0.5304.62/chromedriver\n\tat com.jdiai.tools.func.JFunc1.execute(JFunc1.java:21)\n\tat com.epam.jdi.light.driver.WebDriverFactory.getDriver(WebDriverFactory.java:222)\n\t... 29 more\nCaused by: java.lang.RuntimeException: \nFailed to run downloaded driver CHROME:X64:105.0.5195.52. Please check that your browser and driver are compatible or use local driver with 'drivers.folder' property in test.properties'.\nDriverPath: /home/runner/.cache/selenium/chromedriver/linux64/107.0.5304.62/chromedriver\n\tat com.epam.jdi.light.common.Exceptions.exception(Exceptions.java:35)\n\tat com.epam.jdi.light.driver.WebDriverFactory.getDriverException(WebDriverFactory.java:143)\n\tat com.epam.jdi.light.driver.WebDriverFactory.getDriverByName(WebDriverFactory.java:127)\n\tat com.jdiai.tools.func.JFunc1.execute(JFunc1.java:19)\n\t... 30 more\nCaused by: java.lang.RuntimeException: \nCan't run and register new driver 'chrome'\n\tat com.epam.jdi.light.common.Exceptions.exception(Exceptions.java:35)\n\tat com.epam.jdi.light.driver.WebDriverFactory.registerNewDriver(WebDriverFactory.java:90)\n\tat com.epam.jdi.light.driver.WebDriverFactory.getDriverFromName(WebDriverFactory.java:158)\n\tat com.epam.jdi.light.driver.WebDriverFactory.getDriverByName(WebDriverFactory.java:125)\n\t... 31 more\nCaused by: java.lang.RuntimeException: \nFailed to get valid driver 'chrome'\n\tat com.epam.jdi.light.common.Exceptions.runtimeException(Exceptions.java:17)\n\tat com.epam.jdi.light.driver.WebDriverFactory.getValidDriver(WebDriverFactory.java:113)\n\tat com.epam.jdi.light.driver.WebDriverFactory.registerNewDriver(WebDriverFactory.java:85)\n\t... 33 more\n","steps":[],"attachments":[],"parameters":[],"stepsCount":0,"attachmentsCount":0,"shouldDisplayMessage":true,"hasContent":true}],"afterStages":[{"name":"tearDown","time":{"start":1668597280809,"stop":1668597280810,"duration":1},"description":"","status":"passed","steps":[],"attachments":[],"parameters":[],"stepsCount":0,"attachmentsCount":0,"shouldDisplayMessage":false,"hasContent":false}],"labels":[{"name":"package","value":"org.mytests.tests.example.DataTableTests"},{"name":"testClass","value":"org.mytests.tests.example.DataTableTests"},{"name":"testMethod","value":"dataColumnTestIndex"},{"name":"parentSuite","value":"JDI-Light Performance"},{"name":"suite","value":"Tests"},{"name":"subSuite","value":"org.mytests.tests.example.DataTableTests"},{"name":"host","value":"fv-az207-839"},{"name":"thread","value":"3464@fv-az207-839.TestNG-test=Tests-2(36)"},{"name":"framework","value":"testng"},{"name":"language","value":"java"},{"name":"resultFormat","value":"allure2"}],"parameters":[],"links":[],"hidden":false,"retry":false,"extra":{"severity":"normal","retries":[],"categories":[],"history":{"statistic":{"failed":0,"broken":0,"skipped":53,"passed":1,"unknown":0,"total":54},"items":[{"uid":"429ceb53be587564","reportUrl":"https://jdi-templates.github.io/jdi-light-browserstack/13//#testresult/429ceb53be587564","status":"skipped","statusDetails":"\nCan't get WebDriver: chrome","time":{"start":1668597170173,"stop":1668597170173,"duration":0}},{"uid":"71f373da87218658","reportUrl":"https://jdi-templates.github.io/jdi-light-browserstack/13//#testresult/71f373da87218658","status":"skipped","statusDetails":"\nCan't get WebDriver: chrome","time":{"start":1668597037191,"stop":1668597037191,"duration":0}},{"uid":"b983559838a89846","reportUrl":"https://jdi-templates.github.io/jdi-light-browserstack/12//#testresult/b983559838a89846","status":"skipped","statusDetails":"\nCan't get WebDriver: chrome","time":{"start":1668596949455,"stop":1668596949455,"duration":0}},{"uid":"100facd29eb5245e","reportUrl":"https://jdi-templates.github.io/jdi-light-browserstack/12//#testresult/100facd29eb5245e","status":"skipped","statusDetails":"\nCan't get WebDriver: chrome","time":{"start":1668596827344,"stop":1668596827345,"duration":1}},{"uid":"dce6d9113d4aac2e","reportUrl":"https://jdi-templates.github.io/jdi-light-browserstack/12//#testresult/dce6d9113d4aac2e","status":"skipped","statusDetails":"\nCan't get WebDriver: chrome","time":{"start":1668596704533,"stop":1668596704533,"duration":0}},{"uid":"37a08e1128d17721","reportUrl":"https://jdi-templates.github.io/jdi-light-browserstack/9//#testresult/37a08e1128d17721","status":"skipped","statusDetails":"\nCan't get WebDriver: chrome","time":{"start":1668593122336,"stop":1668593122336,"duration":0}},{"uid":"fab1de159892afd8","reportUrl":"https://jdi-templates.github.io/jdi-light-browserstack/9//#testresult/fab1de159892afd8","status":"skipped","statusDetails":"\nCan't get WebDriver: chrome","time":{"start":1668593016880,"stop":1668593016880,"duration":0}},{"uid":"e7faea631939c09c","reportUrl":"https://jdi-templates.github.io/jdi-light-browserstack/9//#testresult/e7faea631939c09c","status":"skipped","statusDetails":"\nCan't get WebDriver: chrome","time":{"start":1668592897722,"stop":1668592897722,"duration":0}},{"uid":"a0ccc5bb8299d3e1","reportUrl":"https://jdi-templates.github.io/jdi-light-browserstack/9//#testresult/a0ccc5bb8299d3e1","status":"skipped","statusDetails":"\nCan't get WebDriver: chrome","time":{"start":1668592776560,"stop":1668592776560,"duration":0}},{"uid":"41134ba08267d222","reportUrl":"https://jdi-templates.github.io/jdi-light-browserstack/9//#testresult/41134ba08267d222","status":"skipped","statusDetails":"\nCan't get WebDriver: chrome","time":{"start":1668592658908,"stop":1668592658908,"duration":0}},{"uid":"7a20378c10e52fb3","reportUrl":"https://jdi-templates.github.io/jdi-light-browserstack/9//#testresult/7a20378c10e52fb3","status":"skipped","statusDetails":"\nCan't get WebDriver: chrome","time":{"start":1668592551442,"stop":1668592551442,"duration":0}},{"uid":"e42ef5d097d746c6","reportUrl":"https://jdi-templates.github.io/jdi-light-browserstack/9//#testresult/e42ef5d097d746c6","status":"skipped","statusDetails":"\nCan't get WebDriver: chrome","time":{"start":1668592443252,"stop":1668592443252,"duration":0}},{"uid":"2a48f47cdba2922c","reportUrl":"https://jdi-templates.github.io/jdi-light-browserstack/8//#testresult/2a48f47cdba2922c","status":"skipped","statusDetails":"\nCan't get WebDriver: chrome","time":{"start":1668592425463,"stop":1668592425463,"duration":0}},{"uid":"ff3450b49281dc2a","reportUrl":"https://jdi-templates.github.io/jdi-light-browserstack/9//#testresult/ff3450b49281dc2a","status":"skipped","statusDetails":"\nCan't get WebDriver: chrome","time":{"start":1668592330584,"stop":1668592330584,"duration":0}},{"uid":"8e3037f503313cc2","reportUrl":"https://jdi-templates.github.io/jdi-light-browserstack/8//#testresult/8e3037f503313cc2","status":"skipped","statusDetails":"\nCan't get WebDriver: chrome","time":{"start":1668592306773,"stop":1668592306773,"duration":0}},{"uid":"129a2527f5af02d3","reportUrl":"https://jdi-templates.github.io/jdi-light-browserstack/8//#testresult/129a2527f5af02d3","status":"skipped","statusDetails":"\nCan't get WebDriver: chrome","time":{"start":1668592191322,"stop":1668592191322,"duration":0}},{"uid":"d4804b5eed6e6dd3","reportUrl":"https://jdi-templates.github.io/jdi-light-browserstack/8//#testresult/d4804b5eed6e6dd3","status":"skipped","statusDetails":"\nCan't get WebDriver: chrome","time":{"start":1668592075852,"stop":1668592075858,"duration":6}},{"uid":"557257923c9e8989","reportUrl":"https://jdi-templates.github.io/jdi-light-browserstack/8//#testresult/557257923c9e8989","status":"skipped","statusDetails":"\nCan't get WebDriver: chrome","time":{"start":1668591965503,"stop":1668591965503,"duration":0}},{"uid":"43d6cb3ace012742","reportUrl":"https://jdi-templates.github.io/jdi-light-browserstack/8//#testresult/43d6cb3ace012742","status":"skipped","statusDetails":"\nCan't get WebDriver: chrome","time":{"start":1668591851827,"stop":1668591851827,"duration":0}},{"uid":"5b4ddedb73252cf2","reportUrl":"https://jdi-templates.github.io/jdi-light-browserstack/8//#testresult/5b4ddedb73252cf2","status":"skipped","statusDetails":"\nCan't get WebDriver: chrome","time":{"start":1668591736896,"stop":1668591736896,"duration":0}}]},"tags":[]},"source":"a07602f033fd2519.json","parameterValues":[]}