{"uid":"b415a53c17c08561","name":"exactMatcherTest","fullName":"org.mytests.tests.example.DataTableTests.exactMatcherTest","historyId":"cfd427881319d77d940491fc01afc045","time":{"start":1668596704545,"stop":1668596704545,"duration":0},"status":"skipped","statusMessage":"\nCan't get WebDriver: chrome","statusTrace":"java.lang.RuntimeException: \nCan't get WebDriver: chrome\n\tat com.epam.jdi.light.common.Exceptions.exception(Exceptions.java:35)\n\tat com.epam.jdi.light.driver.WebDriverFactory.getDriver(WebDriverFactory.java:216)\n\tat com.epam.jdi.light.elements.common.WindowsManager.setWindowName(WindowsManager.java:87)\n\tat com.epam.jdi.light.elements.common.WindowsManager.openSiteTab(WindowsManager.java:51)\n\tat com.epam.jdi.light.elements.composite.WebPage.openSite(WebPage.java:153)\n\tat org.mytests.tests.TestsInit.setUp(TestsInit.java:18)\n\tat sun.reflect.NativeMethodAccessorImpl.invoke0(Native Method)\n\tat sun.reflect.NativeMethodAccessorImpl.invoke(NativeMethodAccessorImpl.java:62)\n\tat sun.reflect.DelegatingMethodAccessorImpl.invoke(DelegatingMethodAccessorImpl.java:43)\n\tat java.lang.reflect.Method.invoke(Method.java:498)\n\tat org.testng.internal.MethodInvocationHelper.invokeMethod(MethodInvocationHelper.java:124)\n\tat org.testng.internal.MethodInvocationHelper.invokeMethodConsideringTimeout(MethodInvocationHelper.java:59)\n\tat org.testng.internal.Invoker.invokeConfigurationMethod(Invoker.java:458)\n\tat org.testng.internal.Invoker.invokeConfigurations(Invoker.java:222)\n\tat org.testng.internal.Invoker.invokeConfigurations(Invoker.java:142)\n\tat org.testng.SuiteRunner.privateRun(SuiteRunner.java:401)\n\tat org.testng.SuiteRunner.run(SuiteRunner.java:364)\n\tat org.testng.SuiteRunnerWorker.runSuite(SuiteRunnerWorker.java:52)\n\tat org.testng.SuiteRunnerWorker.run(SuiteRunnerWorker.java:84)\n\tat org.testng.TestNG.runSuitesSequentially(TestNG.java:1208)\n\tat org.testng.TestNG.runSuitesLocally(TestNG.java:1137)\n\tat org.testng.TestNG.runSuites(TestNG.java:1049)\n\tat org.testng.TestNG.run(TestNG.java:1017)\n\tat org.apache.maven.surefire.testng.TestNGExecutor.run(TestNGExecutor.java:324)\n\tat org.apache.maven.surefire.testng.TestNGXmlTestSuite.execute(TestNGXmlTestSuite.java:74)\n\tat org.apache.maven.surefire.testng.TestNGProvider.invoke(TestNGProvider.java:123)\n\tat org.apache.maven.surefire.booter.ForkedBooter.runSuitesInProcess(ForkedBooter.java:456)\n\tat org.apache.maven.surefire.booter.ForkedBooter.execute(ForkedBooter.java:169)\n\tat org.apache.maven.surefire.booter.ForkedBooter.run(ForkedBooter.java:595)\n\tat org.apache.maven.surefire.booter.ForkedBooter.main(ForkedBooter.java:581)\nCaused by: java.lang.RuntimeException: \nCan't get WebDriver: chrome\n\tat com.epam.jdi.light.common.Exceptions.exception(Exceptions.java:35)\n\tat com.epam.jdi.light.driver.WebDriverFactory.getDriver(WebDriverFactory.java:224)\n\tat com.epam.jdi.light.driver.WebDriverFactory.getDriver(WebDriverFactory.java:214)\n\t... 28 more\nCaused by: java.lang.RuntimeException: java.lang.RuntimeException: \nFailed to run downloaded driver CHROME:X64:105.0.5195.52. Please check that your browser and driver are compatible or use local driver with 'drivers.folder' property in test.properties'.\nDriverPath: /home/runner/.cache/selenium/chromedriver/linux64/107.0.5304.62/chromedriver\n\tat com.jdiai.tools.func.JFunc1.execute(JFunc1.java:21)\n\tat com.epam.jdi.light.driver.WebDriverFactory.getDriver(WebDriverFactory.java:222)\n\t... 29 more\nCaused by: java.lang.RuntimeException: \nFailed to run downloaded driver CHROME:X64:105.0.5195.52. Please check that your browser and driver are compatible or use local driver with 'drivers.folder' property in test.properties'.\nDriverPath: /home/runner/.cache/selenium/chromedriver/linux64/107.0.5304.62/chromedriver\n\tat com.epam.jdi.light.common.Exceptions.exception(Exceptions.java:35)\n\tat com.epam.jdi.light.driver.WebDriverFactory.getDriverException(WebDriverFactory.java:143)\n\tat com.epam.jdi.light.driver.WebDriverFactory.getDriverByName(WebDriverFactory.java:127)\n\tat com.jdiai.tools.func.JFunc1.execute(JFunc1.java:19)\n\t... 30 more\nCaused by: java.lang.RuntimeException: \nCan't run and register new driver 'chrome'\n\tat com.epam.jdi.light.common.Exceptions.exception(Exceptions.java:35)\n\tat com.epam.jdi.light.driver.WebDriverFactory.registerNewDriver(WebDriverFactory.java:90)\n\tat com.epam.jdi.light.driver.WebDriverFactory.getDriverFromName(WebDriverFactory.java:158)\n\tat com.epam.jdi.light.driver.WebDriverFactory.getDriverByName(WebDriverFactory.java:125)\n\t... 31 more\nCaused by: java.lang.RuntimeException: \nFailed to get valid driver 'chrome'\n\tat com.epam.jdi.light.common.Exceptions.runtimeException(Exceptions.java:17)\n\tat com.epam.jdi.light.driver.WebDriverFactory.getValidDriver(WebDriverFactory.java:113)\n\tat com.epam.jdi.light.driver.WebDriverFactory.registerNewDriver(WebDriverFactory.java:85)\n\t... 33 more\n","flaky":false,"newFailed":false,"newBroken":false,"newPassed":false,"retriesCount":0,"retriesStatusChange":false,"beforeStages":[{"name":"setUp","time":{"start":1668596697517,"stop":1668596704278,"duration":6761},"description":"","status":"broken","statusMessage":"\nCan't get WebDriver: chrome","statusTrace":"java.lang.RuntimeException: \nCan't get WebDriver: chrome\n\tat com.epam.jdi.light.common.Exceptions.exception(Exceptions.java:35)\n\tat com.epam.jdi.light.driver.WebDriverFactory.getDriver(WebDriverFactory.java:216)\n\tat com.epam.jdi.light.elements.common.WindowsManager.setWindowName(WindowsManager.java:87)\n\tat com.epam.jdi.light.elements.common.WindowsManager.openSiteTab(WindowsManager.java:51)\n\tat com.epam.jdi.light.elements.composite.WebPage.openSite(WebPage.java:153)\n\tat org.mytests.tests.TestsInit.setUp(TestsInit.java:18)\n\tat sun.reflect.NativeMethodAccessorImpl.invoke0(Native Method)\n\tat sun.reflect.NativeMethodAccessorImpl.invoke(NativeMethodAccessorImpl.java:62)\n\tat sun.reflect.DelegatingMethodAccessorImpl.invoke(DelegatingMethodAccessorImpl.java:43)\n\tat java.lang.reflect.Method.invoke(Method.java:498)\n\tat org.testng.internal.MethodInvocationHelper.invokeMethod(MethodInvocationHelper.java:124)\n\tat org.testng.internal.MethodInvocationHelper.invokeMethodConsideringTimeout(MethodInvocationHelper.java:59)\n\tat org.testng.internal.Invoker.invokeConfigurationMethod(Invoker.java:458)\n\tat org.testng.internal.Invoker.invokeConfigurations(Invoker.java:222)\n\tat org.testng.internal.Invoker.invokeConfigurations(Invoker.java:142)\n\tat org.testng.SuiteRunner.privateRun(SuiteRunner.java:401)\n\tat org.testng.SuiteRunner.run(SuiteRunner.java:364)\n\tat org.testng.SuiteRunnerWorker.runSuite(SuiteRunnerWorker.java:52)\n\tat org.testng.SuiteRunnerWorker.run(SuiteRunnerWorker.java:84)\n\tat org.testng.TestNG.runSuitesSequentially(TestNG.java:1208)\n\tat org.testng.TestNG.runSuitesLocally(TestNG.java:1137)\n\tat org.testng.TestNG.runSuites(TestNG.java:1049)\n\tat org.testng.TestNG.run(TestNG.java:1017)\n\tat org.apache.maven.surefire.testng.TestNGExecutor.run(TestNGExecutor.java:324)\n\tat org.apache.maven.surefire.testng.TestNGXmlTestSuite.execute(TestNGXmlTestSuite.java:74)\n\tat org.apache.maven.surefire.testng.TestNGProvider.invoke(TestNGProvider.java:123)\n\tat org.apache.maven.surefire.booter.ForkedBooter.runSuitesInProcess(ForkedBooter.java:456)\n\tat org.apache.maven.surefire.booter.ForkedBooter.execute(ForkedBooter.java:169)\n\tat org.apache.maven.surefire.booter.ForkedBooter.run(ForkedBooter.java:595)\n\tat org.apache.maven.surefire.booter.ForkedBooter.main(ForkedBooter.java:581)\nCaused by: java.lang.RuntimeException: \nCan't get WebDriver: chrome\n\tat com.epam.jdi.light.common.Exceptions.exception(Exceptions.java:35)\n\tat com.epam.jdi.light.driver.WebDriverFactory.getDriver(WebDriverFactory.java:224)\n\tat com.epam.jdi.light.driver.WebDriverFactory.getDriver(WebDriverFactory.java:214)\n\t... 28 more\nCaused by: java.lang.RuntimeException: java.lang.RuntimeException: \nFailed to run downloaded driver CHROME:X64:105.0.5195.52. Please check that your browser and driver are compatible or use local driver with 'drivers.folder' property in test.properties'.\nDriverPath: /home/runner/.cache/selenium/chromedriver/linux64/107.0.5304.62/chromedriver\n\tat com.jdiai.tools.func.JFunc1.execute(JFunc1.java:21)\n\tat com.epam.jdi.light.driver.WebDriverFactory.getDriver(WebDriverFactory.java:222)\n\t... 29 more\nCaused by: java.lang.RuntimeException: \nFailed to run downloaded driver CHROME:X64:105.0.5195.52. Please check that your browser and driver are compatible or use local driver with 'drivers.folder' property in test.properties'.\nDriverPath: /home/runner/.cache/selenium/chromedriver/linux64/107.0.5304.62/chromedriver\n\tat com.epam.jdi.light.common.Exceptions.exception(Exceptions.java:35)\n\tat com.epam.jdi.light.driver.WebDriverFactory.getDriverException(WebDriverFactory.java:143)\n\tat com.epam.jdi.light.driver.WebDriverFactory.getDriverByName(WebDriverFactory.java:127)\n\tat com.jdiai.tools.func.JFunc1.execute(JFunc1.java:19)\n\t... 30 more\nCaused by: java.lang.RuntimeException: \nCan't run and register new driver 'chrome'\n\tat com.epam.jdi.light.common.Exceptions.exception(Exceptions.java:35)\n\tat com.epam.jdi.light.driver.WebDriverFactory.registerNewDriver(WebDriverFactory.java:90)\n\tat com.epam.jdi.light.driver.WebDriverFactory.getDriverFromName(WebDriverFactory.java:158)\n\tat com.epam.jdi.light.driver.WebDriverFactory.getDriverByName(WebDriverFactory.java:125)\n\t... 31 more\nCaused by: java.lang.RuntimeException: \nFailed to get valid driver 'chrome'\n\tat com.epam.jdi.light.common.Exceptions.runtimeException(Exceptions.java:17)\n\tat com.epam.jdi.light.driver.WebDriverFactory.getValidDriver(WebDriverFactory.java:113)\n\tat com.epam.jdi.light.driver.WebDriverFactory.registerNewDriver(WebDriverFactory.java:85)\n\t... 33 more\n","steps":[],"attachments":[],"parameters":[],"stepsCount":0,"attachmentsCount":0,"shouldDisplayMessage":true,"hasContent":true}],"afterStages":[{"name":"tearDown","time":{"start":1668596704604,"stop":1668596704605,"duration":1},"description":"","status":"passed","steps":[],"attachments":[],"parameters":[],"stepsCount":0,"attachmentsCount":0,"shouldDisplayMessage":false,"hasContent":false}],"labels":[{"name":"package","value":"org.mytests.tests.example.DataTableTests"},{"name":"testClass","value":"org.mytests.tests.example.DataTableTests"},{"name":"testMethod","value":"exactMatcherTest"},{"name":"parentSuite","value":"JDI-Light Performance"},{"name":"suite","value":"Tests"},{"name":"subSuite","value":"org.mytests.tests.example.DataTableTests"},{"name":"host","value":"fv-az295-367"},{"name":"thread","value":"3549@fv-az295-367.TestNG-test=Tests-2(35)"},{"name":"framework","value":"testng"},{"name":"language","value":"java"},{"name":"resultFormat","value":"allure2"}],"parameters":[],"links":[],"hidden":false,"retry":false,"extra":{"severity":"normal","retries":[],"categories":[],"history":{"statistic":{"failed":0,"broken":0,"skipped":48,"passed":1,"unknown":0,"total":49},"items":[{"uid":"74844b578ef41bae","reportUrl":"https://jdi-templates.github.io/jdi-light-browserstack/9//#testresult/74844b578ef41bae","status":"skipped","statusDetails":"\nCan't get WebDriver: chrome","time":{"start":1668593122355,"stop":1668593122355,"duration":0}},{"uid":"48ca3dfa8a950255","reportUrl":"https://jdi-templates.github.io/jdi-light-browserstack/9//#testresult/48ca3dfa8a950255","status":"skipped","statusDetails":"\nCan't get WebDriver: chrome","time":{"start":1668593016886,"stop":1668593016886,"duration":0}},{"uid":"508d32bf07c43b9f","reportUrl":"https://jdi-templates.github.io/jdi-light-browserstack/9//#testresult/508d32bf07c43b9f","status":"skipped","statusDetails":"\nCan't get WebDriver: chrome","time":{"start":1668592897741,"stop":1668592897741,"duration":0}},{"uid":"ac51e34d7ac5f52b","reportUrl":"https://jdi-templates.github.io/jdi-light-browserstack/9//#testresult/ac51e34d7ac5f52b","status":"skipped","statusDetails":"\nCan't get WebDriver: chrome","time":{"start":1668592776594,"stop":1668592776594,"duration":0}},{"uid":"6cc736376563dfa9","reportUrl":"https://jdi-templates.github.io/jdi-light-browserstack/9//#testresult/6cc736376563dfa9","status":"skipped","statusDetails":"\nCan't get WebDriver: chrome","time":{"start":1668592658925,"stop":1668592658925,"duration":0}},{"uid":"ffad4306401423e6","reportUrl":"https://jdi-templates.github.io/jdi-light-browserstack/9//#testresult/ffad4306401423e6","status":"skipped","statusDetails":"\nCan't get WebDriver: chrome","time":{"start":1668592551463,"stop":1668592551463,"duration":0}},{"uid":"80d386fc4a7e12e","reportUrl":"https://jdi-templates.github.io/jdi-light-browserstack/9//#testresult/80d386fc4a7e12e","status":"skipped","statusDetails":"\nCan't get WebDriver: chrome","time":{"start":1668592443261,"stop":1668592443263,"duration":2}},{"uid":"1b27fe4c610c5ad5","reportUrl":"https://jdi-templates.github.io/jdi-light-browserstack/8//#testresult/1b27fe4c610c5ad5","status":"skipped","statusDetails":"\nCan't get WebDriver: chrome","time":{"start":1668592425476,"stop":1668592425476,"duration":0}},{"uid":"2baf7d4f0322a68f","reportUrl":"https://jdi-templates.github.io/jdi-light-browserstack/9//#testresult/2baf7d4f0322a68f","status":"skipped","statusDetails":"\nCan't get WebDriver: chrome","time":{"start":1668592330615,"stop":1668592330615,"duration":0}},{"uid":"701a43c1810c5f18","reportUrl":"https://jdi-templates.github.io/jdi-light-browserstack/8//#testresult/701a43c1810c5f18","status":"skipped","statusDetails":"\nCan't get WebDriver: chrome","time":{"start":1668592306802,"stop":1668592306802,"duration":0}},{"uid":"c7502e5d8fa981cb","reportUrl":"https://jdi-templates.github.io/jdi-light-browserstack/8//#testresult/c7502e5d8fa981cb","status":"skipped","statusDetails":"\nCan't get WebDriver: chrome","time":{"start":1668592191348,"stop":1668592191348,"duration":0}},{"uid":"bebb4941e0838a1f","reportUrl":"https://jdi-templates.github.io/jdi-light-browserstack/8//#testresult/bebb4941e0838a1f","status":"skipped","statusDetails":"\nCan't get WebDriver: chrome","time":{"start":1668592075871,"stop":1668592075871,"duration":0}},{"uid":"95d7cf9cb6ddeb2e","reportUrl":"https://jdi-templates.github.io/jdi-light-browserstack/8//#testresult/95d7cf9cb6ddeb2e","status":"skipped","statusDetails":"\nCan't get WebDriver: chrome","time":{"start":1668591965522,"stop":1668591965522,"duration":0}},{"uid":"f9ebb520ecc12dbf","reportUrl":"https://jdi-templates.github.io/jdi-light-browserstack/8//#testresult/f9ebb520ecc12dbf","status":"skipped","statusDetails":"\nCan't get WebDriver: chrome","time":{"start":1668591851839,"stop":1668591851839,"duration":0}},{"uid":"5f1aff0b8a311b9c","reportUrl":"https://jdi-templates.github.io/jdi-light-browserstack/8//#testresult/5f1aff0b8a311b9c","status":"skipped","statusDetails":"\nCan't get WebDriver: chrome","time":{"start":1668591736903,"stop":1668591736903,"duration":0}},{"uid":"f6cb462274a64079","reportUrl":"https://jdi-templates.github.io/jdi-light-browserstack/8//#testresult/f6cb462274a64079","status":"skipped","statusDetails":"\nCan't get WebDriver: chrome","time":{"start":1668591639984,"stop":1668591639984,"duration":0}},{"uid":"8ba2b6cf277236e1","reportUrl":"https://jdi-templates.github.io/jdi-light-browserstack/7//#testresult/8ba2b6cf277236e1","status":"skipped","statusDetails":"\nCan't get WebDriver: firefox","time":{"start":1668417319444,"stop":1668417319445,"duration":1}},{"uid":"c9c62e7c54414803","reportUrl":"https://jdi-templates.github.io/jdi-light-browserstack/7//#testresult/c9c62e7c54414803","status":"skipped","statusDetails":"\nCan't get WebDriver: firefox","time":{"start":1668417216375,"stop":1668417216376,"duration":1}},{"uid":"baec87b5d8324799","reportUrl":"https://jdi-templates.github.io/jdi-light-browserstack/7//#testresult/baec87b5d8324799","status":"skipped","statusDetails":"\nCan't get WebDriver: firefox","time":{"start":1668417116885,"stop":1668417116885,"duration":0}},{"uid":"fcc79518edfc6938","reportUrl":"https://jdi-templates.github.io/jdi-light-browserstack/7//#testresult/fcc79518edfc6938","status":"skipped","statusDetails":"\nCan't get WebDriver: firefox","time":{"start":1668417005560,"stop":1668417005560,"duration":0}}]},"tags":[]},"source":"b415a53c17c08561.json","parameterValues":[]}