{"uid":"b6d0d362cfb0d0a9","name":"fillContactFormTest","fullName":"org.mytests.tests.example.FormTests.fillContactFormTest","historyId":"8e41cf811ea4cbd476913f3a9fb7c08c","time":{"start":1668597479801,"stop":1668597479801,"duration":0},"status":"skipped","statusMessage":"\nCan't get WebDriver: chrome","statusTrace":"java.lang.RuntimeException: \nCan't get WebDriver: chrome\n\tat com.epam.jdi.light.common.Exceptions.exception(Exceptions.java:35)\n\tat com.epam.jdi.light.driver.WebDriverFactory.getDriver(WebDriverFactory.java:216)\n\tat com.epam.jdi.light.elements.common.WindowsManager.setWindowName(WindowsManager.java:87)\n\tat com.epam.jdi.light.elements.common.WindowsManager.openSiteTab(WindowsManager.java:51)\n\tat com.epam.jdi.light.elements.composite.WebPage.openSite(WebPage.java:153)\n\tat org.mytests.tests.TestsInit.setUp(TestsInit.java:18)\n\tat java.base/jdk.internal.reflect.NativeMethodAccessorImpl.invoke0(Native Method)\n\tat java.base/jdk.internal.reflect.NativeMethodAccessorImpl.invoke(NativeMethodAccessorImpl.java:64)\n\tat java.base/jdk.internal.reflect.DelegatingMethodAccessorImpl.invoke(DelegatingMethodAccessorImpl.java:43)\n\tat java.base/java.lang.reflect.Method.invoke(Method.java:564)\n\tat org.testng.internal.MethodInvocationHelper.invokeMethod(MethodInvocationHelper.java:124)\n\tat org.testng.internal.MethodInvocationHelper.invokeMethodConsideringTimeout(MethodInvocationHelper.java:59)\n\tat org.testng.internal.Invoker.invokeConfigurationMethod(Invoker.java:458)\n\tat org.testng.internal.Invoker.invokeConfigurations(Invoker.java:222)\n\tat org.testng.internal.Invoker.invokeConfigurations(Invoker.java:142)\n\tat org.testng.SuiteRunner.privateRun(SuiteRunner.java:401)\n\tat org.testng.SuiteRunner.run(SuiteRunner.java:364)\n\tat org.testng.SuiteRunnerWorker.runSuite(SuiteRunnerWorker.java:52)\n\tat org.testng.SuiteRunnerWorker.run(SuiteRunnerWorker.java:84)\n\tat org.testng.TestNG.runSuitesSequentially(TestNG.java:1208)\n\tat org.testng.TestNG.runSuitesLocally(TestNG.java:1137)\n\tat org.testng.TestNG.runSuites(TestNG.java:1049)\n\tat org.testng.TestNG.run(TestNG.java:1017)\n\tat org.apache.maven.surefire.testng.TestNGExecutor.run(TestNGExecutor.java:324)\n\tat org.apache.maven.surefire.testng.TestNGXmlTestSuite.execute(TestNGXmlTestSuite.java:74)\n\tat org.apache.maven.surefire.testng.TestNGProvider.invoke(TestNGProvider.java:123)\n\tat org.apache.maven.surefire.booter.ForkedBooter.runSuitesInProcess(ForkedBooter.java:456)\n\tat org.apache.maven.surefire.booter.ForkedBooter.execute(ForkedBooter.java:169)\n\tat org.apache.maven.surefire.booter.ForkedBooter.run(ForkedBooter.java:595)\n\tat org.apache.maven.surefire.booter.ForkedBooter.main(ForkedBooter.java:581)\nCaused by: java.lang.RuntimeException: \nCan't get WebDriver: chrome\n\tat com.epam.jdi.light.common.Exceptions.exception(Exceptions.java:35)\n\tat com.epam.jdi.light.driver.WebDriverFactory.getDriver(WebDriverFactory.java:224)\n\tat com.epam.jdi.light.driver.WebDriverFactory.getDriver(WebDriverFactory.java:214)\n\t... 28 more\nCaused by: java.lang.RuntimeException: java.lang.RuntimeException: \nFailed to run downloaded driver CHROME:X64:105.0.5195.52. Please check that your browser and driver are compatible or use local driver with 'drivers.folder' property in test.properties'.\nDriverPath: /home/runner/.cache/selenium/chromedriver/linux64/107.0.5304.62/chromedriver\n\tat com.jdiai.tools.func.JFunc1.execute(JFunc1.java:21)\n\tat com.epam.jdi.light.driver.WebDriverFactory.getDriver(WebDriverFactory.java:222)\n\t... 29 more\nCaused by: java.lang.RuntimeException: \nFailed to run downloaded driver CHROME:X64:105.0.5195.52. Please check that your browser and driver are compatible or use local driver with 'drivers.folder' property in test.properties'.\nDriverPath: /home/runner/.cache/selenium/chromedriver/linux64/107.0.5304.62/chromedriver\n\tat com.epam.jdi.light.common.Exceptions.exception(Exceptions.java:35)\n\tat com.epam.jdi.light.driver.WebDriverFactory.getDriverException(WebDriverFactory.java:143)\n\tat com.epam.jdi.light.driver.WebDriverFactory.getDriverByName(WebDriverFactory.java:127)\n\tat com.jdiai.tools.func.JFunc1.execute(JFunc1.java:19)\n\t... 30 more\nCaused by: java.lang.RuntimeException: \nCan't run and register new driver 'chrome'\n\tat com.epam.jdi.light.common.Exceptions.exception(Exceptions.java:35)\n\tat com.epam.jdi.light.driver.WebDriverFactory.registerNewDriver(WebDriverFactory.java:90)\n\tat com.epam.jdi.light.driver.WebDriverFactory.getDriverFromName(WebDriverFactory.java:158)\n\tat com.epam.jdi.light.driver.WebDriverFactory.getDriverByName(WebDriverFactory.java:125)\n\t... 31 more\nCaused by: java.lang.RuntimeException: \nFailed to get valid driver 'chrome'\n\tat com.epam.jdi.light.common.Exceptions.runtimeException(Exceptions.java:17)\n\tat com.epam.jdi.light.driver.WebDriverFactory.getValidDriver(WebDriverFactory.java:113)\n\tat com.epam.jdi.light.driver.WebDriverFactory.registerNewDriver(WebDriverFactory.java:85)\n\t... 33 more\n","flaky":false,"newFailed":false,"newBroken":false,"newPassed":false,"retriesCount":0,"retriesStatusChange":false,"beforeStages":[{"name":"setUp","time":{"start":1668597473635,"stop":1668597479649,"duration":6014},"description":"","status":"broken","statusMessage":"\nCan't get WebDriver: chrome","statusTrace":"java.lang.RuntimeException: \nCan't get WebDriver: chrome\n\tat com.epam.jdi.light.common.Exceptions.exception(Exceptions.java:35)\n\tat com.epam.jdi.light.driver.WebDriverFactory.getDriver(WebDriverFactory.java:216)\n\tat com.epam.jdi.light.elements.common.WindowsManager.setWindowName(WindowsManager.java:87)\n\tat com.epam.jdi.light.elements.common.WindowsManager.openSiteTab(WindowsManager.java:51)\n\tat com.epam.jdi.light.elements.composite.WebPage.openSite(WebPage.java:153)\n\tat org.mytests.tests.TestsInit.setUp(TestsInit.java:18)\n\tat java.base/jdk.internal.reflect.NativeMethodAccessorImpl.invoke0(Native Method)\n\tat java.base/jdk.internal.reflect.NativeMethodAccessorImpl.invoke(NativeMethodAccessorImpl.java:64)\n\tat java.base/jdk.internal.reflect.DelegatingMethodAccessorImpl.invoke(DelegatingMethodAccessorImpl.java:43)\n\tat java.base/java.lang.reflect.Method.invoke(Method.java:564)\n\tat org.testng.internal.MethodInvocationHelper.invokeMethod(MethodInvocationHelper.java:124)\n\tat org.testng.internal.MethodInvocationHelper.invokeMethodConsideringTimeout(MethodInvocationHelper.java:59)\n\tat org.testng.internal.Invoker.invokeConfigurationMethod(Invoker.java:458)\n\tat org.testng.internal.Invoker.invokeConfigurations(Invoker.java:222)\n\tat org.testng.internal.Invoker.invokeConfigurations(Invoker.java:142)\n\tat org.testng.SuiteRunner.privateRun(SuiteRunner.java:401)\n\tat org.testng.SuiteRunner.run(SuiteRunner.java:364)\n\tat org.testng.SuiteRunnerWorker.runSuite(SuiteRunnerWorker.java:52)\n\tat org.testng.SuiteRunnerWorker.run(SuiteRunnerWorker.java:84)\n\tat org.testng.TestNG.runSuitesSequentially(TestNG.java:1208)\n\tat org.testng.TestNG.runSuitesLocally(TestNG.java:1137)\n\tat org.testng.TestNG.runSuites(TestNG.java:1049)\n\tat org.testng.TestNG.run(TestNG.java:1017)\n\tat org.apache.maven.surefire.testng.TestNGExecutor.run(TestNGExecutor.java:324)\n\tat org.apache.maven.surefire.testng.TestNGXmlTestSuite.execute(TestNGXmlTestSuite.java:74)\n\tat org.apache.maven.surefire.testng.TestNGProvider.invoke(TestNGProvider.java:123)\n\tat org.apache.maven.surefire.booter.ForkedBooter.runSuitesInProcess(ForkedBooter.java:456)\n\tat org.apache.maven.surefire.booter.ForkedBooter.execute(ForkedBooter.java:169)\n\tat org.apache.maven.surefire.booter.ForkedBooter.run(ForkedBooter.java:595)\n\tat org.apache.maven.surefire.booter.ForkedBooter.main(ForkedBooter.java:581)\nCaused by: java.lang.RuntimeException: \nCan't get WebDriver: chrome\n\tat com.epam.jdi.light.common.Exceptions.exception(Exceptions.java:35)\n\tat com.epam.jdi.light.driver.WebDriverFactory.getDriver(WebDriverFactory.java:224)\n\tat com.epam.jdi.light.driver.WebDriverFactory.getDriver(WebDriverFactory.java:214)\n\t... 28 more\nCaused by: java.lang.RuntimeException: java.lang.RuntimeException: \nFailed to run downloaded driver CHROME:X64:105.0.5195.52. Please check that your browser and driver are compatible or use local driver with 'drivers.folder' property in test.properties'.\nDriverPath: /home/runner/.cache/selenium/chromedriver/linux64/107.0.5304.62/chromedriver\n\tat com.jdiai.tools.func.JFunc1.execute(JFunc1.java:21)\n\tat com.epam.jdi.light.driver.WebDriverFactory.getDriver(WebDriverFactory.java:222)\n\t... 29 more\nCaused by: java.lang.RuntimeException: \nFailed to run downloaded driver CHROME:X64:105.0.5195.52. Please check that your browser and driver are compatible or use local driver with 'drivers.folder' property in test.properties'.\nDriverPath: /home/runner/.cache/selenium/chromedriver/linux64/107.0.5304.62/chromedriver\n\tat com.epam.jdi.light.common.Exceptions.exception(Exceptions.java:35)\n\tat com.epam.jdi.light.driver.WebDriverFactory.getDriverException(WebDriverFactory.java:143)\n\tat com.epam.jdi.light.driver.WebDriverFactory.getDriverByName(WebDriverFactory.java:127)\n\tat com.jdiai.tools.func.JFunc1.execute(JFunc1.java:19)\n\t... 30 more\nCaused by: java.lang.RuntimeException: \nCan't run and register new driver 'chrome'\n\tat com.epam.jdi.light.common.Exceptions.exception(Exceptions.java:35)\n\tat com.epam.jdi.light.driver.WebDriverFactory.registerNewDriver(WebDriverFactory.java:90)\n\tat com.epam.jdi.light.driver.WebDriverFactory.getDriverFromName(WebDriverFactory.java:158)\n\tat com.epam.jdi.light.driver.WebDriverFactory.getDriverByName(WebDriverFactory.java:125)\n\t... 31 more\nCaused by: java.lang.RuntimeException: \nFailed to get valid driver 'chrome'\n\tat com.epam.jdi.light.common.Exceptions.runtimeException(Exceptions.java:17)\n\tat com.epam.jdi.light.driver.WebDriverFactory.getValidDriver(WebDriverFactory.java:113)\n\tat com.epam.jdi.light.driver.WebDriverFactory.registerNewDriver(WebDriverFactory.java:85)\n\t... 33 more\n","steps":[],"attachments":[],"parameters":[],"stepsCount":0,"attachmentsCount":0,"shouldDisplayMessage":true,"hasContent":true}],"afterStages":[{"name":"tearDown","time":{"start":1668597479829,"stop":1668597479830,"duration":1},"description":"","status":"passed","steps":[],"attachments":[],"parameters":[],"stepsCount":0,"attachmentsCount":0,"shouldDisplayMessage":false,"hasContent":false}],"labels":[{"name":"package","value":"org.mytests.tests.example.FormTests"},{"name":"testClass","value":"org.mytests.tests.example.FormTests"},{"name":"testMethod","value":"fillContactFormTest"},{"name":"parentSuite","value":"JDI-Light Performance"},{"name":"suite","value":"Tests"},{"name":"subSuite","value":"org.mytests.tests.example.FormTests"},{"name":"host","value":"fv-az738-719"},{"name":"thread","value":"3349@fv-az738-719.TestNG-test=Tests-3(38)"},{"name":"framework","value":"testng"},{"name":"language","value":"java"},{"name":"resultFormat","value":"allure2"}],"parameters":[],"links":[],"hidden":false,"retry":false,"extra":{"severity":"normal","retries":[],"categories":[],"history":{"statistic":{"failed":0,"broken":0,"skipped":57,"passed":1,"unknown":0,"total":58},"items":[{"uid":"22e1c9981c6ff8fb","reportUrl":"https://jdi-templates.github.io/jdi-light-browserstack/13//#testresult/22e1c9981c6ff8fb","status":"skipped","statusDetails":"\nCan't get WebDriver: chrome","time":{"start":1668597427734,"stop":1668597427735,"duration":1}},{"uid":"73006d3b4b245994","reportUrl":"https://jdi-templates.github.io/jdi-light-browserstack/12//#testresult/73006d3b4b245994","status":"skipped","statusDetails":"\nCan't get WebDriver: chrome","time":{"start":1668597399922,"stop":1668597399923,"duration":1}},{"uid":"7c6cbac196edc4da","reportUrl":"https://jdi-templates.github.io/jdi-light-browserstack/13//#testresult/7c6cbac196edc4da","status":"skipped","statusDetails":"\nCan't get WebDriver: chrome","time":{"start":1668597308547,"stop":1668597308548,"duration":1}},{"uid":"f31a2b32ed913fee","reportUrl":"https://jdi-templates.github.io/jdi-light-browserstack/12//#testresult/f31a2b32ed913fee","status":"skipped","statusDetails":"\nCan't get WebDriver: chrome","time":{"start":1668597280700,"stop":1668597280700,"duration":0}},{"uid":"79cc64fc27c1e1a","reportUrl":"https://jdi-templates.github.io/jdi-light-browserstack/13//#testresult/79cc64fc27c1e1a","status":"skipped","statusDetails":"\nCan't get WebDriver: chrome","time":{"start":1668597170106,"stop":1668597170106,"duration":0}},{"uid":"b3bbb9f90b7d8d3c","reportUrl":"https://jdi-templates.github.io/jdi-light-browserstack/13//#testresult/b3bbb9f90b7d8d3c","status":"skipped","statusDetails":"\nCan't get WebDriver: chrome","time":{"start":1668597037111,"stop":1668597037112,"duration":1}},{"uid":"4cc9af61f27cea45","reportUrl":"https://jdi-templates.github.io/jdi-light-browserstack/12//#testresult/4cc9af61f27cea45","status":"skipped","statusDetails":"\nCan't get WebDriver: chrome","time":{"start":1668596949389,"stop":1668596949389,"duration":0}},{"uid":"4cf6bc589ef0bdd4","reportUrl":"https://jdi-templates.github.io/jdi-light-browserstack/12//#testresult/4cf6bc589ef0bdd4","status":"skipped","statusDetails":"\nCan't get WebDriver: chrome","time":{"start":1668596827261,"stop":1668596827263,"duration":2}},{"uid":"410595a3cff3bf1b","reportUrl":"https://jdi-templates.github.io/jdi-light-browserstack/12//#testresult/410595a3cff3bf1b","status":"skipped","statusDetails":"\nCan't get WebDriver: chrome","time":{"start":1668596704490,"stop":1668596704490,"duration":0}},{"uid":"41c0ada7b4d46a12","reportUrl":"https://jdi-templates.github.io/jdi-light-browserstack/9//#testresult/41c0ada7b4d46a12","status":"skipped","statusDetails":"\nCan't get WebDriver: chrome","time":{"start":1668593122306,"stop":1668593122306,"duration":0}},{"uid":"cc60e71f6b1cf56d","reportUrl":"https://jdi-templates.github.io/jdi-light-browserstack/9//#testresult/cc60e71f6b1cf56d","status":"skipped","statusDetails":"\nCan't get WebDriver: chrome","time":{"start":1668593016799,"stop":1668593016799,"duration":0}},{"uid":"8c0a376f9c41a99e","reportUrl":"https://jdi-templates.github.io/jdi-light-browserstack/9//#testresult/8c0a376f9c41a99e","status":"skipped","statusDetails":"\nCan't get WebDriver: chrome","time":{"start":1668592897646,"stop":1668592897646,"duration":0}},{"uid":"58d768e01ca6d20c","reportUrl":"https://jdi-templates.github.io/jdi-light-browserstack/9//#testresult/58d768e01ca6d20c","status":"skipped","statusDetails":"\nCan't get WebDriver: chrome","time":{"start":1668592776489,"stop":1668592776508,"duration":19}},{"uid":"26dbf80ecdc45f1f","reportUrl":"https://jdi-templates.github.io/jdi-light-browserstack/9//#testresult/26dbf80ecdc45f1f","status":"skipped","statusDetails":"\nCan't get WebDriver: chrome","time":{"start":1668592658851,"stop":1668592658852,"duration":1}},{"uid":"c0bc45ef3c3f8f5b","reportUrl":"https://jdi-templates.github.io/jdi-light-browserstack/9//#testresult/c0bc45ef3c3f8f5b","status":"skipped","statusDetails":"\nCan't get WebDriver: chrome","time":{"start":1668592551374,"stop":1668592551375,"duration":1}},{"uid":"ee2daf895e8a0b5d","reportUrl":"https://jdi-templates.github.io/jdi-light-browserstack/9//#testresult/ee2daf895e8a0b5d","status":"skipped","statusDetails":"\nCan't get WebDriver: chrome","time":{"start":1668592443170,"stop":1668592443170,"duration":0}},{"uid":"2f520eba6d12e7fc","reportUrl":"https://jdi-templates.github.io/jdi-light-browserstack/8//#testresult/2f520eba6d12e7fc","status":"skipped","statusDetails":"\nCan't get WebDriver: chrome","time":{"start":1668592425398,"stop":1668592425398,"duration":0}},{"uid":"f4d34c66028cb18c","reportUrl":"https://jdi-templates.github.io/jdi-light-browserstack/9//#testresult/f4d34c66028cb18c","status":"skipped","statusDetails":"\nCan't get WebDriver: chrome","time":{"start":1668592330544,"stop":1668592330546,"duration":2}},{"uid":"785ac50b747448df","reportUrl":"https://jdi-templates.github.io/jdi-light-browserstack/8//#testresult/785ac50b747448df","status":"skipped","statusDetails":"\nCan't get WebDriver: chrome","time":{"start":1668592306703,"stop":1668592306704,"duration":1}},{"uid":"a3544a55a20ec628","reportUrl":"https://jdi-templates.github.io/jdi-light-browserstack/8//#testresult/a3544a55a20ec628","status":"skipped","statusDetails":"\nCan't get WebDriver: chrome","time":{"start":1668592191236,"stop":1668592191237,"duration":1}}]},"tags":[]},"source":"b6d0d362cfb0d0a9.json","parameterValues":[]}