{"uid":"fc745a70ec6c0f06","name":"customMenuTest","fullName":"org.mytests.tests.example.MenuTests.customMenuTest","historyId":"f82d99216fb6cdf138a2ed677f2414b4","time":{"start":1668597280740,"stop":1668597280740,"duration":0},"status":"skipped","statusMessage":"\nCan't get WebDriver: chrome","statusTrace":"java.lang.RuntimeException: \nCan't get WebDriver: chrome\n\tat com.epam.jdi.light.common.Exceptions.exception(Exceptions.java:35)\n\tat com.epam.jdi.light.driver.WebDriverFactory.getDriver(WebDriverFactory.java:216)\n\tat com.epam.jdi.light.elements.common.WindowsManager.setWindowName(WindowsManager.java:87)\n\tat com.epam.jdi.light.elements.common.WindowsManager.openSiteTab(WindowsManager.java:51)\n\tat com.epam.jdi.light.elements.composite.WebPage.openSite(WebPage.java:153)\n\tat org.mytests.tests.TestsInit.setUp(TestsInit.java:18)\n\tat java.base/jdk.internal.reflect.NativeMethodAccessorImpl.invoke0(Native Method)\n\tat java.base/jdk.internal.reflect.NativeMethodAccessorImpl.invoke(NativeMethodAccessorImpl.java:62)\n\tat java.base/jdk.internal.reflect.DelegatingMethodAccessorImpl.invoke(DelegatingMethodAccessorImpl.java:43)\n\tat java.base/java.lang.reflect.Method.invoke(Method.java:567)\n\tat org.testng.internal.MethodInvocationHelper.invokeMethod(MethodInvocationHelper.java:124)\n\tat org.testng.internal.MethodInvocationHelper.invokeMethodConsideringTimeout(MethodInvocationHelper.java:59)\n\tat org.testng.internal.Invoker.invokeConfigurationMethod(Invoker.java:458)\n\tat org.testng.internal.Invoker.invokeConfigurations(Invoker.java:222)\n\tat org.testng.internal.Invoker.invokeConfigurations(Invoker.java:142)\n\tat org.testng.SuiteRunner.privateRun(SuiteRunner.java:401)\n\tat org.testng.SuiteRunner.run(SuiteRunner.java:364)\n\tat org.testng.SuiteRunnerWorker.runSuite(SuiteRunnerWorker.java:52)\n\tat org.testng.SuiteRunnerWorker.run(SuiteRunnerWorker.java:84)\n\tat org.testng.TestNG.runSuitesSequentially(TestNG.java:1208)\n\tat org.testng.TestNG.runSuitesLocally(TestNG.java:1137)\n\tat org.testng.TestNG.runSuites(TestNG.java:1049)\n\tat org.testng.TestNG.run(TestNG.java:1017)\n\tat org.apache.maven.surefire.testng.TestNGExecutor.run(TestNGExecutor.java:324)\n\tat org.apache.maven.surefire.testng.TestNGXmlTestSuite.execute(TestNGXmlTestSuite.java:74)\n\tat org.apache.maven.surefire.testng.TestNGProvider.invoke(TestNGProvider.java:123)\n\tat org.apache.maven.surefire.booter.ForkedBooter.runSuitesInProcess(ForkedBooter.java:456)\n\tat org.apache.maven.surefire.booter.ForkedBooter.execute(ForkedBooter.java:169)\n\tat org.apache.maven.surefire.booter.ForkedBooter.run(ForkedBooter.java:595)\n\tat org.apache.maven.surefire.booter.ForkedBooter.main(ForkedBooter.java:581)\nCaused by: java.lang.RuntimeException: \nCan't get WebDriver: chrome\n\tat com.epam.jdi.light.common.Exceptions.exception(Exceptions.java:35)\n\tat com.epam.jdi.light.driver.WebDriverFactory.getDriver(WebDriverFactory.java:224)\n\tat com.epam.jdi.light.driver.WebDriverFactory.getDriver(WebDriverFactory.java:214)\n\t... 28 more\nCaused by: java.lang.RuntimeException: java.lang.RuntimeException: \nFailed to run downloaded driver CHROME:X64:105.0.5195.52. Please check that your browser and driver are compatible or use local driver with 'drivers.folder' property in test.properties'.\nDriverPath: /home/runner/.cache/selenium/chromedriver/linux64/107.0.5304.62/chromedriver\n\tat com.jdiai.tools.func.JFunc1.execute(JFunc1.java:21)\n\tat com.epam.jdi.light.driver.WebDriverFactory.getDriver(WebDriverFactory.java:222)\n\t... 29 more\nCaused by: java.lang.RuntimeException: \nFailed to run downloaded driver CHROME:X64:105.0.5195.52. Please check that your browser and driver are compatible or use local driver with 'drivers.folder' property in test.properties'.\nDriverPath: /home/runner/.cache/selenium/chromedriver/linux64/107.0.5304.62/chromedriver\n\tat com.epam.jdi.light.common.Exceptions.exception(Exceptions.java:35)\n\tat com.epam.jdi.light.driver.WebDriverFactory.getDriverException(WebDriverFactory.java:143)\n\tat com.epam.jdi.light.driver.WebDriverFactory.getDriverByName(WebDriverFactory.java:127)\n\tat com.jdiai.tools.func.JFunc1.execute(JFunc1.java:19)\n\t... 30 more\nCaused by: java.lang.RuntimeException: \nCan't run and register new driver 'chrome'\n\tat com.epam.jdi.light.common.Exceptions.exception(Exceptions.java:35)\n\tat com.epam.jdi.light.driver.WebDriverFactory.registerNewDriver(WebDriverFactory.java:90)\n\tat com.epam.jdi.light.driver.WebDriverFactory.getDriverFromName(WebDriverFactory.java:158)\n\tat com.epam.jdi.light.driver.WebDriverFactory.getDriverByName(WebDriverFactory.java:125)\n\t... 31 more\nCaused by: java.lang.RuntimeException: \nFailed to get valid driver 'chrome'\n\tat com.epam.jdi.light.common.Exceptions.runtimeException(Exceptions.java:17)\n\tat com.epam.jdi.light.driver.WebDriverFactory.getValidDriver(WebDriverFactory.java:113)\n\tat com.epam.jdi.light.driver.WebDriverFactory.registerNewDriver(WebDriverFactory.java:85)\n\t... 33 more\n","flaky":false,"newFailed":false,"newBroken":false,"newPassed":false,"retriesCount":0,"retriesStatusChange":false,"beforeStages":[{"name":"setUp","time":{"start":1668597274773,"stop":1668597280557,"duration":5784},"description":"","status":"broken","statusMessage":"\nCan't get WebDriver: chrome","statusTrace":"java.lang.RuntimeException: \nCan't get WebDriver: chrome\n\tat com.epam.jdi.light.common.Exceptions.exception(Exceptions.java:35)\n\tat com.epam.jdi.light.driver.WebDriverFactory.getDriver(WebDriverFactory.java:216)\n\tat com.epam.jdi.light.elements.common.WindowsManager.setWindowName(WindowsManager.java:87)\n\tat com.epam.jdi.light.elements.common.WindowsManager.openSiteTab(WindowsManager.java:51)\n\tat com.epam.jdi.light.elements.composite.WebPage.openSite(WebPage.java:153)\n\tat org.mytests.tests.TestsInit.setUp(TestsInit.java:18)\n\tat java.base/jdk.internal.reflect.NativeMethodAccessorImpl.invoke0(Native Method)\n\tat java.base/jdk.internal.reflect.NativeMethodAccessorImpl.invoke(NativeMethodAccessorImpl.java:62)\n\tat java.base/jdk.internal.reflect.DelegatingMethodAccessorImpl.invoke(DelegatingMethodAccessorImpl.java:43)\n\tat java.base/java.lang.reflect.Method.invoke(Method.java:567)\n\tat org.testng.internal.MethodInvocationHelper.invokeMethod(MethodInvocationHelper.java:124)\n\tat org.testng.internal.MethodInvocationHelper.invokeMethodConsideringTimeout(MethodInvocationHelper.java:59)\n\tat org.testng.internal.Invoker.invokeConfigurationMethod(Invoker.java:458)\n\tat org.testng.internal.Invoker.invokeConfigurations(Invoker.java:222)\n\tat org.testng.internal.Invoker.invokeConfigurations(Invoker.java:142)\n\tat org.testng.SuiteRunner.privateRun(SuiteRunner.java:401)\n\tat org.testng.SuiteRunner.run(SuiteRunner.java:364)\n\tat org.testng.SuiteRunnerWorker.runSuite(SuiteRunnerWorker.java:52)\n\tat org.testng.SuiteRunnerWorker.run(SuiteRunnerWorker.java:84)\n\tat org.testng.TestNG.runSuitesSequentially(TestNG.java:1208)\n\tat org.testng.TestNG.runSuitesLocally(TestNG.java:1137)\n\tat org.testng.TestNG.runSuites(TestNG.java:1049)\n\tat org.testng.TestNG.run(TestNG.java:1017)\n\tat org.apache.maven.surefire.testng.TestNGExecutor.run(TestNGExecutor.java:324)\n\tat org.apache.maven.surefire.testng.TestNGXmlTestSuite.execute(TestNGXmlTestSuite.java:74)\n\tat org.apache.maven.surefire.testng.TestNGProvider.invoke(TestNGProvider.java:123)\n\tat org.apache.maven.surefire.booter.ForkedBooter.runSuitesInProcess(ForkedBooter.java:456)\n\tat org.apache.maven.surefire.booter.ForkedBooter.execute(ForkedBooter.java:169)\n\tat org.apache.maven.surefire.booter.ForkedBooter.run(ForkedBooter.java:595)\n\tat org.apache.maven.surefire.booter.ForkedBooter.main(ForkedBooter.java:581)\nCaused by: java.lang.RuntimeException: \nCan't get WebDriver: chrome\n\tat com.epam.jdi.light.common.Exceptions.exception(Exceptions.java:35)\n\tat com.epam.jdi.light.driver.WebDriverFactory.getDriver(WebDriverFactory.java:224)\n\tat com.epam.jdi.light.driver.WebDriverFactory.getDriver(WebDriverFactory.java:214)\n\t... 28 more\nCaused by: java.lang.RuntimeException: java.lang.RuntimeException: \nFailed to run downloaded driver CHROME:X64:105.0.5195.52. Please check that your browser and driver are compatible or use local driver with 'drivers.folder' property in test.properties'.\nDriverPath: /home/runner/.cache/selenium/chromedriver/linux64/107.0.5304.62/chromedriver\n\tat com.jdiai.tools.func.JFunc1.execute(JFunc1.java:21)\n\tat com.epam.jdi.light.driver.WebDriverFactory.getDriver(WebDriverFactory.java:222)\n\t... 29 more\nCaused by: java.lang.RuntimeException: \nFailed to run downloaded driver CHROME:X64:105.0.5195.52. Please check that your browser and driver are compatible or use local driver with 'drivers.folder' property in test.properties'.\nDriverPath: /home/runner/.cache/selenium/chromedriver/linux64/107.0.5304.62/chromedriver\n\tat com.epam.jdi.light.common.Exceptions.exception(Exceptions.java:35)\n\tat com.epam.jdi.light.driver.WebDriverFactory.getDriverException(WebDriverFactory.java:143)\n\tat com.epam.jdi.light.driver.WebDriverFactory.getDriverByName(WebDriverFactory.java:127)\n\tat com.jdiai.tools.func.JFunc1.execute(JFunc1.java:19)\n\t... 30 more\nCaused by: java.lang.RuntimeException: \nCan't run and register new driver 'chrome'\n\tat com.epam.jdi.light.common.Exceptions.exception(Exceptions.java:35)\n\tat com.epam.jdi.light.driver.WebDriverFactory.registerNewDriver(WebDriverFactory.java:90)\n\tat com.epam.jdi.light.driver.WebDriverFactory.getDriverFromName(WebDriverFactory.java:158)\n\tat com.epam.jdi.light.driver.WebDriverFactory.getDriverByName(WebDriverFactory.java:125)\n\t... 31 more\nCaused by: java.lang.RuntimeException: \nFailed to get valid driver 'chrome'\n\tat com.epam.jdi.light.common.Exceptions.runtimeException(Exceptions.java:17)\n\tat com.epam.jdi.light.driver.WebDriverFactory.getValidDriver(WebDriverFactory.java:113)\n\tat com.epam.jdi.light.driver.WebDriverFactory.registerNewDriver(WebDriverFactory.java:85)\n\t... 33 more\n","steps":[],"attachments":[],"parameters":[],"stepsCount":0,"attachmentsCount":0,"shouldDisplayMessage":true,"hasContent":true}],"afterStages":[{"name":"tearDown","time":{"start":1668597280762,"stop":1668597280762,"duration":0},"description":"","status":"passed","steps":[],"attachments":[],"parameters":[],"stepsCount":0,"attachmentsCount":0,"shouldDisplayMessage":false,"hasContent":false}],"labels":[{"name":"package","value":"org.mytests.tests.example.MenuTests"},{"name":"testClass","value":"org.mytests.tests.example.MenuTests"},{"name":"testMethod","value":"customMenuTest"},{"name":"parentSuite","value":"JDI-Light Performance"},{"name":"suite","value":"Tests"},{"name":"subSuite","value":"org.mytests.tests.example.MenuTests"},{"name":"host","value":"fv-az207-839"},{"name":"thread","value":"3464@fv-az207-839.TestNG-test=Tests-3(37)"},{"name":"framework","value":"testng"},{"name":"language","value":"java"},{"name":"resultFormat","value":"allure2"}],"parameters":[],"links":[],"hidden":false,"retry":false,"extra":{"severity":"normal","retries":[],"categories":[],"history":{"statistic":{"failed":0,"broken":0,"skipped":53,"passed":1,"unknown":0,"total":54},"items":[{"uid":"74fae0e6cc7e16fc","reportUrl":"https://jdi-templates.github.io/jdi-light-browserstack/13//#testresult/74fae0e6cc7e16fc","status":"skipped","statusDetails":"\nCan't get WebDriver: chrome","time":{"start":1668597170136,"stop":1668597170136,"duration":0}},{"uid":"b0b3bdcc5207484e","reportUrl":"https://jdi-templates.github.io/jdi-light-browserstack/13//#testresult/b0b3bdcc5207484e","status":"skipped","statusDetails":"\nCan't get WebDriver: chrome","time":{"start":1668597037169,"stop":1668597037169,"duration":0}},{"uid":"1087403d92aa073a","reportUrl":"https://jdi-templates.github.io/jdi-light-browserstack/12//#testresult/1087403d92aa073a","status":"skipped","statusDetails":"\nCan't get WebDriver: chrome","time":{"start":1668596949442,"stop":1668596949442,"duration":0}},{"uid":"6f9d584729c73f39","reportUrl":"https://jdi-templates.github.io/jdi-light-browserstack/12//#testresult/6f9d584729c73f39","status":"skipped","statusDetails":"\nCan't get WebDriver: chrome","time":{"start":1668596827307,"stop":1668596827307,"duration":0}},{"uid":"c8f021ca343eca28","reportUrl":"https://jdi-templates.github.io/jdi-light-browserstack/12//#testresult/c8f021ca343eca28","status":"skipped","statusDetails":"\nCan't get WebDriver: chrome","time":{"start":1668596704524,"stop":1668596704524,"duration":0}},{"uid":"10bad739c7c1e176","reportUrl":"https://jdi-templates.github.io/jdi-light-browserstack/9//#testresult/10bad739c7c1e176","status":"skipped","statusDetails":"\nCan't get WebDriver: chrome","time":{"start":1668593122339,"stop":1668593122339,"duration":0}},{"uid":"bfcc1ac65a2da338","reportUrl":"https://jdi-templates.github.io/jdi-light-browserstack/9//#testresult/bfcc1ac65a2da338","status":"skipped","statusDetails":"\nCan't get WebDriver: chrome","time":{"start":1668593016841,"stop":1668593016841,"duration":0}},{"uid":"99192ddd39c318d0","reportUrl":"https://jdi-templates.github.io/jdi-light-browserstack/9//#testresult/99192ddd39c318d0","status":"skipped","statusDetails":"\nCan't get WebDriver: chrome","time":{"start":1668592897694,"stop":1668592897694,"duration":0}},{"uid":"98bb77f4f80547ec","reportUrl":"https://jdi-templates.github.io/jdi-light-browserstack/9//#testresult/98bb77f4f80547ec","status":"skipped","statusDetails":"\nCan't get WebDriver: chrome","time":{"start":1668592776555,"stop":1668592776555,"duration":0}},{"uid":"86353a41665d0f20","reportUrl":"https://jdi-templates.github.io/jdi-light-browserstack/9//#testresult/86353a41665d0f20","status":"skipped","statusDetails":"\nCan't get WebDriver: chrome","time":{"start":1668592658907,"stop":1668592658907,"duration":0}},{"uid":"c441d46938174ecf","reportUrl":"https://jdi-templates.github.io/jdi-light-browserstack/9//#testresult/c441d46938174ecf","status":"skipped","statusDetails":"\nCan't get WebDriver: chrome","time":{"start":1668592551423,"stop":1668592551423,"duration":0}},{"uid":"1b4130b195f0d23b","reportUrl":"https://jdi-templates.github.io/jdi-light-browserstack/9//#testresult/1b4130b195f0d23b","status":"skipped","statusDetails":"\nCan't get WebDriver: chrome","time":{"start":1668592443210,"stop":1668592443210,"duration":0}},{"uid":"cd9d9b1df0bfe948","reportUrl":"https://jdi-templates.github.io/jdi-light-browserstack/8//#testresult/cd9d9b1df0bfe948","status":"skipped","statusDetails":"\nCan't get WebDriver: chrome","time":{"start":1668592425440,"stop":1668592425441,"duration":1}},{"uid":"fa671e25e6e305d5","reportUrl":"https://jdi-templates.github.io/jdi-light-browserstack/9//#testresult/fa671e25e6e305d5","status":"skipped","statusDetails":"\nCan't get WebDriver: chrome","time":{"start":1668592330595,"stop":1668592330595,"duration":0}},{"uid":"bf4a8974b5cd0e0d","reportUrl":"https://jdi-templates.github.io/jdi-light-browserstack/8//#testresult/bf4a8974b5cd0e0d","status":"skipped","statusDetails":"\nCan't get WebDriver: chrome","time":{"start":1668592306777,"stop":1668592306778,"duration":1}},{"uid":"ac3e82acd5d21e6f","reportUrl":"https://jdi-templates.github.io/jdi-light-browserstack/8//#testresult/ac3e82acd5d21e6f","status":"skipped","statusDetails":"\nCan't get WebDriver: chrome","time":{"start":1668592191296,"stop":1668592191296,"duration":0}},{"uid":"c9ac5579f0a7f32c","reportUrl":"https://jdi-templates.github.io/jdi-light-browserstack/8//#testresult/c9ac5579f0a7f32c","status":"skipped","statusDetails":"\nCan't get WebDriver: chrome","time":{"start":1668592075842,"stop":1668592075842,"duration":0}},{"uid":"7b8586e34687d6e3","reportUrl":"https://jdi-templates.github.io/jdi-light-browserstack/8//#testresult/7b8586e34687d6e3","status":"skipped","statusDetails":"\nCan't get WebDriver: chrome","time":{"start":1668591965549,"stop":1668591965550,"duration":1}},{"uid":"41f4748c67900fa0","reportUrl":"https://jdi-templates.github.io/jdi-light-browserstack/8//#testresult/41f4748c67900fa0","status":"skipped","statusDetails":"\nCan't get WebDriver: chrome","time":{"start":1668591851809,"stop":1668591851809,"duration":0}},{"uid":"60a87747b5fcf11c","reportUrl":"https://jdi-templates.github.io/jdi-light-browserstack/8//#testresult/60a87747b5fcf11c","status":"skipped","statusDetails":"\nCan't get WebDriver: chrome","time":{"start":1668591736864,"stop":1668591736865,"duration":1}}]},"tags":[]},"source":"fc745a70ec6c0f06.json","parameterValues":[]}