{"uid":"fcb1c816914b0b1d","name":"hugeTableValidateTest","fullName":"org.mytests.tests.example.JDIPerformanceTests.hugeTableValidateTest","historyId":"b7d50dd4b0dadec0963e4288e98114f7","time":{"start":1668597171631,"stop":1668597171632,"duration":1},"status":"skipped","statusMessage":"\nCan't get WebDriver: chrome","statusTrace":"java.lang.RuntimeException: \nCan't get WebDriver: chrome\n\tat com.epam.jdi.light.common.Exceptions.exception(Exceptions.java:35)\n\tat com.epam.jdi.light.driver.WebDriverFactory.getDriver(WebDriverFactory.java:216)\n\tat com.epam.jdi.light.elements.common.WindowsManager.setWindowName(WindowsManager.java:87)\n\tat com.epam.jdi.light.elements.common.WindowsManager.openSiteTab(WindowsManager.java:51)\n\tat com.epam.jdi.light.elements.composite.WebPage.openSite(WebPage.java:153)\n\tat org.mytests.tests.TestsInit.setUp(TestsInit.java:18)\n\tat java.base/jdk.internal.reflect.NativeMethodAccessorImpl.invoke0(Native Method)\n\tat java.base/jdk.internal.reflect.NativeMethodAccessorImpl.invoke(NativeMethodAccessorImpl.java:62)\n\tat java.base/jdk.internal.reflect.DelegatingMethodAccessorImpl.invoke(DelegatingMethodAccessorImpl.java:43)\n\tat java.base/java.lang.reflect.Method.invoke(Method.java:567)\n\tat org.testng.internal.MethodInvocationHelper.invokeMethod(MethodInvocationHelper.java:124)\n\tat org.testng.internal.MethodInvocationHelper.invokeMethodConsideringTimeout(MethodInvocationHelper.java:59)\n\tat org.testng.internal.Invoker.invokeConfigurationMethod(Invoker.java:458)\n\tat org.testng.internal.Invoker.invokeConfigurations(Invoker.java:222)\n\tat org.testng.internal.Invoker.invokeConfigurations(Invoker.java:142)\n\tat org.testng.SuiteRunner.privateRun(SuiteRunner.java:401)\n\tat org.testng.SuiteRunner.run(SuiteRunner.java:364)\n\tat org.testng.SuiteRunnerWorker.runSuite(SuiteRunnerWorker.java:52)\n\tat org.testng.SuiteRunnerWorker.run(SuiteRunnerWorker.java:84)\n\tat org.testng.TestNG.runSuitesSequentially(TestNG.java:1208)\n\tat org.testng.TestNG.runSuitesLocally(TestNG.java:1137)\n\tat org.testng.TestNG.runSuites(TestNG.java:1049)\n\tat org.testng.TestNG.run(TestNG.java:1017)\n\tat org.apache.maven.surefire.testng.TestNGExecutor.run(TestNGExecutor.java:324)\n\tat org.apache.maven.surefire.testng.TestNGXmlTestSuite.execute(TestNGXmlTestSuite.java:74)\n\tat org.apache.maven.surefire.testng.TestNGProvider.invoke(TestNGProvider.java:123)\n\tat org.apache.maven.surefire.booter.ForkedBooter.runSuitesInProcess(ForkedBooter.java:456)\n\tat org.apache.maven.surefire.booter.ForkedBooter.execute(ForkedBooter.java:169)\n\tat org.apache.maven.surefire.booter.ForkedBooter.run(ForkedBooter.java:595)\n\tat org.apache.maven.surefire.booter.ForkedBooter.main(ForkedBooter.java:581)\nCaused by: java.lang.RuntimeException: \nCan't get WebDriver: chrome\n\tat com.epam.jdi.light.common.Exceptions.exception(Exceptions.java:35)\n\tat com.epam.jdi.light.driver.WebDriverFactory.getDriver(WebDriverFactory.java:224)\n\tat com.epam.jdi.light.driver.WebDriverFactory.getDriver(WebDriverFactory.java:214)\n\t... 28 more\nCaused by: java.lang.RuntimeException: java.lang.RuntimeException: \nFailed to run downloaded driver CHROME:X64:105.0.5195.52. Please check that your browser and driver are compatible or use local driver with 'drivers.folder' property in test.properties'.\nDriverPath: /home/runner/.cache/selenium/chromedriver/linux64/107.0.5304.62/chromedriver\n\tat com.jdiai.tools.func.JFunc1.execute(JFunc1.java:21)\n\tat com.epam.jdi.light.driver.WebDriverFactory.getDriver(WebDriverFactory.java:222)\n\t... 29 more\nCaused by: java.lang.RuntimeException: \nFailed to run downloaded driver CHROME:X64:105.0.5195.52. Please check that your browser and driver are compatible or use local driver with 'drivers.folder' property in test.properties'.\nDriverPath: /home/runner/.cache/selenium/chromedriver/linux64/107.0.5304.62/chromedriver\n\tat com.epam.jdi.light.common.Exceptions.exception(Exceptions.java:35)\n\tat com.epam.jdi.light.driver.WebDriverFactory.getDriverException(WebDriverFactory.java:143)\n\tat com.epam.jdi.light.driver.WebDriverFactory.getDriverByName(WebDriverFactory.java:127)\n\tat com.jdiai.tools.func.JFunc1.execute(JFunc1.java:19)\n\t... 30 more\nCaused by: java.lang.RuntimeException: \nCan't run and register new driver 'chrome'\n\tat com.epam.jdi.light.common.Exceptions.exception(Exceptions.java:35)\n\tat com.epam.jdi.light.driver.WebDriverFactory.registerNewDriver(WebDriverFactory.java:90)\n\tat com.epam.jdi.light.driver.WebDriverFactory.getDriverFromName(WebDriverFactory.java:158)\n\tat com.epam.jdi.light.driver.WebDriverFactory.getDriverByName(WebDriverFactory.java:125)\n\t... 31 more\nCaused by: java.lang.RuntimeException: \nFailed to get valid driver 'chrome'\n\tat com.epam.jdi.light.common.Exceptions.runtimeException(Exceptions.java:17)\n\tat com.epam.jdi.light.driver.WebDriverFactory.getValidDriver(WebDriverFactory.java:113)\n\tat com.epam.jdi.light.driver.WebDriverFactory.registerNewDriver(WebDriverFactory.java:85)\n\t... 33 more\n","flaky":false,"newFailed":false,"newBroken":false,"newPassed":false,"retriesCount":0,"retriesStatusChange":false,"beforeStages":[{"name":"setUp","time":{"start":1668597160236,"stop":1668597171345,"duration":11109},"description":"","status":"broken","statusMessage":"\nCan't get WebDriver: chrome","statusTrace":"java.lang.RuntimeException: \nCan't get WebDriver: chrome\n\tat com.epam.jdi.light.common.Exceptions.exception(Exceptions.java:35)\n\tat com.epam.jdi.light.driver.WebDriverFactory.getDriver(WebDriverFactory.java:216)\n\tat com.epam.jdi.light.elements.common.WindowsManager.setWindowName(WindowsManager.java:87)\n\tat com.epam.jdi.light.elements.common.WindowsManager.openSiteTab(WindowsManager.java:51)\n\tat com.epam.jdi.light.elements.composite.WebPage.openSite(WebPage.java:153)\n\tat org.mytests.tests.TestsInit.setUp(TestsInit.java:18)\n\tat java.base/jdk.internal.reflect.NativeMethodAccessorImpl.invoke0(Native Method)\n\tat java.base/jdk.internal.reflect.NativeMethodAccessorImpl.invoke(NativeMethodAccessorImpl.java:62)\n\tat java.base/jdk.internal.reflect.DelegatingMethodAccessorImpl.invoke(DelegatingMethodAccessorImpl.java:43)\n\tat java.base/java.lang.reflect.Method.invoke(Method.java:567)\n\tat org.testng.internal.MethodInvocationHelper.invokeMethod(MethodInvocationHelper.java:124)\n\tat org.testng.internal.MethodInvocationHelper.invokeMethodConsideringTimeout(MethodInvocationHelper.java:59)\n\tat org.testng.internal.Invoker.invokeConfigurationMethod(Invoker.java:458)\n\tat org.testng.internal.Invoker.invokeConfigurations(Invoker.java:222)\n\tat org.testng.internal.Invoker.invokeConfigurations(Invoker.java:142)\n\tat org.testng.SuiteRunner.privateRun(SuiteRunner.java:401)\n\tat org.testng.SuiteRunner.run(SuiteRunner.java:364)\n\tat org.testng.SuiteRunnerWorker.runSuite(SuiteRunnerWorker.java:52)\n\tat org.testng.SuiteRunnerWorker.run(SuiteRunnerWorker.java:84)\n\tat org.testng.TestNG.runSuitesSequentially(TestNG.java:1208)\n\tat org.testng.TestNG.runSuitesLocally(TestNG.java:1137)\n\tat org.testng.TestNG.runSuites(TestNG.java:1049)\n\tat org.testng.TestNG.run(TestNG.java:1017)\n\tat org.apache.maven.surefire.testng.TestNGExecutor.run(TestNGExecutor.java:324)\n\tat org.apache.maven.surefire.testng.TestNGXmlTestSuite.execute(TestNGXmlTestSuite.java:74)\n\tat org.apache.maven.surefire.testng.TestNGProvider.invoke(TestNGProvider.java:123)\n\tat org.apache.maven.surefire.booter.ForkedBooter.runSuitesInProcess(ForkedBooter.java:456)\n\tat org.apache.maven.surefire.booter.ForkedBooter.execute(ForkedBooter.java:169)\n\tat org.apache.maven.surefire.booter.ForkedBooter.run(ForkedBooter.java:595)\n\tat org.apache.maven.surefire.booter.ForkedBooter.main(ForkedBooter.java:581)\nCaused by: java.lang.RuntimeException: \nCan't get WebDriver: chrome\n\tat com.epam.jdi.light.common.Exceptions.exception(Exceptions.java:35)\n\tat com.epam.jdi.light.driver.WebDriverFactory.getDriver(WebDriverFactory.java:224)\n\tat com.epam.jdi.light.driver.WebDriverFactory.getDriver(WebDriverFactory.java:214)\n\t... 28 more\nCaused by: java.lang.RuntimeException: java.lang.RuntimeException: \nFailed to run downloaded driver CHROME:X64:105.0.5195.52. Please check that your browser and driver are compatible or use local driver with 'drivers.folder' property in test.properties'.\nDriverPath: /home/runner/.cache/selenium/chromedriver/linux64/107.0.5304.62/chromedriver\n\tat com.jdiai.tools.func.JFunc1.execute(JFunc1.java:21)\n\tat com.epam.jdi.light.driver.WebDriverFactory.getDriver(WebDriverFactory.java:222)\n\t... 29 more\nCaused by: java.lang.RuntimeException: \nFailed to run downloaded driver CHROME:X64:105.0.5195.52. Please check that your browser and driver are compatible or use local driver with 'drivers.folder' property in test.properties'.\nDriverPath: /home/runner/.cache/selenium/chromedriver/linux64/107.0.5304.62/chromedriver\n\tat com.epam.jdi.light.common.Exceptions.exception(Exceptions.java:35)\n\tat com.epam.jdi.light.driver.WebDriverFactory.getDriverException(WebDriverFactory.java:143)\n\tat com.epam.jdi.light.driver.WebDriverFactory.getDriverByName(WebDriverFactory.java:127)\n\tat com.jdiai.tools.func.JFunc1.execute(JFunc1.java:19)\n\t... 30 more\nCaused by: java.lang.RuntimeException: \nCan't run and register new driver 'chrome'\n\tat com.epam.jdi.light.common.Exceptions.exception(Exceptions.java:35)\n\tat com.epam.jdi.light.driver.WebDriverFactory.registerNewDriver(WebDriverFactory.java:90)\n\tat com.epam.jdi.light.driver.WebDriverFactory.getDriverFromName(WebDriverFactory.java:158)\n\tat com.epam.jdi.light.driver.WebDriverFactory.getDriverByName(WebDriverFactory.java:125)\n\t... 31 more\nCaused by: java.lang.RuntimeException: \nFailed to get valid driver 'chrome'\n\tat com.epam.jdi.light.common.Exceptions.runtimeException(Exceptions.java:17)\n\tat com.epam.jdi.light.driver.WebDriverFactory.getValidDriver(WebDriverFactory.java:113)\n\tat com.epam.jdi.light.driver.WebDriverFactory.registerNewDriver(WebDriverFactory.java:85)\n\t... 33 more\n","steps":[],"attachments":[],"parameters":[],"stepsCount":0,"attachmentsCount":0,"shouldDisplayMessage":true,"hasContent":true}],"afterStages":[{"name":"tearDown","time":{"start":1668597171664,"stop":1668597171664,"duration":0},"description":"","status":"passed","steps":[],"attachments":[],"parameters":[],"stepsCount":0,"attachmentsCount":0,"shouldDisplayMessage":false,"hasContent":false}],"labels":[{"name":"package","value":"org.mytests.tests.example.JDIPerformanceTests"},{"name":"testClass","value":"org.mytests.tests.example.JDIPerformanceTests"},{"name":"testMethod","value":"hugeTableValidateTest"},{"name":"parentSuite","value":"JDI-Light Performance"},{"name":"suite","value":"Tests"},{"name":"subSuite","value":"org.mytests.tests.example.JDIPerformanceTests"},{"name":"host","value":"fv-az488-782"},{"name":"thread","value":"3481@fv-az488-782.TestNG-test=Tests-4(38)"},{"name":"framework","value":"testng"},{"name":"language","value":"java"},{"name":"resultFormat","value":"allure2"}],"parameters":[],"links":[],"hidden":false,"retry":false,"extra":{"severity":"normal","retries":[],"categories":[],"history":{"statistic":{"failed":0,"broken":0,"skipped":52,"passed":1,"unknown":0,"total":53},"items":[{"uid":"516465090f902445","reportUrl":"https://jdi-templates.github.io/jdi-light-browserstack/13//#testresult/516465090f902445","status":"skipped","statusDetails":"\nCan't get WebDriver: chrome","time":{"start":1668597037122,"stop":1668597037122,"duration":0}},{"uid":"86be3c19dd004f4f","reportUrl":"https://jdi-templates.github.io/jdi-light-browserstack/12//#testresult/86be3c19dd004f4f","status":"skipped","statusDetails":"\nCan't get WebDriver: chrome","time":{"start":1668596949416,"stop":1668596949416,"duration":0}},{"uid":"72a845c84861b2a","reportUrl":"https://jdi-templates.github.io/jdi-light-browserstack/12//#testresult/72a845c84861b2a","status":"skipped","statusDetails":"\nCan't get WebDriver: chrome","time":{"start":1668596827291,"stop":1668596827291,"duration":0}},{"uid":"35f79c7b1cf7ba36","reportUrl":"https://jdi-templates.github.io/jdi-light-browserstack/12//#testresult/35f79c7b1cf7ba36","status":"skipped","statusDetails":"\nCan't get WebDriver: chrome","time":{"start":1668596704498,"stop":1668596704498,"duration":0}},{"uid":"29be98a225cd0459","reportUrl":"https://jdi-templates.github.io/jdi-light-browserstack/9//#testresult/29be98a225cd0459","status":"skipped","statusDetails":"\nCan't get WebDriver: chrome","time":{"start":1668593122339,"stop":1668593122339,"duration":0}},{"uid":"49e74c80c43c0011","reportUrl":"https://jdi-templates.github.io/jdi-light-browserstack/9//#testresult/49e74c80c43c0011","status":"skipped","statusDetails":"\nCan't get WebDriver: chrome","time":{"start":1668593016838,"stop":1668593016838,"duration":0}},{"uid":"64b79aae161a03a9","reportUrl":"https://jdi-templates.github.io/jdi-light-browserstack/9//#testresult/64b79aae161a03a9","status":"skipped","statusDetails":"\nCan't get WebDriver: chrome","time":{"start":1668592897682,"stop":1668592897682,"duration":0}},{"uid":"ab9d8a4c4e545273","reportUrl":"https://jdi-templates.github.io/jdi-light-browserstack/9//#testresult/ab9d8a4c4e545273","status":"skipped","statusDetails":"\nCan't get WebDriver: chrome","time":{"start":1668592776541,"stop":1668592776541,"duration":0}},{"uid":"c40f53b713b3f893","reportUrl":"https://jdi-templates.github.io/jdi-light-browserstack/9//#testresult/c40f53b713b3f893","status":"skipped","statusDetails":"\nCan't get WebDriver: chrome","time":{"start":1668592658879,"stop":1668592658879,"duration":0}},{"uid":"daa889853c3c3956","reportUrl":"https://jdi-templates.github.io/jdi-light-browserstack/9//#testresult/daa889853c3c3956","status":"skipped","statusDetails":"\nCan't get WebDriver: chrome","time":{"start":1668592551390,"stop":1668592551391,"duration":1}},{"uid":"9630153f14736f60","reportUrl":"https://jdi-templates.github.io/jdi-light-browserstack/9//#testresult/9630153f14736f60","status":"skipped","statusDetails":"\nCan't get WebDriver: chrome","time":{"start":1668592443213,"stop":1668592443213,"duration":0}},{"uid":"faa28ccf520fc967","reportUrl":"https://jdi-templates.github.io/jdi-light-browserstack/8//#testresult/faa28ccf520fc967","status":"skipped","statusDetails":"\nCan't get WebDriver: chrome","time":{"start":1668592425441,"stop":1668592425441,"duration":0}},{"uid":"44e3c01f76252ec4","reportUrl":"https://jdi-templates.github.io/jdi-light-browserstack/9//#testresult/44e3c01f76252ec4","status":"skipped","statusDetails":"\nCan't get WebDriver: chrome","time":{"start":1668592330589,"stop":1668592330589,"duration":0}},{"uid":"a1f43a95fe1fb5ca","reportUrl":"https://jdi-templates.github.io/jdi-light-browserstack/8//#testresult/a1f43a95fe1fb5ca","status":"skipped","statusDetails":"\nCan't get WebDriver: chrome","time":{"start":1668592306730,"stop":1668592306731,"duration":1}},{"uid":"2fc24344a07c4396","reportUrl":"https://jdi-templates.github.io/jdi-light-browserstack/8//#testresult/2fc24344a07c4396","status":"skipped","statusDetails":"\nCan't get WebDriver: chrome","time":{"start":1668592191278,"stop":1668592191278,"duration":0}},{"uid":"a804f0dd74e59588","reportUrl":"https://jdi-templates.github.io/jdi-light-browserstack/8//#testresult/a804f0dd74e59588","status":"skipped","statusDetails":"\nCan't get WebDriver: chrome","time":{"start":1668592075822,"stop":1668592075822,"duration":0}},{"uid":"ccad8727d6a91d2d","reportUrl":"https://jdi-templates.github.io/jdi-light-browserstack/8//#testresult/ccad8727d6a91d2d","status":"skipped","statusDetails":"\nCan't get WebDriver: chrome","time":{"start":1668591965510,"stop":1668591965510,"duration":0}},{"uid":"900a4b46d178539f","reportUrl":"https://jdi-templates.github.io/jdi-light-browserstack/8//#testresult/900a4b46d178539f","status":"skipped","statusDetails":"\nCan't get WebDriver: chrome","time":{"start":1668591851791,"stop":1668591851791,"duration":0}},{"uid":"387f5b73cf6a8a6f","reportUrl":"https://jdi-templates.github.io/jdi-light-browserstack/8//#testresult/387f5b73cf6a8a6f","status":"skipped","statusDetails":"\nCan't get WebDriver: chrome","time":{"start":1668591736869,"stop":1668591736869,"duration":0}},{"uid":"895cb94fb78273e2","reportUrl":"https://jdi-templates.github.io/jdi-light-browserstack/8//#testresult/895cb94fb78273e2","status":"skipped","statusDetails":"\nCan't get WebDriver: chrome","time":{"start":1668591639954,"stop":1668591639956,"duration":2}}]},"tags":[]},"source":"fcb1c816914b0b1d.json","parameterValues":[]}